ARM GAS  /tmp/ccahfU6r.s 			page 1


   1              		.cpu cortex-m3
   2              		.eabi_attribute 20, 1
   3              		.eabi_attribute 21, 1
   4              		.eabi_attribute 23, 3
   5              		.eabi_attribute 24, 1
   6              		.eabi_attribute 25, 1
   7              		.eabi_attribute 26, 1
   8              		.eabi_attribute 30, 1
   9              		.eabi_attribute 34, 1
  10              		.eabi_attribute 18, 4
  11              		.file	"bridge_user_hooks.c"
  12              		.text
  13              	.Ltext0:
  14              		.cfi_sections	.debug_frame
  15              		.section	.text.BridgeHook_AcousticIsTxIdle,"ax",%progbits
  16              		.align	1
  17              		.global	BridgeHook_AcousticIsTxIdle
  18              		.arch armv7-m
  19              		.syntax unified
  20              		.thumb
  21              		.thumb_func
  22              		.fpu softvfp
  24              	BridgeHook_AcousticIsTxIdle:
  25              	.LFB65:
  26              		.file 1 "bridge_protocol/bridge_user_hooks.c"
   1:bridge_protocol/bridge_user_hooks.c **** #include "bridge_user_hooks.h"
   2:bridge_protocol/bridge_user_hooks.c **** #include "bridge_proto_cfg.h"
   3:bridge_protocol/bridge_user_hooks.c **** #include "diff_signal.h"
   4:bridge_protocol/bridge_user_hooks.c **** #include "uw_link_tx.h"
   5:bridge_protocol/bridge_user_hooks.c **** #include "SEGGER_RTT.h"
   6:bridge_protocol/bridge_user_hooks.c **** /* 你可以在这里改成真实的从机设备ID */
   7:bridge_protocol/bridge_user_hooks.c **** #define UW_REMOTE_DEVICE_ID    0x01u
   8:bridge_protocol/bridge_user_hooks.c **** 
   9:bridge_protocol/bridge_user_hooks.c **** bool BridgeHook_AcousticIsTxIdle(void)
  10:bridge_protocol/bridge_user_hooks.c **** {
  27              		.loc 1 10 1 view -0
  28              		.cfi_startproc
  29              		@ args = 0, pretend = 0, frame = 0
  30              		@ frame_needed = 0, uses_anonymous_args = 0
  31 0000 08B5     		push	{r3, lr}
  32              	.LCFI0:
  33              		.cfi_def_cfa_offset 8
  34              		.cfi_offset 3, -8
  35              		.cfi_offset 14, -4
  11:bridge_protocol/bridge_user_hooks.c ****     return !DiffSignal_IsBusy();
  36              		.loc 1 11 5 view .LVU1
  37              		.loc 1 11 13 is_stmt 0 view .LVU2
  38 0002 FFF7FEFF 		bl	DiffSignal_IsBusy
  39              	.LVL0:
  40              		.loc 1 11 5 view .LVU3
  41 0006 80F00100 		eor	r0, r0, #1
  12:bridge_protocol/bridge_user_hooks.c **** }
  42              		.loc 1 12 1 view .LVU4
  43 000a C0B2     		uxtb	r0, r0
  44 000c 08BD     		pop	{r3, pc}
  45              		.cfi_endproc
  46              	.LFE65:
ARM GAS  /tmp/ccahfU6r.s 			page 2


  48              		.section	.rodata.BridgeHook_AcousticStartTx.str1.4,"aMS",%progbits,1
  49              		.align	2
  50              	.LC0:
  51 0000 64617461 		.ascii	"data[%d]is %x\012\000"
  51      5B25645D 
  51      69732025 
  51      780A00
  52              		.section	.text.BridgeHook_AcousticStartTx,"ax",%progbits
  53              		.align	1
  54              		.global	BridgeHook_AcousticStartTx
  55              		.syntax unified
  56              		.thumb
  57              		.thumb_func
  58              		.fpu softvfp
  60              	BridgeHook_AcousticStartTx:
  61              	.LVL1:
  62              	.LFB66:
  13:bridge_protocol/bridge_user_hooks.c **** 
  14:bridge_protocol/bridge_user_hooks.c **** bool BridgeHook_AcousticStartTx(const uint8_t *data, uint16_t len)
  15:bridge_protocol/bridge_user_hooks.c **** {
  63              		.loc 1 15 1 is_stmt 1 view -0
  64              		.cfi_startproc
  65              		@ args = 0, pretend = 0, frame = 0
  66              		@ frame_needed = 0, uses_anonymous_args = 0
  67              		.loc 1 15 1 is_stmt 0 view .LVU6
  68 0000 70B5     		push	{r4, r5, r6, lr}
  69              	.LCFI1:
  70              		.cfi_def_cfa_offset 16
  71              		.cfi_offset 4, -16
  72              		.cfi_offset 5, -12
  73              		.cfi_offset 6, -8
  74              		.cfi_offset 14, -4
  75 0002 0646     		mov	r6, r0
  76 0004 0D46     		mov	r5, r1
  16:bridge_protocol/bridge_user_hooks.c ****     for(int i =0;i<len;i++)
  77              		.loc 1 16 5 is_stmt 1 view .LVU7
  78              	.LBB2:
  79              		.loc 1 16 9 view .LVU8
  80              	.LVL2:
  81              		.loc 1 16 13 is_stmt 0 view .LVU9
  82 0006 0024     		movs	r4, #0
  83              	.LVL3:
  84              	.L4:
  85              		.loc 1 16 18 is_stmt 1 discriminator 1 view .LVU10
  86              		.loc 1 16 5 is_stmt 0 discriminator 1 view .LVU11
  87 0008 A542     		cmp	r5, r4
  88 000a 07DD     		ble	.L7
  17:bridge_protocol/bridge_user_hooks.c ****     {
  18:bridge_protocol/bridge_user_hooks.c ****         myprintf("data[%d]is %x\n",i,data[i]);
  89              		.loc 1 18 9 is_stmt 1 discriminator 3 view .LVU12
  90 000c 335D     		ldrb	r3, [r6, r4]	@ zero_extendqisi2
  91 000e 2246     		mov	r2, r4
  92 0010 0549     		ldr	r1, .L8
  93 0012 0020     		movs	r0, #0
  94 0014 FFF7FEFF 		bl	SEGGER_RTT_printf
  95              	.LVL4:
  16:bridge_protocol/bridge_user_hooks.c ****     for(int i =0;i<len;i++)
ARM GAS  /tmp/ccahfU6r.s 			page 3


  96              		.loc 1 16 24 discriminator 3 view .LVU13
  16:bridge_protocol/bridge_user_hooks.c ****     for(int i =0;i<len;i++)
  97              		.loc 1 16 25 is_stmt 0 discriminator 3 view .LVU14
  98 0018 0134     		adds	r4, r4, #1
  99              	.LVL5:
  16:bridge_protocol/bridge_user_hooks.c ****     for(int i =0;i<len;i++)
 100              		.loc 1 16 25 discriminator 3 view .LVU15
 101 001a F5E7     		b	.L4
 102              	.L7:
  16:bridge_protocol/bridge_user_hooks.c ****     for(int i =0;i<len;i++)
 103              		.loc 1 16 25 discriminator 3 view .LVU16
 104              	.LBE2:
  19:bridge_protocol/bridge_user_hooks.c ****     }
  20:bridge_protocol/bridge_user_hooks.c ****     return UW_LinkTx_Send(UW_REMOTE_DEVICE_ID, data, (uint8_t)len);
 105              		.loc 1 20 5 is_stmt 1 view .LVU17
 106              		.loc 1 20 12 is_stmt 0 view .LVU18
 107 001c EAB2     		uxtb	r2, r5
 108 001e 3146     		mov	r1, r6
 109 0020 0120     		movs	r0, #1
 110 0022 FFF7FEFF 		bl	UW_LinkTx_Send
 111              	.LVL6:
  21:bridge_protocol/bridge_user_hooks.c **** }
 112              		.loc 1 21 1 view .LVU19
 113 0026 70BD     		pop	{r4, r5, r6, pc}
 114              	.LVL7:
 115              	.L9:
 116              		.loc 1 21 1 view .LVU20
 117              		.align	2
 118              	.L8:
 119 0028 00000000 		.word	.LC0
 120              		.cfi_endproc
 121              	.LFE66:
 123              		.section	.text.BridgeHook_OnValid485Frame,"ax",%progbits
 124              		.align	1
 125              		.global	BridgeHook_OnValid485Frame
 126              		.syntax unified
 127              		.thumb
 128              		.thumb_func
 129              		.fpu softvfp
 131              	BridgeHook_OnValid485Frame:
 132              	.LVL8:
 133              	.LFB67:
  22:bridge_protocol/bridge_user_hooks.c **** 
  23:bridge_protocol/bridge_user_hooks.c **** void BridgeHook_OnValid485Frame(uint8_t cmd, uint8_t seq, uint8_t len)
  24:bridge_protocol/bridge_user_hooks.c **** {
 134              		.loc 1 24 1 is_stmt 1 view -0
 135              		.cfi_startproc
 136              		@ args = 0, pretend = 0, frame = 0
 137              		@ frame_needed = 0, uses_anonymous_args = 0
 138              		@ link register save eliminated.
  25:bridge_protocol/bridge_user_hooks.c ****     (void)cmd;
 139              		.loc 1 25 5 view .LVU22
  26:bridge_protocol/bridge_user_hooks.c ****     (void)seq;
 140              		.loc 1 26 5 view .LVU23
  27:bridge_protocol/bridge_user_hooks.c ****     (void)len;
 141              		.loc 1 27 5 view .LVU24
  28:bridge_protocol/bridge_user_hooks.c **** }
ARM GAS  /tmp/ccahfU6r.s 			page 4


 142              		.loc 1 28 1 is_stmt 0 view .LVU25
 143 0000 7047     		bx	lr
 144              		.cfi_endproc
 145              	.LFE67:
 147              		.section	.text.BridgeHook_GetMs,"ax",%progbits
 148              		.align	1
 149              		.global	BridgeHook_GetMs
 150              		.syntax unified
 151              		.thumb
 152              		.thumb_func
 153              		.fpu softvfp
 155              	BridgeHook_GetMs:
 156              	.LFB68:
  29:bridge_protocol/bridge_user_hooks.c **** 
  30:bridge_protocol/bridge_user_hooks.c **** uint32_t BridgeHook_GetMs(void)
  31:bridge_protocol/bridge_user_hooks.c **** {
 157              		.loc 1 31 1 is_stmt 1 view -0
 158              		.cfi_startproc
 159              		@ args = 0, pretend = 0, frame = 0
 160              		@ frame_needed = 0, uses_anonymous_args = 0
 161 0000 08B5     		push	{r3, lr}
 162              	.LCFI2:
 163              		.cfi_def_cfa_offset 8
 164              		.cfi_offset 3, -8
 165              		.cfi_offset 14, -4
  32:bridge_protocol/bridge_user_hooks.c ****     return HAL_GetTick();
 166              		.loc 1 32 5 view .LVU27
 167              		.loc 1 32 12 is_stmt 0 view .LVU28
 168 0002 FFF7FEFF 		bl	HAL_GetTick
 169              	.LVL9:
  33:bridge_protocol/bridge_user_hooks.c **** }
 170              		.loc 1 33 1 view .LVU29
 171 0006 08BD     		pop	{r3, pc}
 172              		.cfi_endproc
 173              	.LFE68:
 175              		.section	.text.BridgeHook_HandleSetParam,"ax",%progbits
 176              		.align	1
 177              		.global	BridgeHook_HandleSetParam
 178              		.syntax unified
 179              		.thumb
 180              		.thumb_func
 181              		.fpu softvfp
 183              	BridgeHook_HandleSetParam:
 184              	.LVL10:
 185              	.LFB69:
  34:bridge_protocol/bridge_user_hooks.c **** 
  35:bridge_protocol/bridge_user_hooks.c **** void BridgeHook_HandleSetParam(const uint8_t *payload,
  36:bridge_protocol/bridge_user_hooks.c ****                                uint8_t payload_len,
  37:bridge_protocol/bridge_user_hooks.c ****                                uint8_t *out_rsp,
  38:bridge_protocol/bridge_user_hooks.c ****                                uint8_t *out_rsp_len,
  39:bridge_protocol/bridge_user_hooks.c ****                                uint8_t *out_status)
  40:bridge_protocol/bridge_user_hooks.c **** {
 186              		.loc 1 40 1 is_stmt 1 view -0
 187              		.cfi_startproc
 188              		@ args = 4, pretend = 0, frame = 0
 189              		@ frame_needed = 0, uses_anonymous_args = 0
 190              		@ link register save eliminated.
ARM GAS  /tmp/ccahfU6r.s 			page 5


 191              		.loc 1 40 1 is_stmt 0 view .LVU31
 192 0000 0099     		ldr	r1, [sp]
 193              	.LVL11:
  41:bridge_protocol/bridge_user_hooks.c ****     (void)payload;
 194              		.loc 1 41 5 is_stmt 1 view .LVU32
  42:bridge_protocol/bridge_user_hooks.c ****     (void)payload_len;
 195              		.loc 1 42 5 view .LVU33
  43:bridge_protocol/bridge_user_hooks.c **** 
  44:bridge_protocol/bridge_user_hooks.c ****     if ((out_rsp == NULL) || (out_rsp_len == NULL) || (out_status == NULL))
 196              		.loc 1 44 5 view .LVU34
 197              		.loc 1 44 8 is_stmt 0 view .LVU35
 198 0002 1046     		mov	r0, r2
 199              	.LVL12:
 200              		.loc 1 44 8 view .LVU36
 201 0004 3AB1     		cbz	r2, .L13
 202              		.loc 1 44 27 discriminator 1 view .LVU37
 203 0006 33B1     		cbz	r3, .L13
 204              		.loc 1 44 52 discriminator 2 view .LVU38
 205 0008 29B1     		cbz	r1, .L13
  45:bridge_protocol/bridge_user_hooks.c ****     {
  46:bridge_protocol/bridge_user_hooks.c ****         return;
  47:bridge_protocol/bridge_user_hooks.c ****     }
  48:bridge_protocol/bridge_user_hooks.c **** 
  49:bridge_protocol/bridge_user_hooks.c ****     out_rsp[0] = BRIDGE_ERR_PARAM;
 206              		.loc 1 49 5 is_stmt 1 view .LVU39
 207              		.loc 1 49 16 is_stmt 0 view .LVU40
 208 000a 0622     		movs	r2, #6
 209              	.LVL13:
 210              		.loc 1 49 16 view .LVU41
 211 000c 0270     		strb	r2, [r0]
  50:bridge_protocol/bridge_user_hooks.c ****     *out_rsp_len = 1u;
 212              		.loc 1 50 5 is_stmt 1 view .LVU42
 213              		.loc 1 50 18 is_stmt 0 view .LVU43
 214 000e 0122     		movs	r2, #1
 215 0010 1A70     		strb	r2, [r3]
  51:bridge_protocol/bridge_user_hooks.c ****     *out_status = BRIDGE_RSP_NACK;
 216              		.loc 1 51 5 is_stmt 1 view .LVU44
 217              		.loc 1 51 17 is_stmt 0 view .LVU45
 218 0012 8123     		movs	r3, #129
 219              	.LVL14:
 220              		.loc 1 51 17 view .LVU46
 221 0014 0B70     		strb	r3, [r1]
 222              	.L13:
  52:bridge_protocol/bridge_user_hooks.c **** }...
 223              		.loc 1 52 1 view .LVU47
 224 0016 7047     		bx	lr
 225              		.cfi_endproc
 226              	.LFE69:
 228              		.text
 229              	.Letext0:
 230              		.file 2 "/opt/gcc-arm-none-eabi-9-2020-q2-update/arm-none-eabi/include/machine/_default_types.h"
 231              		.file 3 "/opt/gcc-arm-none-eabi-9-2020-q2-update/arm-none-eabi/include/sys/_stdint.h"
 232              		.file 4 "Drivers/CMSIS/Include/core_cm3.h"
 233              		.file 5 "Drivers/CMSIS/Device/ST/STM32F1xx/Include/system_stm32f1xx.h"
 234              		.file 6 "Drivers/STM32F1xx_HAL_Driver/Inc/stm32f1xx_hal.h"
 235              		.file 7 "ARM_SEGGER_RTT/SEGGER_RTT.h"
 236              		.file 8 "diff_signal/uw_link_tx.h"
ARM GAS  /tmp/ccahfU6r.s 			page 6


 237              		.file 9 "diff_signal/diff_signal.h"
ARM GAS  /tmp/ccahfU6r.s 			page 7


DEFINED SYMBOLS
                            *ABS*:0000000000000000 bridge_user_hooks.c
     /tmp/ccahfU6r.s:16     .text.BridgeHook_AcousticIsTxIdle:0000000000000000 $t
     /tmp/ccahfU6r.s:24     .text.BridgeHook_AcousticIsTxIdle:0000000000000000 BridgeHook_AcousticIsTxIdle
     /tmp/ccahfU6r.s:49     .rodata.BridgeHook_AcousticStartTx.str1.4:0000000000000000 $d
     /tmp/ccahfU6r.s:53     .text.BridgeHook_AcousticStartTx:0000000000000000 $t
     /tmp/ccahfU6r.s:60     .text.BridgeHook_AcousticStartTx:0000000000000000 BridgeHook_AcousticStartTx
     /tmp/ccahfU6r.s:119    .text.BridgeHook_AcousticStartTx:0000000000000028 $d
     /tmp/ccahfU6r.s:124    .text.BridgeHook_OnValid485Frame:0000000000000000 $t
     /tmp/ccahfU6r.s:131    .text.BridgeHook_OnValid485Frame:0000000000000000 BridgeHook_OnValid485Frame
     /tmp/ccahfU6r.s:148    .text.BridgeHook_GetMs:0000000000000000 $t
     /tmp/ccahfU6r.s:155    .text.BridgeHook_GetMs:0000000000000000 BridgeHook_GetMs
     /tmp/ccahfU6r.s:176    .text.BridgeHook_HandleSetParam:0000000000000000 $t
     /tmp/ccahfU6r.s:183    .text.BridgeHook_HandleSetParam:0000000000000000 BridgeHook_HandleSetParam

UNDEFINED SYMBOLS
DiffSignal_IsBusy
SEGGER_RTT_printf
UW_LinkTx_Send
HAL_GetTick
