ARM GAS  /tmp/ccM0RfA0.s 			page 1


   1              		.cpu cortex-m3
   2              		.eabi_attribute 20, 1
   3              		.eabi_attribute 21, 1
   4              		.eabi_attribute 23, 3
   5              		.eabi_attribute 24, 1
   6              		.eabi_attribute 25, 1
   7              		.eabi_attribute 26, 1
   8              		.eabi_attribute 30, 1
   9              		.eabi_attribute 34, 1
  10              		.eabi_attribute 18, 4
  11              		.file	"bridge_integration_example.c"
  12              		.text
  13              	.Ltext0:
  14              		.cfi_sections	.debug_frame
  15              		.section	.text.Bridge_Integration_Example_Main,"ax",%progbits
  16              		.align	1
  17              		.global	Bridge_Integration_Example_Main
  18              		.arch armv7-m
  19              		.syntax unified
  20              		.thumb
  21              		.thumb_func
  22              		.fpu softvfp
  24              	Bridge_Integration_Example_Main:
  25              	.LFB65:
  26              		.file 1 "bridge_protocol/bridge_integration_example.c"
   1:bridge_protocol/bridge_integration_example.c **** /*
   2:bridge_protocol/bridge_integration_example.c ****  * 这个文件不是必须编译进工程的文件，
   3:bridge_protocol/bridge_integration_example.c ****  * 只是额外保留一个最小接入示例，便于你对照 main.c 看调用关系。
   4:bridge_protocol/bridge_integration_example.c ****  */
   5:bridge_protocol/bridge_integration_example.c **** 
   6:bridge_protocol/bridge_integration_example.c **** #include "bridge_app.h"
   7:bridge_protocol/bridge_integration_example.c **** #include "main.h"
   8:bridge_protocol/bridge_integration_example.c **** #include "uart3_drv.h"
   9:bridge_protocol/bridge_integration_example.c **** #include "gpio.h"
  10:bridge_protocol/bridge_integration_example.c **** 
  11:bridge_protocol/bridge_integration_example.c **** int Bridge_Integration_Example_Main(void)
  12:bridge_protocol/bridge_integration_example.c **** {
  27              		.loc 1 12 1 view -0
  28              		.cfi_startproc
  29              		@ Volatile: function does not return.
  30              		@ args = 0, pretend = 0, frame = 0
  31              		@ frame_needed = 0, uses_anonymous_args = 0
  32 0000 08B5     		push	{r3, lr}
  33              	.LCFI0:
  34              		.cfi_def_cfa_offset 8
  35              		.cfi_offset 3, -8
  36              		.cfi_offset 14, -4
  37              	.L2:
  13:bridge_protocol/bridge_integration_example.c **** 
  14:bridge_protocol/bridge_integration_example.c **** 
  15:bridge_protocol/bridge_integration_example.c ****     while (1)
  38              		.loc 1 15 5 discriminator 1 view .LVU1
  16:bridge_protocol/bridge_integration_example.c ****     {
  17:bridge_protocol/bridge_integration_example.c ****         BridgeApp_Process();
  39              		.loc 1 17 9 discriminator 1 view .LVU2
  40 0002 FFF7FEFF 		bl	BridgeApp_Process
  41              	.LVL0:
ARM GAS  /tmp/ccM0RfA0.s 			page 2


  15:bridge_protocol/bridge_integration_example.c ****     {
  42              		.loc 1 15 11 discriminator 1 view .LVU3
  43 0006 FCE7     		b	.L2
  44              		.cfi_endproc
  45              	.LFE65:
  47              		.text
  48              	.Letext0:
  49              		.file 2 "/opt/gcc-arm-none-eabi-9-2020-q2-update/arm-none-eabi/include/machine/_default_types.h"
  50              		.file 3 "/opt/gcc-arm-none-eabi-9-2020-q2-update/arm-none-eabi/include/sys/_stdint.h"
  51              		.file 4 "Drivers/CMSIS/Include/core_cm3.h"
  52              		.file 5 "Drivers/CMSIS/Device/ST/STM32F1xx/Include/system_stm32f1xx.h"
  53              		.file 6 "Drivers/CMSIS/Device/ST/STM32F1xx/Include/stm32f103xe.h"
  54              		.file 7 "Drivers/STM32F1xx_HAL_Driver/Inc/stm32f1xx_hal_def.h"
  55              		.file 8 "Drivers/STM32F1xx_HAL_Driver/Inc/stm32f1xx_hal_dma.h"
  56              		.file 9 "Drivers/STM32F1xx_HAL_Driver/Inc/stm32f1xx_hal_uart.h"
  57              		.file 10 "Drivers/STM32F1xx_HAL_Driver/Inc/stm32f1xx_hal.h"
  58              		.file 11 "Core/Inc/uart3_drv.h"
  59              		.file 12 "bridge_protocol/bridge_app.h"
ARM GAS  /tmp/ccM0RfA0.s 			page 3


DEFINED SYMBOLS
                            *ABS*:0000000000000000 bridge_integration_example.c
     /tmp/ccM0RfA0.s:16     .text.Bridge_Integration_Example_Main:0000000000000000 $t
     /tmp/ccM0RfA0.s:24     .text.Bridge_Integration_Example_Main:0000000000000000 Bridge_Integration_Example_Main

UNDEFINED SYMBOLS
BridgeApp_Process
