ARM GAS  /tmp/ccOpOMKr.s 			page 1


   1              		.cpu cortex-m3
   2              		.eabi_attribute 20, 1
   3              		.eabi_attribute 21, 1
   4              		.eabi_attribute 23, 3
   5              		.eabi_attribute 24, 1
   6              		.eabi_attribute 25, 1
   7              		.eabi_attribute 26, 1
   8              		.eabi_attribute 30, 1
   9              		.eabi_attribute 34, 1
  10              		.eabi_attribute 18, 4
  11              		.file	"bridge_proto.c"
  12              		.text
  13              	.Ltext0:
  14              		.cfi_sections	.debug_frame
  15              		.section	.text.BridgeProto_CobsEncode,"ax",%progbits
  16              		.align	1
  17              		.arch armv7-m
  18              		.syntax unified
  19              		.thumb
  20              		.thumb_func
  21              		.fpu softvfp
  23              	BridgeProto_CobsEncode:
  24              	.LVL0:
  25              	.LFB65:
  26              		.file 1 "bridge_protocol/bridge_proto.c"
   1:bridge_protocol/bridge_proto.c **** #include "bridge_proto.h"
   2:bridge_protocol/bridge_proto.c **** #include <string.h>
   3:bridge_protocol/bridge_proto.c **** #include "SEGGER_RTT.h"
   4:bridge_protocol/bridge_proto.c **** static uint16_t BridgeProto_CobsEncode(const uint8_t *input, uint16_t length, uint8_t *output, uint
   5:bridge_protocol/bridge_proto.c **** {
  27              		.loc 1 5 1 view -0
  28              		.cfi_startproc
  29              		@ args = 0, pretend = 0, frame = 0
  30              		@ frame_needed = 0, uses_anonymous_args = 0
  31              		.loc 1 5 1 is_stmt 0 view .LVU1
  32 0000 F0B5     		push	{r4, r5, r6, r7, lr}
  33              	.LCFI0:
  34              		.cfi_def_cfa_offset 20
  35              		.cfi_offset 4, -20
  36              		.cfi_offset 5, -16
  37              		.cfi_offset 6, -12
  38              		.cfi_offset 7, -8
  39              		.cfi_offset 14, -4
   6:bridge_protocol/bridge_proto.c ****     uint16_t read_index = 0u;
  40              		.loc 1 6 5 is_stmt 1 view .LVU2
  41              	.LVL1:
   7:bridge_protocol/bridge_proto.c ****     uint16_t write_index = 1u;
  42              		.loc 1 7 5 view .LVU3
   8:bridge_protocol/bridge_proto.c ****     uint16_t code_index = 0u;
  43              		.loc 1 8 5 view .LVU4
   9:bridge_protocol/bridge_proto.c ****     uint8_t code = 1u;
  44              		.loc 1 9 5 view .LVU5
  10:bridge_protocol/bridge_proto.c **** 
  11:bridge_protocol/bridge_proto.c ****     if (out_size == 0u)
  45              		.loc 1 11 5 view .LVU6
  46              		.loc 1 11 8 is_stmt 0 view .LVU7
  47 0002 9E46     		mov	lr, r3
ARM GAS  /tmp/ccOpOMKr.s 			page 2


  48 0004 73B3     		cbz	r3, .L7
  49 0006 0746     		mov	r7, r0
   9:bridge_protocol/bridge_proto.c ****     uint8_t code = 1u;
  50              		.loc 1 9 13 view .LVU8
  51 0008 0124     		movs	r4, #1
   8:bridge_protocol/bridge_proto.c ****     uint8_t code = 1u;
  52              		.loc 1 8 14 view .LVU9
  53 000a 4FF0000C 		mov	ip, #0
   7:bridge_protocol/bridge_proto.c ****     uint16_t code_index = 0u;
  54              		.loc 1 7 14 view .LVU10
  55 000e 2046     		mov	r0, r4
  56              	.LVL2:
   6:bridge_protocol/bridge_proto.c ****     uint16_t write_index = 1u;
  57              		.loc 1 6 14 view .LVU11
  58 0010 6346     		mov	r3, ip
  59              	.LVL3:
   6:bridge_protocol/bridge_proto.c ****     uint16_t write_index = 1u;
  60              		.loc 1 6 14 view .LVU12
  61 0012 09E0     		b	.L3
  62              	.LVL4:
  63              	.L4:
  12:bridge_protocol/bridge_proto.c ****     {
  13:bridge_protocol/bridge_proto.c ****         return 0u;
  14:bridge_protocol/bridge_proto.c ****     }
  15:bridge_protocol/bridge_proto.c **** 
  16:bridge_protocol/bridge_proto.c ****     while (read_index < length)
  17:bridge_protocol/bridge_proto.c ****     {
  18:bridge_protocol/bridge_proto.c ****         if (write_index >= out_size)
  19:bridge_protocol/bridge_proto.c ****         {
  20:bridge_protocol/bridge_proto.c ****             return 0u;
  21:bridge_protocol/bridge_proto.c ****         }
  22:bridge_protocol/bridge_proto.c **** 
  23:bridge_protocol/bridge_proto.c ****         if (input[read_index] == 0u)
  24:bridge_protocol/bridge_proto.c ****         {
  25:bridge_protocol/bridge_proto.c ****             output[code_index] = code;
  26:bridge_protocol/bridge_proto.c ****             code = 1u;
  27:bridge_protocol/bridge_proto.c ****             code_index = write_index++;
  28:bridge_protocol/bridge_proto.c ****             read_index++;
  29:bridge_protocol/bridge_proto.c ****         }
  30:bridge_protocol/bridge_proto.c ****         else
  31:bridge_protocol/bridge_proto.c ****         {
  32:bridge_protocol/bridge_proto.c ****             output[write_index++] = input[read_index++];
  64              		.loc 1 32 13 is_stmt 1 view .LVU13
  65              		.loc 1 32 53 is_stmt 0 view .LVU14
  66 0014 0133     		adds	r3, r3, #1
  67              	.LVL5:
  68              		.loc 1 32 53 view .LVU15
  69 0016 9BB2     		uxth	r3, r3
  70              	.LVL6:
  71              		.loc 1 32 31 view .LVU16
  72 0018 461C     		adds	r6, r0, #1
  73 001a B6B2     		uxth	r6, r6
  74              	.LVL7:
  75              		.loc 1 32 35 view .LVU17
  76 001c 1554     		strb	r5, [r2, r0]
  33:bridge_protocol/bridge_proto.c ****             code++;
  77              		.loc 1 33 13 is_stmt 1 view .LVU18
ARM GAS  /tmp/ccOpOMKr.s 			page 3


  78              		.loc 1 33 17 is_stmt 0 view .LVU19
  79 001e 0134     		adds	r4, r4, #1
  80              	.LVL8:
  81              		.loc 1 33 17 view .LVU20
  82 0020 E4B2     		uxtb	r4, r4
  83              	.LVL9:
  34:bridge_protocol/bridge_proto.c ****             if (code == 0xFFu)
  84              		.loc 1 34 13 is_stmt 1 view .LVU21
  85              		.loc 1 34 16 is_stmt 0 view .LVU22
  86 0022 FF2C     		cmp	r4, #255
  87 0024 10D0     		beq	.L13
  32:bridge_protocol/bridge_proto.c ****             code++;
  88              		.loc 1 32 31 view .LVU23
  89 0026 3046     		mov	r0, r6
  90              	.LVL10:
  91              	.L3:
  16:bridge_protocol/bridge_proto.c ****     {
  92              		.loc 1 16 11 is_stmt 1 view .LVU24
  93 0028 8B42     		cmp	r3, r1
  94 002a 16D2     		bcs	.L14
  18:bridge_protocol/bridge_proto.c ****         {
  95              		.loc 1 18 9 view .LVU25
  18:bridge_protocol/bridge_proto.c ****         {
  96              		.loc 1 18 12 is_stmt 0 view .LVU26
  97 002c 7045     		cmp	r0, lr
  98 002e 1BD2     		bcs	.L8
  23:bridge_protocol/bridge_proto.c ****         {
  99              		.loc 1 23 9 is_stmt 1 view .LVU27
  23:bridge_protocol/bridge_proto.c ****         {
 100              		.loc 1 23 18 is_stmt 0 view .LVU28
 101 0030 FD5C     		ldrb	r5, [r7, r3]	@ zero_extendqisi2
  23:bridge_protocol/bridge_proto.c ****         {
 102              		.loc 1 23 12 view .LVU29
 103 0032 002D     		cmp	r5, #0
 104 0034 EED1     		bne	.L4
  25:bridge_protocol/bridge_proto.c ****             code = 1u;
 105              		.loc 1 25 13 is_stmt 1 view .LVU30
  25:bridge_protocol/bridge_proto.c ****             code = 1u;
 106              		.loc 1 25 32 is_stmt 0 view .LVU31
 107 0036 02F80C40 		strb	r4, [r2, ip]
  26:bridge_protocol/bridge_proto.c ****             code_index = write_index++;
 108              		.loc 1 26 13 is_stmt 1 view .LVU32
 109              	.LVL11:
  27:bridge_protocol/bridge_proto.c ****             read_index++;
 110              		.loc 1 27 13 view .LVU33
  27:bridge_protocol/bridge_proto.c ****             read_index++;
 111              		.loc 1 27 37 is_stmt 0 view .LVU34
 112 003a 441C     		adds	r4, r0, #1
 113              	.LVL12:
  28:bridge_protocol/bridge_proto.c ****         }
 114              		.loc 1 28 13 is_stmt 1 view .LVU35
  28:bridge_protocol/bridge_proto.c ****         }
 115              		.loc 1 28 23 is_stmt 0 view .LVU36
 116 003c 0133     		adds	r3, r3, #1
 117              	.LVL13:
  28:bridge_protocol/bridge_proto.c ****         }
 118              		.loc 1 28 23 view .LVU37
ARM GAS  /tmp/ccOpOMKr.s 			page 4


 119 003e 9BB2     		uxth	r3, r3
 120              	.LVL14:
  27:bridge_protocol/bridge_proto.c ****             read_index++;
 121              		.loc 1 27 24 view .LVU38
 122 0040 8446     		mov	ip, r0
  27:bridge_protocol/bridge_proto.c ****             read_index++;
 123              		.loc 1 27 37 view .LVU39
 124 0042 A0B2     		uxth	r0, r4
 125              	.LVL15:
  26:bridge_protocol/bridge_proto.c ****             code_index = write_index++;
 126              		.loc 1 26 18 view .LVU40
 127 0044 0124     		movs	r4, #1
 128              	.LVL16:
  26:bridge_protocol/bridge_proto.c ****             code_index = write_index++;
 129              		.loc 1 26 18 view .LVU41
 130 0046 EFE7     		b	.L3
 131              	.LVL17:
 132              	.L13:
  35:bridge_protocol/bridge_proto.c ****             {
  36:bridge_protocol/bridge_proto.c ****                 output[code_index] = code;
 133              		.loc 1 36 17 is_stmt 1 view .LVU42
 134              		.loc 1 36 36 is_stmt 0 view .LVU43
 135 0048 02F80C40 		strb	r4, [r2, ip]
  37:bridge_protocol/bridge_proto.c ****                 code = 1u;
 136              		.loc 1 37 17 is_stmt 1 view .LVU44
 137              	.LVL18:
  38:bridge_protocol/bridge_proto.c ****                 code_index = write_index++;
 138              		.loc 1 38 17 view .LVU45
 139              		.loc 1 38 41 is_stmt 0 view .LVU46
 140 004c 0230     		adds	r0, r0, #2
 141 004e 80B2     		uxth	r0, r0
 142              	.LVL19:
  39:bridge_protocol/bridge_proto.c ****                 if (write_index > out_size)
 143              		.loc 1 39 17 is_stmt 1 view .LVU47
 144              		.loc 1 39 20 is_stmt 0 view .LVU48
 145 0050 8645     		cmp	lr, r0
 146 0052 0BD3     		bcc	.L10
  38:bridge_protocol/bridge_proto.c ****                 code_index = write_index++;
 147              		.loc 1 38 28 view .LVU49
 148 0054 B446     		mov	ip, r6
  37:bridge_protocol/bridge_proto.c ****                 code = 1u;
 149              		.loc 1 37 22 view .LVU50
 150 0056 0124     		movs	r4, #1
 151 0058 E6E7     		b	.L3
 152              	.LVL20:
 153              	.L14:
  40:bridge_protocol/bridge_proto.c ****                 {
  41:bridge_protocol/bridge_proto.c ****                     return 0u;
  42:bridge_protocol/bridge_proto.c ****                 }
  43:bridge_protocol/bridge_proto.c ****             }
  44:bridge_protocol/bridge_proto.c ****         }
  45:bridge_protocol/bridge_proto.c ****     }
  46:bridge_protocol/bridge_proto.c **** 
  47:bridge_protocol/bridge_proto.c ****     if (code_index >= out_size)
 154              		.loc 1 47 5 is_stmt 1 view .LVU51
 155              		.loc 1 47 8 is_stmt 0 view .LVU52
 156 005a F445     		cmp	ip, lr
ARM GAS  /tmp/ccOpOMKr.s 			page 5


 157 005c 08D2     		bcs	.L11
  48:bridge_protocol/bridge_proto.c ****     {
  49:bridge_protocol/bridge_proto.c ****         return 0u;
  50:bridge_protocol/bridge_proto.c ****     }
  51:bridge_protocol/bridge_proto.c **** 
  52:bridge_protocol/bridge_proto.c ****     output[code_index] = code;
 158              		.loc 1 52 5 is_stmt 1 view .LVU53
 159              		.loc 1 52 24 is_stmt 0 view .LVU54
 160 005e 02F80C40 		strb	r4, [r2, ip]
  53:bridge_protocol/bridge_proto.c ****     return write_index;
 161              		.loc 1 53 5 is_stmt 1 view .LVU55
 162              		.loc 1 53 12 is_stmt 0 view .LVU56
 163 0062 00E0     		b	.L2
 164              	.LVL21:
 165              	.L7:
  13:bridge_protocol/bridge_proto.c ****     }
 166              		.loc 1 13 16 view .LVU57
 167 0064 1846     		mov	r0, r3
 168              	.LVL22:
 169              	.L2:
  54:bridge_protocol/bridge_proto.c **** }
 170              		.loc 1 54 1 view .LVU58
 171 0066 F0BD     		pop	{r4, r5, r6, r7, pc}
 172              	.LVL23:
 173              	.L8:
  20:bridge_protocol/bridge_proto.c ****         }
 174              		.loc 1 20 20 view .LVU59
 175 0068 0020     		movs	r0, #0
 176              	.LVL24:
  20:bridge_protocol/bridge_proto.c ****         }
 177              		.loc 1 20 20 view .LVU60
 178 006a FCE7     		b	.L2
 179              	.LVL25:
 180              	.L10:
  41:bridge_protocol/bridge_proto.c ****                 }
 181              		.loc 1 41 28 view .LVU61
 182 006c 0020     		movs	r0, #0
 183              	.LVL26:
  41:bridge_protocol/bridge_proto.c ****                 }
 184              		.loc 1 41 28 view .LVU62
 185 006e FAE7     		b	.L2
 186              	.LVL27:
 187              	.L11:
  49:bridge_protocol/bridge_proto.c ****     }
 188              		.loc 1 49 16 view .LVU63
 189 0070 0020     		movs	r0, #0
 190              	.LVL28:
  49:bridge_protocol/bridge_proto.c ****     }
 191              		.loc 1 49 16 view .LVU64
 192 0072 F8E7     		b	.L2
 193              		.cfi_endproc
 194              	.LFE65:
 196              		.section	.text.BridgeProto_CobsDecode,"ax",%progbits
 197              		.align	1
 198              		.syntax unified
 199              		.thumb
 200              		.thumb_func
ARM GAS  /tmp/ccOpOMKr.s 			page 6


 201              		.fpu softvfp
 203              	BridgeProto_CobsDecode:
 204              	.LVL29:
 205              	.LFB66:
  55:bridge_protocol/bridge_proto.c **** 
  56:bridge_protocol/bridge_proto.c **** static uint16_t BridgeProto_CobsDecode(const uint8_t *input, uint16_t length, uint8_t *output, uint
  57:bridge_protocol/bridge_proto.c **** {
 206              		.loc 1 57 1 is_stmt 1 view -0
 207              		.cfi_startproc
 208              		@ args = 0, pretend = 0, frame = 0
 209              		@ frame_needed = 0, uses_anonymous_args = 0
 210              		.loc 1 57 1 is_stmt 0 view .LVU66
 211 0000 F0B5     		push	{r4, r5, r6, r7, lr}
 212              	.LCFI1:
 213              		.cfi_def_cfa_offset 20
 214              		.cfi_offset 4, -20
 215              		.cfi_offset 5, -16
 216              		.cfi_offset 6, -12
 217              		.cfi_offset 7, -8
 218              		.cfi_offset 14, -4
 219 0002 8446     		mov	ip, r0
 220 0004 9E46     		mov	lr, r3
  58:bridge_protocol/bridge_proto.c ****     uint16_t read_index = 0u;
 221              		.loc 1 58 5 is_stmt 1 view .LVU67
 222              	.LVL30:
  59:bridge_protocol/bridge_proto.c ****     uint16_t write_index = 0u;
 223              		.loc 1 59 5 view .LVU68
  60:bridge_protocol/bridge_proto.c **** 
  61:bridge_protocol/bridge_proto.c ****     while (read_index < length)
 224              		.loc 1 61 5 view .LVU69
  59:bridge_protocol/bridge_proto.c ****     uint16_t write_index = 0u;
 225              		.loc 1 59 14 is_stmt 0 view .LVU70
 226 0006 0020     		movs	r0, #0
 227              	.LVL31:
  58:bridge_protocol/bridge_proto.c ****     uint16_t write_index = 0u;
 228              		.loc 1 58 14 view .LVU71
 229 0008 0346     		mov	r3, r0
 230              	.LVL32:
 231              	.L16:
 232              		.loc 1 61 11 is_stmt 1 view .LVU72
 233 000a 8B42     		cmp	r3, r1
 234 000c 26D2     		bcs	.L17
 235              	.LBB2:
  62:bridge_protocol/bridge_proto.c ****     {
  63:bridge_protocol/bridge_proto.c ****         uint8_t code = input[read_index++];
 236              		.loc 1 63 9 view .LVU73
 237              		.loc 1 63 40 is_stmt 0 view .LVU74
 238 000e 5D1C     		adds	r5, r3, #1
 239 0010 ADB2     		uxth	r5, r5
 240              	.LVL33:
 241              		.loc 1 63 17 view .LVU75
 242 0012 1CF80330 		ldrb	r3, [ip, r3]	@ zero_extendqisi2
 243              	.LVL34:
  64:bridge_protocol/bridge_proto.c ****         uint8_t i;
 244              		.loc 1 64 9 is_stmt 1 view .LVU76
  65:bridge_protocol/bridge_proto.c **** 
  66:bridge_protocol/bridge_proto.c ****         if (code == 0u)
ARM GAS  /tmp/ccOpOMKr.s 			page 7


 245              		.loc 1 66 9 view .LVU77
 246              		.loc 1 66 12 is_stmt 0 view .LVU78
 247 0016 F3B1     		cbz	r3, .L22
  67:bridge_protocol/bridge_proto.c ****         {
  68:bridge_protocol/bridge_proto.c ****             return 0u;
  69:bridge_protocol/bridge_proto.c ****         }
  70:bridge_protocol/bridge_proto.c **** 
  71:bridge_protocol/bridge_proto.c ****         for (i = 1u; i < code; i++)
 248              		.loc 1 71 16 view .LVU79
 249 0018 0124     		movs	r4, #1
 250 001a 08E0     		b	.L18
 251              	.LVL35:
 252              	.L28:
  72:bridge_protocol/bridge_proto.c ****         {
  73:bridge_protocol/bridge_proto.c ****             if ((read_index >= length) || (write_index >= out_size))
  74:bridge_protocol/bridge_proto.c ****             {
  75:bridge_protocol/bridge_proto.c ****                 return 0u;
  76:bridge_protocol/bridge_proto.c ****             }
  77:bridge_protocol/bridge_proto.c ****             output[write_index++] = input[read_index++];
 253              		.loc 1 77 13 is_stmt 1 discriminator 2 view .LVU80
 254              		.loc 1 77 53 is_stmt 0 discriminator 2 view .LVU81
 255 001c 6E1C     		adds	r6, r5, #1
 256              	.LVL36:
 257              		.loc 1 77 31 discriminator 2 view .LVU82
 258 001e 471C     		adds	r7, r0, #1
 259              	.LVL37:
 260              		.loc 1 77 42 discriminator 2 view .LVU83
 261 0020 1CF80550 		ldrb	r5, [ip, r5]	@ zero_extendqisi2
 262              		.loc 1 77 35 discriminator 2 view .LVU84
 263 0024 1554     		strb	r5, [r2, r0]
  71:bridge_protocol/bridge_proto.c ****         {
 264              		.loc 1 71 32 is_stmt 1 discriminator 2 view .LVU85
  71:bridge_protocol/bridge_proto.c ****         {
 265              		.loc 1 71 33 is_stmt 0 discriminator 2 view .LVU86
 266 0026 0134     		adds	r4, r4, #1
 267              	.LVL38:
  71:bridge_protocol/bridge_proto.c ****         {
 268              		.loc 1 71 33 discriminator 2 view .LVU87
 269 0028 E4B2     		uxtb	r4, r4
 270              	.LVL39:
 271              		.loc 1 77 31 discriminator 2 view .LVU88
 272 002a B8B2     		uxth	r0, r7
 273              		.loc 1 77 53 discriminator 2 view .LVU89
 274 002c B5B2     		uxth	r5, r6
 275              	.LVL40:
 276              	.L18:
  71:bridge_protocol/bridge_proto.c ****         {
 277              		.loc 1 71 22 is_stmt 1 discriminator 1 view .LVU90
  71:bridge_protocol/bridge_proto.c ****         {
 278              		.loc 1 71 9 is_stmt 0 discriminator 1 view .LVU91
 279 002e 9C42     		cmp	r4, r3
 280 0030 05D2     		bcs	.L27
  73:bridge_protocol/bridge_proto.c ****             {
 281              		.loc 1 73 13 is_stmt 1 view .LVU92
  73:bridge_protocol/bridge_proto.c ****             {
 282              		.loc 1 73 16 is_stmt 0 view .LVU93
 283 0032 8D42     		cmp	r5, r1
ARM GAS  /tmp/ccOpOMKr.s 			page 8


 284 0034 11D2     		bcs	.L23
  73:bridge_protocol/bridge_proto.c ****             {
 285              		.loc 1 73 40 discriminator 1 view .LVU94
 286 0036 7045     		cmp	r0, lr
 287 0038 F0D3     		bcc	.L28
  75:bridge_protocol/bridge_proto.c ****             }
 288              		.loc 1 75 24 view .LVU95
 289 003a 0020     		movs	r0, #0
 290              	.LVL41:
  75:bridge_protocol/bridge_proto.c ****             }
 291              		.loc 1 75 24 view .LVU96
 292 003c 0EE0     		b	.L17
 293              	.LVL42:
 294              	.L27:
  78:bridge_protocol/bridge_proto.c ****         }
  79:bridge_protocol/bridge_proto.c **** 
  80:bridge_protocol/bridge_proto.c ****         if ((code != 0xFFu) && (read_index < length))
 295              		.loc 1 80 9 is_stmt 1 view .LVU97
 296              		.loc 1 80 12 is_stmt 0 view .LVU98
 297 003e FF2B     		cmp	r3, #255
 298 0040 07D0     		beq	.L20
 299              		.loc 1 80 29 discriminator 1 view .LVU99
 300 0042 8D42     		cmp	r5, r1
 301 0044 05D2     		bcs	.L20
  81:bridge_protocol/bridge_proto.c ****         {
  82:bridge_protocol/bridge_proto.c ****             if (write_index >= out_size)
 302              		.loc 1 82 13 is_stmt 1 view .LVU100
 303              		.loc 1 82 16 is_stmt 0 view .LVU101
 304 0046 7045     		cmp	r0, lr
 305 0048 09D2     		bcs	.L25
  83:bridge_protocol/bridge_proto.c ****             {
  84:bridge_protocol/bridge_proto.c ****                 return 0u;
  85:bridge_protocol/bridge_proto.c ****             }
  86:bridge_protocol/bridge_proto.c ****             output[write_index++] = 0u;
 306              		.loc 1 86 13 is_stmt 1 view .LVU102
 307              		.loc 1 86 31 is_stmt 0 view .LVU103
 308 004a 431C     		adds	r3, r0, #1
 309              	.LVL43:
 310              		.loc 1 86 35 view .LVU104
 311 004c 0024     		movs	r4, #0
 312              	.LVL44:
 313              		.loc 1 86 35 view .LVU105
 314 004e 1454     		strb	r4, [r2, r0]
 315              		.loc 1 86 31 view .LVU106
 316 0050 98B2     		uxth	r0, r3
 317              	.LVL45:
 318              	.L20:
 319              		.loc 1 86 31 view .LVU107
 320 0052 2B46     		mov	r3, r5
 321 0054 D9E7     		b	.L16
 322              	.LVL46:
 323              	.L22:
  68:bridge_protocol/bridge_proto.c ****         }
 324              		.loc 1 68 20 view .LVU108
 325 0056 0020     		movs	r0, #0
 326              	.LVL47:
  68:bridge_protocol/bridge_proto.c ****         }
ARM GAS  /tmp/ccOpOMKr.s 			page 9


 327              		.loc 1 68 20 view .LVU109
 328 0058 00E0     		b	.L17
 329              	.LVL48:
 330              	.L23:
  75:bridge_protocol/bridge_proto.c ****             }
 331              		.loc 1 75 24 view .LVU110
 332 005a 0020     		movs	r0, #0
 333              	.LVL49:
 334              	.L17:
  75:bridge_protocol/bridge_proto.c ****             }
 335              		.loc 1 75 24 view .LVU111
 336              	.LBE2:
  87:bridge_protocol/bridge_proto.c ****         }
  88:bridge_protocol/bridge_proto.c ****     }
  89:bridge_protocol/bridge_proto.c **** 
  90:bridge_protocol/bridge_proto.c ****     return write_index;
  91:bridge_protocol/bridge_proto.c **** }
 337              		.loc 1 91 1 view .LVU112
 338 005c F0BD     		pop	{r4, r5, r6, r7, pc}
 339              	.LVL50:
 340              	.L25:
 341              	.LBB3:
  84:bridge_protocol/bridge_proto.c ****             }
 342              		.loc 1 84 24 view .LVU113
 343 005e 0020     		movs	r0, #0
 344              	.LVL51:
  84:bridge_protocol/bridge_proto.c ****             }
 345              		.loc 1 84 24 view .LVU114
 346 0060 FCE7     		b	.L17
 347              	.LBE3:
 348              		.cfi_endproc
 349              	.LFE66:
 351              		.section	.text.BridgeProto_CalcCrc16,"ax",%progbits
 352              		.align	1
 353              		.global	BridgeProto_CalcCrc16
 354              		.syntax unified
 355              		.thumb
 356              		.thumb_func
 357              		.fpu softvfp
 359              	BridgeProto_CalcCrc16:
 360              	.LVL52:
 361              	.LFB67:
  92:bridge_protocol/bridge_proto.c **** 
  93:bridge_protocol/bridge_proto.c **** uint16_t BridgeProto_CalcCrc16(const uint8_t *data, uint16_t len)
  94:bridge_protocol/bridge_proto.c **** {
 362              		.loc 1 94 1 is_stmt 1 view -0
 363              		.cfi_startproc
 364              		@ args = 0, pretend = 0, frame = 0
 365              		@ frame_needed = 0, uses_anonymous_args = 0
 366              		@ link register save eliminated.
 367              		.loc 1 94 1 is_stmt 0 view .LVU116
 368 0000 30B4     		push	{r4, r5}
 369              	.LCFI2:
 370              		.cfi_def_cfa_offset 8
 371              		.cfi_offset 4, -8
 372              		.cfi_offset 5, -4
 373 0002 0546     		mov	r5, r0
ARM GAS  /tmp/ccOpOMKr.s 			page 10


  95:bridge_protocol/bridge_proto.c ****     uint16_t crc = 0xFFFFu;
 374              		.loc 1 95 5 is_stmt 1 view .LVU117
 375              	.LVL53:
  96:bridge_protocol/bridge_proto.c ****     uint16_t i;
 376              		.loc 1 96 5 view .LVU118
  97:bridge_protocol/bridge_proto.c ****     uint8_t j;
 377              		.loc 1 97 5 view .LVU119
  98:bridge_protocol/bridge_proto.c **** 
  99:bridge_protocol/bridge_proto.c ****     for (i = 0u; i < len; i++)
 378              		.loc 1 99 5 view .LVU120
 379              		.loc 1 99 12 is_stmt 0 view .LVU121
 380 0004 0024     		movs	r4, #0
  95:bridge_protocol/bridge_proto.c ****     uint16_t i;
 381              		.loc 1 95 14 view .LVU122
 382 0006 4FF6FF70 		movw	r0, #65535
 383              	.LVL54:
 384              		.loc 1 99 5 view .LVU123
 385 000a 0EE0     		b	.L30
 386              	.LVL55:
 387              	.L32:
 100:bridge_protocol/bridge_proto.c ****     {
 101:bridge_protocol/bridge_proto.c ****         crc ^= data[i];
 102:bridge_protocol/bridge_proto.c ****         for (j = 0u; j < 8u; j++)
 103:bridge_protocol/bridge_proto.c ****         {
 104:bridge_protocol/bridge_proto.c ****             if ((crc & 0x0001u) != 0u)
 105:bridge_protocol/bridge_proto.c ****             {
 106:bridge_protocol/bridge_proto.c ****                 crc = (uint16_t)((crc >> 1u) ^ 0xA001u);
 107:bridge_protocol/bridge_proto.c ****             }
 108:bridge_protocol/bridge_proto.c ****             else
 109:bridge_protocol/bridge_proto.c ****             {
 110:bridge_protocol/bridge_proto.c ****                 crc >>= 1u;
 388              		.loc 1 110 17 is_stmt 1 view .LVU124
 389              		.loc 1 110 21 is_stmt 0 view .LVU125
 390 000c 4008     		lsrs	r0, r0, #1
 391              	.LVL56:
 392              	.L33:
 102:bridge_protocol/bridge_proto.c ****         {
 393              		.loc 1 102 30 is_stmt 1 discriminator 2 view .LVU126
 102:bridge_protocol/bridge_proto.c ****         {
 394              		.loc 1 102 31 is_stmt 0 discriminator 2 view .LVU127
 395 000e 0133     		adds	r3, r3, #1
 396              	.LVL57:
 102:bridge_protocol/bridge_proto.c ****         {
 397              		.loc 1 102 31 discriminator 2 view .LVU128
 398 0010 DBB2     		uxtb	r3, r3
 399              	.LVL58:
 400              	.L31:
 102:bridge_protocol/bridge_proto.c ****         {
 401              		.loc 1 102 22 is_stmt 1 discriminator 1 view .LVU129
 102:bridge_protocol/bridge_proto.c ****         {
 402              		.loc 1 102 9 is_stmt 0 discriminator 1 view .LVU130
 403 0012 072B     		cmp	r3, #7
 404 0014 07D8     		bhi	.L37
 104:bridge_protocol/bridge_proto.c ****             {
 405              		.loc 1 104 13 is_stmt 1 view .LVU131
 104:bridge_protocol/bridge_proto.c ****             {
 406              		.loc 1 104 16 is_stmt 0 view .LVU132
ARM GAS  /tmp/ccOpOMKr.s 			page 11


 407 0016 10F0010F 		tst	r0, #1
 408 001a F7D0     		beq	.L32
 106:bridge_protocol/bridge_proto.c ****             }
 409              		.loc 1 106 17 is_stmt 1 view .LVU133
 106:bridge_protocol/bridge_proto.c ****             }
 410              		.loc 1 106 21 is_stmt 0 view .LVU134
 411 001c 4AF20102 		movw	r2, #40961
 412 0020 82EA5000 		eor	r0, r2, r0, lsr #1
 413              	.LVL59:
 106:bridge_protocol/bridge_proto.c ****             }
 414              		.loc 1 106 21 view .LVU135
 415 0024 F3E7     		b	.L33
 416              	.L37:
  99:bridge_protocol/bridge_proto.c ****     {
 417              		.loc 1 99 27 is_stmt 1 discriminator 2 view .LVU136
  99:bridge_protocol/bridge_proto.c ****     {
 418              		.loc 1 99 28 is_stmt 0 discriminator 2 view .LVU137
 419 0026 0134     		adds	r4, r4, #1
 420              	.LVL60:
  99:bridge_protocol/bridge_proto.c ****     {
 421              		.loc 1 99 28 discriminator 2 view .LVU138
 422 0028 A4B2     		uxth	r4, r4
 423              	.LVL61:
 424              	.L30:
  99:bridge_protocol/bridge_proto.c ****     {
 425              		.loc 1 99 18 is_stmt 1 discriminator 1 view .LVU139
  99:bridge_protocol/bridge_proto.c ****     {
 426              		.loc 1 99 5 is_stmt 0 discriminator 1 view .LVU140
 427 002a 8C42     		cmp	r4, r1
 428 002c 03D2     		bcs	.L38
 101:bridge_protocol/bridge_proto.c ****         for (j = 0u; j < 8u; j++)
 429              		.loc 1 101 9 is_stmt 1 view .LVU141
 101:bridge_protocol/bridge_proto.c ****         for (j = 0u; j < 8u; j++)
 430              		.loc 1 101 20 is_stmt 0 view .LVU142
 431 002e 2B5D     		ldrb	r3, [r5, r4]	@ zero_extendqisi2
 101:bridge_protocol/bridge_proto.c ****         for (j = 0u; j < 8u; j++)
 432              		.loc 1 101 13 view .LVU143
 433 0030 5840     		eors	r0, r0, r3
 434              	.LVL62:
 102:bridge_protocol/bridge_proto.c ****         {
 435              		.loc 1 102 9 is_stmt 1 view .LVU144
 102:bridge_protocol/bridge_proto.c ****         {
 436              		.loc 1 102 16 is_stmt 0 view .LVU145
 437 0032 0023     		movs	r3, #0
 102:bridge_protocol/bridge_proto.c ****         {
 438              		.loc 1 102 9 view .LVU146
 439 0034 EDE7     		b	.L31
 440              	.LVL63:
 441              	.L38:
 111:bridge_protocol/bridge_proto.c ****             }
 112:bridge_protocol/bridge_proto.c ****         }
 113:bridge_protocol/bridge_proto.c ****     }
 114:bridge_protocol/bridge_proto.c **** 
 115:bridge_protocol/bridge_proto.c ****     return crc;
 116:bridge_protocol/bridge_proto.c **** }
 442              		.loc 1 116 1 view .LVU147
 443 0036 30BC     		pop	{r4, r5}
ARM GAS  /tmp/ccOpOMKr.s 			page 12


 444              	.LCFI3:
 445              		.cfi_restore 5
 446              		.cfi_restore 4
 447              		.cfi_def_cfa_offset 0
 448              	.LVL64:
 449              		.loc 1 116 1 view .LVU148
 450 0038 7047     		bx	lr
 451              		.cfi_endproc
 452              	.LFE67:
 454              		.section	.text.BridgeProto_DecodeOne,"ax",%progbits
 455              		.align	1
 456              		.syntax unified
 457              		.thumb
 458              		.thumb_func
 459              		.fpu softvfp
 461              	BridgeProto_DecodeOne:
 462              	.LVL65:
 463              	.LFB69:
 117:bridge_protocol/bridge_proto.c **** 
 118:bridge_protocol/bridge_proto.c **** void BridgeProto_ParserInit(BridgeProtoParser_t *parser)
 119:bridge_protocol/bridge_proto.c **** {
 120:bridge_protocol/bridge_proto.c ****     parser->len = 0u;
 121:bridge_protocol/bridge_proto.c ****     parser->in_frame = false;
 122:bridge_protocol/bridge_proto.c **** }
 123:bridge_protocol/bridge_proto.c **** 
 124:bridge_protocol/bridge_proto.c **** static bool BridgeProto_DecodeOne(const uint8_t *enc, uint16_t enc_len, BridgeProtoFrame_t *out_fra
 125:bridge_protocol/bridge_proto.c **** {
 464              		.loc 1 125 1 is_stmt 1 view -0
 465              		.cfi_startproc
 466              		@ args = 0, pretend = 0, frame = 72
 467              		@ frame_needed = 0, uses_anonymous_args = 0
 468              		.loc 1 125 1 is_stmt 0 view .LVU150
 469 0000 F0B5     		push	{r4, r5, r6, r7, lr}
 470              	.LCFI4:
 471              		.cfi_def_cfa_offset 20
 472              		.cfi_offset 4, -20
 473              		.cfi_offset 5, -16
 474              		.cfi_offset 6, -12
 475              		.cfi_offset 7, -8
 476              		.cfi_offset 14, -4
 477 0002 93B0     		sub	sp, sp, #76
 478              	.LCFI5:
 479              		.cfi_def_cfa_offset 96
 480 0004 1446     		mov	r4, r2
 481 0006 1E46     		mov	r6, r3
 126:bridge_protocol/bridge_proto.c ****     uint8_t raw[BRIDGE_MAX_FRAME_RAW_LEN];
 482              		.loc 1 126 5 is_stmt 1 view .LVU151
 127:bridge_protocol/bridge_proto.c ****     uint16_t raw_len;
 483              		.loc 1 127 5 view .LVU152
 128:bridge_protocol/bridge_proto.c ****     uint16_t rx_crc;
 484              		.loc 1 128 5 view .LVU153
 129:bridge_protocol/bridge_proto.c ****     uint16_t calc_crc;
 485              		.loc 1 129 5 view .LVU154
 130:bridge_protocol/bridge_proto.c **** 
 131:bridge_protocol/bridge_proto.c ****     raw_len = BridgeProto_CobsDecode(enc, enc_len, raw, sizeof(raw));
 486              		.loc 1 131 5 view .LVU155
 487              		.loc 1 131 15 is_stmt 0 view .LVU156
ARM GAS  /tmp/ccOpOMKr.s 			page 13


 488 0008 4623     		movs	r3, #70
 489              	.LVL66:
 490              		.loc 1 131 15 view .LVU157
 491 000a 6A46     		mov	r2, sp
 492              	.LVL67:
 493              		.loc 1 131 15 view .LVU158
 494 000c FFF7FEFF 		bl	BridgeProto_CobsDecode
 495              	.LVL68:
 132:bridge_protocol/bridge_proto.c ****     if (raw_len < 6u)
 496              		.loc 1 132 5 is_stmt 1 view .LVU159
 497              		.loc 1 132 8 is_stmt 0 view .LVU160
 498 0010 0528     		cmp	r0, #5
 499 0012 14D9     		bls	.L47
 133:bridge_protocol/bridge_proto.c ****     {
 134:bridge_protocol/bridge_proto.c ****         *out_error = BRIDGE_ERR_BAD_LEN;
 135:bridge_protocol/bridge_proto.c ****         return false;
 136:bridge_protocol/bridge_proto.c ****     }
 137:bridge_protocol/bridge_proto.c **** 
 138:bridge_protocol/bridge_proto.c ****     out_frame->addr = raw[0];
 500              		.loc 1 138 5 is_stmt 1 view .LVU161
 501              		.loc 1 138 26 is_stmt 0 view .LVU162
 502 0014 9DF80030 		ldrb	r3, [sp]	@ zero_extendqisi2
 503              		.loc 1 138 21 view .LVU163
 504 0018 2370     		strb	r3, [r4]
 139:bridge_protocol/bridge_proto.c ****     out_frame->cmd  = raw[1];
 505              		.loc 1 139 5 is_stmt 1 view .LVU164
 506              		.loc 1 139 26 is_stmt 0 view .LVU165
 507 001a 9DF80130 		ldrb	r3, [sp, #1]	@ zero_extendqisi2
 508              		.loc 1 139 21 view .LVU166
 509 001e 6370     		strb	r3, [r4, #1]
 140:bridge_protocol/bridge_proto.c ****     out_frame->seq  = raw[2];
 510              		.loc 1 140 5 is_stmt 1 view .LVU167
 511              		.loc 1 140 26 is_stmt 0 view .LVU168
 512 0020 9DF80230 		ldrb	r3, [sp, #2]	@ zero_extendqisi2
 513              		.loc 1 140 21 view .LVU169
 514 0024 A370     		strb	r3, [r4, #2]
 141:bridge_protocol/bridge_proto.c ****     out_frame->len  = raw[3];
 515              		.loc 1 141 5 is_stmt 1 view .LVU170
 516              		.loc 1 141 26 is_stmt 0 view .LVU171
 517 0026 9DF80350 		ldrb	r5, [sp, #3]	@ zero_extendqisi2
 518              		.loc 1 141 21 view .LVU172
 519 002a E570     		strb	r5, [r4, #3]
 142:bridge_protocol/bridge_proto.c **** 
 143:bridge_protocol/bridge_proto.c ****     if (out_frame->len > BRIDGE_MAX_PAYLOAD_LEN)
 520              		.loc 1 143 5 is_stmt 1 view .LVU173
 521              		.loc 1 143 8 is_stmt 0 view .LVU174
 522 002c 402D     		cmp	r5, #64
 523 002e 0BD8     		bhi	.L48
 144:bridge_protocol/bridge_proto.c ****     {
 145:bridge_protocol/bridge_proto.c ****         *out_error = BRIDGE_ERR_BAD_LEN;
 146:bridge_protocol/bridge_proto.c ****         return false;
 147:bridge_protocol/bridge_proto.c ****     }
 148:bridge_protocol/bridge_proto.c **** 
 149:bridge_protocol/bridge_proto.c ****     if (raw_len != (uint16_t)(4u + out_frame->len + 2u))
 524              		.loc 1 149 5 is_stmt 1 view .LVU175
 525              		.loc 1 149 20 is_stmt 0 view .LVU176
 526 0030 AB1D     		adds	r3, r5, #6
ARM GAS  /tmp/ccOpOMKr.s 			page 14


 527              		.loc 1 149 8 view .LVU177
 528 0032 8342     		cmp	r3, r0
 529 0034 0CD0     		beq	.L43
 150:bridge_protocol/bridge_proto.c ****     {
 151:bridge_protocol/bridge_proto.c ****         *out_error = BRIDGE_ERR_BAD_LEN;
 530              		.loc 1 151 9 is_stmt 1 view .LVU178
 531              		.loc 1 151 20 is_stmt 0 view .LVU179
 532 0036 0323     		movs	r3, #3
 533 0038 3370     		strb	r3, [r6]
 152:bridge_protocol/bridge_proto.c ****         return false;
 534              		.loc 1 152 9 is_stmt 1 view .LVU180
 535              		.loc 1 152 16 is_stmt 0 view .LVU181
 536 003a 0020     		movs	r0, #0
 537              	.LVL69:
 538              		.loc 1 152 16 view .LVU182
 539 003c 02E0     		b	.L41
 540              	.LVL70:
 541              	.L47:
 134:bridge_protocol/bridge_proto.c ****         return false;
 542              		.loc 1 134 9 is_stmt 1 view .LVU183
 134:bridge_protocol/bridge_proto.c ****         return false;
 543              		.loc 1 134 20 is_stmt 0 view .LVU184
 544 003e 0323     		movs	r3, #3
 545 0040 3370     		strb	r3, [r6]
 135:bridge_protocol/bridge_proto.c ****     }
 546              		.loc 1 135 9 is_stmt 1 view .LVU185
 135:bridge_protocol/bridge_proto.c ****     }
 547              		.loc 1 135 16 is_stmt 0 view .LVU186
 548 0042 0020     		movs	r0, #0
 549              	.LVL71:
 550              	.L41:
 153:bridge_protocol/bridge_proto.c ****     }
 154:bridge_protocol/bridge_proto.c **** 
 155:bridge_protocol/bridge_proto.c ****     rx_crc = (uint16_t)raw[raw_len - 2u] | ((uint16_t)raw[raw_len - 1u] << 8u);
 156:bridge_protocol/bridge_proto.c ****     calc_crc = BridgeProto_CalcCrc16(raw, (uint16_t)(raw_len - 2u));
 157:bridge_protocol/bridge_proto.c ****     if (rx_crc != calc_crc)
 158:bridge_protocol/bridge_proto.c ****     {
 159:bridge_protocol/bridge_proto.c ****         *out_error = BRIDGE_ERR_BAD_CRC;
 160:bridge_protocol/bridge_proto.c ****         return false;
 161:bridge_protocol/bridge_proto.c ****     }
 162:bridge_protocol/bridge_proto.c **** 
 163:bridge_protocol/bridge_proto.c ****     if (out_frame->len > 0u)
 164:bridge_protocol/bridge_proto.c ****     {
 165:bridge_protocol/bridge_proto.c ****         memcpy(out_frame->payload, &raw[4], out_frame->len);
 166:bridge_protocol/bridge_proto.c ****     }
 167:bridge_protocol/bridge_proto.c **** 
 168:bridge_protocol/bridge_proto.c ****     *out_error = BRIDGE_ERR_NONE;
 169:bridge_protocol/bridge_proto.c ****     return true;
 170:bridge_protocol/bridge_proto.c **** }
 551              		.loc 1 170 1 view .LVU187
 552 0044 13B0     		add	sp, sp, #76
 553              	.LCFI6:
 554              		.cfi_remember_state
 555              		.cfi_def_cfa_offset 20
 556              		@ sp needed
 557 0046 F0BD     		pop	{r4, r5, r6, r7, pc}
 558              	.LVL72:
ARM GAS  /tmp/ccOpOMKr.s 			page 15


 559              	.L48:
 560              	.LCFI7:
 561              		.cfi_restore_state
 145:bridge_protocol/bridge_proto.c ****         return false;
 562              		.loc 1 145 9 is_stmt 1 view .LVU188
 145:bridge_protocol/bridge_proto.c ****         return false;
 563              		.loc 1 145 20 is_stmt 0 view .LVU189
 564 0048 0323     		movs	r3, #3
 565 004a 3370     		strb	r3, [r6]
 146:bridge_protocol/bridge_proto.c ****     }
 566              		.loc 1 146 9 is_stmt 1 view .LVU190
 146:bridge_protocol/bridge_proto.c ****     }
 567              		.loc 1 146 16 is_stmt 0 view .LVU191
 568 004c 0020     		movs	r0, #0
 569              	.LVL73:
 146:bridge_protocol/bridge_proto.c ****     }
 570              		.loc 1 146 16 view .LVU192
 571 004e F9E7     		b	.L41
 572              	.LVL74:
 573              	.L43:
 155:bridge_protocol/bridge_proto.c ****     calc_crc = BridgeProto_CalcCrc16(raw, (uint16_t)(raw_len - 2u));
 574              		.loc 1 155 5 is_stmt 1 view .LVU193
 155:bridge_protocol/bridge_proto.c ****     calc_crc = BridgeProto_CalcCrc16(raw, (uint16_t)(raw_len - 2u));
 575              		.loc 1 155 36 is_stmt 0 view .LVU194
 576 0050 811E     		subs	r1, r0, #2
 155:bridge_protocol/bridge_proto.c ****     calc_crc = BridgeProto_CalcCrc16(raw, (uint16_t)(raw_len - 2u));
 577              		.loc 1 155 27 view .LVU195
 578 0052 12AB     		add	r3, sp, #72
 579 0054 0B44     		add	r3, r3, r1
 580 0056 13F8487C 		ldrb	r7, [r3, #-72]	@ zero_extendqisi2
 155:bridge_protocol/bridge_proto.c ****     calc_crc = BridgeProto_CalcCrc16(raw, (uint16_t)(raw_len - 2u));
 581              		.loc 1 155 67 view .LVU196
 582 005a 0138     		subs	r0, r0, #1
 583              	.LVL75:
 155:bridge_protocol/bridge_proto.c ****     calc_crc = BridgeProto_CalcCrc16(raw, (uint16_t)(raw_len - 2u));
 584              		.loc 1 155 58 view .LVU197
 585 005c 12AB     		add	r3, sp, #72
 586 005e 1844     		add	r0, r0, r3
 587 0060 10F8483C 		ldrb	r3, [r0, #-72]	@ zero_extendqisi2
 155:bridge_protocol/bridge_proto.c ****     calc_crc = BridgeProto_CalcCrc16(raw, (uint16_t)(raw_len - 2u));
 588              		.loc 1 155 12 view .LVU198
 589 0064 47EA0327 		orr	r7, r7, r3, lsl #8
 590              	.LVL76:
 156:bridge_protocol/bridge_proto.c ****     if (rx_crc != calc_crc)
 591              		.loc 1 156 5 is_stmt 1 view .LVU199
 156:bridge_protocol/bridge_proto.c ****     if (rx_crc != calc_crc)
 592              		.loc 1 156 16 is_stmt 0 view .LVU200
 593 0068 89B2     		uxth	r1, r1
 594 006a 6846     		mov	r0, sp
 595 006c FFF7FEFF 		bl	BridgeProto_CalcCrc16
 596              	.LVL77:
 157:bridge_protocol/bridge_proto.c ****     {
 597              		.loc 1 157 5 is_stmt 1 view .LVU201
 157:bridge_protocol/bridge_proto.c ****     {
 598              		.loc 1 157 8 is_stmt 0 view .LVU202
 599 0070 8742     		cmp	r7, r0
 600 0072 03D0     		beq	.L44
ARM GAS  /tmp/ccOpOMKr.s 			page 16


 159:bridge_protocol/bridge_proto.c ****         return false;
 601              		.loc 1 159 9 is_stmt 1 view .LVU203
 159:bridge_protocol/bridge_proto.c ****         return false;
 602              		.loc 1 159 20 is_stmt 0 view .LVU204
 603 0074 0223     		movs	r3, #2
 604 0076 3370     		strb	r3, [r6]
 160:bridge_protocol/bridge_proto.c ****     }
 605              		.loc 1 160 9 is_stmt 1 view .LVU205
 160:bridge_protocol/bridge_proto.c ****     }
 606              		.loc 1 160 16 is_stmt 0 view .LVU206
 607 0078 0020     		movs	r0, #0
 608              	.LVL78:
 160:bridge_protocol/bridge_proto.c ****     }
 609              		.loc 1 160 16 view .LVU207
 610 007a E3E7     		b	.L41
 611              	.LVL79:
 612              	.L44:
 163:bridge_protocol/bridge_proto.c ****     {
 613              		.loc 1 163 5 is_stmt 1 view .LVU208
 163:bridge_protocol/bridge_proto.c ****     {
 614              		.loc 1 163 8 is_stmt 0 view .LVU209
 615 007c 1DB9     		cbnz	r5, .L49
 616              	.LVL80:
 617              	.L45:
 168:bridge_protocol/bridge_proto.c ****     return true;
 618              		.loc 1 168 5 is_stmt 1 view .LVU210
 168:bridge_protocol/bridge_proto.c ****     return true;
 619              		.loc 1 168 16 is_stmt 0 view .LVU211
 620 007e 0023     		movs	r3, #0
 621 0080 3370     		strb	r3, [r6]
 169:bridge_protocol/bridge_proto.c **** }
 622              		.loc 1 169 5 is_stmt 1 view .LVU212
 169:bridge_protocol/bridge_proto.c **** }
 623              		.loc 1 169 12 is_stmt 0 view .LVU213
 624 0082 0120     		movs	r0, #1
 625 0084 DEE7     		b	.L41
 626              	.LVL81:
 627              	.L49:
 165:bridge_protocol/bridge_proto.c ****     }
 628              		.loc 1 165 9 is_stmt 1 view .LVU214
 629 0086 2A46     		mov	r2, r5
 630 0088 01A9     		add	r1, sp, #4
 631 008a 201D     		adds	r0, r4, #4
 632              	.LVL82:
 165:bridge_protocol/bridge_proto.c ****     }
 633              		.loc 1 165 9 is_stmt 0 view .LVU215
 634 008c FFF7FEFF 		bl	memcpy
 635              	.LVL83:
 636 0090 F5E7     		b	.L45
 637              		.cfi_endproc
 638              	.LFE69:
 640              		.section	.text.BridgeProto_ParserInit,"ax",%progbits
 641              		.align	1
 642              		.global	BridgeProto_ParserInit
 643              		.syntax unified
 644              		.thumb
 645              		.thumb_func
ARM GAS  /tmp/ccOpOMKr.s 			page 17


 646              		.fpu softvfp
 648              	BridgeProto_ParserInit:
 649              	.LVL84:
 650              	.LFB68:
 119:bridge_protocol/bridge_proto.c ****     parser->len = 0u;
 651              		.loc 1 119 1 is_stmt 1 view -0
 652              		.cfi_startproc
 653              		@ args = 0, pretend = 0, frame = 0
 654              		@ frame_needed = 0, uses_anonymous_args = 0
 655              		@ link register save eliminated.
 120:bridge_protocol/bridge_proto.c ****     parser->in_frame = false;
 656              		.loc 1 120 5 view .LVU217
 120:bridge_protocol/bridge_proto.c ****     parser->in_frame = false;
 657              		.loc 1 120 17 is_stmt 0 view .LVU218
 658 0000 0023     		movs	r3, #0
 659 0002 A0F88030 		strh	r3, [r0, #128]	@ movhi
 121:bridge_protocol/bridge_proto.c **** }
 660              		.loc 1 121 5 is_stmt 1 view .LVU219
 121:bridge_protocol/bridge_proto.c **** }
 661              		.loc 1 121 22 is_stmt 0 view .LVU220
 662 0006 80F88230 		strb	r3, [r0, #130]
 122:bridge_protocol/bridge_proto.c **** 
 663              		.loc 1 122 1 view .LVU221
 664 000a 7047     		bx	lr
 665              		.cfi_endproc
 666              	.LFE68:
 668              		.section	.text.BridgeProto_PushByte,"ax",%progbits
 669              		.align	1
 670              		.global	BridgeProto_PushByte
 671              		.syntax unified
 672              		.thumb
 673              		.thumb_func
 674              		.fpu softvfp
 676              	BridgeProto_PushByte:
 677              	.LVL85:
 678              	.LFB70:
 171:bridge_protocol/bridge_proto.c **** 
 172:bridge_protocol/bridge_proto.c **** bool BridgeProto_PushByte(BridgeProtoParser_t *parser,
 173:bridge_protocol/bridge_proto.c ****                           uint8_t byte,
 174:bridge_protocol/bridge_proto.c ****                           BridgeProtoFrame_t *out_frame,
 175:bridge_protocol/bridge_proto.c ****                           uint8_t *out_error)
 176:bridge_protocol/bridge_proto.c **** {
 679              		.loc 1 176 1 is_stmt 1 view -0
 680              		.cfi_startproc
 681              		@ args = 0, pretend = 0, frame = 0
 682              		@ frame_needed = 0, uses_anonymous_args = 0
 683              		.loc 1 176 1 is_stmt 0 view .LVU223
 684 0000 38B5     		push	{r3, r4, r5, lr}
 685              	.LCFI8:
 686              		.cfi_def_cfa_offset 16
 687              		.cfi_offset 3, -16
 688              		.cfi_offset 4, -12
 689              		.cfi_offset 5, -8
 690              		.cfi_offset 14, -4
 691 0002 0446     		mov	r4, r0
 177:bridge_protocol/bridge_proto.c ****     if (byte == 0x00u)
 692              		.loc 1 177 5 is_stmt 1 view .LVU224
ARM GAS  /tmp/ccOpOMKr.s 			page 18


 693              		.loc 1 177 8 is_stmt 0 view .LVU225
 694 0004 A9B9     		cbnz	r1, .L52
 178:bridge_protocol/bridge_proto.c ****     {
 179:bridge_protocol/bridge_proto.c ****         if (parser->in_frame && parser->len > 0u)
 695              		.loc 1 179 9 is_stmt 1 view .LVU226
 696              		.loc 1 179 19 is_stmt 0 view .LVU227
 697 0006 90F88210 		ldrb	r1, [r0, #130]	@ zero_extendqisi2
 698              	.LVL86:
 699              		.loc 1 179 12 view .LVU228
 700 000a 11B1     		cbz	r1, .L53
 701              		.loc 1 179 39 discriminator 1 view .LVU229
 702 000c B0F88010 		ldrh	r1, [r0, #128]
 703              		.loc 1 179 30 discriminator 1 view .LVU230
 704 0010 31B9     		cbnz	r1, .L57
 705              	.L53:
 180:bridge_protocol/bridge_proto.c ****         {
 181:bridge_protocol/bridge_proto.c ****             bool ok = BridgeProto_DecodeOne(parser->buf, parser->len, out_frame, out_error);
 182:bridge_protocol/bridge_proto.c ****             parser->len = 0u;
 183:bridge_protocol/bridge_proto.c ****             parser->in_frame = true;
 184:bridge_protocol/bridge_proto.c ****             return ok;
 185:bridge_protocol/bridge_proto.c ****         }
 186:bridge_protocol/bridge_proto.c **** 
 187:bridge_protocol/bridge_proto.c ****         parser->len = 0u;
 706              		.loc 1 187 9 is_stmt 1 view .LVU231
 707              		.loc 1 187 21 is_stmt 0 view .LVU232
 708 0012 0020     		movs	r0, #0
 709              	.LVL87:
 710              		.loc 1 187 21 view .LVU233
 711 0014 A4F88000 		strh	r0, [r4, #128]	@ movhi
 188:bridge_protocol/bridge_proto.c ****         parser->in_frame = true;
 712              		.loc 1 188 9 is_stmt 1 view .LVU234
 713              		.loc 1 188 26 is_stmt 0 view .LVU235
 714 0018 0123     		movs	r3, #1
 715              	.LVL88:
 716              		.loc 1 188 26 view .LVU236
 717 001a 84F88230 		strb	r3, [r4, #130]
 189:bridge_protocol/bridge_proto.c ****         return false;
 718              		.loc 1 189 9 is_stmt 1 view .LVU237
 719              	.LVL89:
 720              	.L54:
 190:bridge_protocol/bridge_proto.c ****     }
 191:bridge_protocol/bridge_proto.c **** 
 192:bridge_protocol/bridge_proto.c ****     if (!parser->in_frame)
 193:bridge_protocol/bridge_proto.c ****     {
 194:bridge_protocol/bridge_proto.c ****         return false;
 195:bridge_protocol/bridge_proto.c ****     }
 196:bridge_protocol/bridge_proto.c **** 
 197:bridge_protocol/bridge_proto.c ****     if (parser->len >= sizeof(parser->buf))
 198:bridge_protocol/bridge_proto.c ****     {
 199:bridge_protocol/bridge_proto.c ****         parser->len = 0u;
 200:bridge_protocol/bridge_proto.c ****         parser->in_frame = false;
 201:bridge_protocol/bridge_proto.c ****         *out_error = BRIDGE_ERR_BAD_LEN;
 202:bridge_protocol/bridge_proto.c ****         return false;
 203:bridge_protocol/bridge_proto.c ****     }
 204:bridge_protocol/bridge_proto.c **** 
 205:bridge_protocol/bridge_proto.c ****     parser->buf[parser->len++] = byte;
 206:bridge_protocol/bridge_proto.c ****     return false;
ARM GAS  /tmp/ccOpOMKr.s 			page 19


 207:bridge_protocol/bridge_proto.c **** }
 721              		.loc 1 207 1 is_stmt 0 view .LVU238
 722 001e 38BD     		pop	{r3, r4, r5, pc}
 723              	.LVL90:
 724              	.L57:
 725              	.LBB4:
 181:bridge_protocol/bridge_proto.c ****             parser->len = 0u;
 726              		.loc 1 181 13 is_stmt 1 view .LVU239
 181:bridge_protocol/bridge_proto.c ****             parser->len = 0u;
 727              		.loc 1 181 23 is_stmt 0 view .LVU240
 728 0020 FFF7FEFF 		bl	BridgeProto_DecodeOne
 729              	.LVL91:
 182:bridge_protocol/bridge_proto.c ****             parser->in_frame = true;
 730              		.loc 1 182 13 is_stmt 1 view .LVU241
 182:bridge_protocol/bridge_proto.c ****             parser->in_frame = true;
 731              		.loc 1 182 25 is_stmt 0 view .LVU242
 732 0024 0023     		movs	r3, #0
 733 0026 A4F88030 		strh	r3, [r4, #128]	@ movhi
 183:bridge_protocol/bridge_proto.c ****             return ok;
 734              		.loc 1 183 13 is_stmt 1 view .LVU243
 183:bridge_protocol/bridge_proto.c ****             return ok;
 735              		.loc 1 183 30 is_stmt 0 view .LVU244
 736 002a 0123     		movs	r3, #1
 737 002c 84F88230 		strb	r3, [r4, #130]
 184:bridge_protocol/bridge_proto.c ****         }
 738              		.loc 1 184 13 is_stmt 1 view .LVU245
 184:bridge_protocol/bridge_proto.c ****         }
 739              		.loc 1 184 20 is_stmt 0 view .LVU246
 740 0030 F5E7     		b	.L54
 741              	.LVL92:
 742              	.L52:
 184:bridge_protocol/bridge_proto.c ****         }
 743              		.loc 1 184 20 view .LVU247
 744              	.LBE4:
 192:bridge_protocol/bridge_proto.c ****     {
 745              		.loc 1 192 5 is_stmt 1 view .LVU248
 192:bridge_protocol/bridge_proto.c ****     {
 746              		.loc 1 192 16 is_stmt 0 view .LVU249
 747 0032 90F88200 		ldrb	r0, [r0, #130]	@ zero_extendqisi2
 748              	.LVL93:
 192:bridge_protocol/bridge_proto.c ****     {
 749              		.loc 1 192 8 view .LVU250
 750 0036 0028     		cmp	r0, #0
 751 0038 F1D0     		beq	.L54
 197:bridge_protocol/bridge_proto.c ****     {
 752              		.loc 1 197 5 is_stmt 1 view .LVU251
 197:bridge_protocol/bridge_proto.c ****     {
 753              		.loc 1 197 15 is_stmt 0 view .LVU252
 754 003a B4F88020 		ldrh	r2, [r4, #128]
 755              	.LVL94:
 197:bridge_protocol/bridge_proto.c ****     {
 756              		.loc 1 197 8 view .LVU253
 757 003e 7F2A     		cmp	r2, #127
 758 0040 05D8     		bhi	.L58
 205:bridge_protocol/bridge_proto.c ****     return false;
 759              		.loc 1 205 5 is_stmt 1 view .LVU254
 205:bridge_protocol/bridge_proto.c ****     return false;
ARM GAS  /tmp/ccOpOMKr.s 			page 20


 760              		.loc 1 205 28 is_stmt 0 view .LVU255
 761 0042 531C     		adds	r3, r2, #1
 762              	.LVL95:
 205:bridge_protocol/bridge_proto.c ****     return false;
 763              		.loc 1 205 28 view .LVU256
 764 0044 A4F88030 		strh	r3, [r4, #128]	@ movhi
 205:bridge_protocol/bridge_proto.c ****     return false;
 765              		.loc 1 205 32 view .LVU257
 766 0048 A154     		strb	r1, [r4, r2]
 206:bridge_protocol/bridge_proto.c **** }
 767              		.loc 1 206 5 is_stmt 1 view .LVU258
 206:bridge_protocol/bridge_proto.c **** }
 768              		.loc 1 206 12 is_stmt 0 view .LVU259
 769 004a 0020     		movs	r0, #0
 770 004c E7E7     		b	.L54
 771              	.LVL96:
 772              	.L58:
 199:bridge_protocol/bridge_proto.c ****         parser->in_frame = false;
 773              		.loc 1 199 9 is_stmt 1 view .LVU260
 199:bridge_protocol/bridge_proto.c ****         parser->in_frame = false;
 774              		.loc 1 199 21 is_stmt 0 view .LVU261
 775 004e 0020     		movs	r0, #0
 776 0050 A4F88000 		strh	r0, [r4, #128]	@ movhi
 200:bridge_protocol/bridge_proto.c ****         *out_error = BRIDGE_ERR_BAD_LEN;
 777              		.loc 1 200 9 is_stmt 1 view .LVU262
 200:bridge_protocol/bridge_proto.c ****         *out_error = BRIDGE_ERR_BAD_LEN;
 778              		.loc 1 200 26 is_stmt 0 view .LVU263
 779 0054 84F88200 		strb	r0, [r4, #130]
 201:bridge_protocol/bridge_proto.c ****         return false;
 780              		.loc 1 201 9 is_stmt 1 view .LVU264
 201:bridge_protocol/bridge_proto.c ****         return false;
 781              		.loc 1 201 20 is_stmt 0 view .LVU265
 782 0058 0322     		movs	r2, #3
 783 005a 1A70     		strb	r2, [r3]
 202:bridge_protocol/bridge_proto.c ****     }
 784              		.loc 1 202 9 is_stmt 1 view .LVU266
 202:bridge_protocol/bridge_proto.c ****     }
 785              		.loc 1 202 16 is_stmt 0 view .LVU267
 786 005c DFE7     		b	.L54
 787              		.cfi_endproc
 788              	.LFE70:
 790              		.section	.text.BridgeProto_BuildEncodedFrame,"ax",%progbits
 791              		.align	1
 792              		.global	BridgeProto_BuildEncodedFrame
 793              		.syntax unified
 794              		.thumb
 795              		.thumb_func
 796              		.fpu softvfp
 798              	BridgeProto_BuildEncodedFrame:
 799              	.LVL97:
 800              	.LFB71:
 208:bridge_protocol/bridge_proto.c **** 
 209:bridge_protocol/bridge_proto.c **** uint16_t BridgeProto_BuildEncodedFrame(uint8_t addr,
 210:bridge_protocol/bridge_proto.c ****                                        uint8_t cmd,
 211:bridge_protocol/bridge_proto.c ****                                        uint8_t seq,
 212:bridge_protocol/bridge_proto.c ****                                        const uint8_t *payload,
 213:bridge_protocol/bridge_proto.c ****                                        uint8_t payload_len,
ARM GAS  /tmp/ccOpOMKr.s 			page 21


 214:bridge_protocol/bridge_proto.c ****                                        uint8_t *out_buf,
 215:bridge_protocol/bridge_proto.c ****                                        uint16_t out_buf_size)
 216:bridge_protocol/bridge_proto.c **** {
 801              		.loc 1 216 1 is_stmt 1 view -0
 802              		.cfi_startproc
 803              		@ args = 12, pretend = 0, frame = 72
 804              		@ frame_needed = 0, uses_anonymous_args = 0
 805              		.loc 1 216 1 is_stmt 0 view .LVU269
 806 0000 70B5     		push	{r4, r5, r6, lr}
 807              	.LCFI9:
 808              		.cfi_def_cfa_offset 16
 809              		.cfi_offset 4, -16
 810              		.cfi_offset 5, -12
 811              		.cfi_offset 6, -8
 812              		.cfi_offset 14, -4
 813 0002 92B0     		sub	sp, sp, #72
 814              	.LCFI10:
 815              		.cfi_def_cfa_offset 88
 816 0004 9DF85840 		ldrb	r4, [sp, #88]	@ zero_extendqisi2
 817 0008 BDF86050 		ldrh	r5, [sp, #96]
 217:bridge_protocol/bridge_proto.c ****     uint8_t raw[BRIDGE_MAX_FRAME_RAW_LEN];
 818              		.loc 1 217 5 is_stmt 1 view .LVU270
 218:bridge_protocol/bridge_proto.c ****     uint16_t raw_len;
 819              		.loc 1 218 5 view .LVU271
 219:bridge_protocol/bridge_proto.c ****     uint16_t enc_len;
 820              		.loc 1 219 5 view .LVU272
 220:bridge_protocol/bridge_proto.c ****     uint16_t crc;
 821              		.loc 1 220 5 view .LVU273
 221:bridge_protocol/bridge_proto.c **** 
 222:bridge_protocol/bridge_proto.c ****     if (payload_len > BRIDGE_MAX_PAYLOAD_LEN)
 822              		.loc 1 222 5 view .LVU274
 823              		.loc 1 222 8 is_stmt 0 view .LVU275
 824 000c 402C     		cmp	r4, #64
 825 000e 32D8     		bhi	.L62
 223:bridge_protocol/bridge_proto.c ****     {
 224:bridge_protocol/bridge_proto.c ****         return 0u;
 225:bridge_protocol/bridge_proto.c ****     }
 226:bridge_protocol/bridge_proto.c **** 
 227:bridge_protocol/bridge_proto.c ****     raw[0] = addr;
 826              		.loc 1 227 5 is_stmt 1 view .LVU276
 827              		.loc 1 227 12 is_stmt 0 view .LVU277
 828 0010 8DF80000 		strb	r0, [sp]
 228:bridge_protocol/bridge_proto.c ****     raw[1] = cmd;
 829              		.loc 1 228 5 is_stmt 1 view .LVU278
 830              		.loc 1 228 12 is_stmt 0 view .LVU279
 831 0014 8DF80110 		strb	r1, [sp, #1]
 229:bridge_protocol/bridge_proto.c ****     raw[2] = seq;
 832              		.loc 1 229 5 is_stmt 1 view .LVU280
 833              		.loc 1 229 12 is_stmt 0 view .LVU281
 834 0018 8DF80220 		strb	r2, [sp, #2]
 230:bridge_protocol/bridge_proto.c ****     raw[3] = payload_len;
 835              		.loc 1 230 5 is_stmt 1 view .LVU282
 836              		.loc 1 230 12 is_stmt 0 view .LVU283
 837 001c 8DF80340 		strb	r4, [sp, #3]
 231:bridge_protocol/bridge_proto.c **** 
 232:bridge_protocol/bridge_proto.c ****     if ((payload_len > 0u) && (payload != NULL))
 838              		.loc 1 232 5 is_stmt 1 view .LVU284
ARM GAS  /tmp/ccOpOMKr.s 			page 22


 839              		.loc 1 232 8 is_stmt 0 view .LVU285
 840 0020 2CB1     		cbz	r4, .L61
 841              		.loc 1 232 28 discriminator 1 view .LVU286
 842 0022 23B1     		cbz	r3, .L61
 233:bridge_protocol/bridge_proto.c ****     {
 234:bridge_protocol/bridge_proto.c ****         memcpy(&raw[4], payload, payload_len);
 843              		.loc 1 234 9 is_stmt 1 view .LVU287
 844 0024 2246     		mov	r2, r4
 845              	.LVL98:
 846              		.loc 1 234 9 is_stmt 0 view .LVU288
 847 0026 1946     		mov	r1, r3
 848              	.LVL99:
 849              		.loc 1 234 9 view .LVU289
 850 0028 01A8     		add	r0, sp, #4
 851              	.LVL100:
 852              		.loc 1 234 9 view .LVU290
 853 002a FFF7FEFF 		bl	memcpy
 854              	.LVL101:
 855              	.L61:
 235:bridge_protocol/bridge_proto.c ****     }
 236:bridge_protocol/bridge_proto.c **** 
 237:bridge_protocol/bridge_proto.c ****     raw_len = (uint16_t)(4u + payload_len);
 856              		.loc 1 237 5 is_stmt 1 view .LVU291
 857              		.loc 1 237 15 is_stmt 0 view .LVU292
 858 002e A6B2     		uxth	r6, r4
 859              		.loc 1 237 13 view .LVU293
 860 0030 0434     		adds	r4, r4, #4
 861              	.LVL102:
 238:bridge_protocol/bridge_proto.c ****     crc = BridgeProto_CalcCrc16(raw, raw_len);
 862              		.loc 1 238 5 is_stmt 1 view .LVU294
 863              		.loc 1 238 11 is_stmt 0 view .LVU295
 864 0032 2146     		mov	r1, r4
 865 0034 6846     		mov	r0, sp
 866 0036 FFF7FEFF 		bl	BridgeProto_CalcCrc16
 867              	.LVL103:
 239:bridge_protocol/bridge_proto.c ****     raw[raw_len++] = (uint8_t)(crc & 0xFFu);
 868              		.loc 1 239 5 is_stmt 1 view .LVU296
 869              		.loc 1 239 16 is_stmt 0 view .LVU297
 870 003a 731D     		adds	r3, r6, #5
 871              	.LVL104:
 872              		.loc 1 239 20 view .LVU298
 873 003c 12AA     		add	r2, sp, #72
 874 003e 1444     		add	r4, r4, r2
 875 0040 04F8480C 		strb	r0, [r4, #-72]
 240:bridge_protocol/bridge_proto.c ****     raw[raw_len++] = (uint8_t)((crc >> 8u) & 0xFFu);
 876              		.loc 1 240 5 is_stmt 1 view .LVU299
 877              		.loc 1 240 16 is_stmt 0 view .LVU300
 878 0044 B11D     		adds	r1, r6, #6
 879              	.LVL105:
 880              		.loc 1 240 22 view .LVU301
 881 0046 C0F30720 		ubfx	r0, r0, #8, #8
 882              	.LVL106:
 883              		.loc 1 240 20 view .LVU302
 884 004a 1344     		add	r3, r3, r2
 885 004c 03F8480C 		strb	r0, [r3, #-72]
 241:bridge_protocol/bridge_proto.c **** 
 242:bridge_protocol/bridge_proto.c ****     if (out_buf_size < 2u)
ARM GAS  /tmp/ccOpOMKr.s 			page 23


 886              		.loc 1 242 5 is_stmt 1 view .LVU303
 887              		.loc 1 242 8 is_stmt 0 view .LVU304
 888 0050 012D     		cmp	r5, #1
 889 0052 13D9     		bls	.L63
 243:bridge_protocol/bridge_proto.c ****     {
 244:bridge_protocol/bridge_proto.c ****         return 0u;
 245:bridge_protocol/bridge_proto.c ****     }
 246:bridge_protocol/bridge_proto.c **** 
 247:bridge_protocol/bridge_proto.c ****     out_buf[0] = 0x00u;
 890              		.loc 1 247 5 is_stmt 1 view .LVU305
 891              		.loc 1 247 16 is_stmt 0 view .LVU306
 892 0054 179A     		ldr	r2, [sp, #92]
 893 0056 0023     		movs	r3, #0
 894 0058 02F8013B 		strb	r3, [r2], #1
 248:bridge_protocol/bridge_proto.c ****     enc_len = BridgeProto_CobsEncode(raw, raw_len, &out_buf[1], (uint16_t)(out_buf_size - 2u));
 895              		.loc 1 248 5 is_stmt 1 view .LVU307
 896              		.loc 1 248 15 is_stmt 0 view .LVU308
 897 005c AB1E     		subs	r3, r5, #2
 898 005e 9BB2     		uxth	r3, r3
 899 0060 6846     		mov	r0, sp
 900 0062 FFF7FEFF 		bl	BridgeProto_CobsEncode
 901              	.LVL107:
 249:bridge_protocol/bridge_proto.c ****     if (enc_len == 0u)
 902              		.loc 1 249 5 is_stmt 1 view .LVU309
 903              		.loc 1 249 8 is_stmt 0 view .LVU310
 904 0066 38B1     		cbz	r0, .L60
 250:bridge_protocol/bridge_proto.c ****     {
 251:bridge_protocol/bridge_proto.c ****         return 0u;
 252:bridge_protocol/bridge_proto.c ****     }
 253:bridge_protocol/bridge_proto.c **** 
 254:bridge_protocol/bridge_proto.c ****     out_buf[1u + enc_len] = 0x00u;
 905              		.loc 1 254 5 is_stmt 1 view .LVU311
 906              		.loc 1 254 16 is_stmt 0 view .LVU312
 907 0068 431C     		adds	r3, r0, #1
 908              		.loc 1 254 27 view .LVU313
 909 006a 0022     		movs	r2, #0
 910 006c 1799     		ldr	r1, [sp, #92]
 911 006e CA54     		strb	r2, [r1, r3]
 255:bridge_protocol/bridge_proto.c ****     return (uint16_t)(enc_len + 2u);
 912              		.loc 1 255 5 is_stmt 1 view .LVU314
 913              		.loc 1 255 12 is_stmt 0 view .LVU315
 914 0070 0230     		adds	r0, r0, #2
 915              	.LVL108:
 916              		.loc 1 255 12 view .LVU316
 917 0072 80B2     		uxth	r0, r0
 918 0074 00E0     		b	.L60
 919              	.LVL109:
 920              	.L62:
 224:bridge_protocol/bridge_proto.c ****     }
 921              		.loc 1 224 16 view .LVU317
 922 0076 0020     		movs	r0, #0
 923              	.LVL110:
 924              	.L60:
 256:bridge_protocol/bridge_proto.c **** }
 925              		.loc 1 256 1 view .LVU318
 926 0078 12B0     		add	sp, sp, #72
 927              	.LCFI11:
ARM GAS  /tmp/ccOpOMKr.s 			page 24


 928              		.cfi_remember_state
 929              		.cfi_def_cfa_offset 16
 930              		@ sp needed
 931 007a 70BD     		pop	{r4, r5, r6, pc}
 932              	.LVL111:
 933              	.L63:
 934              	.LCFI12:
 935              		.cfi_restore_state
 244:bridge_protocol/bridge_proto.c ****     }
 936              		.loc 1 244 16 view .LVU319
 937 007c 0020     		movs	r0, #0
 938 007e FBE7     		b	.L60
 939              		.cfi_endproc
 940              	.LFE71:
 942              		.text
 943              	.Letext0:
 944              		.file 2 "/opt/gcc-arm-none-eabi-9-2020-q2-update/arm-none-eabi/include/machine/_default_types.h"
 945              		.file 3 "/opt/gcc-arm-none-eabi-9-2020-q2-update/arm-none-eabi/include/sys/_stdint.h"
 946              		.file 4 "Drivers/CMSIS/Include/core_cm3.h"
 947              		.file 5 "Drivers/CMSIS/Device/ST/STM32F1xx/Include/system_stm32f1xx.h"
 948              		.file 6 "Drivers/STM32F1xx_HAL_Driver/Inc/stm32f1xx_hal.h"
 949              		.file 7 "bridge_protocol/bridge_proto.h"
 950              		.file 8 "/opt/gcc-arm-none-eabi-9-2020-q2-update/lib/gcc/arm-none-eabi/9.3.1/include/stddef.h"
 951              		.file 9 "/opt/gcc-arm-none-eabi-9-2020-q2-update/arm-none-eabi/include/sys/_types.h"
 952              		.file 10 "/opt/gcc-arm-none-eabi-9-2020-q2-update/arm-none-eabi/include/sys/reent.h"
 953              		.file 11 "/opt/gcc-arm-none-eabi-9-2020-q2-update/arm-none-eabi/include/sys/lock.h"
 954              		.file 12 "<built-in>"
ARM GAS  /tmp/ccOpOMKr.s 			page 25


DEFINED SYMBOLS
                            *ABS*:0000000000000000 bridge_proto.c
     /tmp/ccOpOMKr.s:16     .text.BridgeProto_CobsEncode:0000000000000000 $t
     /tmp/ccOpOMKr.s:23     .text.BridgeProto_CobsEncode:0000000000000000 BridgeProto_CobsEncode
     /tmp/ccOpOMKr.s:197    .text.BridgeProto_CobsDecode:0000000000000000 $t
     /tmp/ccOpOMKr.s:203    .text.BridgeProto_CobsDecode:0000000000000000 BridgeProto_CobsDecode
     /tmp/ccOpOMKr.s:352    .text.BridgeProto_CalcCrc16:0000000000000000 $t
     /tmp/ccOpOMKr.s:359    .text.BridgeProto_CalcCrc16:0000000000000000 BridgeProto_CalcCrc16
     /tmp/ccOpOMKr.s:455    .text.BridgeProto_DecodeOne:0000000000000000 $t
     /tmp/ccOpOMKr.s:461    .text.BridgeProto_DecodeOne:0000000000000000 BridgeProto_DecodeOne
     /tmp/ccOpOMKr.s:641    .text.BridgeProto_ParserInit:0000000000000000 $t
     /tmp/ccOpOMKr.s:648    .text.BridgeProto_ParserInit:0000000000000000 BridgeProto_ParserInit
     /tmp/ccOpOMKr.s:669    .text.BridgeProto_PushByte:0000000000000000 $t
     /tmp/ccOpOMKr.s:676    .text.BridgeProto_PushByte:0000000000000000 BridgeProto_PushByte
     /tmp/ccOpOMKr.s:791    .text.BridgeProto_BuildEncodedFrame:0000000000000000 $t
     /tmp/ccOpOMKr.s:798    .text.BridgeProto_BuildEncodedFrame:0000000000000000 BridgeProto_BuildEncodedFrame

UNDEFINED SYMBOLS
memcpy
