ARM GAS  /tmp/ccQgFdyE.s 			page 1


   1              		.cpu cortex-m3
   2              		.eabi_attribute 20, 1
   3              		.eabi_attribute 21, 1
   4              		.eabi_attribute 23, 3
   5              		.eabi_attribute 24, 1
   6              		.eabi_attribute 25, 1
   7              		.eabi_attribute 26, 1
   8              		.eabi_attribute 30, 1
   9              		.eabi_attribute 34, 1
  10              		.eabi_attribute 18, 4
  11              		.file	"bridge_app.c"
  12              		.text
  13              	.Ltext0:
  14              		.cfi_sections	.debug_frame
  15              		.section	.text.BridgeTxQueue_Init,"ax",%progbits
  16              		.align	1
  17              		.arch armv7-m
  18              		.syntax unified
  19              		.thumb
  20              		.thumb_func
  21              		.fpu softvfp
  23              	BridgeTxQueue_Init:
  24              	.LVL0:
  25              	.LFB65:
  26              		.file 1 "bridge_protocol/bridge_app.c"
   1:bridge_protocol/bridge_app.c **** #include "bridge_app.h"
   2:bridge_protocol/bridge_app.c **** #include "bridge_proto_cfg.h"
   3:bridge_protocol/bridge_app.c **** #include "rs485_port.h"
   4:bridge_protocol/bridge_app.c **** #include "bridge_user_hooks.h"
   5:bridge_protocol/bridge_app.c **** #include <string.h>
   6:bridge_protocol/bridge_app.c **** #include "SEGGER_RTT.h"
   7:bridge_protocol/bridge_app.c **** #include "bridge_proto.h"
   8:bridge_protocol/bridge_app.c **** typedef struct
   9:bridge_protocol/bridge_app.c **** {
  10:bridge_protocol/bridge_app.c ****     uint8_t len;
  11:bridge_protocol/bridge_app.c ****     uint8_t data[BRIDGE_MAX_PAYLOAD_LEN];
  12:bridge_protocol/bridge_app.c **** } BridgePacket_t;
  13:bridge_protocol/bridge_app.c **** 
  14:bridge_protocol/bridge_app.c **** typedef struct
  15:bridge_protocol/bridge_app.c **** {
  16:bridge_protocol/bridge_app.c ****     BridgePacket_t items[BRIDGE_ACOUSTIC_TX_QUEUE_DEPTH];
  17:bridge_protocol/bridge_app.c ****     uint8_t head;
  18:bridge_protocol/bridge_app.c ****     uint8_t tail;
  19:bridge_protocol/bridge_app.c ****     uint8_t count;
  20:bridge_protocol/bridge_app.c **** } BridgeTxQueue_t;
  21:bridge_protocol/bridge_app.c **** 
  22:bridge_protocol/bridge_app.c **** typedef struct
  23:bridge_protocol/bridge_app.c **** {
  24:bridge_protocol/bridge_app.c ****     BridgePacket_t items[BRIDGE_ACOUSTIC_RX_QUEUE_DEPTH];
  25:bridge_protocol/bridge_app.c ****     uint8_t head;
  26:bridge_protocol/bridge_app.c ****     uint8_t tail;
  27:bridge_protocol/bridge_app.c ****     uint8_t count;
  28:bridge_protocol/bridge_app.c **** } BridgeRxQueue_t;
  29:bridge_protocol/bridge_app.c **** 
  30:bridge_protocol/bridge_app.c **** typedef struct
  31:bridge_protocol/bridge_app.c **** {
  32:bridge_protocol/bridge_app.c ****     BridgeProtoParser_t parser;
ARM GAS  /tmp/ccQgFdyE.s 			page 2


  33:bridge_protocol/bridge_app.c ****     BridgeProtoFrame_t frame;
  34:bridge_protocol/bridge_app.c ****     uint8_t parse_error;
  35:bridge_protocol/bridge_app.c **** 
  36:bridge_protocol/bridge_app.c ****     BridgeTxQueue_t txq;
  37:bridge_protocol/bridge_app.c ****     BridgeRxQueue_t rxq;
  38:bridge_protocol/bridge_app.c **** 
  39:bridge_protocol/bridge_app.c ****     uint8_t local_addr;
  40:bridge_protocol/bridge_app.c ****     bool acoustic_tx_active;
  41:bridge_protocol/bridge_app.c ****     uint32_t acoustic_tx_start_ms;
  42:bridge_protocol/bridge_app.c **** } BridgeContext_t;
  43:bridge_protocol/bridge_app.c **** 
  44:bridge_protocol/bridge_app.c **** static BridgeContext_t s_bridge;
  45:bridge_protocol/bridge_app.c **** static uint8_t s_tx_frame_buf[BRIDGE_MAX_FRAME_ENCODED_LEN];
  46:bridge_protocol/bridge_app.c **** 
  47:bridge_protocol/bridge_app.c **** static void BridgeTxQueue_Init(BridgeTxQueue_t *q)
  48:bridge_protocol/bridge_app.c **** {
  27              		.loc 1 48 1 view -0
  28              		.cfi_startproc
  29              		@ args = 0, pretend = 0, frame = 0
  30              		@ frame_needed = 0, uses_anonymous_args = 0
  31              		@ link register save eliminated.
  49:bridge_protocol/bridge_app.c ****     q->head = 0u;
  32              		.loc 1 49 5 view .LVU1
  33              		.loc 1 49 13 is_stmt 0 view .LVU2
  34 0000 0023     		movs	r3, #0
  35 0002 80F80832 		strb	r3, [r0, #520]
  50:bridge_protocol/bridge_app.c ****     q->tail = 0u;
  36              		.loc 1 50 5 is_stmt 1 view .LVU3
  37              		.loc 1 50 13 is_stmt 0 view .LVU4
  38 0006 80F80932 		strb	r3, [r0, #521]
  51:bridge_protocol/bridge_app.c ****     q->count = 0u;
  39              		.loc 1 51 5 is_stmt 1 view .LVU5
  40              		.loc 1 51 14 is_stmt 0 view .LVU6
  41 000a 80F80A32 		strb	r3, [r0, #522]
  52:bridge_protocol/bridge_app.c **** }
  42              		.loc 1 52 1 view .LVU7
  43 000e 7047     		bx	lr
  44              		.cfi_endproc
  45              	.LFE65:
  47              		.section	.text.BridgeTxQueue_Peek,"ax",%progbits
  48              		.align	1
  49              		.syntax unified
  50              		.thumb
  51              		.thumb_func
  52              		.fpu softvfp
  54              	BridgeTxQueue_Peek:
  55              	.LVL1:
  56              	.LFB67:
  53:bridge_protocol/bridge_app.c **** 
  54:bridge_protocol/bridge_app.c **** static bool BridgeTxQueue_Push(BridgeTxQueue_t *q, const uint8_t *data, uint8_t len)
  55:bridge_protocol/bridge_app.c **** {
  56:bridge_protocol/bridge_app.c ****     BridgePacket_t *pkt;
  57:bridge_protocol/bridge_app.c **** 
  58:bridge_protocol/bridge_app.c ****     if ((len > BRIDGE_MAX_PAYLOAD_LEN) || (q->count >= BRIDGE_ACOUSTIC_TX_QUEUE_DEPTH))
  59:bridge_protocol/bridge_app.c ****     {
  60:bridge_protocol/bridge_app.c ****         return false;
  61:bridge_protocol/bridge_app.c ****     }
ARM GAS  /tmp/ccQgFdyE.s 			page 3


  62:bridge_protocol/bridge_app.c ****  
  63:bridge_protocol/bridge_app.c ****     pkt = &q->items[q->head];
  64:bridge_protocol/bridge_app.c ****     pkt->len = len;
  65:bridge_protocol/bridge_app.c ****     if ((len > 0u) && (data != NULL))
  66:bridge_protocol/bridge_app.c ****     {
  67:bridge_protocol/bridge_app.c ****         memcpy(pkt->data, data, len);
  68:bridge_protocol/bridge_app.c ****     }
  69:bridge_protocol/bridge_app.c **** 
  70:bridge_protocol/bridge_app.c ****     q->head = (uint8_t)((q->head + 1u) % BRIDGE_ACOUSTIC_TX_QUEUE_DEPTH);
  71:bridge_protocol/bridge_app.c ****     q->count++;
  72:bridge_protocol/bridge_app.c ****     return true;
  73:bridge_protocol/bridge_app.c **** }
  74:bridge_protocol/bridge_app.c **** 
  75:bridge_protocol/bridge_app.c **** static bool BridgeTxQueue_Peek(BridgeTxQueue_t *q, BridgePacket_t **pkt)
  76:bridge_protocol/bridge_app.c **** {
  57              		.loc 1 76 1 is_stmt 1 view -0
  58              		.cfi_startproc
  59              		@ args = 0, pretend = 0, frame = 0
  60              		@ frame_needed = 0, uses_anonymous_args = 0
  61              		@ link register save eliminated.
  77:bridge_protocol/bridge_app.c ****     if (q->count == 0u)
  62              		.loc 1 77 5 view .LVU9
  63              		.loc 1 77 10 is_stmt 0 view .LVU10
  64 0000 90F80A32 		ldrb	r3, [r0, #522]	@ zero_extendqisi2
  65              		.loc 1 77 8 view .LVU11
  66 0004 3BB1     		cbz	r3, .L4
  78:bridge_protocol/bridge_app.c ****     {
  79:bridge_protocol/bridge_app.c ****         return false;
  80:bridge_protocol/bridge_app.c ****     }
  81:bridge_protocol/bridge_app.c ****     *pkt = &q->items[q->tail];
  67              		.loc 1 81 5 is_stmt 1 view .LVU12
  68              		.loc 1 81 23 is_stmt 0 view .LVU13
  69 0006 90F80932 		ldrb	r3, [r0, #521]	@ zero_extendqisi2
  70              		.loc 1 81 12 view .LVU14
  71 000a 03EB8313 		add	r3, r3, r3, lsl #6
  72 000e 1844     		add	r0, r0, r3
  73              	.LVL2:
  74              		.loc 1 81 10 view .LVU15
  75 0010 0860     		str	r0, [r1]
  82:bridge_protocol/bridge_app.c ****     return true;
  76              		.loc 1 82 5 is_stmt 1 view .LVU16
  77              		.loc 1 82 12 is_stmt 0 view .LVU17
  78 0012 0120     		movs	r0, #1
  79 0014 7047     		bx	lr
  80              	.LVL3:
  81              	.L4:
  79:bridge_protocol/bridge_app.c ****     }
  82              		.loc 1 79 16 view .LVU18
  83 0016 0020     		movs	r0, #0
  84              	.LVL4:
  83:bridge_protocol/bridge_app.c **** }
  85              		.loc 1 83 1 view .LVU19
  86 0018 7047     		bx	lr
  87              		.cfi_endproc
  88              	.LFE67:
  90              		.section	.text.BridgeTxQueue_Pop,"ax",%progbits
  91              		.align	1
ARM GAS  /tmp/ccQgFdyE.s 			page 4


  92              		.syntax unified
  93              		.thumb
  94              		.thumb_func
  95              		.fpu softvfp
  97              	BridgeTxQueue_Pop:
  98              	.LVL5:
  99              	.LFB68:
  84:bridge_protocol/bridge_app.c **** 
  85:bridge_protocol/bridge_app.c **** static bool BridgeTxQueue_Pop(BridgeTxQueue_t *q)
  86:bridge_protocol/bridge_app.c **** {
 100              		.loc 1 86 1 is_stmt 1 view -0
 101              		.cfi_startproc
 102              		@ args = 0, pretend = 0, frame = 0
 103              		@ frame_needed = 0, uses_anonymous_args = 0
 104              		@ link register save eliminated.
  87:bridge_protocol/bridge_app.c ****     if (q->count == 0u)
 105              		.loc 1 87 5 view .LVU21
 106              		.loc 1 87 10 is_stmt 0 view .LVU22
 107 0000 90F80A32 		ldrb	r3, [r0, #522]	@ zero_extendqisi2
 108              		.loc 1 87 8 view .LVU23
 109 0004 5BB1     		cbz	r3, .L7
  88:bridge_protocol/bridge_app.c ****     {
  89:bridge_protocol/bridge_app.c ****         return false;
  90:bridge_protocol/bridge_app.c ****     }
  91:bridge_protocol/bridge_app.c ****     q->tail = (uint8_t)((q->tail + 1u) % BRIDGE_ACOUSTIC_TX_QUEUE_DEPTH);
 110              		.loc 1 91 5 is_stmt 1 view .LVU24
 111              		.loc 1 91 27 is_stmt 0 view .LVU25
 112 0006 90F80922 		ldrb	r2, [r0, #521]	@ zero_extendqisi2
 113              		.loc 1 91 15 view .LVU26
 114 000a 0132     		adds	r2, r2, #1
 115 000c 02F00702 		and	r2, r2, #7
 116              		.loc 1 91 13 view .LVU27
 117 0010 80F80922 		strb	r2, [r0, #521]
  92:bridge_protocol/bridge_app.c ****     q->count--;
 118              		.loc 1 92 5 is_stmt 1 view .LVU28
 119              		.loc 1 92 13 is_stmt 0 view .LVU29
 120 0014 013B     		subs	r3, r3, #1
 121 0016 80F80A32 		strb	r3, [r0, #522]
  93:bridge_protocol/bridge_app.c ****     return true;
 122              		.loc 1 93 5 is_stmt 1 view .LVU30
 123              		.loc 1 93 12 is_stmt 0 view .LVU31
 124 001a 0120     		movs	r0, #1
 125              	.LVL6:
 126              		.loc 1 93 12 view .LVU32
 127 001c 7047     		bx	lr
 128              	.LVL7:
 129              	.L7:
  89:bridge_protocol/bridge_app.c ****     }
 130              		.loc 1 89 16 view .LVU33
 131 001e 0020     		movs	r0, #0
 132              	.LVL8:
  94:bridge_protocol/bridge_app.c **** }
 133              		.loc 1 94 1 view .LVU34
 134 0020 7047     		bx	lr
 135              		.cfi_endproc
 136              	.LFE68:
 138              		.section	.text.BridgeRxQueue_Init,"ax",%progbits
ARM GAS  /tmp/ccQgFdyE.s 			page 5


 139              		.align	1
 140              		.syntax unified
 141              		.thumb
 142              		.thumb_func
 143              		.fpu softvfp
 145              	BridgeRxQueue_Init:
 146              	.LVL9:
 147              	.LFB69:
  95:bridge_protocol/bridge_app.c **** 
  96:bridge_protocol/bridge_app.c **** static void BridgeRxQueue_Init(BridgeRxQueue_t *q)
  97:bridge_protocol/bridge_app.c **** {
 148              		.loc 1 97 1 is_stmt 1 view -0
 149              		.cfi_startproc
 150              		@ args = 0, pretend = 0, frame = 0
 151              		@ frame_needed = 0, uses_anonymous_args = 0
 152              		@ link register save eliminated.
  98:bridge_protocol/bridge_app.c ****     q->head = 0u;
 153              		.loc 1 98 5 view .LVU36
 154              		.loc 1 98 13 is_stmt 0 view .LVU37
 155 0000 0023     		movs	r3, #0
 156 0002 80F80832 		strb	r3, [r0, #520]
  99:bridge_protocol/bridge_app.c ****     q->tail = 0u;
 157              		.loc 1 99 5 is_stmt 1 view .LVU38
 158              		.loc 1 99 13 is_stmt 0 view .LVU39
 159 0006 80F80932 		strb	r3, [r0, #521]
 100:bridge_protocol/bridge_app.c ****     q->count = 0u;
 160              		.loc 1 100 5 is_stmt 1 view .LVU40
 161              		.loc 1 100 14 is_stmt 0 view .LVU41
 162 000a 80F80A32 		strb	r3, [r0, #522]
 101:bridge_protocol/bridge_app.c **** }
 163              		.loc 1 101 1 view .LVU42
 164 000e 7047     		bx	lr
 165              		.cfi_endproc
 166              	.LFE69:
 168              		.section	.text.BridgeRxQueue_Pop,"ax",%progbits
 169              		.align	1
 170              		.syntax unified
 171              		.thumb
 172              		.thumb_func
 173              		.fpu softvfp
 175              	BridgeRxQueue_Pop:
 176              	.LVL10:
 177              	.LFB71:
 102:bridge_protocol/bridge_app.c **** 
 103:bridge_protocol/bridge_app.c **** static bool BridgeRxQueue_Push(BridgeRxQueue_t *q, const uint8_t *data, uint8_t len)
 104:bridge_protocol/bridge_app.c **** {
 105:bridge_protocol/bridge_app.c ****     BridgePacket_t *pkt;
 106:bridge_protocol/bridge_app.c **** 
 107:bridge_protocol/bridge_app.c ****     if ((len > BRIDGE_MAX_PAYLOAD_LEN) || (q->count >= BRIDGE_ACOUSTIC_RX_QUEUE_DEPTH))
 108:bridge_protocol/bridge_app.c ****     {
 109:bridge_protocol/bridge_app.c ****         return false;
 110:bridge_protocol/bridge_app.c ****     }
 111:bridge_protocol/bridge_app.c **** 
 112:bridge_protocol/bridge_app.c ****     pkt = &q->items[q->head];
 113:bridge_protocol/bridge_app.c ****     pkt->len = len;
 114:bridge_protocol/bridge_app.c ****     if ((len > 0u) && (data != NULL))
 115:bridge_protocol/bridge_app.c ****     {
ARM GAS  /tmp/ccQgFdyE.s 			page 6


 116:bridge_protocol/bridge_app.c ****         memcpy(pkt->data, data, len);
 117:bridge_protocol/bridge_app.c ****     }
 118:bridge_protocol/bridge_app.c **** 
 119:bridge_protocol/bridge_app.c ****     q->head = (uint8_t)((q->head + 1u) % BRIDGE_ACOUSTIC_RX_QUEUE_DEPTH);
 120:bridge_protocol/bridge_app.c ****     q->count++;
 121:bridge_protocol/bridge_app.c ****     return true;
 122:bridge_protocol/bridge_app.c **** }
 123:bridge_protocol/bridge_app.c **** 
 124:bridge_protocol/bridge_app.c **** static bool BridgeRxQueue_Pop(BridgeRxQueue_t *q, BridgePacket_t *pkt)
 125:bridge_protocol/bridge_app.c **** {
 178              		.loc 1 125 1 is_stmt 1 view -0
 179              		.cfi_startproc
 180              		@ args = 0, pretend = 0, frame = 0
 181              		@ frame_needed = 0, uses_anonymous_args = 0
 182              		.loc 1 125 1 is_stmt 0 view .LVU44
 183 0000 10B5     		push	{r4, lr}
 184              	.LCFI0:
 185              		.cfi_def_cfa_offset 8
 186              		.cfi_offset 4, -8
 187              		.cfi_offset 14, -4
 188 0002 0446     		mov	r4, r0
 126:bridge_protocol/bridge_app.c ****     if (q->count == 0u)
 189              		.loc 1 126 5 is_stmt 1 view .LVU45
 190              		.loc 1 126 10 is_stmt 0 view .LVU46
 191 0004 90F80A32 		ldrb	r3, [r0, #522]	@ zero_extendqisi2
 192              		.loc 1 126 8 view .LVU47
 193 0008 B3B1     		cbz	r3, .L11
 194 000a 0846     		mov	r0, r1
 195              	.LVL11:
 127:bridge_protocol/bridge_app.c ****     {
 128:bridge_protocol/bridge_app.c ****         return false;
 129:bridge_protocol/bridge_app.c ****     }
 130:bridge_protocol/bridge_app.c **** 
 131:bridge_protocol/bridge_app.c ****     *pkt = q->items[q->tail];
 196              		.loc 1 131 5 is_stmt 1 view .LVU48
 197              		.loc 1 131 22 is_stmt 0 view .LVU49
 198 000c 94F80912 		ldrb	r1, [r4, #521]	@ zero_extendqisi2
 199              	.LVL12:
 200              		.loc 1 131 10 view .LVU50
 201 0010 01EB8111 		add	r1, r1, r1, lsl #6
 202 0014 4122     		movs	r2, #65
 203 0016 2144     		add	r1, r1, r4
 204 0018 FFF7FEFF 		bl	memcpy
 205              	.LVL13:
 132:bridge_protocol/bridge_app.c ****     q->tail = (uint8_t)((q->tail + 1u) % BRIDGE_ACOUSTIC_RX_QUEUE_DEPTH);
 206              		.loc 1 132 5 is_stmt 1 view .LVU51
 207              		.loc 1 132 27 is_stmt 0 view .LVU52
 208 001c 94F80932 		ldrb	r3, [r4, #521]	@ zero_extendqisi2
 209              		.loc 1 132 15 view .LVU53
 210 0020 0133     		adds	r3, r3, #1
 211 0022 03F00703 		and	r3, r3, #7
 212              		.loc 1 132 13 view .LVU54
 213 0026 84F80932 		strb	r3, [r4, #521]
 133:bridge_protocol/bridge_app.c ****     q->count--;
 214              		.loc 1 133 5 is_stmt 1 view .LVU55
 215              		.loc 1 133 6 is_stmt 0 view .LVU56
 216 002a 94F80A32 		ldrb	r3, [r4, #522]	@ zero_extendqisi2
ARM GAS  /tmp/ccQgFdyE.s 			page 7


 217              		.loc 1 133 13 view .LVU57
 218 002e 013B     		subs	r3, r3, #1
 219 0030 84F80A32 		strb	r3, [r4, #522]
 134:bridge_protocol/bridge_app.c ****     return true;
 220              		.loc 1 134 5 is_stmt 1 view .LVU58
 221              		.loc 1 134 12 is_stmt 0 view .LVU59
 222 0034 0120     		movs	r0, #1
 223              	.L10:
 135:bridge_protocol/bridge_app.c **** }
 224              		.loc 1 135 1 view .LVU60
 225 0036 10BD     		pop	{r4, pc}
 226              	.LVL14:
 227              	.L11:
 128:bridge_protocol/bridge_app.c ****     }
 228              		.loc 1 128 16 view .LVU61
 229 0038 0020     		movs	r0, #0
 230              	.LVL15:
 128:bridge_protocol/bridge_app.c ****     }
 231              		.loc 1 128 16 view .LVU62
 232 003a FCE7     		b	.L10
 233              		.cfi_endproc
 234              	.LFE71:
 236              		.section	.text.BridgeTxQueue_Push,"ax",%progbits
 237              		.align	1
 238              		.syntax unified
 239              		.thumb
 240              		.thumb_func
 241              		.fpu softvfp
 243              	BridgeTxQueue_Push:
 244              	.LVL16:
 245              	.LFB66:
  55:bridge_protocol/bridge_app.c ****     BridgePacket_t *pkt;
 246              		.loc 1 55 1 is_stmt 1 view -0
 247              		.cfi_startproc
 248              		@ args = 0, pretend = 0, frame = 0
 249              		@ frame_needed = 0, uses_anonymous_args = 0
  56:bridge_protocol/bridge_app.c **** 
 250              		.loc 1 56 5 view .LVU64
  58:bridge_protocol/bridge_app.c ****     {
 251              		.loc 1 58 5 view .LVU65
  58:bridge_protocol/bridge_app.c ****     {
 252              		.loc 1 58 8 is_stmt 0 view .LVU66
 253 0000 402A     		cmp	r2, #64
 254 0002 1FD8     		bhi	.L16
  55:bridge_protocol/bridge_app.c ****     BridgePacket_t *pkt;
 255              		.loc 1 55 1 discriminator 1 view .LVU67
 256 0004 10B5     		push	{r4, lr}
 257              	.LCFI1:
 258              		.cfi_def_cfa_offset 8
 259              		.cfi_offset 4, -8
 260              		.cfi_offset 14, -4
 261 0006 0446     		mov	r4, r0
  58:bridge_protocol/bridge_app.c ****     {
 262              		.loc 1 58 45 discriminator 1 view .LVU68
 263 0008 90F80A32 		ldrb	r3, [r0, #522]	@ zero_extendqisi2
  58:bridge_protocol/bridge_app.c ****     {
 264              		.loc 1 58 40 discriminator 1 view .LVU69
ARM GAS  /tmp/ccQgFdyE.s 			page 8


 265 000c 072B     		cmp	r3, #7
 266 000e 1BD8     		bhi	.L17
  63:bridge_protocol/bridge_app.c ****     pkt->len = len;
 267              		.loc 1 63 5 is_stmt 1 view .LVU70
  63:bridge_protocol/bridge_app.c ****     pkt->len = len;
 268              		.loc 1 63 22 is_stmt 0 view .LVU71
 269 0010 90F80802 		ldrb	r0, [r0, #520]	@ zero_extendqisi2
 270              	.LVL17:
  64:bridge_protocol/bridge_app.c ****     if ((len > 0u) && (data != NULL))
 271              		.loc 1 64 5 is_stmt 1 view .LVU72
  64:bridge_protocol/bridge_app.c ****     if ((len > 0u) && (data != NULL))
 272              		.loc 1 64 14 is_stmt 0 view .LVU73
 273 0014 00EB8013 		add	r3, r0, r0, lsl #6
 274 0018 E254     		strb	r2, [r4, r3]
  65:bridge_protocol/bridge_app.c ****     {
 275              		.loc 1 65 5 is_stmt 1 view .LVU74
  65:bridge_protocol/bridge_app.c ****     {
 276              		.loc 1 65 8 is_stmt 0 view .LVU75
 277 001a 2AB1     		cbz	r2, .L15
  65:bridge_protocol/bridge_app.c ****     {
 278              		.loc 1 65 20 discriminator 1 view .LVU76
 279 001c 21B1     		cbz	r1, .L15
  67:bridge_protocol/bridge_app.c ****     }
 280              		.loc 1 67 9 is_stmt 1 view .LVU77
  67:bridge_protocol/bridge_app.c ****     }
 281              		.loc 1 67 19 is_stmt 0 view .LVU78
 282 001e 1846     		mov	r0, r3
 283              	.LVL18:
  67:bridge_protocol/bridge_app.c ****     }
 284              		.loc 1 67 19 view .LVU79
 285 0020 2044     		add	r0, r0, r4
  67:bridge_protocol/bridge_app.c ****     }
 286              		.loc 1 67 9 view .LVU80
 287 0022 0130     		adds	r0, r0, #1
 288 0024 FFF7FEFF 		bl	memcpy
 289              	.LVL19:
 290              	.L15:
  70:bridge_protocol/bridge_app.c ****     q->count++;
 291              		.loc 1 70 5 is_stmt 1 view .LVU81
  70:bridge_protocol/bridge_app.c ****     q->count++;
 292              		.loc 1 70 27 is_stmt 0 view .LVU82
 293 0028 94F80832 		ldrb	r3, [r4, #520]	@ zero_extendqisi2
  70:bridge_protocol/bridge_app.c ****     q->count++;
 294              		.loc 1 70 15 view .LVU83
 295 002c 0133     		adds	r3, r3, #1
 296 002e 03F00703 		and	r3, r3, #7
  70:bridge_protocol/bridge_app.c ****     q->count++;
 297              		.loc 1 70 13 view .LVU84
 298 0032 84F80832 		strb	r3, [r4, #520]
  71:bridge_protocol/bridge_app.c ****     return true;
 299              		.loc 1 71 5 is_stmt 1 view .LVU85
  71:bridge_protocol/bridge_app.c ****     return true;
 300              		.loc 1 71 6 is_stmt 0 view .LVU86
 301 0036 94F80A32 		ldrb	r3, [r4, #522]	@ zero_extendqisi2
  71:bridge_protocol/bridge_app.c ****     return true;
 302              		.loc 1 71 13 view .LVU87
 303 003a 0133     		adds	r3, r3, #1
ARM GAS  /tmp/ccQgFdyE.s 			page 9


 304 003c 84F80A32 		strb	r3, [r4, #522]
  72:bridge_protocol/bridge_app.c **** }
 305              		.loc 1 72 5 is_stmt 1 view .LVU88
  72:bridge_protocol/bridge_app.c **** }
 306              		.loc 1 72 12 is_stmt 0 view .LVU89
 307 0040 0120     		movs	r0, #1
 308              	.L14:
  73:bridge_protocol/bridge_app.c **** 
 309              		.loc 1 73 1 view .LVU90
 310 0042 10BD     		pop	{r4, pc}
 311              	.LVL20:
 312              	.L16:
 313              	.LCFI2:
 314              		.cfi_def_cfa_offset 0
 315              		.cfi_restore 4
 316              		.cfi_restore 14
  60:bridge_protocol/bridge_app.c ****     }
 317              		.loc 1 60 16 view .LVU91
 318 0044 0020     		movs	r0, #0
 319              	.LVL21:
  73:bridge_protocol/bridge_app.c **** 
 320              		.loc 1 73 1 view .LVU92
 321 0046 7047     		bx	lr
 322              	.LVL22:
 323              	.L17:
 324              	.LCFI3:
 325              		.cfi_def_cfa_offset 8
 326              		.cfi_offset 4, -8
 327              		.cfi_offset 14, -4
  60:bridge_protocol/bridge_app.c ****     }
 328              		.loc 1 60 16 view .LVU93
 329 0048 0020     		movs	r0, #0
 330              	.LVL23:
  60:bridge_protocol/bridge_app.c ****     }
 331              		.loc 1 60 16 view .LVU94
 332 004a FAE7     		b	.L14
 333              		.cfi_endproc
 334              	.LFE66:
 336              		.section	.text.BridgeRxQueue_Push,"ax",%progbits
 337              		.align	1
 338              		.syntax unified
 339              		.thumb
 340              		.thumb_func
 341              		.fpu softvfp
 343              	BridgeRxQueue_Push:
 344              	.LVL24:
 345              	.LFB70:
 104:bridge_protocol/bridge_app.c ****     BridgePacket_t *pkt;
 346              		.loc 1 104 1 is_stmt 1 view -0
 347              		.cfi_startproc
 348              		@ args = 0, pretend = 0, frame = 0
 349              		@ frame_needed = 0, uses_anonymous_args = 0
 105:bridge_protocol/bridge_app.c **** 
 350              		.loc 1 105 5 view .LVU96
 107:bridge_protocol/bridge_app.c ****     {
 351              		.loc 1 107 5 view .LVU97
 107:bridge_protocol/bridge_app.c ****     {
ARM GAS  /tmp/ccQgFdyE.s 			page 10


 352              		.loc 1 107 8 is_stmt 0 view .LVU98
 353 0000 402A     		cmp	r2, #64
 354 0002 1FD8     		bhi	.L25
 104:bridge_protocol/bridge_app.c ****     BridgePacket_t *pkt;
 355              		.loc 1 104 1 discriminator 1 view .LVU99
 356 0004 10B5     		push	{r4, lr}
 357              	.LCFI4:
 358              		.cfi_def_cfa_offset 8
 359              		.cfi_offset 4, -8
 360              		.cfi_offset 14, -4
 361 0006 0446     		mov	r4, r0
 107:bridge_protocol/bridge_app.c ****     {
 362              		.loc 1 107 45 discriminator 1 view .LVU100
 363 0008 90F80A32 		ldrb	r3, [r0, #522]	@ zero_extendqisi2
 107:bridge_protocol/bridge_app.c ****     {
 364              		.loc 1 107 40 discriminator 1 view .LVU101
 365 000c 072B     		cmp	r3, #7
 366 000e 1BD8     		bhi	.L26
 112:bridge_protocol/bridge_app.c ****     pkt->len = len;
 367              		.loc 1 112 5 is_stmt 1 view .LVU102
 112:bridge_protocol/bridge_app.c ****     pkt->len = len;
 368              		.loc 1 112 22 is_stmt 0 view .LVU103
 369 0010 90F80802 		ldrb	r0, [r0, #520]	@ zero_extendqisi2
 370              	.LVL25:
 113:bridge_protocol/bridge_app.c ****     if ((len > 0u) && (data != NULL))
 371              		.loc 1 113 5 is_stmt 1 view .LVU104
 113:bridge_protocol/bridge_app.c ****     if ((len > 0u) && (data != NULL))
 372              		.loc 1 113 14 is_stmt 0 view .LVU105
 373 0014 00EB8013 		add	r3, r0, r0, lsl #6
 374 0018 E254     		strb	r2, [r4, r3]
 114:bridge_protocol/bridge_app.c ****     {
 375              		.loc 1 114 5 is_stmt 1 view .LVU106
 114:bridge_protocol/bridge_app.c ****     {
 376              		.loc 1 114 8 is_stmt 0 view .LVU107
 377 001a 2AB1     		cbz	r2, .L24
 114:bridge_protocol/bridge_app.c ****     {
 378              		.loc 1 114 20 discriminator 1 view .LVU108
 379 001c 21B1     		cbz	r1, .L24
 116:bridge_protocol/bridge_app.c ****     }
 380              		.loc 1 116 9 is_stmt 1 view .LVU109
 116:bridge_protocol/bridge_app.c ****     }
 381              		.loc 1 116 19 is_stmt 0 view .LVU110
 382 001e 1846     		mov	r0, r3
 383              	.LVL26:
 116:bridge_protocol/bridge_app.c ****     }
 384              		.loc 1 116 19 view .LVU111
 385 0020 2044     		add	r0, r0, r4
 116:bridge_protocol/bridge_app.c ****     }
 386              		.loc 1 116 9 view .LVU112
 387 0022 0130     		adds	r0, r0, #1
 388 0024 FFF7FEFF 		bl	memcpy
 389              	.LVL27:
 390              	.L24:
 119:bridge_protocol/bridge_app.c ****     q->count++;
 391              		.loc 1 119 5 is_stmt 1 view .LVU113
 119:bridge_protocol/bridge_app.c ****     q->count++;
 392              		.loc 1 119 27 is_stmt 0 view .LVU114
ARM GAS  /tmp/ccQgFdyE.s 			page 11


 393 0028 94F80832 		ldrb	r3, [r4, #520]	@ zero_extendqisi2
 119:bridge_protocol/bridge_app.c ****     q->count++;
 394              		.loc 1 119 15 view .LVU115
 395 002c 0133     		adds	r3, r3, #1
 396 002e 03F00703 		and	r3, r3, #7
 119:bridge_protocol/bridge_app.c ****     q->count++;
 397              		.loc 1 119 13 view .LVU116
 398 0032 84F80832 		strb	r3, [r4, #520]
 120:bridge_protocol/bridge_app.c ****     return true;
 399              		.loc 1 120 5 is_stmt 1 view .LVU117
 120:bridge_protocol/bridge_app.c ****     return true;
 400              		.loc 1 120 6 is_stmt 0 view .LVU118
 401 0036 94F80A32 		ldrb	r3, [r4, #522]	@ zero_extendqisi2
 120:bridge_protocol/bridge_app.c ****     return true;
 402              		.loc 1 120 13 view .LVU119
 403 003a 0133     		adds	r3, r3, #1
 404 003c 84F80A32 		strb	r3, [r4, #522]
 121:bridge_protocol/bridge_app.c **** }
 405              		.loc 1 121 5 is_stmt 1 view .LVU120
 121:bridge_protocol/bridge_app.c **** }
 406              		.loc 1 121 12 is_stmt 0 view .LVU121
 407 0040 0120     		movs	r0, #1
 408              	.L23:
 122:bridge_protocol/bridge_app.c **** 
 409              		.loc 1 122 1 view .LVU122
 410 0042 10BD     		pop	{r4, pc}
 411              	.LVL28:
 412              	.L25:
 413              	.LCFI5:
 414              		.cfi_def_cfa_offset 0
 415              		.cfi_restore 4
 416              		.cfi_restore 14
 109:bridge_protocol/bridge_app.c ****     }
 417              		.loc 1 109 16 view .LVU123
 418 0044 0020     		movs	r0, #0
 419              	.LVL29:
 122:bridge_protocol/bridge_app.c **** 
 420              		.loc 1 122 1 view .LVU124
 421 0046 7047     		bx	lr
 422              	.LVL30:
 423              	.L26:
 424              	.LCFI6:
 425              		.cfi_def_cfa_offset 8
 426              		.cfi_offset 4, -8
 427              		.cfi_offset 14, -4
 109:bridge_protocol/bridge_app.c ****     }
 428              		.loc 1 109 16 view .LVU125
 429 0048 0020     		movs	r0, #0
 430              	.LVL31:
 109:bridge_protocol/bridge_app.c ****     }
 431              		.loc 1 109 16 view .LVU126
 432 004a FAE7     		b	.L23
 433              		.cfi_endproc
 434              	.LFE70:
 436              		.section	.text.Bridge_SendResponse,"ax",%progbits
 437              		.align	1
 438              		.syntax unified
ARM GAS  /tmp/ccQgFdyE.s 			page 12


 439              		.thumb
 440              		.thumb_func
 441              		.fpu softvfp
 443              	Bridge_SendResponse:
 444              	.LVL32:
 445              	.LFB72:
 136:bridge_protocol/bridge_app.c **** 
 137:bridge_protocol/bridge_app.c **** static void Bridge_SendResponse(uint8_t dst_addr, uint8_t cmd, uint8_t seq, const uint8_t *payload,
 138:bridge_protocol/bridge_app.c **** {
 446              		.loc 1 138 1 is_stmt 1 view -0
 447              		.cfi_startproc
 448              		@ args = 4, pretend = 0, frame = 0
 449              		@ frame_needed = 0, uses_anonymous_args = 0
 450              		.loc 1 138 1 is_stmt 0 view .LVU128
 451 0000 10B5     		push	{r4, lr}
 452              	.LCFI7:
 453              		.cfi_def_cfa_offset 8
 454              		.cfi_offset 4, -8
 455              		.cfi_offset 14, -4
 456 0002 84B0     		sub	sp, sp, #16
 457              	.LCFI8:
 458              		.cfi_def_cfa_offset 24
 139:bridge_protocol/bridge_app.c ****     uint16_t send_len;
 459              		.loc 1 139 5 is_stmt 1 view .LVU129
 140:bridge_protocol/bridge_app.c **** 
 141:bridge_protocol/bridge_app.c ****     send_len = BridgeProto_BuildEncodedFrame(dst_addr, cmd, seq, payload, len, s_tx_frame_buf, size
 460              		.loc 1 141 5 view .LVU130
 461              		.loc 1 141 16 is_stmt 0 view .LVU131
 462 0004 4B24     		movs	r4, #75
 463 0006 0294     		str	r4, [sp, #8]
 464 0008 074C     		ldr	r4, .L35
 465 000a 0194     		str	r4, [sp, #4]
 466 000c 9DF81840 		ldrb	r4, [sp, #24]	@ zero_extendqisi2
 467 0010 0094     		str	r4, [sp]
 468 0012 FFF7FEFF 		bl	BridgeProto_BuildEncodedFrame
 469              	.LVL33:
 142:bridge_protocol/bridge_app.c ****     if (send_len > 0u)
 470              		.loc 1 142 5 is_stmt 1 view .LVU132
 471              		.loc 1 142 8 is_stmt 0 view .LVU133
 472 0016 08B9     		cbnz	r0, .L34
 473              	.LVL34:
 474              	.L31:
 143:bridge_protocol/bridge_app.c ****     {
 144:bridge_protocol/bridge_app.c ****         (void)RS485_Port_SendBytes(s_tx_frame_buf, send_len);
 145:bridge_protocol/bridge_app.c ****     }
 146:bridge_protocol/bridge_app.c **** }
 475              		.loc 1 146 1 view .LVU134
 476 0018 04B0     		add	sp, sp, #16
 477              	.LCFI9:
 478              		.cfi_remember_state
 479              		.cfi_def_cfa_offset 8
 480              		@ sp needed
 481 001a 10BD     		pop	{r4, pc}
 482              	.LVL35:
 483              	.L34:
 484              	.LCFI10:
 485              		.cfi_restore_state
ARM GAS  /tmp/ccQgFdyE.s 			page 13


 486              		.loc 1 146 1 view .LVU135
 487 001c 0146     		mov	r1, r0
 144:bridge_protocol/bridge_app.c ****     }
 488              		.loc 1 144 9 is_stmt 1 view .LVU136
 144:bridge_protocol/bridge_app.c ****     }
 489              		.loc 1 144 15 is_stmt 0 view .LVU137
 490 001e 0248     		ldr	r0, .L35
 491              	.LVL36:
 144:bridge_protocol/bridge_app.c ****     }
 492              		.loc 1 144 15 view .LVU138
 493 0020 FFF7FEFF 		bl	RS485_Port_SendBytes
 494              	.LVL37:
 495              		.loc 1 146 1 view .LVU139
 496 0024 F8E7     		b	.L31
 497              	.L36:
 498 0026 00BF     		.align	2
 499              	.L35:
 500 0028 00000000 		.word	.LANCHOR0
 501              		.cfi_endproc
 502              	.LFE72:
 504              		.section	.text.Bridge_SendSimpleStatus,"ax",%progbits
 505              		.align	1
 506              		.syntax unified
 507              		.thumb
 508              		.thumb_func
 509              		.fpu softvfp
 511              	Bridge_SendSimpleStatus:
 512              	.LVL38:
 513              	.LFB73:
 147:bridge_protocol/bridge_app.c **** 
 148:bridge_protocol/bridge_app.c **** static void Bridge_SendSimpleStatus(uint8_t dst_addr, uint8_t rsp_cmd, uint8_t seq, uint8_t code)
 149:bridge_protocol/bridge_app.c **** {
 514              		.loc 1 149 1 is_stmt 1 view -0
 515              		.cfi_startproc
 516              		@ args = 0, pretend = 0, frame = 8
 517              		@ frame_needed = 0, uses_anonymous_args = 0
 518              		.loc 1 149 1 is_stmt 0 view .LVU141
 519 0000 10B5     		push	{r4, lr}
 520              	.LCFI11:
 521              		.cfi_def_cfa_offset 8
 522              		.cfi_offset 4, -8
 523              		.cfi_offset 14, -4
 524 0002 84B0     		sub	sp, sp, #16
 525              	.LCFI12:
 526              		.cfi_def_cfa_offset 24
 150:bridge_protocol/bridge_app.c ****     uint8_t payload[4];
 527              		.loc 1 150 5 is_stmt 1 view .LVU142
 151:bridge_protocol/bridge_app.c ****     uint8_t len = 1u;
 528              		.loc 1 151 5 view .LVU143
 529              	.LVL39:
 152:bridge_protocol/bridge_app.c **** 
 153:bridge_protocol/bridge_app.c ****     payload[0] = code;
 530              		.loc 1 153 5 view .LVU144
 531              		.loc 1 153 16 is_stmt 0 view .LVU145
 532 0004 8DF80C30 		strb	r3, [sp, #12]
 154:bridge_protocol/bridge_app.c **** 
 155:bridge_protocol/bridge_app.c **** #if BRIDGE_ENABLE_VERBOSE_STATUS
ARM GAS  /tmp/ccQgFdyE.s 			page 14


 156:bridge_protocol/bridge_app.c ****     payload[1] = s_bridge.txq.count;
 533              		.loc 1 156 5 is_stmt 1 view .LVU146
 534              		.loc 1 156 30 is_stmt 0 view .LVU147
 535 0008 0B4B     		ldr	r3, .L41
 536              	.LVL40:
 537              		.loc 1 156 30 view .LVU148
 538 000a 93F8D342 		ldrb	r4, [r3, #723]	@ zero_extendqisi2
 539              		.loc 1 156 16 view .LVU149
 540 000e 8DF80D40 		strb	r4, [sp, #13]
 157:bridge_protocol/bridge_app.c ****     payload[2] = s_bridge.rxq.count;
 541              		.loc 1 157 5 is_stmt 1 view .LVU150
 542              		.loc 1 157 30 is_stmt 0 view .LVU151
 543 0012 93F8DE44 		ldrb	r4, [r3, #1246]	@ zero_extendqisi2
 544              		.loc 1 157 16 view .LVU152
 545 0016 8DF80E40 		strb	r4, [sp, #14]
 158:bridge_protocol/bridge_app.c ****     payload[3] = (uint8_t)(s_bridge.acoustic_tx_active ? 1u : 0u);
 546              		.loc 1 158 5 is_stmt 1 view .LVU153
 547              		.loc 1 158 36 is_stmt 0 view .LVU154
 548 001a 93F8E034 		ldrb	r3, [r3, #1248]	@ zero_extendqisi2
 549              		.loc 1 158 18 view .LVU155
 550 001e 4BB1     		cbz	r3, .L39
 551 0020 0123     		movs	r3, #1
 552              	.L38:
 553              		.loc 1 158 16 discriminator 4 view .LVU156
 554 0022 8DF80F30 		strb	r3, [sp, #15]
 159:bridge_protocol/bridge_app.c ****     len = 4u;
 555              		.loc 1 159 5 is_stmt 1 discriminator 4 view .LVU157
 556              	.LVL41:
 160:bridge_protocol/bridge_app.c **** #endif
 161:bridge_protocol/bridge_app.c **** 
 162:bridge_protocol/bridge_app.c ****     Bridge_SendResponse(dst_addr, rsp_cmd, seq, payload, len);
 557              		.loc 1 162 5 discriminator 4 view .LVU158
 558 0026 0423     		movs	r3, #4
 559 0028 0093     		str	r3, [sp]
 560 002a 03AB     		add	r3, sp, #12
 561              	.LVL42:
 562              		.loc 1 162 5 is_stmt 0 discriminator 4 view .LVU159
 563 002c FFF7FEFF 		bl	Bridge_SendResponse
 564              	.LVL43:
 163:bridge_protocol/bridge_app.c **** }
 565              		.loc 1 163 1 discriminator 4 view .LVU160
 566 0030 04B0     		add	sp, sp, #16
 567              	.LCFI13:
 568              		.cfi_remember_state
 569              		.cfi_def_cfa_offset 8
 570              		@ sp needed
 571 0032 10BD     		pop	{r4, pc}
 572              	.LVL44:
 573              	.L39:
 574              	.LCFI14:
 575              		.cfi_restore_state
 158:bridge_protocol/bridge_app.c ****     len = 4u;
 576              		.loc 1 158 18 view .LVU161
 577 0034 0023     		movs	r3, #0
 578 0036 F4E7     		b	.L38
 579              	.L42:
 580              		.align	2
ARM GAS  /tmp/ccQgFdyE.s 			page 15


 581              	.L41:
 582 0038 00000000 		.word	.LANCHOR1
 583              		.cfi_endproc
 584              	.LFE73:
 586              		.section	.text.Bridge_HandleFrame,"ax",%progbits
 587              		.align	1
 588              		.syntax unified
 589              		.thumb
 590              		.thumb_func
 591              		.fpu softvfp
 593              	Bridge_HandleFrame:
 594              	.LVL45:
 595              	.LFB74:
 164:bridge_protocol/bridge_app.c **** 
 165:bridge_protocol/bridge_app.c **** static void Bridge_HandleFrame(const BridgeProtoFrame_t *frame)
 166:bridge_protocol/bridge_app.c **** {
 596              		.loc 1 166 1 is_stmt 1 view -0
 597              		.cfi_startproc
 598              		@ args = 0, pretend = 0, frame = 136
 599              		@ frame_needed = 0, uses_anonymous_args = 0
 600              		.loc 1 166 1 is_stmt 0 view .LVU163
 601 0000 30B5     		push	{r4, r5, lr}
 602              	.LCFI15:
 603              		.cfi_def_cfa_offset 12
 604              		.cfi_offset 4, -12
 605              		.cfi_offset 5, -8
 606              		.cfi_offset 14, -4
 607 0002 A5B0     		sub	sp, sp, #148
 608              	.LCFI16:
 609              		.cfi_def_cfa_offset 160
 610 0004 0446     		mov	r4, r0
 167:bridge_protocol/bridge_app.c ****     uint8_t rsp[BRIDGE_MAX_PAYLOAD_LEN];
 611              		.loc 1 167 5 is_stmt 1 view .LVU164
 168:bridge_protocol/bridge_app.c ****     uint8_t rsp_len = 0u;
 612              		.loc 1 168 5 view .LVU165
 613              		.loc 1 168 13 is_stmt 0 view .LVU166
 614 0006 0023     		movs	r3, #0
 615 0008 8DF84F30 		strb	r3, [sp, #79]
 169:bridge_protocol/bridge_app.c ****     BridgePacket_t rx_pkt;
 616              		.loc 1 169 5 is_stmt 1 view .LVU167
 170:bridge_protocol/bridge_app.c ****     bool need_reply;
 617              		.loc 1 170 5 view .LVU168
 171:bridge_protocol/bridge_app.c **** 
 172:bridge_protocol/bridge_app.c ****     BridgeHook_OnValid485Frame(frame->cmd, frame->seq, frame->len);
 618              		.loc 1 172 5 view .LVU169
 619 000c C278     		ldrb	r2, [r0, #3]	@ zero_extendqisi2
 620 000e 8178     		ldrb	r1, [r0, #2]	@ zero_extendqisi2
 621 0010 4078     		ldrb	r0, [r0, #1]	@ zero_extendqisi2
 622              	.LVL46:
 623              		.loc 1 172 5 is_stmt 0 view .LVU170
 624 0012 FFF7FEFF 		bl	BridgeHook_OnValid485Frame
 625              	.LVL47:
 173:bridge_protocol/bridge_app.c **** 
 174:bridge_protocol/bridge_app.c ****     if ((frame->addr != s_bridge.local_addr) && (frame->addr != 0xFFu))
 626              		.loc 1 174 5 is_stmt 1 view .LVU171
 627              		.loc 1 174 15 is_stmt 0 view .LVU172
 628 0016 2578     		ldrb	r5, [r4]	@ zero_extendqisi2
ARM GAS  /tmp/ccQgFdyE.s 			page 16


 629              		.loc 1 174 33 view .LVU173
 630 0018 554B     		ldr	r3, .L64
 631 001a 93F8DF34 		ldrb	r3, [r3, #1247]	@ zero_extendqisi2
 632              		.loc 1 174 8 view .LVU174
 633 001e 9D42     		cmp	r5, r3
 634 0020 01D0     		beq	.L44
 635              		.loc 1 174 46 discriminator 1 view .LVU175
 636 0022 FF2D     		cmp	r5, #255
 637 0024 0BD1     		bne	.L43
 638              	.L44:
 175:bridge_protocol/bridge_app.c ****     {
 176:bridge_protocol/bridge_app.c ****         return;
 177:bridge_protocol/bridge_app.c ****     }
 178:bridge_protocol/bridge_app.c **** 
 179:bridge_protocol/bridge_app.c ****     /* 0xFF 作为广播地址时，只执行动作，不回包，避免485多机冲突 */
 180:bridge_protocol/bridge_app.c ****     need_reply = (frame->addr != 0xFFu);
 639              		.loc 1 180 5 is_stmt 1 view .LVU176
 640              	.LVL48:
 181:bridge_protocol/bridge_app.c **** 
 182:bridge_protocol/bridge_app.c ****     switch (frame->cmd)
 641              		.loc 1 182 5 view .LVU177
 642              		.loc 1 182 18 is_stmt 0 view .LVU178
 643 0026 6378     		ldrb	r3, [r4, #1]	@ zero_extendqisi2
 644 0028 013B     		subs	r3, r3, #1
 645 002a 042B     		cmp	r3, #4
 646 002c 00F29680 		bhi	.L46
 647 0030 DFE803F0 		tbb	[pc, r3]
 648              	.L48:
 649 0034 0E       		.byte	(.L52-.L48)/2
 650 0035 26       		.byte	(.L51-.L48)/2
 651 0036 4F       		.byte	(.L50-.L48)/2
 652 0037 6A       		.byte	(.L49-.L48)/2
 653 0038 03       		.byte	(.L47-.L48)/2
 654 0039 00       		.p2align 1
 655              	.L47:
 183:bridge_protocol/bridge_app.c ****     {
 184:bridge_protocol/bridge_app.c ****         case BRIDGE_CMD_PING:
 185:bridge_protocol/bridge_app.c ****             if (need_reply)
 656              		.loc 1 185 13 is_stmt 1 view .LVU179
 657              		.loc 1 185 16 is_stmt 0 view .LVU180
 658 003a FF2D     		cmp	r5, #255
 659 003c 01D1     		bne	.L63
 660              	.LVL49:
 661              	.L43:
 186:bridge_protocol/bridge_app.c ****             {
 187:bridge_protocol/bridge_app.c ****                 Bridge_SendSimpleStatus(frame->addr, BRIDGE_RSP_PONG, frame->seq, BRIDGE_ERR_NONE);
 188:bridge_protocol/bridge_app.c ****             }
 189:bridge_protocol/bridge_app.c ****             break;
 190:bridge_protocol/bridge_app.c **** 
 191:bridge_protocol/bridge_app.c ****         case BRIDGE_CMD_SEND_ACOUSTIC:
 192:bridge_protocol/bridge_app.c ****             if (BridgeTxQueue_Push(&s_bridge.txq, frame->payload, frame->len))
 193:bridge_protocol/bridge_app.c ****             {
 194:bridge_protocol/bridge_app.c ****                 if (need_reply)
 195:bridge_protocol/bridge_app.c ****                 {
 196:bridge_protocol/bridge_app.c ****                     Bridge_SendSimpleStatus(frame->addr, BRIDGE_RSP_ACK, frame->seq, BRIDGE_ERR_NON
 197:bridge_protocol/bridge_app.c ****                 }
 198:bridge_protocol/bridge_app.c ****             }
ARM GAS  /tmp/ccQgFdyE.s 			page 17


 199:bridge_protocol/bridge_app.c ****             else
 200:bridge_protocol/bridge_app.c ****             {
 201:bridge_protocol/bridge_app.c ****                 if (need_reply)
 202:bridge_protocol/bridge_app.c ****                 {
 203:bridge_protocol/bridge_app.c ****                     Bridge_SendSimpleStatus(frame->addr, BRIDGE_RSP_BUSY, frame->seq, BRIDGE_ERR_QU
 204:bridge_protocol/bridge_app.c ****                 }
 205:bridge_protocol/bridge_app.c ****             }
 206:bridge_protocol/bridge_app.c ****             break;
 207:bridge_protocol/bridge_app.c **** 
 208:bridge_protocol/bridge_app.c ****         case BRIDGE_CMD_GET_STATUS:
 209:bridge_protocol/bridge_app.c ****             rsp[0] = BRIDGE_ERR_NONE;
 210:bridge_protocol/bridge_app.c ****             rsp[1] = s_bridge.txq.count;
 211:bridge_protocol/bridge_app.c ****             rsp[2] = s_bridge.rxq.count;
 212:bridge_protocol/bridge_app.c ****             rsp[3] = (uint8_t)(s_bridge.acoustic_tx_active ? 1u : 0u);
 213:bridge_protocol/bridge_app.c ****             rsp[4] = (uint8_t)(BridgeHook_AcousticIsTxIdle() ? 1u : 0u);
 214:bridge_protocol/bridge_app.c ****             rsp_len = 5u;
 215:bridge_protocol/bridge_app.c ****             if (need_reply)
 216:bridge_protocol/bridge_app.c ****             {
 217:bridge_protocol/bridge_app.c ****                 Bridge_SendResponse(frame->addr, BRIDGE_RSP_STATUS, frame->seq, rsp, rsp_len);
 218:bridge_protocol/bridge_app.c ****             }
 219:bridge_protocol/bridge_app.c ****             break;
 220:bridge_protocol/bridge_app.c **** 
 221:bridge_protocol/bridge_app.c ****         case BRIDGE_CMD_FETCH_RX:
 222:bridge_protocol/bridge_app.c ****             if (BridgeRxQueue_Pop(&s_bridge.rxq, &rx_pkt))
 223:bridge_protocol/bridge_app.c ****             {
 224:bridge_protocol/bridge_app.c ****                 if (need_reply)
 225:bridge_protocol/bridge_app.c ****                 {
 226:bridge_protocol/bridge_app.c ****                     Bridge_SendResponse(frame->addr, BRIDGE_RSP_RX_DATA, frame->seq, rx_pkt.data, r
 227:bridge_protocol/bridge_app.c ****                 }
 228:bridge_protocol/bridge_app.c ****             }
 229:bridge_protocol/bridge_app.c ****             else
 230:bridge_protocol/bridge_app.c ****             {
 231:bridge_protocol/bridge_app.c ****                 if (need_reply)
 232:bridge_protocol/bridge_app.c ****                 {
 233:bridge_protocol/bridge_app.c ****                     Bridge_SendSimpleStatus(frame->addr, BRIDGE_RSP_NACK, frame->seq, BRIDGE_ERR_EM
 234:bridge_protocol/bridge_app.c ****                 }
 235:bridge_protocol/bridge_app.c ****             }
 236:bridge_protocol/bridge_app.c ****             break;
 237:bridge_protocol/bridge_app.c **** 
 238:bridge_protocol/bridge_app.c ****         case BRIDGE_CMD_SET_PARAM:
 239:bridge_protocol/bridge_app.c ****         {
 240:bridge_protocol/bridge_app.c ****             uint8_t status = BRIDGE_RSP_NACK;
 241:bridge_protocol/bridge_app.c ****             BridgeHook_HandleSetParam(frame->payload, frame->len, rsp, &rsp_len, &status);
 242:bridge_protocol/bridge_app.c ****             if ((status != BRIDGE_RSP_ACK) && (status != BRIDGE_RSP_NACK) && (status != BRIDGE_RSP_
 243:bridge_protocol/bridge_app.c ****             {
 244:bridge_protocol/bridge_app.c ****                 status = BRIDGE_RSP_NACK;
 245:bridge_protocol/bridge_app.c ****                 rsp[0] = BRIDGE_ERR_PARAM;
 246:bridge_protocol/bridge_app.c ****                 rsp_len = 1u;
 247:bridge_protocol/bridge_app.c ****             }
 248:bridge_protocol/bridge_app.c ****             if (need_reply)
 249:bridge_protocol/bridge_app.c ****             {
 250:bridge_protocol/bridge_app.c ****                 Bridge_SendResponse(frame->addr, status, frame->seq, rsp, rsp_len);
 251:bridge_protocol/bridge_app.c ****             }
 252:bridge_protocol/bridge_app.c ****             break;
 253:bridge_protocol/bridge_app.c ****         }
 254:bridge_protocol/bridge_app.c **** 
 255:bridge_protocol/bridge_app.c ****         default:
ARM GAS  /tmp/ccQgFdyE.s 			page 18


 256:bridge_protocol/bridge_app.c ****             if (need_reply)
 257:bridge_protocol/bridge_app.c ****             {
 258:bridge_protocol/bridge_app.c ****                 Bridge_SendSimpleStatus(frame->addr, BRIDGE_RSP_NACK, frame->seq, BRIDGE_ERR_BAD_CM
 259:bridge_protocol/bridge_app.c ****             }
 260:bridge_protocol/bridge_app.c ****             break;
 261:bridge_protocol/bridge_app.c ****     }
 262:bridge_protocol/bridge_app.c **** }
 662              		.loc 1 262 1 view .LVU181
 663 003e 25B0     		add	sp, sp, #148
 664              	.LCFI17:
 665              		.cfi_remember_state
 666              		.cfi_def_cfa_offset 12
 667              		@ sp needed
 668 0040 30BD     		pop	{r4, r5, pc}
 669              	.LVL50:
 670              	.L63:
 671              	.LCFI18:
 672              		.cfi_restore_state
 187:bridge_protocol/bridge_app.c ****             }
 673              		.loc 1 187 17 is_stmt 1 view .LVU182
 674 0042 0023     		movs	r3, #0
 675 0044 A278     		ldrb	r2, [r4, #2]	@ zero_extendqisi2
 676 0046 8521     		movs	r1, #133
 677 0048 2846     		mov	r0, r5
 678 004a FFF7FEFF 		bl	Bridge_SendSimpleStatus
 679              	.LVL51:
 680 004e F6E7     		b	.L43
 681              	.L52:
 192:bridge_protocol/bridge_app.c ****             {
 682              		.loc 1 192 13 view .LVU183
 192:bridge_protocol/bridge_app.c ****             {
 683              		.loc 1 192 17 is_stmt 0 view .LVU184
 684 0050 E278     		ldrb	r2, [r4, #3]	@ zero_extendqisi2
 685 0052 211D     		adds	r1, r4, #4
 686 0054 4748     		ldr	r0, .L64+4
 687 0056 FFF7FEFF 		bl	BridgeTxQueue_Push
 688              	.LVL52:
 192:bridge_protocol/bridge_app.c ****             {
 689              		.loc 1 192 16 view .LVU185
 690 005a 40B1     		cbz	r0, .L54
 194:bridge_protocol/bridge_app.c ****                 {
 691              		.loc 1 194 17 is_stmt 1 view .LVU186
 194:bridge_protocol/bridge_app.c ****                 {
 692              		.loc 1 194 20 is_stmt 0 view .LVU187
 693 005c FF2D     		cmp	r5, #255
 694 005e EED0     		beq	.L43
 196:bridge_protocol/bridge_app.c ****                 }
 695              		.loc 1 196 21 is_stmt 1 view .LVU188
 696 0060 0023     		movs	r3, #0
 697 0062 A278     		ldrb	r2, [r4, #2]	@ zero_extendqisi2
 698 0064 8021     		movs	r1, #128
 699 0066 2078     		ldrb	r0, [r4]	@ zero_extendqisi2
 700 0068 FFF7FEFF 		bl	Bridge_SendSimpleStatus
 701              	.LVL53:
 702 006c E7E7     		b	.L43
 703              	.L54:
 201:bridge_protocol/bridge_app.c ****                 {
ARM GAS  /tmp/ccQgFdyE.s 			page 19


 704              		.loc 1 201 17 view .LVU189
 201:bridge_protocol/bridge_app.c ****                 {
 705              		.loc 1 201 20 is_stmt 0 view .LVU190
 706 006e FF2D     		cmp	r5, #255
 707 0070 E5D0     		beq	.L43
 203:bridge_protocol/bridge_app.c ****                 }
 708              		.loc 1 203 21 is_stmt 1 view .LVU191
 709 0072 0523     		movs	r3, #5
 710 0074 A278     		ldrb	r2, [r4, #2]	@ zero_extendqisi2
 711 0076 8221     		movs	r1, #130
 712 0078 2078     		ldrb	r0, [r4]	@ zero_extendqisi2
 713 007a FFF7FEFF 		bl	Bridge_SendSimpleStatus
 714              	.LVL54:
 715 007e DEE7     		b	.L43
 716              	.L51:
 209:bridge_protocol/bridge_app.c ****             rsp[1] = s_bridge.txq.count;
 717              		.loc 1 209 13 view .LVU192
 209:bridge_protocol/bridge_app.c ****             rsp[1] = s_bridge.txq.count;
 718              		.loc 1 209 20 is_stmt 0 view .LVU193
 719 0080 0023     		movs	r3, #0
 720 0082 8DF85030 		strb	r3, [sp, #80]
 210:bridge_protocol/bridge_app.c ****             rsp[2] = s_bridge.rxq.count;
 721              		.loc 1 210 13 is_stmt 1 view .LVU194
 210:bridge_protocol/bridge_app.c ****             rsp[2] = s_bridge.rxq.count;
 722              		.loc 1 210 34 is_stmt 0 view .LVU195
 723 0086 3A4B     		ldr	r3, .L64
 724 0088 93F8D322 		ldrb	r2, [r3, #723]	@ zero_extendqisi2
 210:bridge_protocol/bridge_app.c ****             rsp[2] = s_bridge.rxq.count;
 725              		.loc 1 210 20 view .LVU196
 726 008c 8DF85120 		strb	r2, [sp, #81]
 211:bridge_protocol/bridge_app.c ****             rsp[3] = (uint8_t)(s_bridge.acoustic_tx_active ? 1u : 0u);
 727              		.loc 1 211 13 is_stmt 1 view .LVU197
 211:bridge_protocol/bridge_app.c ****             rsp[3] = (uint8_t)(s_bridge.acoustic_tx_active ? 1u : 0u);
 728              		.loc 1 211 34 is_stmt 0 view .LVU198
 729 0090 93F8DE24 		ldrb	r2, [r3, #1246]	@ zero_extendqisi2
 211:bridge_protocol/bridge_app.c ****             rsp[3] = (uint8_t)(s_bridge.acoustic_tx_active ? 1u : 0u);
 730              		.loc 1 211 20 view .LVU199
 731 0094 8DF85220 		strb	r2, [sp, #82]
 212:bridge_protocol/bridge_app.c ****             rsp[4] = (uint8_t)(BridgeHook_AcousticIsTxIdle() ? 1u : 0u);
 732              		.loc 1 212 13 is_stmt 1 view .LVU200
 212:bridge_protocol/bridge_app.c ****             rsp[4] = (uint8_t)(BridgeHook_AcousticIsTxIdle() ? 1u : 0u);
 733              		.loc 1 212 40 is_stmt 0 view .LVU201
 734 0098 93F8E034 		ldrb	r3, [r3, #1248]	@ zero_extendqisi2
 212:bridge_protocol/bridge_app.c ****             rsp[4] = (uint8_t)(BridgeHook_AcousticIsTxIdle() ? 1u : 0u);
 735              		.loc 1 212 22 view .LVU202
 736 009c ABB1     		cbz	r3, .L60
 737 009e 0123     		movs	r3, #1
 738              	.L55:
 212:bridge_protocol/bridge_app.c ****             rsp[4] = (uint8_t)(BridgeHook_AcousticIsTxIdle() ? 1u : 0u);
 739              		.loc 1 212 20 discriminator 4 view .LVU203
 740 00a0 8DF85330 		strb	r3, [sp, #83]
 213:bridge_protocol/bridge_app.c ****             rsp_len = 5u;
 741              		.loc 1 213 13 is_stmt 1 discriminator 4 view .LVU204
 213:bridge_protocol/bridge_app.c ****             rsp_len = 5u;
 742              		.loc 1 213 32 is_stmt 0 discriminator 4 view .LVU205
 743 00a4 FFF7FEFF 		bl	BridgeHook_AcousticIsTxIdle
 744              	.LVL55:
ARM GAS  /tmp/ccQgFdyE.s 			page 20


 213:bridge_protocol/bridge_app.c ****             rsp_len = 5u;
 745              		.loc 1 213 22 discriminator 4 view .LVU206
 746 00a8 88B1     		cbz	r0, .L61
 213:bridge_protocol/bridge_app.c ****             rsp_len = 5u;
 747              		.loc 1 213 22 view .LVU207
 748 00aa 0123     		movs	r3, #1
 749              	.L56:
 213:bridge_protocol/bridge_app.c ****             rsp_len = 5u;
 750              		.loc 1 213 20 discriminator 4 view .LVU208
 751 00ac 8DF85430 		strb	r3, [sp, #84]
 214:bridge_protocol/bridge_app.c ****             if (need_reply)
 752              		.loc 1 214 13 is_stmt 1 discriminator 4 view .LVU209
 214:bridge_protocol/bridge_app.c ****             if (need_reply)
 753              		.loc 1 214 21 is_stmt 0 discriminator 4 view .LVU210
 754 00b0 0523     		movs	r3, #5
 755 00b2 8DF84F30 		strb	r3, [sp, #79]
 215:bridge_protocol/bridge_app.c ****             {
 756              		.loc 1 215 13 is_stmt 1 discriminator 4 view .LVU211
 215:bridge_protocol/bridge_app.c ****             {
 757              		.loc 1 215 16 is_stmt 0 discriminator 4 view .LVU212
 758 00b6 FF2D     		cmp	r5, #255
 759 00b8 C1D0     		beq	.L43
 217:bridge_protocol/bridge_app.c ****             }
 760              		.loc 1 217 17 is_stmt 1 view .LVU213
 761 00ba 0093     		str	r3, [sp]
 762 00bc 14AB     		add	r3, sp, #80
 763 00be A278     		ldrb	r2, [r4, #2]	@ zero_extendqisi2
 764 00c0 8321     		movs	r1, #131
 765 00c2 2078     		ldrb	r0, [r4]	@ zero_extendqisi2
 766 00c4 FFF7FEFF 		bl	Bridge_SendResponse
 767              	.LVL56:
 768 00c8 B9E7     		b	.L43
 769              	.L60:
 212:bridge_protocol/bridge_app.c ****             rsp[4] = (uint8_t)(BridgeHook_AcousticIsTxIdle() ? 1u : 0u);
 770              		.loc 1 212 22 is_stmt 0 view .LVU214
 771 00ca 0023     		movs	r3, #0
 772 00cc E8E7     		b	.L55
 773              	.L61:
 213:bridge_protocol/bridge_app.c ****             rsp_len = 5u;
 774              		.loc 1 213 22 view .LVU215
 775 00ce 0023     		movs	r3, #0
 776 00d0 ECE7     		b	.L56
 777              	.L50:
 222:bridge_protocol/bridge_app.c ****             {
 778              		.loc 1 222 13 is_stmt 1 view .LVU216
 222:bridge_protocol/bridge_app.c ****             {
 779              		.loc 1 222 17 is_stmt 0 view .LVU217
 780 00d2 03A9     		add	r1, sp, #12
 781 00d4 2848     		ldr	r0, .L64+8
 782 00d6 FFF7FEFF 		bl	BridgeRxQueue_Pop
 783              	.LVL57:
 222:bridge_protocol/bridge_app.c ****             {
 784              		.loc 1 222 16 view .LVU218
 785 00da 60B1     		cbz	r0, .L57
 224:bridge_protocol/bridge_app.c ****                 {
 786              		.loc 1 224 17 is_stmt 1 view .LVU219
 224:bridge_protocol/bridge_app.c ****                 {
ARM GAS  /tmp/ccQgFdyE.s 			page 21


 787              		.loc 1 224 20 is_stmt 0 view .LVU220
 788 00dc FF2D     		cmp	r5, #255
 789 00de AED0     		beq	.L43
 226:bridge_protocol/bridge_app.c ****                 }
 790              		.loc 1 226 21 is_stmt 1 view .LVU221
 791 00e0 9DF80C30 		ldrb	r3, [sp, #12]	@ zero_extendqisi2
 792 00e4 0093     		str	r3, [sp]
 793 00e6 0DF10D03 		add	r3, sp, #13
 794 00ea A278     		ldrb	r2, [r4, #2]	@ zero_extendqisi2
 795 00ec 8421     		movs	r1, #132
 796 00ee 2078     		ldrb	r0, [r4]	@ zero_extendqisi2
 797 00f0 FFF7FEFF 		bl	Bridge_SendResponse
 798              	.LVL58:
 799 00f4 A3E7     		b	.L43
 800              	.L57:
 231:bridge_protocol/bridge_app.c ****                 {
 801              		.loc 1 231 17 view .LVU222
 231:bridge_protocol/bridge_app.c ****                 {
 802              		.loc 1 231 20 is_stmt 0 view .LVU223
 803 00f6 FF2D     		cmp	r5, #255
 804 00f8 A1D0     		beq	.L43
 233:bridge_protocol/bridge_app.c ****                 }
 805              		.loc 1 233 21 is_stmt 1 view .LVU224
 806 00fa 0723     		movs	r3, #7
 807 00fc A278     		ldrb	r2, [r4, #2]	@ zero_extendqisi2
 808 00fe 8121     		movs	r1, #129
 809 0100 2078     		ldrb	r0, [r4]	@ zero_extendqisi2
 810 0102 FFF7FEFF 		bl	Bridge_SendSimpleStatus
 811              	.LVL59:
 812 0106 9AE7     		b	.L43
 813              	.L49:
 814              	.LBB2:
 240:bridge_protocol/bridge_app.c ****             BridgeHook_HandleSetParam(frame->payload, frame->len, rsp, &rsp_len, &status);
 815              		.loc 1 240 13 view .LVU225
 240:bridge_protocol/bridge_app.c ****             BridgeHook_HandleSetParam(frame->payload, frame->len, rsp, &rsp_len, &status);
 816              		.loc 1 240 21 is_stmt 0 view .LVU226
 817 0108 8123     		movs	r3, #129
 818 010a 8DF80B30 		strb	r3, [sp, #11]
 241:bridge_protocol/bridge_app.c ****             if ((status != BRIDGE_RSP_ACK) && (status != BRIDGE_RSP_NACK) && (status != BRIDGE_RSP_
 819              		.loc 1 241 13 is_stmt 1 view .LVU227
 820 010e 0DF10B03 		add	r3, sp, #11
 821 0112 0093     		str	r3, [sp]
 822 0114 0DF14F03 		add	r3, sp, #79
 823 0118 14AA     		add	r2, sp, #80
 824 011a E178     		ldrb	r1, [r4, #3]	@ zero_extendqisi2
 825 011c 201D     		adds	r0, r4, #4
 826 011e FFF7FEFF 		bl	BridgeHook_HandleSetParam
 827              	.LVL60:
 242:bridge_protocol/bridge_app.c ****             {
 828              		.loc 1 242 13 view .LVU228
 242:bridge_protocol/bridge_app.c ****             {
 829              		.loc 1 242 75 is_stmt 0 view .LVU229
 830 0122 9DF80B30 		ldrb	r3, [sp, #11]	@ zero_extendqisi2
 831 0126 83F08003 		eor	r3, r3, #128
 242:bridge_protocol/bridge_app.c ****             {
 832              		.loc 1 242 16 view .LVU230
 833 012a 022B     		cmp	r3, #2
ARM GAS  /tmp/ccQgFdyE.s 			page 22


 834 012c 08D9     		bls	.L58
 244:bridge_protocol/bridge_app.c ****                 rsp[0] = BRIDGE_ERR_PARAM;
 835              		.loc 1 244 17 is_stmt 1 view .LVU231
 244:bridge_protocol/bridge_app.c ****                 rsp[0] = BRIDGE_ERR_PARAM;
 836              		.loc 1 244 24 is_stmt 0 view .LVU232
 837 012e 8123     		movs	r3, #129
 838 0130 8DF80B30 		strb	r3, [sp, #11]
 245:bridge_protocol/bridge_app.c ****                 rsp_len = 1u;
 839              		.loc 1 245 17 is_stmt 1 view .LVU233
 245:bridge_protocol/bridge_app.c ****                 rsp_len = 1u;
 840              		.loc 1 245 24 is_stmt 0 view .LVU234
 841 0134 0623     		movs	r3, #6
 842 0136 8DF85030 		strb	r3, [sp, #80]
 246:bridge_protocol/bridge_app.c ****             }
 843              		.loc 1 246 17 is_stmt 1 view .LVU235
 246:bridge_protocol/bridge_app.c ****             }
 844              		.loc 1 246 25 is_stmt 0 view .LVU236
 845 013a 0123     		movs	r3, #1
 846 013c 8DF84F30 		strb	r3, [sp, #79]
 847              	.L58:
 248:bridge_protocol/bridge_app.c ****             {
 848              		.loc 1 248 13 is_stmt 1 view .LVU237
 248:bridge_protocol/bridge_app.c ****             {
 849              		.loc 1 248 16 is_stmt 0 view .LVU238
 850 0140 FF2D     		cmp	r5, #255
 851 0142 3FF47CAF 		beq	.L43
 250:bridge_protocol/bridge_app.c ****             }
 852              		.loc 1 250 17 is_stmt 1 view .LVU239
 853 0146 9DF84F30 		ldrb	r3, [sp, #79]	@ zero_extendqisi2
 854 014a 0093     		str	r3, [sp]
 855 014c 14AB     		add	r3, sp, #80
 856 014e A278     		ldrb	r2, [r4, #2]	@ zero_extendqisi2
 857 0150 9DF80B10 		ldrb	r1, [sp, #11]	@ zero_extendqisi2
 858 0154 2078     		ldrb	r0, [r4]	@ zero_extendqisi2
 859 0156 FFF7FEFF 		bl	Bridge_SendResponse
 860              	.LVL61:
 252:bridge_protocol/bridge_app.c ****         }
 861              		.loc 1 252 13 view .LVU240
 862 015a 70E7     		b	.L43
 863              	.L46:
 252:bridge_protocol/bridge_app.c ****         }
 864              		.loc 1 252 13 is_stmt 0 view .LVU241
 865              	.LBE2:
 256:bridge_protocol/bridge_app.c ****             {
 866              		.loc 1 256 13 is_stmt 1 view .LVU242
 256:bridge_protocol/bridge_app.c ****             {
 867              		.loc 1 256 16 is_stmt 0 view .LVU243
 868 015c FF2D     		cmp	r5, #255
 869 015e 3FF46EAF 		beq	.L43
 258:bridge_protocol/bridge_app.c ****             }
 870              		.loc 1 258 17 is_stmt 1 view .LVU244
 871 0162 0423     		movs	r3, #4
 872 0164 A278     		ldrb	r2, [r4, #2]	@ zero_extendqisi2
 873 0166 8121     		movs	r1, #129
 874 0168 2846     		mov	r0, r5
 875 016a FFF7FEFF 		bl	Bridge_SendSimpleStatus
 876              	.LVL62:
ARM GAS  /tmp/ccQgFdyE.s 			page 23


 877 016e 66E7     		b	.L43
 878              	.L65:
 879              		.align	2
 880              	.L64:
 881 0170 00000000 		.word	.LANCHOR1
 882 0174 C9000000 		.word	.LANCHOR1+201
 883 0178 D4020000 		.word	.LANCHOR1+724
 884              		.cfi_endproc
 885              	.LFE74:
 887              		.section	.text.Bridge_ProcessRs485Rx,"ax",%progbits
 888              		.align	1
 889              		.syntax unified
 890              		.thumb
 891              		.thumb_func
 892              		.fpu softvfp
 894              	Bridge_ProcessRs485Rx:
 895              	.LFB75:
 263:bridge_protocol/bridge_app.c **** 
 264:bridge_protocol/bridge_app.c **** static void Bridge_ProcessRs485Rx(void)
 265:bridge_protocol/bridge_app.c **** {
 896              		.loc 1 265 1 view -0
 897              		.cfi_startproc
 898              		@ args = 0, pretend = 0, frame = 8
 899              		@ frame_needed = 0, uses_anonymous_args = 0
 900 0000 00B5     		push	{lr}
 901              	.LCFI19:
 902              		.cfi_def_cfa_offset 4
 903              		.cfi_offset 14, -4
 904 0002 83B0     		sub	sp, sp, #12
 905              	.LCFI20:
 906              		.cfi_def_cfa_offset 16
 266:bridge_protocol/bridge_app.c ****     uint8_t byte;
 907              		.loc 1 266 5 view .LVU246
 267:bridge_protocol/bridge_app.c ****     while (RS485_Port_ReadByte(&byte))
 908              		.loc 1 267 5 view .LVU247
 909              	.L68:
 910              		.loc 1 267 11 view .LVU248
 911              		.loc 1 267 12 is_stmt 0 view .LVU249
 912 0004 0DF10700 		add	r0, sp, #7
 913 0008 FFF7FEFF 		bl	RS485_Port_ReadByte
 914              	.LVL63:
 915              		.loc 1 267 11 view .LVU250
 916 000c 70B1     		cbz	r0, .L71
 917              	.LBB3:
 268:bridge_protocol/bridge_app.c ****     {
 269:bridge_protocol/bridge_app.c ****         bool got = BridgeProto_PushByte(&s_bridge.parser, byte, &s_bridge.frame, &s_bridge.parse_er
 918              		.loc 1 269 9 is_stmt 1 view .LVU251
 919              		.loc 1 269 20 is_stmt 0 view .LVU252
 920 000e 0948     		ldr	r0, .L72
 921 0010 00F1C803 		add	r3, r0, #200
 922 0014 00F18402 		add	r2, r0, #132
 923 0018 9DF80710 		ldrb	r1, [sp, #7]	@ zero_extendqisi2
 924 001c FFF7FEFF 		bl	BridgeProto_PushByte
 925              	.LVL64:
 270:bridge_protocol/bridge_app.c ****         if (got)
 926              		.loc 1 270 9 is_stmt 1 view .LVU253
 927              		.loc 1 270 12 is_stmt 0 view .LVU254
ARM GAS  /tmp/ccQgFdyE.s 			page 24


 928 0020 0028     		cmp	r0, #0
 929 0022 EFD0     		beq	.L68
 271:bridge_protocol/bridge_app.c ****         {
 272:bridge_protocol/bridge_app.c ****             Bridge_HandleFrame(&s_bridge.frame);
 930              		.loc 1 272 13 is_stmt 1 view .LVU255
 931 0024 0448     		ldr	r0, .L72+4
 932              	.LVL65:
 933              		.loc 1 272 13 is_stmt 0 view .LVU256
 934 0026 FFF7FEFF 		bl	Bridge_HandleFrame
 935              	.LVL66:
 936 002a EBE7     		b	.L68
 937              	.L71:
 938              		.loc 1 272 13 view .LVU257
 939              	.LBE3:
 273:bridge_protocol/bridge_app.c ****         }
 274:bridge_protocol/bridge_app.c ****     }
 275:bridge_protocol/bridge_app.c **** }
 940              		.loc 1 275 1 view .LVU258
 941 002c 03B0     		add	sp, sp, #12
 942              	.LCFI21:
 943              		.cfi_def_cfa_offset 4
 944              		@ sp needed
 945 002e 5DF804FB 		ldr	pc, [sp], #4
 946              	.L73:
 947 0032 00BF     		.align	2
 948              	.L72:
 949 0034 00000000 		.word	.LANCHOR1
 950 0038 84000000 		.word	.LANCHOR1+132
 951              		.cfi_endproc
 952              	.LFE75:
 954              		.section	.text.Bridge_ProcessAcousticTx,"ax",%progbits
 955              		.align	1
 956              		.syntax unified
 957              		.thumb
 958              		.thumb_func
 959              		.fpu softvfp
 961              	Bridge_ProcessAcousticTx:
 962              	.LFB76:
 276:bridge_protocol/bridge_app.c **** 
 277:bridge_protocol/bridge_app.c **** static void Bridge_ProcessAcousticTx(void)
 278:bridge_protocol/bridge_app.c **** {
 963              		.loc 1 278 1 is_stmt 1 view -0
 964              		.cfi_startproc
 965              		@ args = 0, pretend = 0, frame = 8
 966              		@ frame_needed = 0, uses_anonymous_args = 0
 967 0000 10B5     		push	{r4, lr}
 968              	.LCFI22:
 969              		.cfi_def_cfa_offset 8
 970              		.cfi_offset 4, -8
 971              		.cfi_offset 14, -4
 972 0002 82B0     		sub	sp, sp, #8
 973              	.LCFI23:
 974              		.cfi_def_cfa_offset 16
 279:bridge_protocol/bridge_app.c ****     BridgePacket_t *pkt;
 975              		.loc 1 279 5 view .LVU260
 280:bridge_protocol/bridge_app.c ****     uint32_t now = BridgeHook_GetMs();
 976              		.loc 1 280 5 view .LVU261
ARM GAS  /tmp/ccQgFdyE.s 			page 25


 977              		.loc 1 280 20 is_stmt 0 view .LVU262
 978 0004 FFF7FEFF 		bl	BridgeHook_GetMs
 979              	.LVL67:
 980 0008 0446     		mov	r4, r0
 981              	.LVL68:
 281:bridge_protocol/bridge_app.c **** 
 282:bridge_protocol/bridge_app.c ****     if (s_bridge.acoustic_tx_active)
 982              		.loc 1 282 5 is_stmt 1 view .LVU263
 983              		.loc 1 282 17 is_stmt 0 view .LVU264
 984 000a 1C4B     		ldr	r3, .L85
 985 000c 93F8E034 		ldrb	r3, [r3, #1248]	@ zero_extendqisi2
 986              		.loc 1 282 8 view .LVU265
 987 0010 23B9     		cbnz	r3, .L82
 283:bridge_protocol/bridge_app.c ****     {
 284:bridge_protocol/bridge_app.c ****         if (BridgeHook_AcousticIsTxIdle())
 285:bridge_protocol/bridge_app.c ****         {
 286:bridge_protocol/bridge_app.c ****             s_bridge.acoustic_tx_active = false;
 287:bridge_protocol/bridge_app.c ****             (void)BridgeTxQueue_Pop(&s_bridge.txq);
 288:bridge_protocol/bridge_app.c ****         }
 289:bridge_protocol/bridge_app.c ****         else if ((now - s_bridge.acoustic_tx_start_ms) > BRIDGE_ACOUSTIC_TX_TIMEOUT_MS)
 290:bridge_protocol/bridge_app.c ****         {
 291:bridge_protocol/bridge_app.c ****             /* 超时后释放状态，避免死锁。
 292:bridge_protocol/bridge_app.c ****              * 是否丢弃当前队列头，由你决定；这里采取丢弃，防止一直堵塞
 293:bridge_protocol/bridge_app.c ****              */
 294:bridge_protocol/bridge_app.c ****             s_bridge.acoustic_tx_active = false;
 295:bridge_protocol/bridge_app.c ****             (void)BridgeTxQueue_Pop(&s_bridge.txq);
 296:bridge_protocol/bridge_app.c ****         }
 297:bridge_protocol/bridge_app.c ****         return;
 298:bridge_protocol/bridge_app.c ****     }
 299:bridge_protocol/bridge_app.c **** 
 300:bridge_protocol/bridge_app.c ****     if (!BridgeHook_AcousticIsTxIdle())
 988              		.loc 1 300 5 is_stmt 1 view .LVU266
 989              		.loc 1 300 10 is_stmt 0 view .LVU267
 990 0012 FFF7FEFF 		bl	BridgeHook_AcousticIsTxIdle
 991              	.LVL69:
 992              		.loc 1 300 8 view .LVU268
 993 0016 E0B9     		cbnz	r0, .L83
 994              	.L74:
 301:bridge_protocol/bridge_app.c ****     {
 302:bridge_protocol/bridge_app.c ****         return;
 303:bridge_protocol/bridge_app.c ****     }
 304:bridge_protocol/bridge_app.c **** 
 305:bridge_protocol/bridge_app.c ****     if (BridgeTxQueue_Peek(&s_bridge.txq, &pkt))
 306:bridge_protocol/bridge_app.c ****     {
 307:bridge_protocol/bridge_app.c ****         if (BridgeHook_AcousticStartTx(pkt->data, pkt->len))
 308:bridge_protocol/bridge_app.c ****         {
 309:bridge_protocol/bridge_app.c ****             s_bridge.acoustic_tx_active = true;
 310:bridge_protocol/bridge_app.c ****             s_bridge.acoustic_tx_start_ms = now;
 311:bridge_protocol/bridge_app.c ****         }
 312:bridge_protocol/bridge_app.c ****     }
 313:bridge_protocol/bridge_app.c **** }
 995              		.loc 1 313 1 view .LVU269
 996 0018 02B0     		add	sp, sp, #8
 997              	.LCFI24:
 998              		.cfi_remember_state
 999              		.cfi_def_cfa_offset 8
 1000              		@ sp needed
ARM GAS  /tmp/ccQgFdyE.s 			page 26


 1001 001a 10BD     		pop	{r4, pc}
 1002              	.LVL70:
 1003              	.L82:
 1004              	.LCFI25:
 1005              		.cfi_restore_state
 284:bridge_protocol/bridge_app.c ****         {
 1006              		.loc 1 284 9 is_stmt 1 view .LVU270
 284:bridge_protocol/bridge_app.c ****         {
 1007              		.loc 1 284 13 is_stmt 0 view .LVU271
 1008 001c FFF7FEFF 		bl	BridgeHook_AcousticIsTxIdle
 1009              	.LVL71:
 284:bridge_protocol/bridge_app.c ****         {
 1010              		.loc 1 284 12 view .LVU272
 1011 0020 78B9     		cbnz	r0, .L84
 289:bridge_protocol/bridge_app.c ****         {
 1012              		.loc 1 289 14 is_stmt 1 view .LVU273
 289:bridge_protocol/bridge_app.c ****         {
 1013              		.loc 1 289 33 is_stmt 0 view .LVU274
 1014 0022 164B     		ldr	r3, .L85
 1015 0024 D3F8E404 		ldr	r0, [r3, #1252]
 289:bridge_protocol/bridge_app.c ****         {
 1016              		.loc 1 289 23 view .LVU275
 1017 0028 201A     		subs	r0, r4, r0
 289:bridge_protocol/bridge_app.c ****         {
 1018              		.loc 1 289 17 view .LVU276
 1019 002a 41F28833 		movw	r3, #5000
 1020 002e 9842     		cmp	r0, r3
 1021 0030 F2D9     		bls	.L74
 294:bridge_protocol/bridge_app.c ****             (void)BridgeTxQueue_Pop(&s_bridge.txq);
 1022              		.loc 1 294 13 is_stmt 1 view .LVU277
 294:bridge_protocol/bridge_app.c ****             (void)BridgeTxQueue_Pop(&s_bridge.txq);
 1023              		.loc 1 294 41 is_stmt 0 view .LVU278
 1024 0032 1248     		ldr	r0, .L85
 1025 0034 0023     		movs	r3, #0
 1026 0036 80F8E034 		strb	r3, [r0, #1248]
 295:bridge_protocol/bridge_app.c ****         }
 1027              		.loc 1 295 13 is_stmt 1 view .LVU279
 295:bridge_protocol/bridge_app.c ****         }
 1028              		.loc 1 295 19 is_stmt 0 view .LVU280
 1029 003a C930     		adds	r0, r0, #201
 1030 003c FFF7FEFF 		bl	BridgeTxQueue_Pop
 1031              	.LVL72:
 297:bridge_protocol/bridge_app.c ****     }
 1032              		.loc 1 297 9 is_stmt 1 view .LVU281
 1033 0040 EAE7     		b	.L74
 1034              	.L84:
 286:bridge_protocol/bridge_app.c ****             (void)BridgeTxQueue_Pop(&s_bridge.txq);
 1035              		.loc 1 286 13 view .LVU282
 286:bridge_protocol/bridge_app.c ****             (void)BridgeTxQueue_Pop(&s_bridge.txq);
 1036              		.loc 1 286 41 is_stmt 0 view .LVU283
 1037 0042 0E48     		ldr	r0, .L85
 1038 0044 0023     		movs	r3, #0
 1039 0046 80F8E034 		strb	r3, [r0, #1248]
 287:bridge_protocol/bridge_app.c ****         }
 1040              		.loc 1 287 13 is_stmt 1 view .LVU284
 287:bridge_protocol/bridge_app.c ****         }
 1041              		.loc 1 287 19 is_stmt 0 view .LVU285
ARM GAS  /tmp/ccQgFdyE.s 			page 27


 1042 004a C930     		adds	r0, r0, #201
 1043 004c FFF7FEFF 		bl	BridgeTxQueue_Pop
 1044              	.LVL73:
 1045 0050 E2E7     		b	.L74
 1046              	.L83:
 305:bridge_protocol/bridge_app.c ****     {
 1047              		.loc 1 305 5 is_stmt 1 view .LVU286
 305:bridge_protocol/bridge_app.c ****     {
 1048              		.loc 1 305 9 is_stmt 0 view .LVU287
 1049 0052 01A9     		add	r1, sp, #4
 1050 0054 0A48     		ldr	r0, .L85+4
 1051 0056 FFF7FEFF 		bl	BridgeTxQueue_Peek
 1052              	.LVL74:
 305:bridge_protocol/bridge_app.c ****     {
 1053              		.loc 1 305 8 view .LVU288
 1054 005a 0028     		cmp	r0, #0
 1055 005c DCD0     		beq	.L74
 307:bridge_protocol/bridge_app.c ****         {
 1056              		.loc 1 307 9 is_stmt 1 view .LVU289
 307:bridge_protocol/bridge_app.c ****         {
 1057              		.loc 1 307 43 is_stmt 0 view .LVU290
 1058 005e 0198     		ldr	r0, [sp, #4]
 307:bridge_protocol/bridge_app.c ****         {
 1059              		.loc 1 307 13 view .LVU291
 1060 0060 10F8011B 		ldrb	r1, [r0], #1	@ zero_extendqisi2
 1061 0064 FFF7FEFF 		bl	BridgeHook_AcousticStartTx
 1062              	.LVL75:
 307:bridge_protocol/bridge_app.c ****         {
 1063              		.loc 1 307 12 view .LVU292
 1064 0068 0028     		cmp	r0, #0
 1065 006a D5D0     		beq	.L74
 309:bridge_protocol/bridge_app.c ****             s_bridge.acoustic_tx_start_ms = now;
 1066              		.loc 1 309 13 is_stmt 1 view .LVU293
 309:bridge_protocol/bridge_app.c ****             s_bridge.acoustic_tx_start_ms = now;
 1067              		.loc 1 309 41 is_stmt 0 view .LVU294
 1068 006c 034B     		ldr	r3, .L85
 1069 006e 0122     		movs	r2, #1
 1070 0070 83F8E024 		strb	r2, [r3, #1248]
 310:bridge_protocol/bridge_app.c ****         }
 1071              		.loc 1 310 13 is_stmt 1 view .LVU295
 310:bridge_protocol/bridge_app.c ****         }
 1072              		.loc 1 310 43 is_stmt 0 view .LVU296
 1073 0074 C3F8E444 		str	r4, [r3, #1252]
 1074 0078 CEE7     		b	.L74
 1075              	.L86:
 1076 007a 00BF     		.align	2
 1077              	.L85:
 1078 007c 00000000 		.word	.LANCHOR1
 1079 0080 C9000000 		.word	.LANCHOR1+201
 1080              		.cfi_endproc
 1081              	.LFE76:
 1083              		.section	.rodata.BridgeApp_Init.str1.4,"aMS",%progbits,1
 1084              		.align	2
 1085              	.LC0:
 1086 0000 68686868 		.ascii	"hhhhh\012\000"
 1086      680A00
 1087              		.section	.text.BridgeApp_Init,"ax",%progbits
ARM GAS  /tmp/ccQgFdyE.s 			page 28


 1088              		.align	1
 1089              		.global	BridgeApp_Init
 1090              		.syntax unified
 1091              		.thumb
 1092              		.thumb_func
 1093              		.fpu softvfp
 1095              	BridgeApp_Init:
 1096              	.LFB77:
 314:bridge_protocol/bridge_app.c **** 
 315:bridge_protocol/bridge_app.c **** void BridgeApp_Init(void)
 316:bridge_protocol/bridge_app.c **** {
 1097              		.loc 1 316 1 is_stmt 1 view -0
 1098              		.cfi_startproc
 1099              		@ args = 0, pretend = 0, frame = 0
 1100              		@ frame_needed = 0, uses_anonymous_args = 0
 1101 0000 10B5     		push	{r4, lr}
 1102              	.LCFI26:
 1103              		.cfi_def_cfa_offset 8
 1104              		.cfi_offset 4, -8
 1105              		.cfi_offset 14, -4
 317:bridge_protocol/bridge_app.c ****     memset(&s_bridge, 0, sizeof(s_bridge));
 1106              		.loc 1 317 5 view .LVU298
 1107 0002 0F4C     		ldr	r4, .L89
 1108 0004 4FF49D62 		mov	r2, #1256
 1109 0008 0021     		movs	r1, #0
 1110 000a 2046     		mov	r0, r4
 1111 000c FFF7FEFF 		bl	memset
 1112              	.LVL76:
 318:bridge_protocol/bridge_app.c ****     s_bridge.local_addr = BRIDGE_DEVICE_ADDR;
 1113              		.loc 1 318 5 view .LVU299
 1114              		.loc 1 318 25 is_stmt 0 view .LVU300
 1115 0010 0123     		movs	r3, #1
 1116 0012 84F8DF34 		strb	r3, [r4, #1247]
 319:bridge_protocol/bridge_app.c **** 
 320:bridge_protocol/bridge_app.c ****     BridgeProto_ParserInit(&s_bridge.parser);
 1117              		.loc 1 320 5 is_stmt 1 view .LVU301
 1118 0016 2046     		mov	r0, r4
 1119 0018 FFF7FEFF 		bl	BridgeProto_ParserInit
 1120              	.LVL77:
 321:bridge_protocol/bridge_app.c ****     BridgeTxQueue_Init(&s_bridge.txq);
 1121              		.loc 1 321 5 view .LVU302
 1122 001c 04F1C900 		add	r0, r4, #201
 1123 0020 FFF7FEFF 		bl	BridgeTxQueue_Init
 1124              	.LVL78:
 322:bridge_protocol/bridge_app.c ****     BridgeRxQueue_Init(&s_bridge.rxq);
 1125              		.loc 1 322 5 view .LVU303
 1126 0024 04F53570 		add	r0, r4, #724
 1127 0028 FFF7FEFF 		bl	BridgeRxQueue_Init
 1128              	.LVL79:
 323:bridge_protocol/bridge_app.c **** 
 324:bridge_protocol/bridge_app.c ****     RS485_Port_Init();
 1129              		.loc 1 324 5 view .LVU304
 1130 002c FFF7FEFF 		bl	RS485_Port_Init
 1131              	.LVL80:
 325:bridge_protocol/bridge_app.c ****     RS485_Port_StartRxIt();
 1132              		.loc 1 325 5 view .LVU305
 1133 0030 FFF7FEFF 		bl	RS485_Port_StartRxIt
ARM GAS  /tmp/ccQgFdyE.s 			page 29


 1134              	.LVL81:
 326:bridge_protocol/bridge_app.c ****     myprintf("hhhhh\n");
 1135              		.loc 1 326 5 view .LVU306
 1136 0034 0349     		ldr	r1, .L89+4
 1137 0036 0020     		movs	r0, #0
 1138 0038 FFF7FEFF 		bl	SEGGER_RTT_printf
 1139              	.LVL82:
 327:bridge_protocol/bridge_app.c **** }
 1140              		.loc 1 327 1 is_stmt 0 view .LVU307
 1141 003c 10BD     		pop	{r4, pc}
 1142              	.L90:
 1143 003e 00BF     		.align	2
 1144              	.L89:
 1145 0040 00000000 		.word	.LANCHOR1
 1146 0044 00000000 		.word	.LC0
 1147              		.cfi_endproc
 1148              	.LFE77:
 1150              		.section	.text.BridgeApp_Process,"ax",%progbits
 1151              		.align	1
 1152              		.global	BridgeApp_Process
 1153              		.syntax unified
 1154              		.thumb
 1155              		.thumb_func
 1156              		.fpu softvfp
 1158              	BridgeApp_Process:
 1159              	.LFB78:
 328:bridge_protocol/bridge_app.c **** 
 329:bridge_protocol/bridge_app.c **** void BridgeApp_Process(void)
 330:bridge_protocol/bridge_app.c **** {
 1160              		.loc 1 330 1 is_stmt 1 view -0
 1161              		.cfi_startproc
 1162              		@ args = 0, pretend = 0, frame = 0
 1163              		@ frame_needed = 0, uses_anonymous_args = 0
 1164 0000 08B5     		push	{r3, lr}
 1165              	.LCFI27:
 1166              		.cfi_def_cfa_offset 8
 1167              		.cfi_offset 3, -8
 1168              		.cfi_offset 14, -4
 331:bridge_protocol/bridge_app.c ****     Bridge_ProcessRs485Rx();
 1169              		.loc 1 331 5 view .LVU309
 1170 0002 FFF7FEFF 		bl	Bridge_ProcessRs485Rx
 1171              	.LVL83:
 332:bridge_protocol/bridge_app.c ****     Bridge_ProcessAcousticTx();
 1172              		.loc 1 332 5 view .LVU310
 1173 0006 FFF7FEFF 		bl	Bridge_ProcessAcousticTx
 1174              	.LVL84:
 333:bridge_protocol/bridge_app.c **** }
 1175              		.loc 1 333 1 is_stmt 0 view .LVU311
 1176 000a 08BD     		pop	{r3, pc}
 1177              		.cfi_endproc
 1178              	.LFE78:
 1180              		.section	.text.BridgeApp_PushAcousticRxPacket,"ax",%progbits
 1181              		.align	1
 1182              		.global	BridgeApp_PushAcousticRxPacket
 1183              		.syntax unified
 1184              		.thumb
 1185              		.thumb_func
ARM GAS  /tmp/ccQgFdyE.s 			page 30


 1186              		.fpu softvfp
 1188              	BridgeApp_PushAcousticRxPacket:
 1189              	.LVL85:
 1190              	.LFB79:
 334:bridge_protocol/bridge_app.c **** 
 335:bridge_protocol/bridge_app.c **** bool BridgeApp_PushAcousticRxPacket(const uint8_t *data, uint8_t len)
 336:bridge_protocol/bridge_app.c **** {
 1191              		.loc 1 336 1 is_stmt 1 view -0
 1192              		.cfi_startproc
 1193              		@ args = 0, pretend = 0, frame = 0
 1194              		@ frame_needed = 0, uses_anonymous_args = 0
 1195              		.loc 1 336 1 is_stmt 0 view .LVU313
 1196 0000 08B5     		push	{r3, lr}
 1197              	.LCFI28:
 1198              		.cfi_def_cfa_offset 8
 1199              		.cfi_offset 3, -8
 1200              		.cfi_offset 14, -4
 1201 0002 0A46     		mov	r2, r1
 337:bridge_protocol/bridge_app.c ****     return BridgeRxQueue_Push(&s_bridge.rxq, data, len);
 1202              		.loc 1 337 5 is_stmt 1 view .LVU314
 1203              		.loc 1 337 12 is_stmt 0 view .LVU315
 1204 0004 0146     		mov	r1, r0
 1205              	.LVL86:
 1206              		.loc 1 337 12 view .LVU316
 1207 0006 0248     		ldr	r0, .L95
 1208              	.LVL87:
 1209              		.loc 1 337 12 view .LVU317
 1210 0008 FFF7FEFF 		bl	BridgeRxQueue_Push
 1211              	.LVL88:
 338:bridge_protocol/bridge_app.c **** }
 1212              		.loc 1 338 1 view .LVU318
 1213 000c 08BD     		pop	{r3, pc}
 1214              	.L96:
 1215 000e 00BF     		.align	2
 1216              	.L95:
 1217 0010 D4020000 		.word	.LANCHOR1+724
 1218              		.cfi_endproc
 1219              	.LFE79:
 1221              		.section	.text.BridgeApp_UartRxCpltCallback,"ax",%progbits
 1222              		.align	1
 1223              		.global	BridgeApp_UartRxCpltCallback
 1224              		.syntax unified
 1225              		.thumb
 1226              		.thumb_func
 1227              		.fpu softvfp
 1229              	BridgeApp_UartRxCpltCallback:
 1230              	.LVL89:
 1231              	.LFB80:
 339:bridge_protocol/bridge_app.c **** 
 340:bridge_protocol/bridge_app.c **** void BridgeApp_UartRxCpltCallback(UART_HandleTypeDef *huart)
 341:bridge_protocol/bridge_app.c **** {
 1232              		.loc 1 341 1 is_stmt 1 view -0
 1233              		.cfi_startproc
 1234              		@ args = 0, pretend = 0, frame = 0
 1235              		@ frame_needed = 0, uses_anonymous_args = 0
 1236              		.loc 1 341 1 is_stmt 0 view .LVU320
 1237 0000 08B5     		push	{r3, lr}
ARM GAS  /tmp/ccQgFdyE.s 			page 31


 1238              	.LCFI29:
 1239              		.cfi_def_cfa_offset 8
 1240              		.cfi_offset 3, -8
 1241              		.cfi_offset 14, -4
 342:bridge_protocol/bridge_app.c ****     RS485_Port_RxCpltCallback(huart);
 1242              		.loc 1 342 5 is_stmt 1 view .LVU321
 1243 0002 FFF7FEFF 		bl	RS485_Port_RxCpltCallback
 1244              	.LVL90:
 343:bridge_protocol/bridge_app.c **** }
 1245              		.loc 1 343 1 is_stmt 0 view .LVU322
 1246 0006 08BD     		pop	{r3, pc}
 1247              		.cfi_endproc
 1248              	.LFE80:
 1250              		.section	.text.BridgeApp_UartErrorCallback,"ax",%progbits
 1251              		.align	1
 1252              		.global	BridgeApp_UartErrorCallback
 1253              		.syntax unified
 1254              		.thumb
 1255              		.thumb_func
 1256              		.fpu softvfp
 1258              	BridgeApp_UartErrorCallback:
 1259              	.LVL91:
 1260              	.LFB81:
 344:bridge_protocol/bridge_app.c **** 
 345:bridge_protocol/bridge_app.c **** void BridgeApp_UartErrorCallback(UART_HandleTypeDef *huart)
 346:bridge_protocol/bridge_app.c **** {
 1261              		.loc 1 346 1 is_stmt 1 view -0
 1262              		.cfi_startproc
 1263              		@ args = 0, pretend = 0, frame = 0
 1264              		@ frame_needed = 0, uses_anonymous_args = 0
 1265              		.loc 1 346 1 is_stmt 0 view .LVU324
 1266 0000 08B5     		push	{r3, lr}
 1267              	.LCFI30:
 1268              		.cfi_def_cfa_offset 8
 1269              		.cfi_offset 3, -8
 1270              		.cfi_offset 14, -4
 347:bridge_protocol/bridge_app.c ****     RS485_Port_ErrorCallback(huart);
 1271              		.loc 1 347 5 is_stmt 1 view .LVU325
 1272 0002 FFF7FEFF 		bl	RS485_Port_ErrorCallback
 1273              	.LVL92:
 348:bridge_protocol/bridge_app.c **** }
 1274              		.loc 1 348 1 is_stmt 0 view .LVU326
 1275 0006 08BD     		pop	{r3, pc}
 1276              		.cfi_endproc
 1277              	.LFE81:
 1279              		.section	.bss.s_bridge,"aw",%nobits
 1280              		.align	2
 1281              		.set	.LANCHOR1,. + 0
 1284              	s_bridge:
 1285 0000 00000000 		.space	1256
 1285      00000000 
 1285      00000000 
 1285      00000000 
 1285      00000000 
 1286              		.section	.bss.s_tx_frame_buf,"aw",%nobits
 1287              		.align	2
 1288              		.set	.LANCHOR0,. + 0
ARM GAS  /tmp/ccQgFdyE.s 			page 32


 1291              	s_tx_frame_buf:
 1292 0000 00000000 		.space	75
 1292      00000000 
 1292      00000000 
 1292      00000000 
 1292      00000000 
 1293              		.text
 1294              	.Letext0:
 1295              		.file 2 "/opt/gcc-arm-none-eabi-9-2020-q2-update/arm-none-eabi/include/machine/_default_types.h"
 1296              		.file 3 "/opt/gcc-arm-none-eabi-9-2020-q2-update/arm-none-eabi/include/sys/_stdint.h"
 1297              		.file 4 "Drivers/CMSIS/Include/core_cm3.h"
 1298              		.file 5 "Drivers/CMSIS/Device/ST/STM32F1xx/Include/system_stm32f1xx.h"
 1299              		.file 6 "Drivers/CMSIS/Device/ST/STM32F1xx/Include/stm32f103xe.h"
 1300              		.file 7 "Drivers/STM32F1xx_HAL_Driver/Inc/stm32f1xx_hal_def.h"
 1301              		.file 8 "Drivers/STM32F1xx_HAL_Driver/Inc/stm32f1xx_hal_dma.h"
 1302              		.file 9 "Drivers/STM32F1xx_HAL_Driver/Inc/stm32f1xx_hal_uart.h"
 1303              		.file 10 "Drivers/STM32F1xx_HAL_Driver/Inc/stm32f1xx_hal.h"
 1304              		.file 11 "/opt/gcc-arm-none-eabi-9-2020-q2-update/lib/gcc/arm-none-eabi/9.3.1/include/stddef.h"
 1305              		.file 12 "/opt/gcc-arm-none-eabi-9-2020-q2-update/arm-none-eabi/include/sys/_types.h"
 1306              		.file 13 "/opt/gcc-arm-none-eabi-9-2020-q2-update/arm-none-eabi/include/sys/reent.h"
 1307              		.file 14 "/opt/gcc-arm-none-eabi-9-2020-q2-update/arm-none-eabi/include/sys/lock.h"
 1308              		.file 15 "bridge_protocol/bridge_proto.h"
 1309              		.file 16 "rs_485_port/rs485_port.h"
 1310              		.file 17 "ARM_SEGGER_RTT/SEGGER_RTT.h"
 1311              		.file 18 "bridge_protocol/bridge_user_hooks.h"
 1312              		.file 19 "<built-in>"
ARM GAS  /tmp/ccQgFdyE.s 			page 33


DEFINED SYMBOLS
                            *ABS*:0000000000000000 bridge_app.c
     /tmp/ccQgFdyE.s:16     .text.BridgeTxQueue_Init:0000000000000000 $t
     /tmp/ccQgFdyE.s:23     .text.BridgeTxQueue_Init:0000000000000000 BridgeTxQueue_Init
     /tmp/ccQgFdyE.s:48     .text.BridgeTxQueue_Peek:0000000000000000 $t
     /tmp/ccQgFdyE.s:54     .text.BridgeTxQueue_Peek:0000000000000000 BridgeTxQueue_Peek
     /tmp/ccQgFdyE.s:91     .text.BridgeTxQueue_Pop:0000000000000000 $t
     /tmp/ccQgFdyE.s:97     .text.BridgeTxQueue_Pop:0000000000000000 BridgeTxQueue_Pop
     /tmp/ccQgFdyE.s:139    .text.BridgeRxQueue_Init:0000000000000000 $t
     /tmp/ccQgFdyE.s:145    .text.BridgeRxQueue_Init:0000000000000000 BridgeRxQueue_Init
     /tmp/ccQgFdyE.s:169    .text.BridgeRxQueue_Pop:0000000000000000 $t
     /tmp/ccQgFdyE.s:175    .text.BridgeRxQueue_Pop:0000000000000000 BridgeRxQueue_Pop
     /tmp/ccQgFdyE.s:237    .text.BridgeTxQueue_Push:0000000000000000 $t
     /tmp/ccQgFdyE.s:243    .text.BridgeTxQueue_Push:0000000000000000 BridgeTxQueue_Push
     /tmp/ccQgFdyE.s:337    .text.BridgeRxQueue_Push:0000000000000000 $t
     /tmp/ccQgFdyE.s:343    .text.BridgeRxQueue_Push:0000000000000000 BridgeRxQueue_Push
     /tmp/ccQgFdyE.s:437    .text.Bridge_SendResponse:0000000000000000 $t
     /tmp/ccQgFdyE.s:443    .text.Bridge_SendResponse:0000000000000000 Bridge_SendResponse
     /tmp/ccQgFdyE.s:500    .text.Bridge_SendResponse:0000000000000028 $d
     /tmp/ccQgFdyE.s:505    .text.Bridge_SendSimpleStatus:0000000000000000 $t
     /tmp/ccQgFdyE.s:511    .text.Bridge_SendSimpleStatus:0000000000000000 Bridge_SendSimpleStatus
     /tmp/ccQgFdyE.s:582    .text.Bridge_SendSimpleStatus:0000000000000038 $d
     /tmp/ccQgFdyE.s:587    .text.Bridge_HandleFrame:0000000000000000 $t
     /tmp/ccQgFdyE.s:593    .text.Bridge_HandleFrame:0000000000000000 Bridge_HandleFrame
     /tmp/ccQgFdyE.s:649    .text.Bridge_HandleFrame:0000000000000034 $d
     /tmp/ccQgFdyE.s:881    .text.Bridge_HandleFrame:0000000000000170 $d
     /tmp/ccQgFdyE.s:888    .text.Bridge_ProcessRs485Rx:0000000000000000 $t
     /tmp/ccQgFdyE.s:894    .text.Bridge_ProcessRs485Rx:0000000000000000 Bridge_ProcessRs485Rx
     /tmp/ccQgFdyE.s:949    .text.Bridge_ProcessRs485Rx:0000000000000034 $d
     /tmp/ccQgFdyE.s:955    .text.Bridge_ProcessAcousticTx:0000000000000000 $t
     /tmp/ccQgFdyE.s:961    .text.Bridge_ProcessAcousticTx:0000000000000000 Bridge_ProcessAcousticTx
     /tmp/ccQgFdyE.s:1078   .text.Bridge_ProcessAcousticTx:000000000000007c $d
     /tmp/ccQgFdyE.s:1084   .rodata.BridgeApp_Init.str1.4:0000000000000000 $d
     /tmp/ccQgFdyE.s:1088   .text.BridgeApp_Init:0000000000000000 $t
     /tmp/ccQgFdyE.s:1095   .text.BridgeApp_Init:0000000000000000 BridgeApp_Init
     /tmp/ccQgFdyE.s:1145   .text.BridgeApp_Init:0000000000000040 $d
     /tmp/ccQgFdyE.s:1151   .text.BridgeApp_Process:0000000000000000 $t
     /tmp/ccQgFdyE.s:1158   .text.BridgeApp_Process:0000000000000000 BridgeApp_Process
     /tmp/ccQgFdyE.s:1181   .text.BridgeApp_PushAcousticRxPacket:0000000000000000 $t
     /tmp/ccQgFdyE.s:1188   .text.BridgeApp_PushAcousticRxPacket:0000000000000000 BridgeApp_PushAcousticRxPacket
     /tmp/ccQgFdyE.s:1217   .text.BridgeApp_PushAcousticRxPacket:0000000000000010 $d
     /tmp/ccQgFdyE.s:1222   .text.BridgeApp_UartRxCpltCallback:0000000000000000 $t
     /tmp/ccQgFdyE.s:1229   .text.BridgeApp_UartRxCpltCallback:0000000000000000 BridgeApp_UartRxCpltCallback
     /tmp/ccQgFdyE.s:1251   .text.BridgeApp_UartErrorCallback:0000000000000000 $t
     /tmp/ccQgFdyE.s:1258   .text.BridgeApp_UartErrorCallback:0000000000000000 BridgeApp_UartErrorCallback
     /tmp/ccQgFdyE.s:1280   .bss.s_bridge:0000000000000000 $d
     /tmp/ccQgFdyE.s:1284   .bss.s_bridge:0000000000000000 s_bridge
     /tmp/ccQgFdyE.s:1287   .bss.s_tx_frame_buf:0000000000000000 $d
     /tmp/ccQgFdyE.s:1291   .bss.s_tx_frame_buf:0000000000000000 s_tx_frame_buf
     /tmp/ccQgFdyE.s:654    .text.Bridge_HandleFrame:0000000000000039 $d
     /tmp/ccQgFdyE.s:654    .text.Bridge_HandleFrame:000000000000003a $t

UNDEFINED SYMBOLS
memcpy
BridgeProto_BuildEncodedFrame
RS485_Port_SendBytes
BridgeHook_OnValid485Frame
ARM GAS  /tmp/ccQgFdyE.s 			page 34


BridgeHook_AcousticIsTxIdle
BridgeHook_HandleSetParam
RS485_Port_ReadByte
BridgeProto_PushByte
BridgeHook_GetMs
BridgeHook_AcousticStartTx
memset
BridgeProto_ParserInit
RS485_Port_Init
RS485_Port_StartRxIt
SEGGER_RTT_printf
RS485_Port_RxCpltCallback
RS485_Port_ErrorCallback
