ARM GAS  /tmp/cc6Hbd9V.s 			page 1


   1              		.cpu cortex-m3
   2              		.eabi_attribute 20, 1
   3              		.eabi_attribute 21, 1
   4              		.eabi_attribute 23, 3
   5              		.eabi_attribute 24, 1
   6              		.eabi_attribute 25, 1
   7              		.eabi_attribute 26, 1
   8              		.eabi_attribute 30, 1
   9              		.eabi_attribute 34, 1
  10              		.eabi_attribute 18, 4
  11              		.file	"diff_signal.c"
  12              		.text
  13              	.Ltext0:
  14              		.cfi_sections	.debug_frame
  15              		.section	.text.DWT_Delay_Init,"ax",%progbits
  16              		.align	1
  17              		.global	DWT_Delay_Init
  18              		.arch armv7-m
  19              		.syntax unified
  20              		.thumb
  21              		.thumb_func
  22              		.fpu softvfp
  24              	DWT_Delay_Init:
  25              	.LFB65:
  26              		.file 1 "diff_signal/diff_signal.c"
   1:diff_signal/diff_signal.c **** #include "tim.h"
   2:diff_signal/diff_signal.c **** #include <stdint.h>
   3:diff_signal/diff_signal.c **** #include <stdlib.h>
   4:diff_signal/diff_signal.c **** #include "diff_signal.h"
   5:diff_signal/diff_signal.c **** #include "diff_signal_rx.h"
   6:diff_signal/diff_signal.c **** #include "SEGGER_RTT.h"
   7:diff_signal/diff_signal.c **** 
   8:diff_signal/diff_signal.c **** // 初始化 DWT 微秒延迟功能
   9:diff_signal/diff_signal.c **** void DWT_Delay_Init(void)
  10:diff_signal/diff_signal.c **** {
  27              		.loc 1 10 1 view -0
  28              		.cfi_startproc
  29              		@ args = 0, pretend = 0, frame = 0
  30              		@ frame_needed = 0, uses_anonymous_args = 0
  31              		@ link register save eliminated.
  11:diff_signal/diff_signal.c ****     CoreDebug->DEMCR |= CoreDebug_DEMCR_TRCENA_Msk;
  32              		.loc 1 11 5 view .LVU1
  33              		.loc 1 11 22 is_stmt 0 view .LVU2
  34 0000 064A     		ldr	r2, .L2
  35 0002 D368     		ldr	r3, [r2, #12]
  36 0004 43F08073 		orr	r3, r3, #16777216
  37 0008 D360     		str	r3, [r2, #12]
  12:diff_signal/diff_signal.c ****     DWT->CYCCNT = 0;
  38              		.loc 1 12 5 is_stmt 1 view .LVU3
  39              		.loc 1 12 17 is_stmt 0 view .LVU4
  40 000a 054B     		ldr	r3, .L2+4
  41 000c 0022     		movs	r2, #0
  42 000e 5A60     		str	r2, [r3, #4]
  13:diff_signal/diff_signal.c ****     DWT->CTRL |= DWT_CTRL_CYCCNTENA_Msk;
  43              		.loc 1 13 5 is_stmt 1 view .LVU5
  44              		.loc 1 13 15 is_stmt 0 view .LVU6
  45 0010 1A68     		ldr	r2, [r3]
ARM GAS  /tmp/cc6Hbd9V.s 			page 2


  46 0012 42F00102 		orr	r2, r2, #1
  47 0016 1A60     		str	r2, [r3]
  14:diff_signal/diff_signal.c **** }
  48              		.loc 1 14 1 view .LVU7
  49 0018 7047     		bx	lr
  50              	.L3:
  51 001a 00BF     		.align	2
  52              	.L2:
  53 001c F0ED00E0 		.word	-536810000
  54 0020 001000E0 		.word	-536866816
  55              		.cfi_endproc
  56              	.LFE65:
  58              		.section	.text.DWT_Delay_us,"ax",%progbits
  59              		.align	1
  60              		.global	DWT_Delay_us
  61              		.syntax unified
  62              		.thumb
  63              		.thumb_func
  64              		.fpu softvfp
  66              	DWT_Delay_us:
  67              	.LVL0:
  68              	.LFB66:
  15:diff_signal/diff_signal.c **** /**
  16:diff_signal/diff_signal.c ****  * @brief 使用dwt进行us级延时，已经验证过，没有问题；
  17:diff_signal/diff_signal.c ****  *
  18:diff_signal/diff_signal.c ****  * @param us
  19:diff_signal/diff_signal.c ****  */
  20:diff_signal/diff_signal.c **** void DWT_Delay_us(uint32_t us)
  21:diff_signal/diff_signal.c **** {
  69              		.loc 1 21 1 is_stmt 1 view -0
  70              		.cfi_startproc
  71              		@ args = 0, pretend = 0, frame = 0
  72              		@ frame_needed = 0, uses_anonymous_args = 0
  73              		@ link register save eliminated.
  22:diff_signal/diff_signal.c ****     uint32_t cycles = (SystemCoreClock / 1000000L) * us;
  74              		.loc 1 22 5 view .LVU9
  75              		.loc 1 22 40 is_stmt 0 view .LVU10
  76 0000 074B     		ldr	r3, .L6
  77 0002 1B68     		ldr	r3, [r3]
  78 0004 074A     		ldr	r2, .L6+4
  79 0006 A2FB0323 		umull	r2, r3, r2, r3
  80 000a 9B0C     		lsrs	r3, r3, #18
  81              		.loc 1 22 14 view .LVU11
  82 000c 00FB03F0 		mul	r0, r0, r3
  83              	.LVL1:
  23:diff_signal/diff_signal.c ****     uint32_t start = DWT->CYCCNT;
  84              		.loc 1 23 5 is_stmt 1 view .LVU12
  85              		.loc 1 23 14 is_stmt 0 view .LVU13
  86 0010 054B     		ldr	r3, .L6+8
  87 0012 5A68     		ldr	r2, [r3, #4]
  88              	.LVL2:
  24:diff_signal/diff_signal.c ****     while ((DWT->CYCCNT - start) < cycles)
  89              		.loc 1 24 5 is_stmt 1 view .LVU14
  90              	.L5:
  25:diff_signal/diff_signal.c ****         ;
  91              		.loc 1 25 9 discriminator 1 view .LVU15
  24:diff_signal/diff_signal.c ****     while ((DWT->CYCCNT - start) < cycles)
ARM GAS  /tmp/cc6Hbd9V.s 			page 3


  92              		.loc 1 24 11 discriminator 1 view .LVU16
  24:diff_signal/diff_signal.c ****     while ((DWT->CYCCNT - start) < cycles)
  93              		.loc 1 24 16 is_stmt 0 discriminator 1 view .LVU17
  94 0014 044B     		ldr	r3, .L6+8
  95 0016 5B68     		ldr	r3, [r3, #4]
  24:diff_signal/diff_signal.c ****     while ((DWT->CYCCNT - start) < cycles)
  96              		.loc 1 24 25 discriminator 1 view .LVU18
  97 0018 9B1A     		subs	r3, r3, r2
  24:diff_signal/diff_signal.c ****     while ((DWT->CYCCNT - start) < cycles)
  98              		.loc 1 24 11 discriminator 1 view .LVU19
  99 001a 8342     		cmp	r3, r0
 100 001c FAD3     		bcc	.L5
  26:diff_signal/diff_signal.c **** }
 101              		.loc 1 26 1 view .LVU20
 102 001e 7047     		bx	lr
 103              	.L7:
 104              		.align	2
 105              	.L6:
 106 0020 00000000 		.word	SystemCoreClock
 107 0024 83DE1B43 		.word	1125899907
 108 0028 001000E0 		.word	-536866816
 109              		.cfi_endproc
 110              	.LFE66:
 112              		.section	.text.DiffSignal_Stop,"ax",%progbits
 113              		.align	1
 114              		.global	DiffSignal_Stop
 115              		.syntax unified
 116              		.thumb
 117              		.thumb_func
 118              		.fpu softvfp
 120              	DiffSignal_Stop:
 121              	.LFB69:
  27:diff_signal/diff_signal.c **** 
  28:diff_signal/diff_signal.c **** void DiffSignal_Init(void)
  29:diff_signal/diff_signal.c **** {
  30:diff_signal/diff_signal.c ****     DiffSignal_Stop();
  31:diff_signal/diff_signal.c ****     // 启用微秒延迟模块
  32:diff_signal/diff_signal.c ****     HAL_GPIO_WritePin(GPIOA, GPIO_PIN_2, GPIO_PIN_RESET);
  33:diff_signal/diff_signal.c ****     HAL_GPIO_WritePin(GPIOC, GPIO_PIN_8, GPIO_PIN_RESET);
  34:diff_signal/diff_signal.c ****     DWT_Delay_Init();
  35:diff_signal/diff_signal.c **** }
  36:diff_signal/diff_signal.c **** 
  37:diff_signal/diff_signal.c **** void DiffSignal_Send(uint16_t duration_us)
  38:diff_signal/diff_signal.c **** {
  39:diff_signal/diff_signal.c ****     uint32_t arr1   = __HAL_TIM_GET_AUTORELOAD(&htim1);
  40:diff_signal/diff_signal.c ****     uint32_t pulse1 = (arr1 + 1) / 2;                 // 50% 占空比
  41:diff_signal/diff_signal.c **** 
  42:diff_signal/diff_signal.c ****     __HAL_TIM_SET_COMPARE(&htim1, TIM_CHANNEL_1, pulse1); // CH1 与 CH1N 同时受 CCR1 控制
  43:diff_signal/diff_signal.c **** 
  44:diff_signal/diff_signal.c ****     DWT_Delay_us(duration_us);
  45:diff_signal/diff_signal.c ****     DiffSignal_Stop();
  46:diff_signal/diff_signal.c **** }
  47:diff_signal/diff_signal.c **** 
  48:diff_signal/diff_signal.c **** void DiffSignal_Stop(void)
  49:diff_signal/diff_signal.c **** {
 122              		.loc 1 49 1 is_stmt 1 view -0
 123              		.cfi_startproc
ARM GAS  /tmp/cc6Hbd9V.s 			page 4


 124              		@ args = 0, pretend = 0, frame = 0
 125              		@ frame_needed = 0, uses_anonymous_args = 0
 126              		@ link register save eliminated.
  50:diff_signal/diff_signal.c ****     __HAL_TIM_SET_COMPARE(&htim1, TIM_CHANNEL_1, 0);  // 置 0% 占空比；CH1/CH1N 同时静默
 127              		.loc 1 50 5 view .LVU22
 128 0000 024B     		ldr	r3, .L9
 129 0002 1B68     		ldr	r3, [r3]
 130 0004 0022     		movs	r2, #0
 131 0006 5A63     		str	r2, [r3, #52]
  51:diff_signal/diff_signal.c **** }
 132              		.loc 1 51 1 is_stmt 0 view .LVU23
 133 0008 7047     		bx	lr
 134              	.L10:
 135 000a 00BF     		.align	2
 136              	.L9:
 137 000c 00000000 		.word	htim1
 138              		.cfi_endproc
 139              	.LFE69:
 141              		.section	.text.DiffSignal_Init,"ax",%progbits
 142              		.align	1
 143              		.global	DiffSignal_Init
 144              		.syntax unified
 145              		.thumb
 146              		.thumb_func
 147              		.fpu softvfp
 149              	DiffSignal_Init:
 150              	.LFB67:
  29:diff_signal/diff_signal.c ****     DiffSignal_Stop();
 151              		.loc 1 29 1 is_stmt 1 view -0
 152              		.cfi_startproc
 153              		@ args = 0, pretend = 0, frame = 0
 154              		@ frame_needed = 0, uses_anonymous_args = 0
 155 0000 08B5     		push	{r3, lr}
 156              	.LCFI0:
 157              		.cfi_def_cfa_offset 8
 158              		.cfi_offset 3, -8
 159              		.cfi_offset 14, -4
  30:diff_signal/diff_signal.c ****     // 启用微秒延迟模块
 160              		.loc 1 30 5 view .LVU25
 161 0002 FFF7FEFF 		bl	DiffSignal_Stop
 162              	.LVL3:
  32:diff_signal/diff_signal.c ****     HAL_GPIO_WritePin(GPIOC, GPIO_PIN_8, GPIO_PIN_RESET);
 163              		.loc 1 32 5 view .LVU26
 164 0006 0022     		movs	r2, #0
 165 0008 0421     		movs	r1, #4
 166 000a 0648     		ldr	r0, .L13
 167 000c FFF7FEFF 		bl	HAL_GPIO_WritePin
 168              	.LVL4:
  33:diff_signal/diff_signal.c ****     DWT_Delay_Init();
 169              		.loc 1 33 5 view .LVU27
 170 0010 0022     		movs	r2, #0
 171 0012 4FF48071 		mov	r1, #256
 172 0016 0448     		ldr	r0, .L13+4
 173 0018 FFF7FEFF 		bl	HAL_GPIO_WritePin
 174              	.LVL5:
  34:diff_signal/diff_signal.c **** }
 175              		.loc 1 34 5 view .LVU28
ARM GAS  /tmp/cc6Hbd9V.s 			page 5


 176 001c FFF7FEFF 		bl	DWT_Delay_Init
 177              	.LVL6:
  35:diff_signal/diff_signal.c **** 
 178              		.loc 1 35 1 is_stmt 0 view .LVU29
 179 0020 08BD     		pop	{r3, pc}
 180              	.L14:
 181 0022 00BF     		.align	2
 182              	.L13:
 183 0024 00080140 		.word	1073809408
 184 0028 00100140 		.word	1073811456
 185              		.cfi_endproc
 186              	.LFE67:
 188              		.section	.text.DiffSignal_Send,"ax",%progbits
 189              		.align	1
 190              		.global	DiffSignal_Send
 191              		.syntax unified
 192              		.thumb
 193              		.thumb_func
 194              		.fpu softvfp
 196              	DiffSignal_Send:
 197              	.LVL7:
 198              	.LFB68:
  38:diff_signal/diff_signal.c ****     uint32_t arr1   = __HAL_TIM_GET_AUTORELOAD(&htim1);
 199              		.loc 1 38 1 is_stmt 1 view -0
 200              		.cfi_startproc
 201              		@ args = 0, pretend = 0, frame = 0
 202              		@ frame_needed = 0, uses_anonymous_args = 0
  38:diff_signal/diff_signal.c ****     uint32_t arr1   = __HAL_TIM_GET_AUTORELOAD(&htim1);
 203              		.loc 1 38 1 is_stmt 0 view .LVU31
 204 0000 08B5     		push	{r3, lr}
 205              	.LCFI1:
 206              		.cfi_def_cfa_offset 8
 207              		.cfi_offset 3, -8
 208              		.cfi_offset 14, -4
  39:diff_signal/diff_signal.c ****     uint32_t pulse1 = (arr1 + 1) / 2;                 // 50% 占空比
 209              		.loc 1 39 5 is_stmt 1 view .LVU32
  39:diff_signal/diff_signal.c ****     uint32_t pulse1 = (arr1 + 1) / 2;                 // 50% 占空比
 210              		.loc 1 39 23 is_stmt 0 view .LVU33
 211 0002 054B     		ldr	r3, .L17
 212 0004 1A68     		ldr	r2, [r3]
  39:diff_signal/diff_signal.c ****     uint32_t pulse1 = (arr1 + 1) / 2;                 // 50% 占空比
 213              		.loc 1 39 14 view .LVU34
 214 0006 D36A     		ldr	r3, [r2, #44]
 215              	.LVL8:
  40:diff_signal/diff_signal.c **** 
 216              		.loc 1 40 5 is_stmt 1 view .LVU35
  40:diff_signal/diff_signal.c **** 
 217              		.loc 1 40 29 is_stmt 0 view .LVU36
 218 0008 0133     		adds	r3, r3, #1
 219              	.LVL9:
  40:diff_signal/diff_signal.c **** 
 220              		.loc 1 40 14 view .LVU37
 221 000a 5B08     		lsrs	r3, r3, #1
 222              	.LVL10:
  42:diff_signal/diff_signal.c **** 
 223              		.loc 1 42 5 is_stmt 1 view .LVU38
 224 000c 5363     		str	r3, [r2, #52]
ARM GAS  /tmp/cc6Hbd9V.s 			page 6


  44:diff_signal/diff_signal.c ****     DiffSignal_Stop();
 225              		.loc 1 44 5 view .LVU39
 226 000e FFF7FEFF 		bl	DWT_Delay_us
 227              	.LVL11:
  45:diff_signal/diff_signal.c **** }
 228              		.loc 1 45 5 view .LVU40
 229 0012 FFF7FEFF 		bl	DiffSignal_Stop
 230              	.LVL12:
  46:diff_signal/diff_signal.c **** 
 231              		.loc 1 46 1 is_stmt 0 view .LVU41
 232 0016 08BD     		pop	{r3, pc}
 233              	.L18:
 234              		.align	2
 235              	.L17:
 236 0018 00000000 		.word	htim1
 237              		.cfi_endproc
 238              	.LFE68:
 240              		.section	.text.DiffSignal_Senddata,"ax",%progbits
 241              		.align	1
 242              		.global	DiffSignal_Senddata
 243              		.syntax unified
 244              		.thumb
 245              		.thumb_func
 246              		.fpu softvfp
 248              	DiffSignal_Senddata:
 249              	.LVL13:
 250              	.LFB70:
  52:diff_signal/diff_signal.c **** 
  53:diff_signal/diff_signal.c **** void DiffSignal_Senddata(uint8_t *data, uint16_t length)
  54:diff_signal/diff_signal.c **** {
 251              		.loc 1 54 1 is_stmt 1 view -0
 252              		.cfi_startproc
 253              		@ args = 0, pretend = 0, frame = 0
 254              		@ frame_needed = 0, uses_anonymous_args = 0
 255              		.loc 1 54 1 is_stmt 0 view .LVU43
 256 0000 2DE9F041 		push	{r4, r5, r6, r7, r8, lr}
 257              	.LCFI2:
 258              		.cfi_def_cfa_offset 24
 259              		.cfi_offset 4, -24
 260              		.cfi_offset 5, -20
 261              		.cfi_offset 6, -16
 262              		.cfi_offset 7, -12
 263              		.cfi_offset 8, -8
 264              		.cfi_offset 14, -4
 265 0004 8046     		mov	r8, r0
 266 0006 0F46     		mov	r7, r1
  55:diff_signal/diff_signal.c ****     // 开启 TIM1 CH1 主路与互补路 CH1N
  56:diff_signal/diff_signal.c ****     HAL_TIM_PWM_Start(&htim1, TIM_CHANNEL_1);
 267              		.loc 1 56 5 is_stmt 1 view .LVU44
 268 0008 1B4C     		ldr	r4, .L29
 269 000a 0021     		movs	r1, #0
 270              	.LVL14:
 271              		.loc 1 56 5 is_stmt 0 view .LVU45
 272 000c 2046     		mov	r0, r4
 273              	.LVL15:
 274              		.loc 1 56 5 view .LVU46
 275 000e FFF7FEFF 		bl	HAL_TIM_PWM_Start
ARM GAS  /tmp/cc6Hbd9V.s 			page 7


 276              	.LVL16:
  57:diff_signal/diff_signal.c ****     HAL_TIMEx_PWMN_Start(&htim1, TIM_CHANNEL_1);
 277              		.loc 1 57 5 is_stmt 1 view .LVU47
 278 0012 0021     		movs	r1, #0
 279 0014 2046     		mov	r0, r4
 280 0016 FFF7FEFF 		bl	HAL_TIMEx_PWMN_Start
 281              	.LVL17:
  58:diff_signal/diff_signal.c **** 
  59:diff_signal/diff_signal.c ****     for (uint16_t i = 0; i < length; i++)
 282              		.loc 1 59 5 view .LVU48
 283              	.LBB2:
 284              		.loc 1 59 10 view .LVU49
 285              		.loc 1 59 19 is_stmt 0 view .LVU50
 286 001a 0026     		movs	r6, #0
 287              		.loc 1 59 5 view .LVU51
 288 001c 16E0     		b	.L20
 289              	.LVL18:
 290              	.L22:
 291              	.LBB3:
 292              	.LBB4:
  60:diff_signal/diff_signal.c ****     {
  61:diff_signal/diff_signal.c ****         uint8_t byte = data[i];
  62:diff_signal/diff_signal.c **** 
  63:diff_signal/diff_signal.c ****         // 起始位 0
  64:diff_signal/diff_signal.c ****         DWT_Delay_us(BIT_DURATION_US);
  65:diff_signal/diff_signal.c **** 
  66:diff_signal/diff_signal.c ****         for (int bit = 0; bit < 8; bit++)
  67:diff_signal/diff_signal.c ****         {
  68:diff_signal/diff_signal.c ****             if ((byte >> bit) & 0x01)
  69:diff_signal/diff_signal.c ****             {
  70:diff_signal/diff_signal.c ****                 DiffSignal_Send(BIT_DURATION_US);   // 输出一个比特时间的载波（CH1 与 
  71:diff_signal/diff_signal.c ****             }
  72:diff_signal/diff_signal.c ****             else
  73:diff_signal/diff_signal.c ****             {
  74:diff_signal/diff_signal.c ****                 DWT_Delay_us(BIT_DURATION_US);      // 空闲（0% 占空比）
 293              		.loc 1 74 17 is_stmt 1 view .LVU52
 294 001e 40F24130 		movw	r0, #833
 295 0022 FFF7FEFF 		bl	DWT_Delay_us
 296              	.LVL19:
 297              	.L23:
  66:diff_signal/diff_signal.c ****         {
 298              		.loc 1 66 36 discriminator 2 view .LVU53
  66:diff_signal/diff_signal.c ****         {
 299              		.loc 1 66 39 is_stmt 0 discriminator 2 view .LVU54
 300 0026 0134     		adds	r4, r4, #1
 301              	.LVL20:
 302              	.L21:
  66:diff_signal/diff_signal.c ****         {
 303              		.loc 1 66 27 is_stmt 1 discriminator 1 view .LVU55
  66:diff_signal/diff_signal.c ****         {
 304              		.loc 1 66 9 is_stmt 0 discriminator 1 view .LVU56
 305 0028 072C     		cmp	r4, #7
 306 002a 09DC     		bgt	.L27
  68:diff_signal/diff_signal.c ****             {
 307              		.loc 1 68 13 is_stmt 1 view .LVU57
  68:diff_signal/diff_signal.c ****             {
 308              		.loc 1 68 23 is_stmt 0 view .LVU58
ARM GAS  /tmp/cc6Hbd9V.s 			page 8


 309 002c 45FA04F3 		asr	r3, r5, r4
  68:diff_signal/diff_signal.c ****             {
 310              		.loc 1 68 16 view .LVU59
 311 0030 13F0010F 		tst	r3, #1
 312 0034 F3D0     		beq	.L22
  70:diff_signal/diff_signal.c ****             }
 313              		.loc 1 70 17 is_stmt 1 view .LVU60
 314 0036 40F24130 		movw	r0, #833
 315 003a FFF7FEFF 		bl	DiffSignal_Send
 316              	.LVL21:
 317 003e F2E7     		b	.L23
 318              	.L27:
 319              	.LBE4:
  75:diff_signal/diff_signal.c ****             }
  76:diff_signal/diff_signal.c ****         }
  77:diff_signal/diff_signal.c ****         // 停止位 1
  78:diff_signal/diff_signal.c ****         DiffSignal_Send(BIT_DURATION_US);
 320              		.loc 1 78 9 discriminator 2 view .LVU61
 321 0040 40F24130 		movw	r0, #833
 322 0044 FFF7FEFF 		bl	DiffSignal_Send
 323              	.LVL22:
 324              	.LBE3:
  59:diff_signal/diff_signal.c ****     {
 325              		.loc 1 59 38 discriminator 2 view .LVU62
  59:diff_signal/diff_signal.c ****     {
 326              		.loc 1 59 39 is_stmt 0 discriminator 2 view .LVU63
 327 0048 0136     		adds	r6, r6, #1
 328              	.LVL23:
  59:diff_signal/diff_signal.c ****     {
 329              		.loc 1 59 39 discriminator 2 view .LVU64
 330 004a B6B2     		uxth	r6, r6
 331              	.LVL24:
 332              	.L20:
  59:diff_signal/diff_signal.c ****     {
 333              		.loc 1 59 26 is_stmt 1 discriminator 1 view .LVU65
  59:diff_signal/diff_signal.c ****     {
 334              		.loc 1 59 5 is_stmt 0 discriminator 1 view .LVU66
 335 004c BE42     		cmp	r6, r7
 336 004e 07D2     		bcs	.L28
 337              	.LBB6:
  61:diff_signal/diff_signal.c **** 
 338              		.loc 1 61 9 is_stmt 1 view .LVU67
  61:diff_signal/diff_signal.c **** 
 339              		.loc 1 61 17 is_stmt 0 view .LVU68
 340 0050 18F80650 		ldrb	r5, [r8, r6]	@ zero_extendqisi2
 341              	.LVL25:
  64:diff_signal/diff_signal.c **** 
 342              		.loc 1 64 9 is_stmt 1 view .LVU69
 343 0054 40F24130 		movw	r0, #833
 344 0058 FFF7FEFF 		bl	DWT_Delay_us
 345              	.LVL26:
  66:diff_signal/diff_signal.c ****         {
 346              		.loc 1 66 9 view .LVU70
 347              	.LBB5:
  66:diff_signal/diff_signal.c ****         {
 348              		.loc 1 66 14 view .LVU71
  66:diff_signal/diff_signal.c ****         {
ARM GAS  /tmp/cc6Hbd9V.s 			page 9


 349              		.loc 1 66 18 is_stmt 0 view .LVU72
 350 005c 0024     		movs	r4, #0
  66:diff_signal/diff_signal.c ****         {
 351              		.loc 1 66 9 view .LVU73
 352 005e E3E7     		b	.L21
 353              	.LVL27:
 354              	.L28:
  66:diff_signal/diff_signal.c ****         {
 355              		.loc 1 66 9 view .LVU74
 356              	.LBE5:
 357              	.LBE6:
 358              	.LBE2:
  79:diff_signal/diff_signal.c ****     }
  80:diff_signal/diff_signal.c **** 
  81:diff_signal/diff_signal.c ****     // 全部发完后关闭互补与主通道
  82:diff_signal/diff_signal.c ****     HAL_TIM_PWM_Stop(&htim1, TIM_CHANNEL_1);
 359              		.loc 1 82 5 is_stmt 1 view .LVU75
 360 0060 054C     		ldr	r4, .L29
 361 0062 0021     		movs	r1, #0
 362 0064 2046     		mov	r0, r4
 363 0066 FFF7FEFF 		bl	HAL_TIM_PWM_Stop
 364              	.LVL28:
  83:diff_signal/diff_signal.c ****     HAL_TIMEx_PWMN_Stop(&htim1, TIM_CHANNEL_1);
 365              		.loc 1 83 5 view .LVU76
 366 006a 0021     		movs	r1, #0
 367 006c 2046     		mov	r0, r4
 368 006e FFF7FEFF 		bl	HAL_TIMEx_PWMN_Stop
 369              	.LVL29:
  84:diff_signal/diff_signal.c **** }
 370              		.loc 1 84 1 is_stmt 0 view .LVU77
 371 0072 BDE8F081 		pop	{r4, r5, r6, r7, r8, pc}
 372              	.LVL30:
 373              	.L30:
 374              		.loc 1 84 1 view .LVU78
 375 0076 00BF     		.align	2
 376              	.L29:
 377 0078 00000000 		.word	htim1
 378              		.cfi_endproc
 379              	.LFE70:
 381              		.text
 382              	.Letext0:
 383              		.file 2 "/opt/gcc-arm-none-eabi-9-2020-q2-update/arm-none-eabi/include/machine/_default_types.h"
 384              		.file 3 "/opt/gcc-arm-none-eabi-9-2020-q2-update/arm-none-eabi/include/sys/_stdint.h"
 385              		.file 4 "Drivers/CMSIS/Include/core_cm3.h"
 386              		.file 5 "Drivers/CMSIS/Device/ST/STM32F1xx/Include/system_stm32f1xx.h"
 387              		.file 6 "Drivers/CMSIS/Device/ST/STM32F1xx/Include/stm32f103xe.h"
 388              		.file 7 "Drivers/CMSIS/Device/ST/STM32F1xx/Include/stm32f1xx.h"
 389              		.file 8 "Drivers/STM32F1xx_HAL_Driver/Inc/stm32f1xx_hal_def.h"
 390              		.file 9 "Drivers/STM32F1xx_HAL_Driver/Inc/stm32f1xx_hal_gpio.h"
 391              		.file 10 "Drivers/STM32F1xx_HAL_Driver/Inc/stm32f1xx_hal_dma.h"
 392              		.file 11 "Drivers/STM32F1xx_HAL_Driver/Inc/stm32f1xx_hal_adc.h"
 393              		.file 12 "Drivers/STM32F1xx_HAL_Driver/Inc/stm32f1xx_hal_tim.h"
 394              		.file 13 "Drivers/STM32F1xx_HAL_Driver/Inc/stm32f1xx_hal.h"
 395              		.file 14 "Core/Inc/tim.h"
 396              		.file 15 "/opt/gcc-arm-none-eabi-9-2020-q2-update/lib/gcc/arm-none-eabi/9.3.1/include/stddef.h"
 397              		.file 16 "/opt/gcc-arm-none-eabi-9-2020-q2-update/arm-none-eabi/include/sys/_types.h"
 398              		.file 17 "/opt/gcc-arm-none-eabi-9-2020-q2-update/arm-none-eabi/include/sys/reent.h"
ARM GAS  /tmp/cc6Hbd9V.s 			page 10


 399              		.file 18 "/opt/gcc-arm-none-eabi-9-2020-q2-update/arm-none-eabi/include/sys/lock.h"
 400              		.file 19 "/opt/gcc-arm-none-eabi-9-2020-q2-update/arm-none-eabi/include/stdlib.h"
 401              		.file 20 "diff_signal/diff_signal_rx.h"
 402              		.file 21 "Drivers/STM32F1xx_HAL_Driver/Inc/stm32f1xx_hal_tim_ex.h"
ARM GAS  /tmp/cc6Hbd9V.s 			page 11


DEFINED SYMBOLS
                            *ABS*:0000000000000000 diff_signal.c
     /tmp/cc6Hbd9V.s:16     .text.DWT_Delay_Init:0000000000000000 $t
     /tmp/cc6Hbd9V.s:24     .text.DWT_Delay_Init:0000000000000000 DWT_Delay_Init
     /tmp/cc6Hbd9V.s:53     .text.DWT_Delay_Init:000000000000001c $d
     /tmp/cc6Hbd9V.s:59     .text.DWT_Delay_us:0000000000000000 $t
     /tmp/cc6Hbd9V.s:66     .text.DWT_Delay_us:0000000000000000 DWT_Delay_us
     /tmp/cc6Hbd9V.s:106    .text.DWT_Delay_us:0000000000000020 $d
     /tmp/cc6Hbd9V.s:113    .text.DiffSignal_Stop:0000000000000000 $t
     /tmp/cc6Hbd9V.s:120    .text.DiffSignal_Stop:0000000000000000 DiffSignal_Stop
     /tmp/cc6Hbd9V.s:137    .text.DiffSignal_Stop:000000000000000c $d
     /tmp/cc6Hbd9V.s:142    .text.DiffSignal_Init:0000000000000000 $t
     /tmp/cc6Hbd9V.s:149    .text.DiffSignal_Init:0000000000000000 DiffSignal_Init
     /tmp/cc6Hbd9V.s:183    .text.DiffSignal_Init:0000000000000024 $d
     /tmp/cc6Hbd9V.s:189    .text.DiffSignal_Send:0000000000000000 $t
     /tmp/cc6Hbd9V.s:196    .text.DiffSignal_Send:0000000000000000 DiffSignal_Send
     /tmp/cc6Hbd9V.s:236    .text.DiffSignal_Send:0000000000000018 $d
     /tmp/cc6Hbd9V.s:241    .text.DiffSignal_Senddata:0000000000000000 $t
     /tmp/cc6Hbd9V.s:248    .text.DiffSignal_Senddata:0000000000000000 DiffSignal_Senddata
     /tmp/cc6Hbd9V.s:377    .text.DiffSignal_Senddata:0000000000000078 $d

UNDEFINED SYMBOLS
SystemCoreClock
htim1
HAL_GPIO_WritePin
HAL_TIM_PWM_Start
HAL_TIMEx_PWMN_Start
HAL_TIM_PWM_Stop
HAL_TIMEx_PWMN_Stop
