ARM GAS  /tmp/ccQ4dhrD.s 			page 1


   1              		.cpu cortex-m3
   2              		.eabi_attribute 20, 1
   3              		.eabi_attribute 21, 1
   4              		.eabi_attribute 23, 3
   5              		.eabi_attribute 24, 1
   6              		.eabi_attribute 25, 1
   7              		.eabi_attribute 26, 1
   8              		.eabi_attribute 30, 1
   9              		.eabi_attribute 34, 1
  10              		.eabi_attribute 18, 4
  11              		.file	"diff_signal_rx.c"
  12              		.text
  13              	.Ltext0:
  14              		.cfi_sections	.debug_frame
  15              		.section	.text.DiffSignal_RX_Init,"ax",%progbits
  16              		.align	1
  17              		.global	DiffSignal_RX_Init
  18              		.arch armv7-m
  19              		.syntax unified
  20              		.thumb
  21              		.thumb_func
  22              		.fpu softvfp
  24              	DiffSignal_RX_Init:
  25              	.LFB65:
  26              		.file 1 "diff_signal/diff_signal_rx.c"
   1:diff_signal/diff_signal_rx.c **** #include "diff_signal_rx.h"
   2:diff_signal/diff_signal_rx.c **** #include "stm32f1xx_hal.h"
   3:diff_signal/diff_signal_rx.c **** #include "stm32f1xx_hal_adc.h"
   4:diff_signal/diff_signal_rx.c **** #include "stm32f1xx_it.h"
   5:diff_signal/diff_signal_rx.c **** // 你的 DWT 延时初始化，保证 DWT->CYCCNT 可用
   6:diff_signal/diff_signal_rx.c **** extern void DWT_Delay_Init(void);
   7:diff_signal/diff_signal_rx.c **** extern void DWT_Delay_us(uint32_t us);
   8:diff_signal/diff_signal_rx.c **** 
   9:diff_signal/diff_signal_rx.c **** #define DIFF_PIN        GPIO_PIN_1
  10:diff_signal/diff_signal_rx.c **** #define DIFF_PORT       GPIOA
  11:diff_signal/diff_signal_rx.c **** 
  12:diff_signal/diff_signal_rx.c **** #define DIFF_THRESHOLD  2000  // 如果你要比较ADC值，可改此阈值
  13:diff_signal/diff_signal_rx.c **** 
  14:diff_signal/diff_signal_rx.c **** TIM_HandleTypeDef htim2;
  15:diff_signal/diff_signal_rx.c **** ADC_HandleTypeDef hadc1;
  16:diff_signal/diff_signal_rx.c **** static uint8_t recv_byte;
  17:diff_signal/diff_signal_rx.c **** static uint8_t bit_cnt;
  18:diff_signal/diff_signal_rx.c **** 
  19:diff_signal/diff_signal_rx.c **** //    ----------------- 初始化 -----------------
  20:diff_signal/diff_signal_rx.c **** void DiffSignal_RX_Init(void)
  21:diff_signal/diff_signal_rx.c **** {
  27              		.loc 1 21 1 view -0
  28              		.cfi_startproc
  29              		@ args = 0, pretend = 0, frame = 48
  30              		@ frame_needed = 0, uses_anonymous_args = 0
  31 0000 70B5     		push	{r4, r5, r6, lr}
  32              	.LCFI0:
  33              		.cfi_def_cfa_offset 16
  34              		.cfi_offset 4, -16
  35              		.cfi_offset 5, -12
  36              		.cfi_offset 6, -8
  37              		.cfi_offset 14, -4
ARM GAS  /tmp/ccQ4dhrD.s 			page 2


  38 0002 8CB0     		sub	sp, sp, #48
  39              	.LCFI1:
  40              		.cfi_def_cfa_offset 64
  22:diff_signal/diff_signal_rx.c ****     // 1) DWT 初始化
  23:diff_signal/diff_signal_rx.c ****     DWT_Delay_Init();
  41              		.loc 1 23 5 view .LVU1
  42 0004 FFF7FEFF 		bl	DWT_Delay_Init
  43              	.LVL0:
  24:diff_signal/diff_signal_rx.c **** 
  25:diff_signal/diff_signal_rx.c ****     // 2) PA1 EXTI 下降沿触发（起始位）
  26:diff_signal/diff_signal_rx.c ****     __HAL_RCC_GPIOA_CLK_ENABLE();
  44              		.loc 1 26 5 view .LVU2
  45              	.LBB2:
  46              		.loc 1 26 5 view .LVU3
  47              		.loc 1 26 5 view .LVU4
  48 0008 3B4D     		ldr	r5, .L3
  49 000a AB69     		ldr	r3, [r5, #24]
  50 000c 43F00403 		orr	r3, r3, #4
  51 0010 AB61     		str	r3, [r5, #24]
  52              		.loc 1 26 5 view .LVU5
  53 0012 AB69     		ldr	r3, [r5, #24]
  54 0014 03F00403 		and	r3, r3, #4
  55 0018 0193     		str	r3, [sp, #4]
  56              		.loc 1 26 5 view .LVU6
  57 001a 019B     		ldr	r3, [sp, #4]
  58              	.LBE2:
  59              		.loc 1 26 5 view .LVU7
  27:diff_signal/diff_signal_rx.c ****     __HAL_RCC_AFIO_CLK_ENABLE();
  60              		.loc 1 27 5 view .LVU8
  61              	.LBB3:
  62              		.loc 1 27 5 view .LVU9
  63              		.loc 1 27 5 view .LVU10
  64 001c AB69     		ldr	r3, [r5, #24]
  65 001e 43F00103 		orr	r3, r3, #1
  66 0022 AB61     		str	r3, [r5, #24]
  67              		.loc 1 27 5 view .LVU11
  68 0024 AB69     		ldr	r3, [r5, #24]
  69 0026 03F00103 		and	r3, r3, #1
  70 002a 0293     		str	r3, [sp, #8]
  71              		.loc 1 27 5 view .LVU12
  72 002c 029B     		ldr	r3, [sp, #8]
  73              	.LBE3:
  74              		.loc 1 27 5 view .LVU13
  28:diff_signal/diff_signal_rx.c ****     GPIO_InitTypeDef gp = {0};
  75              		.loc 1 28 5 view .LVU14
  76              		.loc 1 28 22 is_stmt 0 view .LVU15
  77 002e 0024     		movs	r4, #0
  78 0030 0B94     		str	r4, [sp, #44]
  29:diff_signal/diff_signal_rx.c ****     gp.Pin  = DIFF_PIN;
  79              		.loc 1 29 5 is_stmt 1 view .LVU16
  80              		.loc 1 29 13 is_stmt 0 view .LVU17
  81 0032 0223     		movs	r3, #2
  82 0034 0893     		str	r3, [sp, #32]
  30:diff_signal/diff_signal_rx.c ****     gp.Mode = GPIO_MODE_IT_FALLING;
  83              		.loc 1 30 5 is_stmt 1 view .LVU18
  84              		.loc 1 30 13 is_stmt 0 view .LVU19
  85 0036 314B     		ldr	r3, .L3+4
ARM GAS  /tmp/ccQ4dhrD.s 			page 3


  86 0038 0993     		str	r3, [sp, #36]
  31:diff_signal/diff_signal_rx.c ****     gp.Pull = GPIO_NOPULL;
  87              		.loc 1 31 5 is_stmt 1 view .LVU20
  88              		.loc 1 31 13 is_stmt 0 view .LVU21
  89 003a 0A94     		str	r4, [sp, #40]
  32:diff_signal/diff_signal_rx.c ****     HAL_GPIO_Init(DIFF_PORT, &gp);
  90              		.loc 1 32 5 is_stmt 1 view .LVU22
  91 003c 08A9     		add	r1, sp, #32
  92 003e 3048     		ldr	r0, .L3+8
  93 0040 FFF7FEFF 		bl	HAL_GPIO_Init
  94              	.LVL1:
  33:diff_signal/diff_signal_rx.c ****     HAL_NVIC_SetPriority(EXTI1_IRQn, 1, 0);
  95              		.loc 1 33 5 view .LVU23
  96 0044 2246     		mov	r2, r4
  97 0046 0121     		movs	r1, #1
  98 0048 0720     		movs	r0, #7
  99 004a FFF7FEFF 		bl	HAL_NVIC_SetPriority
 100              	.LVL2:
  34:diff_signal/diff_signal_rx.c ****     HAL_NVIC_EnableIRQ(EXTI1_IRQn);
 101              		.loc 1 34 5 view .LVU24
 102 004e 0720     		movs	r0, #7
 103 0050 FFF7FEFF 		bl	HAL_NVIC_EnableIRQ
 104              	.LVL3:
  35:diff_signal/diff_signal_rx.c **** 
  36:diff_signal/diff_signal_rx.c ****     // 3) TIM2 初始化，用于定时采样
  37:diff_signal/diff_signal_rx.c ****     __HAL_RCC_TIM2_CLK_ENABLE();
 105              		.loc 1 37 5 view .LVU25
 106              	.LBB4:
 107              		.loc 1 37 5 view .LVU26
 108              		.loc 1 37 5 view .LVU27
 109 0054 EB69     		ldr	r3, [r5, #28]
 110 0056 43F00103 		orr	r3, r3, #1
 111 005a EB61     		str	r3, [r5, #28]
 112              		.loc 1 37 5 view .LVU28
 113 005c EB69     		ldr	r3, [r5, #28]
 114 005e 03F00103 		and	r3, r3, #1
 115 0062 0393     		str	r3, [sp, #12]
 116              		.loc 1 37 5 view .LVU29
 117 0064 039B     		ldr	r3, [sp, #12]
 118              	.LBE4:
 119              		.loc 1 37 5 view .LVU30
  38:diff_signal/diff_signal_rx.c ****     htim2.Instance           = TIM2;
 120              		.loc 1 38 5 view .LVU31
 121              		.loc 1 38 30 is_stmt 0 view .LVU32
 122 0066 2748     		ldr	r0, .L3+12
 123 0068 4FF08043 		mov	r3, #1073741824
 124 006c 0360     		str	r3, [r0]
  39:diff_signal/diff_signal_rx.c ****     htim2.Init.Prescaler     = (SystemCoreClock/1000000) - 1; // 1MHz
 125              		.loc 1 39 5 is_stmt 1 view .LVU33
 126              		.loc 1 39 48 is_stmt 0 view .LVU34
 127 006e 264B     		ldr	r3, .L3+16
 128 0070 1B68     		ldr	r3, [r3]
 129 0072 264A     		ldr	r2, .L3+20
 130 0074 A2FB0323 		umull	r2, r3, r2, r3
 131 0078 9B0C     		lsrs	r3, r3, #18
 132              		.loc 1 39 58 view .LVU35
 133 007a 013B     		subs	r3, r3, #1
ARM GAS  /tmp/ccQ4dhrD.s 			page 4


 134              		.loc 1 39 30 view .LVU36
 135 007c 4360     		str	r3, [r0, #4]
  40:diff_signal/diff_signal_rx.c ****     htim2.Init.CounterMode   = TIM_COUNTERMODE_UP;
 136              		.loc 1 40 5 is_stmt 1 view .LVU37
 137              		.loc 1 40 30 is_stmt 0 view .LVU38
 138 007e 8460     		str	r4, [r0, #8]
  41:diff_signal/diff_signal_rx.c ****     htim2.Init.Period        = BIT_DURATION_US - 1;
 139              		.loc 1 41 5 is_stmt 1 view .LVU39
 140              		.loc 1 41 30 is_stmt 0 view .LVU40
 141 0080 CF23     		movs	r3, #207
 142 0082 C360     		str	r3, [r0, #12]
  42:diff_signal/diff_signal_rx.c ****     htim2.Init.ClockDivision = TIM_CLOCKDIVISION_DIV1;
 143              		.loc 1 42 5 is_stmt 1 view .LVU41
 144              		.loc 1 42 30 is_stmt 0 view .LVU42
 145 0084 0461     		str	r4, [r0, #16]
  43:diff_signal/diff_signal_rx.c ****     HAL_TIM_Base_Init(&htim2);
 146              		.loc 1 43 5 is_stmt 1 view .LVU43
 147 0086 FFF7FEFF 		bl	HAL_TIM_Base_Init
 148              	.LVL4:
  44:diff_signal/diff_signal_rx.c ****     HAL_NVIC_SetPriority(TIM2_IRQn, 1, 0);
 149              		.loc 1 44 5 view .LVU44
 150 008a 2246     		mov	r2, r4
 151 008c 0121     		movs	r1, #1
 152 008e 1C20     		movs	r0, #28
 153 0090 FFF7FEFF 		bl	HAL_NVIC_SetPriority
 154              	.LVL5:
  45:diff_signal/diff_signal_rx.c ****     HAL_NVIC_EnableIRQ(TIM2_IRQn);
 155              		.loc 1 45 5 view .LVU45
 156 0094 1C20     		movs	r0, #28
 157 0096 FFF7FEFF 		bl	HAL_NVIC_EnableIRQ
 158              	.LVL6:
  46:diff_signal/diff_signal_rx.c **** 
  47:diff_signal/diff_signal_rx.c ****     // 4) ADC1 初始化，软件触发模式，单次转换+中断
  48:diff_signal/diff_signal_rx.c ****     __HAL_RCC_ADC1_CLK_ENABLE();
 159              		.loc 1 48 5 view .LVU46
 160              	.LBB5:
 161              		.loc 1 48 5 view .LVU47
 162              		.loc 1 48 5 view .LVU48
 163 009a AB69     		ldr	r3, [r5, #24]
 164 009c 43F40073 		orr	r3, r3, #512
 165 00a0 AB61     		str	r3, [r5, #24]
 166              		.loc 1 48 5 view .LVU49
 167 00a2 AB69     		ldr	r3, [r5, #24]
 168 00a4 03F40073 		and	r3, r3, #512
 169 00a8 0493     		str	r3, [sp, #16]
 170              		.loc 1 48 5 view .LVU50
 171 00aa 049B     		ldr	r3, [sp, #16]
 172              	.LBE5:
 173              		.loc 1 48 5 view .LVU51
  49:diff_signal/diff_signal_rx.c ****     hadc1.Instance                   = ADC1;
 174              		.loc 1 49 5 view .LVU52
 175              		.loc 1 49 38 is_stmt 0 view .LVU53
 176 00ac 184D     		ldr	r5, .L3+24
 177 00ae 194B     		ldr	r3, .L3+28
 178 00b0 2B60     		str	r3, [r5]
  50:diff_signal/diff_signal_rx.c ****     hadc1.Init.ScanConvMode          = ADC_SCAN_DISABLE;
 179              		.loc 1 50 5 is_stmt 1 view .LVU54
ARM GAS  /tmp/ccQ4dhrD.s 			page 5


 180              		.loc 1 50 38 is_stmt 0 view .LVU55
 181 00b2 AC60     		str	r4, [r5, #8]
  51:diff_signal/diff_signal_rx.c ****     hadc1.Init.ContinuousConvMode    = DISABLE;
 182              		.loc 1 51 5 is_stmt 1 view .LVU56
 183              		.loc 1 51 38 is_stmt 0 view .LVU57
 184 00b4 2C73     		strb	r4, [r5, #12]
  52:diff_signal/diff_signal_rx.c ****     hadc1.Init.DiscontinuousConvMode = DISABLE;
 185              		.loc 1 52 5 is_stmt 1 view .LVU58
 186              		.loc 1 52 38 is_stmt 0 view .LVU59
 187 00b6 2C75     		strb	r4, [r5, #20]
  53:diff_signal/diff_signal_rx.c ****     hadc1.Init.ExternalTrigConv      = ADC_SOFTWARE_START;  // 软件触发
 188              		.loc 1 53 5 is_stmt 1 view .LVU60
 189              		.loc 1 53 38 is_stmt 0 view .LVU61
 190 00b8 4FF46023 		mov	r3, #917504
 191 00bc EB61     		str	r3, [r5, #28]
  54:diff_signal/diff_signal_rx.c ****     hadc1.Init.DataAlign             = ADC_DATAALIGN_RIGHT;
 192              		.loc 1 54 5 is_stmt 1 view .LVU62
 193              		.loc 1 54 38 is_stmt 0 view .LVU63
 194 00be 6C60     		str	r4, [r5, #4]
  55:diff_signal/diff_signal_rx.c ****     hadc1.Init.NbrOfConversion       = 1;
 195              		.loc 1 55 5 is_stmt 1 view .LVU64
 196              		.loc 1 55 38 is_stmt 0 view .LVU65
 197 00c0 0126     		movs	r6, #1
 198 00c2 2E61     		str	r6, [r5, #16]
  56:diff_signal/diff_signal_rx.c ****     HAL_ADC_Init(&hadc1);
 199              		.loc 1 56 5 is_stmt 1 view .LVU66
 200 00c4 2846     		mov	r0, r5
 201 00c6 FFF7FEFF 		bl	HAL_ADC_Init
 202              	.LVL7:
  57:diff_signal/diff_signal_rx.c ****     ADC_ChannelConfTypeDef cfg = {0};
 203              		.loc 1 57 5 view .LVU67
  58:diff_signal/diff_signal_rx.c ****     cfg.Channel      = ADC_CHANNEL_1; // PA1
 204              		.loc 1 58 5 view .LVU68
 205              		.loc 1 58 22 is_stmt 0 view .LVU69
 206 00ca 0596     		str	r6, [sp, #20]
  59:diff_signal/diff_signal_rx.c ****     cfg.Rank         = ADC_REGULAR_RANK_1;
 207              		.loc 1 59 5 is_stmt 1 view .LVU70
 208              		.loc 1 59 22 is_stmt 0 view .LVU71
 209 00cc 0696     		str	r6, [sp, #24]
  60:diff_signal/diff_signal_rx.c ****     cfg.SamplingTime = ADC_SAMPLETIME_1CYCLE_5;
 210              		.loc 1 60 5 is_stmt 1 view .LVU72
 211              		.loc 1 60 22 is_stmt 0 view .LVU73
 212 00ce 0794     		str	r4, [sp, #28]
  61:diff_signal/diff_signal_rx.c ****     HAL_ADC_ConfigChannel(&hadc1, &cfg);
 213              		.loc 1 61 5 is_stmt 1 view .LVU74
 214 00d0 05A9     		add	r1, sp, #20
 215 00d2 2846     		mov	r0, r5
 216 00d4 FFF7FEFF 		bl	HAL_ADC_ConfigChannel
 217              	.LVL8:
  62:diff_signal/diff_signal_rx.c ****     __HAL_ADC_ENABLE_IT(&hadc1, ADC_IT_EOC);
 218              		.loc 1 62 5 view .LVU75
 219 00d8 2A68     		ldr	r2, [r5]
 220 00da 5368     		ldr	r3, [r2, #4]
 221 00dc 43F02003 		orr	r3, r3, #32
 222 00e0 5360     		str	r3, [r2, #4]
  63:diff_signal/diff_signal_rx.c ****     HAL_NVIC_SetPriority(ADC1_2_IRQn, 1, 0);
 223              		.loc 1 63 5 view .LVU76
ARM GAS  /tmp/ccQ4dhrD.s 			page 6


 224 00e2 2246     		mov	r2, r4
 225 00e4 3146     		mov	r1, r6
 226 00e6 1220     		movs	r0, #18
 227 00e8 FFF7FEFF 		bl	HAL_NVIC_SetPriority
 228              	.LVL9:
  64:diff_signal/diff_signal_rx.c ****     HAL_NVIC_EnableIRQ(ADC1_2_IRQn);
 229              		.loc 1 64 5 view .LVU77
 230 00ec 1220     		movs	r0, #18
 231 00ee FFF7FEFF 		bl	HAL_NVIC_EnableIRQ
 232              	.LVL10:
  65:diff_signal/diff_signal_rx.c **** }
 233              		.loc 1 65 1 is_stmt 0 view .LVU78
 234 00f2 0CB0     		add	sp, sp, #48
 235              	.LCFI2:
 236              		.cfi_def_cfa_offset 16
 237              		@ sp needed
 238 00f4 70BD     		pop	{r4, r5, r6, pc}
 239              	.L4:
 240 00f6 00BF     		.align	2
 241              	.L3:
 242 00f8 00100240 		.word	1073876992
 243 00fc 00002110 		.word	270598144
 244 0100 00080140 		.word	1073809408
 245 0104 00000000 		.word	htim2
 246 0108 00000000 		.word	SystemCoreClock
 247 010c 83DE1B43 		.word	1125899907
 248 0110 00000000 		.word	hadc1
 249 0114 00240140 		.word	1073816576
 250              		.cfi_endproc
 251              	.LFE65:
 253              		.section	.text.HAL_GPIO_EXTI_Callback,"ax",%progbits
 254              		.align	1
 255              		.global	HAL_GPIO_EXTI_Callback
 256              		.syntax unified
 257              		.thumb
 258              		.thumb_func
 259              		.fpu softvfp
 261              	HAL_GPIO_EXTI_Callback:
 262              	.LVL11:
 263              	.LFB66:
  66:diff_signal/diff_signal_rx.c **** 
  67:diff_signal/diff_signal_rx.c **** // ----------------- EXTI 回调（起始位到达） -----------------
  68:diff_signal/diff_signal_rx.c **** void HAL_GPIO_EXTI_Callback(uint16_t GPIO_Pin)
  69:diff_signal/diff_signal_rx.c **** {
 264              		.loc 1 69 1 is_stmt 1 view -0
 265              		.cfi_startproc
 266              		@ args = 0, pretend = 0, frame = 0
 267              		@ frame_needed = 0, uses_anonymous_args = 0
  70:diff_signal/diff_signal_rx.c ****     if (GPIO_Pin != DIFF_PIN) return;
 268              		.loc 1 70 5 view .LVU80
 269              		.loc 1 70 8 is_stmt 0 view .LVU81
 270 0000 0228     		cmp	r0, #2
 271 0002 00D0     		beq	.L11
 272 0004 7047     		bx	lr
 273              	.L11:
  69:diff_signal/diff_signal_rx.c ****     if (GPIO_Pin != DIFF_PIN) return;
 274              		.loc 1 69 1 view .LVU82
ARM GAS  /tmp/ccQ4dhrD.s 			page 7


 275 0006 08B5     		push	{r3, lr}
 276              	.LCFI3:
 277              		.cfi_def_cfa_offset 8
 278              		.cfi_offset 3, -8
 279              		.cfi_offset 14, -4
  71:diff_signal/diff_signal_rx.c **** 
  72:diff_signal/diff_signal_rx.c ****     // 重置字节和位计数
  73:diff_signal/diff_signal_rx.c ****     recv_byte = 0;
 280              		.loc 1 73 5 is_stmt 1 view .LVU83
 281              		.loc 1 73 15 is_stmt 0 view .LVU84
 282 0008 0023     		movs	r3, #0
 283 000a 064A     		ldr	r2, .L12
 284 000c 1370     		strb	r3, [r2]
  74:diff_signal/diff_signal_rx.c ****     bit_cnt   = 0;
 285              		.loc 1 74 5 is_stmt 1 view .LVU85
 286              		.loc 1 74 15 is_stmt 0 view .LVU86
 287 000e 064A     		ldr	r2, .L12+4
 288 0010 1370     		strb	r3, [r2]
  75:diff_signal/diff_signal_rx.c **** 
  76:diff_signal/diff_signal_rx.c ****     // 启动 TIM2，进入定时中断
  77:diff_signal/diff_signal_rx.c ****     __HAL_TIM_CLEAR_FLAG(&htim2, TIM_FLAG_UPDATE);
 289              		.loc 1 77 5 is_stmt 1 view .LVU87
 290 0012 0648     		ldr	r0, .L12+8
 291              	.LVL12:
 292              		.loc 1 77 5 is_stmt 0 view .LVU88
 293 0014 0368     		ldr	r3, [r0]
 294 0016 6FF00102 		mvn	r2, #1
 295 001a 1A61     		str	r2, [r3, #16]
  78:diff_signal/diff_signal_rx.c ****     HAL_TIM_Base_Start_IT(&htim2);
 296              		.loc 1 78 5 is_stmt 1 view .LVU89
 297 001c FFF7FEFF 		bl	HAL_TIM_Base_Start_IT
 298              	.LVL13:
  79:diff_signal/diff_signal_rx.c **** }
 299              		.loc 1 79 1 is_stmt 0 view .LVU90
 300 0020 08BD     		pop	{r3, pc}
 301              	.L13:
 302 0022 00BF     		.align	2
 303              	.L12:
 304 0024 00000000 		.word	.LANCHOR0
 305 0028 00000000 		.word	.LANCHOR1
 306 002c 00000000 		.word	htim2
 307              		.cfi_endproc
 308              	.LFE66:
 310              		.section	.text.HAL_ADC_ConvCpltCallback,"ax",%progbits
 311              		.align	1
 312              		.global	HAL_ADC_ConvCpltCallback
 313              		.syntax unified
 314              		.thumb
 315              		.thumb_func
 316              		.fpu softvfp
 318              	HAL_ADC_ConvCpltCallback:
 319              	.LVL14:
 320              	.LFB67:
  80:diff_signal/diff_signal_rx.c **** 
  81:diff_signal/diff_signal_rx.c **** 
  82:diff_signal/diff_signal_rx.c **** // ----------------- ADC 转换完成回调：收集一位 -----------------
  83:diff_signal/diff_signal_rx.c **** void HAL_ADC_ConvCpltCallback(ADC_HandleTypeDef *hadc)
ARM GAS  /tmp/ccQ4dhrD.s 			page 8


  84:diff_signal/diff_signal_rx.c **** {
 321              		.loc 1 84 1 is_stmt 1 view -0
 322              		.cfi_startproc
 323              		@ args = 0, pretend = 0, frame = 0
 324              		@ frame_needed = 0, uses_anonymous_args = 0
  85:diff_signal/diff_signal_rx.c ****     if (hadc->Instance != ADC1) return;
 325              		.loc 1 85 5 view .LVU92
 326              		.loc 1 85 13 is_stmt 0 view .LVU93
 327 0000 0268     		ldr	r2, [r0]
 328              		.loc 1 85 8 view .LVU94
 329 0002 0F4B     		ldr	r3, .L22
 330 0004 9A42     		cmp	r2, r3
 331 0006 00D0     		beq	.L20
 332 0008 7047     		bx	lr
 333              	.L20:
  84:diff_signal/diff_signal_rx.c ****     if (hadc->Instance != ADC1) return;
 334              		.loc 1 84 1 view .LVU95
 335 000a 10B5     		push	{r4, lr}
 336              	.LCFI4:
 337              		.cfi_def_cfa_offset 8
 338              		.cfi_offset 4, -8
 339              		.cfi_offset 14, -4
  86:diff_signal/diff_signal_rx.c **** 
  87:diff_signal/diff_signal_rx.c ****     uint16_t v = HAL_ADC_GetValue(hadc);
 340              		.loc 1 87 5 is_stmt 1 view .LVU96
 341              		.loc 1 87 18 is_stmt 0 view .LVU97
 342 000c FFF7FEFF 		bl	HAL_ADC_GetValue
 343              	.LVL15:
 344              		.loc 1 87 14 view .LVU98
 345 0010 80B2     		uxth	r0, r0
 346              	.LVL16:
  88:diff_signal/diff_signal_rx.c ****     uint8_t bit = (v > DIFF_THRESHOLD) ? 1 : 0;
 347              		.loc 1 88 5 is_stmt 1 view .LVU99
 348              		.loc 1 88 44 is_stmt 0 view .LVU100
 349 0012 B0F5FA6F 		cmp	r0, #2000
 350 0016 94BF     		ite	ls
 351 0018 0020     		movls	r0, #0
 352              	.LVL17:
 353              		.loc 1 88 44 view .LVU101
 354 001a 0120     		movhi	r0, #1
 355              	.LVL18:
  89:diff_signal/diff_signal_rx.c ****     recv_byte |= (bit << bit_cnt);
 356              		.loc 1 89 5 is_stmt 1 view .LVU102
 357              		.loc 1 89 23 is_stmt 0 view .LVU103
 358 001c 0949     		ldr	r1, .L22+4
 359 001e 0B78     		ldrb	r3, [r1]	@ zero_extendqisi2
 360 0020 9840     		lsls	r0, r0, r3
 361              	.LVL19:
 362              		.loc 1 89 15 view .LVU104
 363 0022 094C     		ldr	r4, .L22+8
 364 0024 2278     		ldrb	r2, [r4]	@ zero_extendqisi2
 365 0026 1043     		orrs	r0, r0, r2
 366 0028 2070     		strb	r0, [r4]
  90:diff_signal/diff_signal_rx.c ****     bit_cnt++;
 367              		.loc 1 90 5 is_stmt 1 view .LVU105
 368              		.loc 1 90 12 is_stmt 0 view .LVU106
 369 002a 0133     		adds	r3, r3, #1
ARM GAS  /tmp/ccQ4dhrD.s 			page 9


 370 002c DBB2     		uxtb	r3, r3
 371 002e 0B70     		strb	r3, [r1]
  91:diff_signal/diff_signal_rx.c **** 
  92:diff_signal/diff_signal_rx.c ****     if (bit_cnt >= 8)
 372              		.loc 1 92 5 is_stmt 1 view .LVU107
 373              		.loc 1 92 8 is_stmt 0 view .LVU108
 374 0030 072B     		cmp	r3, #7
 375              		.loc 1 92 8 view .LVU109
 376 0032 00D8     		bhi	.L21
 377              	.L14:
  93:diff_signal/diff_signal_rx.c ****     {
  94:diff_signal/diff_signal_rx.c ****         // 收满 8 位：停止定时，回调处理
  95:diff_signal/diff_signal_rx.c ****         HAL_TIM_Base_Stop_IT(&htim2);
  96:diff_signal/diff_signal_rx.c ****         DiffSignal_Frame_Handler(recv_byte);
  97:diff_signal/diff_signal_rx.c ****     }
  98:diff_signal/diff_signal_rx.c **** }
 378              		.loc 1 98 1 view .LVU110
 379 0034 10BD     		pop	{r4, pc}
 380              	.L21:
  95:diff_signal/diff_signal_rx.c ****         DiffSignal_Frame_Handler(recv_byte);
 381              		.loc 1 95 9 is_stmt 1 view .LVU111
 382 0036 0548     		ldr	r0, .L22+12
 383 0038 FFF7FEFF 		bl	HAL_TIM_Base_Stop_IT
 384              	.LVL20:
  96:diff_signal/diff_signal_rx.c ****     }
 385              		.loc 1 96 9 view .LVU112
 386 003c FAE7     		b	.L14
 387              	.L23:
 388 003e 00BF     		.align	2
 389              	.L22:
 390 0040 00240140 		.word	1073816576
 391 0044 00000000 		.word	.LANCHOR1
 392 0048 00000000 		.word	.LANCHOR0
 393 004c 00000000 		.word	htim2
 394              		.cfi_endproc
 395              	.LFE67:
 397              		.section	.text.DiffSignal_Frame_Handler,"ax",%progbits
 398              		.align	1
 399              		.global	DiffSignal_Frame_Handler
 400              		.syntax unified
 401              		.thumb
 402              		.thumb_func
 403              		.fpu softvfp
 405              	DiffSignal_Frame_Handler:
 406              	.LVL21:
 407              	.LFB68:
  99:diff_signal/diff_signal_rx.c **** 
 100:diff_signal/diff_signal_rx.c **** void DiffSignal_Frame_Handler(uint8_t byte)
 101:diff_signal/diff_signal_rx.c **** {
 408              		.loc 1 101 1 view -0
 409              		.cfi_startproc
 410              		@ args = 0, pretend = 0, frame = 0
 411              		@ frame_needed = 0, uses_anonymous_args = 0
 412              		@ link register save eliminated.
 102:diff_signal/diff_signal_rx.c ****     // TODO: 处理接收到的字节
 103:diff_signal/diff_signal_rx.c **** }
 413              		.loc 1 103 1 view .LVU114
ARM GAS  /tmp/ccQ4dhrD.s 			page 10


 414 0000 7047     		bx	lr
 415              		.cfi_endproc
 416              	.LFE68:
 418              		.section	.text.HAL_ADCEx_InjectedConvCpltCallback,"ax",%progbits
 419              		.align	1
 420              		.weak	HAL_ADCEx_InjectedConvCpltCallback
 421              		.syntax unified
 422              		.thumb
 423              		.thumb_func
 424              		.fpu softvfp
 426              	HAL_ADCEx_InjectedConvCpltCallback:
 427              	.LVL22:
 428              	.LFB69:
 104:diff_signal/diff_signal_rx.c **** 
 105:diff_signal/diff_signal_rx.c **** __weak void HAL_ADCEx_InjectedConvCpltCallback(ADC_HandleTypeDef *hadc)
 106:diff_signal/diff_signal_rx.c **** {
 429              		.loc 1 106 1 view -0
 430              		.cfi_startproc
 431              		@ args = 0, pretend = 0, frame = 0
 432              		@ frame_needed = 0, uses_anonymous_args = 0
 433              		@ link register save eliminated.
 107:diff_signal/diff_signal_rx.c ****     // unused, do nothing
 108:diff_signal/diff_signal_rx.c **** }...
 434              		.loc 1 108 1 view .LVU116
 435 0000 7047     		bx	lr
 436              		.cfi_endproc
 437              	.LFE69:
 439              		.comm	hadc1,48,4
 440              		.comm	htim2,72,4
 441              		.section	.bss.bit_cnt,"aw",%nobits
 442              		.set	.LANCHOR1,. + 0
 445              	bit_cnt:
 446 0000 00       		.space	1
 447              		.section	.bss.recv_byte,"aw",%nobits
 448              		.set	.LANCHOR0,. + 0
 451              	recv_byte:
 452 0000 00       		.space	1
 453              		.text
 454              	.Letext0:
 455              		.file 2 "/opt/gcc-arm-none-eabi-9-2020-q2-update/arm-none-eabi/include/machine/_default_types.h"
 456              		.file 3 "/opt/gcc-arm-none-eabi-9-2020-q2-update/arm-none-eabi/include/sys/_stdint.h"
 457              		.file 4 "Drivers/CMSIS/Include/core_cm3.h"
 458              		.file 5 "Drivers/CMSIS/Device/ST/STM32F1xx/Include/system_stm32f1xx.h"
 459              		.file 6 "Drivers/CMSIS/Device/ST/STM32F1xx/Include/stm32f103xe.h"
 460              		.file 7 "Drivers/CMSIS/Device/ST/STM32F1xx/Include/stm32f1xx.h"
 461              		.file 8 "Drivers/STM32F1xx_HAL_Driver/Inc/stm32f1xx_hal_def.h"
 462              		.file 9 "Drivers/STM32F1xx_HAL_Driver/Inc/stm32f1xx_hal_gpio.h"
 463              		.file 10 "Drivers/STM32F1xx_HAL_Driver/Inc/stm32f1xx_hal_dma.h"
 464              		.file 11 "Drivers/STM32F1xx_HAL_Driver/Inc/stm32f1xx_hal_adc.h"
 465              		.file 12 "Drivers/STM32F1xx_HAL_Driver/Inc/stm32f1xx_hal_tim.h"
 466              		.file 13 "Drivers/STM32F1xx_HAL_Driver/Inc/stm32f1xx_hal.h"
 467              		.file 14 "diff_signal/diff_signal_rx.h"
 468              		.file 15 "Drivers/STM32F1xx_HAL_Driver/Inc/stm32f1xx_hal_cortex.h"
ARM GAS  /tmp/ccQ4dhrD.s 			page 11


DEFINED SYMBOLS
                            *ABS*:0000000000000000 diff_signal_rx.c
     /tmp/ccQ4dhrD.s:16     .text.DiffSignal_RX_Init:0000000000000000 $t
     /tmp/ccQ4dhrD.s:24     .text.DiffSignal_RX_Init:0000000000000000 DiffSignal_RX_Init
     /tmp/ccQ4dhrD.s:242    .text.DiffSignal_RX_Init:00000000000000f8 $d
                            *COM*:0000000000000048 htim2
                            *COM*:0000000000000030 hadc1
     /tmp/ccQ4dhrD.s:254    .text.HAL_GPIO_EXTI_Callback:0000000000000000 $t
     /tmp/ccQ4dhrD.s:261    .text.HAL_GPIO_EXTI_Callback:0000000000000000 HAL_GPIO_EXTI_Callback
     /tmp/ccQ4dhrD.s:304    .text.HAL_GPIO_EXTI_Callback:0000000000000024 $d
     /tmp/ccQ4dhrD.s:311    .text.HAL_ADC_ConvCpltCallback:0000000000000000 $t
     /tmp/ccQ4dhrD.s:318    .text.HAL_ADC_ConvCpltCallback:0000000000000000 HAL_ADC_ConvCpltCallback
     /tmp/ccQ4dhrD.s:390    .text.HAL_ADC_ConvCpltCallback:0000000000000040 $d
     /tmp/ccQ4dhrD.s:398    .text.DiffSignal_Frame_Handler:0000000000000000 $t
     /tmp/ccQ4dhrD.s:405    .text.DiffSignal_Frame_Handler:0000000000000000 DiffSignal_Frame_Handler
     /tmp/ccQ4dhrD.s:419    .text.HAL_ADCEx_InjectedConvCpltCallback:0000000000000000 $t
     /tmp/ccQ4dhrD.s:426    .text.HAL_ADCEx_InjectedConvCpltCallback:0000000000000000 HAL_ADCEx_InjectedConvCpltCallback
     /tmp/ccQ4dhrD.s:445    .bss.bit_cnt:0000000000000000 bit_cnt
     /tmp/ccQ4dhrD.s:446    .bss.bit_cnt:0000000000000000 $d
     /tmp/ccQ4dhrD.s:451    .bss.recv_byte:0000000000000000 recv_byte
     /tmp/ccQ4dhrD.s:452    .bss.recv_byte:0000000000000000 $d

UNDEFINED SYMBOLS
DWT_Delay_Init
HAL_GPIO_Init
HAL_NVIC_SetPriority
HAL_NVIC_EnableIRQ
HAL_TIM_Base_Init
HAL_ADC_Init
HAL_ADC_ConfigChannel
SystemCoreClock
HAL_TIM_Base_Start_IT
HAL_ADC_GetValue
HAL_TIM_Base_Stop_IT
