ARM GAS  /tmp/ccJOv6Hg.s 			page 1


   1              		.cpu cortex-m3
   2              		.eabi_attribute 20, 1
   3              		.eabi_attribute 21, 1
   4              		.eabi_attribute 23, 3
   5              		.eabi_attribute 24, 1
   6              		.eabi_attribute 25, 1
   7              		.eabi_attribute 26, 1
   8              		.eabi_attribute 30, 1
   9              		.eabi_attribute 34, 1
  10              		.eabi_attribute 18, 4
  11              		.file	"gpio.c"
  12              		.text
  13              	.Ltext0:
  14              		.cfi_sections	.debug_frame
  15              		.section	.text.MX_GPIO_Init,"ax",%progbits
  16              		.align	1
  17              		.global	MX_GPIO_Init
  18              		.arch armv7-m
  19              		.syntax unified
  20              		.thumb
  21              		.thumb_func
  22              		.fpu softvfp
  24              	MX_GPIO_Init:
  25              	.LFB65:
  26              		.file 1 "Core/Src/gpio.c"
   1:Core/Src/gpio.c **** /**
   2:Core/Src/gpio.c ****  ******************************************************************************
   3:Core/Src/gpio.c ****  * @file    gpio.c
   4:Core/Src/gpio.c ****  * @brief   This file provides code for the configuration
   5:Core/Src/gpio.c ****  *          of all used GPIO pins.
   6:Core/Src/gpio.c ****  ******************************************************************************
   7:Core/Src/gpio.c ****  * @attention
   8:Core/Src/gpio.c ****  *
   9:Core/Src/gpio.c ****  * <h2><center>&copy; Copyright (c) 2025 STMicroelectronics.
  10:Core/Src/gpio.c ****  * All rights reserved.</center></h2>
  11:Core/Src/gpio.c ****  *
  12:Core/Src/gpio.c ****  * This software component is licensed by ST under BSD 3-Clause license,
  13:Core/Src/gpio.c ****  * the "License"; You may not use this file except in compliance with the
  14:Core/Src/gpio.c ****  * License. You may obtain a copy of the License at:
  15:Core/Src/gpio.c ****  *                        opensource.org/licenses/BSD-3-Clause
  16:Core/Src/gpio.c ****  *
  17:Core/Src/gpio.c ****  ******************************************************************************
  18:Core/Src/gpio.c ****  */
  19:Core/Src/gpio.c **** 
  20:Core/Src/gpio.c **** /* Includes ------------------------------------------------------------------*/
  21:Core/Src/gpio.c **** #include "gpio.h"
  22:Core/Src/gpio.c **** #include "Custcom_Pin.h"
  23:Core/Src/gpio.c **** /* USER CODE BEGIN 0 */
  24:Core/Src/gpio.c **** 
  25:Core/Src/gpio.c **** /* USER CODE END 0 */
  26:Core/Src/gpio.c **** 
  27:Core/Src/gpio.c **** /*----------------------------------------------------------------------------*/
  28:Core/Src/gpio.c **** /* Configure GPIO                                                             */
  29:Core/Src/gpio.c **** /*----------------------------------------------------------------------------*/
  30:Core/Src/gpio.c **** /* USER CODE BEGIN 1 */
  31:Core/Src/gpio.c **** 
  32:Core/Src/gpio.c **** /* USER CODE END 1 */
ARM GAS  /tmp/ccJOv6Hg.s 			page 2


  33:Core/Src/gpio.c **** 
  34:Core/Src/gpio.c **** /** Configure pins as
  35:Core/Src/gpio.c ****  * Analog
  36:Core/Src/gpio.c ****  * Input
  37:Core/Src/gpio.c ****  * Output
  38:Core/Src/gpio.c ****  * EVENT_OUT
  39:Core/Src/gpio.c ****  * EXTI
  40:Core/Src/gpio.c ****  */
  41:Core/Src/gpio.c **** void MX_GPIO_Init(void)
  42:Core/Src/gpio.c **** {
  27              		.loc 1 42 1 view -0
  28              		.cfi_startproc
  29              		@ args = 0, pretend = 0, frame = 32
  30              		@ frame_needed = 0, uses_anonymous_args = 0
  31 0000 2DE9F043 		push	{r4, r5, r6, r7, r8, r9, lr}
  32              	.LCFI0:
  33              		.cfi_def_cfa_offset 28
  34              		.cfi_offset 4, -28
  35              		.cfi_offset 5, -24
  36              		.cfi_offset 6, -20
  37              		.cfi_offset 7, -16
  38              		.cfi_offset 8, -12
  39              		.cfi_offset 9, -8
  40              		.cfi_offset 14, -4
  41 0004 89B0     		sub	sp, sp, #36
  42              	.LCFI1:
  43              		.cfi_def_cfa_offset 64
  43:Core/Src/gpio.c **** 
  44:Core/Src/gpio.c ****   GPIO_InitTypeDef GPIO_InitStruct = {0};
  44              		.loc 1 44 3 view .LVU1
  45              		.loc 1 44 20 is_stmt 0 view .LVU2
  46 0006 0024     		movs	r4, #0
  47 0008 0494     		str	r4, [sp, #16]
  48 000a 0594     		str	r4, [sp, #20]
  49 000c 0694     		str	r4, [sp, #24]
  50 000e 0794     		str	r4, [sp, #28]
  45:Core/Src/gpio.c **** 
  46:Core/Src/gpio.c ****   /* GPIO Ports Clock Enable */
  47:Core/Src/gpio.c ****   __HAL_RCC_GPIOC_CLK_ENABLE();
  51              		.loc 1 47 3 is_stmt 1 view .LVU3
  52              	.LBB2:
  53              		.loc 1 47 3 view .LVU4
  54              		.loc 1 47 3 view .LVU5
  55 0010 3C4B     		ldr	r3, .L3
  56 0012 9A69     		ldr	r2, [r3, #24]
  57 0014 42F01002 		orr	r2, r2, #16
  58 0018 9A61     		str	r2, [r3, #24]
  59              		.loc 1 47 3 view .LVU6
  60 001a 9A69     		ldr	r2, [r3, #24]
  61 001c 02F01002 		and	r2, r2, #16
  62 0020 0092     		str	r2, [sp]
  63              		.loc 1 47 3 view .LVU7
  64 0022 009A     		ldr	r2, [sp]
  65              	.LBE2:
  66              		.loc 1 47 3 view .LVU8
  48:Core/Src/gpio.c ****   __HAL_RCC_GPIOD_CLK_ENABLE();
  67              		.loc 1 48 3 view .LVU9
ARM GAS  /tmp/ccJOv6Hg.s 			page 3


  68              	.LBB3:
  69              		.loc 1 48 3 view .LVU10
  70              		.loc 1 48 3 view .LVU11
  71 0024 9A69     		ldr	r2, [r3, #24]
  72 0026 42F02002 		orr	r2, r2, #32
  73 002a 9A61     		str	r2, [r3, #24]
  74              		.loc 1 48 3 view .LVU12
  75 002c 9A69     		ldr	r2, [r3, #24]
  76 002e 02F02002 		and	r2, r2, #32
  77 0032 0192     		str	r2, [sp, #4]
  78              		.loc 1 48 3 view .LVU13
  79 0034 019A     		ldr	r2, [sp, #4]
  80              	.LBE3:
  81              		.loc 1 48 3 view .LVU14
  49:Core/Src/gpio.c ****   __HAL_RCC_GPIOA_CLK_ENABLE();
  82              		.loc 1 49 3 view .LVU15
  83              	.LBB4:
  84              		.loc 1 49 3 view .LVU16
  85              		.loc 1 49 3 view .LVU17
  86 0036 9A69     		ldr	r2, [r3, #24]
  87 0038 42F00402 		orr	r2, r2, #4
  88 003c 9A61     		str	r2, [r3, #24]
  89              		.loc 1 49 3 view .LVU18
  90 003e 9A69     		ldr	r2, [r3, #24]
  91 0040 02F00402 		and	r2, r2, #4
  92 0044 0292     		str	r2, [sp, #8]
  93              		.loc 1 49 3 view .LVU19
  94 0046 029A     		ldr	r2, [sp, #8]
  95              	.LBE4:
  96              		.loc 1 49 3 view .LVU20
  50:Core/Src/gpio.c ****   __HAL_RCC_GPIOB_CLK_ENABLE();
  97              		.loc 1 50 3 view .LVU21
  98              	.LBB5:
  99              		.loc 1 50 3 view .LVU22
 100              		.loc 1 50 3 view .LVU23
 101 0048 9A69     		ldr	r2, [r3, #24]
 102 004a 42F00802 		orr	r2, r2, #8
 103 004e 9A61     		str	r2, [r3, #24]
 104              		.loc 1 50 3 view .LVU24
 105 0050 9B69     		ldr	r3, [r3, #24]
 106 0052 03F00803 		and	r3, r3, #8
 107 0056 0393     		str	r3, [sp, #12]
 108              		.loc 1 50 3 view .LVU25
 109 0058 039B     		ldr	r3, [sp, #12]
 110              	.LBE5:
 111              		.loc 1 50 3 view .LVU26
  51:Core/Src/gpio.c **** 
  52:Core/Src/gpio.c ****   /*Configure GPIO pin Output Level */
  53:Core/Src/gpio.c ****   HAL_GPIO_WritePin(GPIOA, GPIO_PIN_2, GPIO_PIN_RESET);
 112              		.loc 1 53 3 view .LVU27
 113 005a 2B4F     		ldr	r7, .L3+4
 114 005c 2246     		mov	r2, r4
 115 005e 0421     		movs	r1, #4
 116 0060 3846     		mov	r0, r7
 117 0062 FFF7FEFF 		bl	HAL_GPIO_WritePin
 118              	.LVL0:
  54:Core/Src/gpio.c ****    HAL_GPIO_WritePin(GPIOC, GPIO_PIN_2, GPIO_PIN_RESET);
ARM GAS  /tmp/ccJOv6Hg.s 			page 4


 119              		.loc 1 54 4 view .LVU28
 120 0066 DFF8A490 		ldr	r9, .L3+8
 121 006a 2246     		mov	r2, r4
 122 006c 0421     		movs	r1, #4
 123 006e 4846     		mov	r0, r9
 124 0070 FFF7FEFF 		bl	HAL_GPIO_WritePin
 125              	.LVL1:
  55:Core/Src/gpio.c **** 
  56:Core/Src/gpio.c ****   /*Configure GPIO pin Output Level */
  57:Core/Src/gpio.c ****   HAL_GPIO_WritePin(GPIOB, GPIO_PIN_1 | GPIO_PIN_10 | GPIO_PIN_8 | GPIO_PIN_9, GPIO_PIN_RESET);
 126              		.loc 1 57 3 view .LVU29
 127 0074 DFF89880 		ldr	r8, .L3+12
 128 0078 2246     		mov	r2, r4
 129 007a 40F20271 		movw	r1, #1794
 130 007e 4046     		mov	r0, r8
 131 0080 FFF7FEFF 		bl	HAL_GPIO_WritePin
 132              	.LVL2:
  58:Core/Src/gpio.c **** 
  59:Core/Src/gpio.c ****   /*Configure GPIO pin : PA2 */
  60:Core/Src/gpio.c ****   GPIO_InitStruct.Pin = GPIO_PIN_2;
 133              		.loc 1 60 3 view .LVU30
 134              		.loc 1 60 23 is_stmt 0 view .LVU31
 135 0084 0423     		movs	r3, #4
 136 0086 0493     		str	r3, [sp, #16]
  61:Core/Src/gpio.c ****   GPIO_InitStruct.Mode = GPIO_MODE_OUTPUT_PP;
 137              		.loc 1 61 3 is_stmt 1 view .LVU32
 138              		.loc 1 61 24 is_stmt 0 view .LVU33
 139 0088 0126     		movs	r6, #1
 140 008a 0596     		str	r6, [sp, #20]
  62:Core/Src/gpio.c ****   GPIO_InitStruct.Pull = GPIO_NOPULL;
 141              		.loc 1 62 3 is_stmt 1 view .LVU34
 142              		.loc 1 62 24 is_stmt 0 view .LVU35
 143 008c 0694     		str	r4, [sp, #24]
  63:Core/Src/gpio.c ****   GPIO_InitStruct.Speed = GPIO_SPEED_FREQ_LOW;
 144              		.loc 1 63 3 is_stmt 1 view .LVU36
 145              		.loc 1 63 25 is_stmt 0 view .LVU37
 146 008e 0225     		movs	r5, #2
 147 0090 0795     		str	r5, [sp, #28]
  64:Core/Src/gpio.c ****   HAL_GPIO_Init(GPIOA, &GPIO_InitStruct);
 148              		.loc 1 64 3 is_stmt 1 view .LVU38
 149 0092 04A9     		add	r1, sp, #16
 150 0094 3846     		mov	r0, r7
 151 0096 FFF7FEFF 		bl	HAL_GPIO_Init
 152              	.LVL3:
  65:Core/Src/gpio.c **** 
  66:Core/Src/gpio.c ****   /*Configure GPIO pins : PB1 PB10 PB8 PB9 */
  67:Core/Src/gpio.c ****   GPIO_InitStruct.Pin = GPIO_PIN_1 | GPIO_PIN_10 | GPIO_PIN_8 | GPIO_PIN_9|GPIO_PIN_12;
 153              		.loc 1 67 3 view .LVU39
 154              		.loc 1 67 23 is_stmt 0 view .LVU40
 155 009a 41F20273 		movw	r3, #5890
 156 009e 0493     		str	r3, [sp, #16]
  68:Core/Src/gpio.c ****   GPIO_InitStruct.Mode = GPIO_MODE_OUTPUT_PP;
 157              		.loc 1 68 3 is_stmt 1 view .LVU41
 158              		.loc 1 68 24 is_stmt 0 view .LVU42
 159 00a0 0596     		str	r6, [sp, #20]
  69:Core/Src/gpio.c ****   GPIO_InitStruct.Pull = GPIO_NOPULL;
 160              		.loc 1 69 3 is_stmt 1 view .LVU43
ARM GAS  /tmp/ccJOv6Hg.s 			page 5


 161              		.loc 1 69 24 is_stmt 0 view .LVU44
 162 00a2 0694     		str	r4, [sp, #24]
  70:Core/Src/gpio.c ****   GPIO_InitStruct.Speed = GPIO_SPEED_FREQ_LOW;
 163              		.loc 1 70 3 is_stmt 1 view .LVU45
 164              		.loc 1 70 25 is_stmt 0 view .LVU46
 165 00a4 0795     		str	r5, [sp, #28]
  71:Core/Src/gpio.c ****   HAL_GPIO_Init(GPIOB, &GPIO_InitStruct);
 166              		.loc 1 71 3 is_stmt 1 view .LVU47
 167 00a6 04A9     		add	r1, sp, #16
 168 00a8 4046     		mov	r0, r8
 169 00aa FFF7FEFF 		bl	HAL_GPIO_Init
 170              	.LVL4:
  72:Core/Src/gpio.c **** 
  73:Core/Src/gpio.c ****   /*Configure GPIO pin : PC2 */
  74:Core/Src/gpio.c ****   GPIO_InitStruct.Pin = GPIO_PIN_2|GPIO_PIN_8;
 171              		.loc 1 74 3 view .LVU48
 172              		.loc 1 74 23 is_stmt 0 view .LVU49
 173 00ae 4FF48273 		mov	r3, #260
 174 00b2 0493     		str	r3, [sp, #16]
  75:Core/Src/gpio.c ****   GPIO_InitStruct.Mode = GPIO_MODE_OUTPUT_PP;
 175              		.loc 1 75 3 is_stmt 1 view .LVU50
 176              		.loc 1 75 24 is_stmt 0 view .LVU51
 177 00b4 0596     		str	r6, [sp, #20]
  76:Core/Src/gpio.c ****   GPIO_InitStruct.Pull = GPIO_NOPULL;
 178              		.loc 1 76 3 is_stmt 1 view .LVU52
 179              		.loc 1 76 24 is_stmt 0 view .LVU53
 180 00b6 0694     		str	r4, [sp, #24]
  77:Core/Src/gpio.c ****   HAL_GPIO_Init(GPIOC, &GPIO_InitStruct);
 181              		.loc 1 77 3 is_stmt 1 view .LVU54
 182 00b8 04A9     		add	r1, sp, #16
 183 00ba 4846     		mov	r0, r9
 184 00bc FFF7FEFF 		bl	HAL_GPIO_Init
 185              	.LVL5:
  78:Core/Src/gpio.c **** 
  79:Core/Src/gpio.c ****   GPIO_InitStruct.Pin = GPIO_PIN_8;
 186              		.loc 1 79 3 view .LVU55
 187              		.loc 1 79 23 is_stmt 0 view .LVU56
 188 00c0 4FF48073 		mov	r3, #256
 189 00c4 0493     		str	r3, [sp, #16]
  80:Core/Src/gpio.c ****   GPIO_InitStruct.Mode = GPIO_MODE_AF_PP;       // 推挽复用功能
 190              		.loc 1 80 3 is_stmt 1 view .LVU57
 191              		.loc 1 80 24 is_stmt 0 view .LVU58
 192 00c6 0595     		str	r5, [sp, #20]
  81:Core/Src/gpio.c ****   GPIO_InitStruct.Speed = GPIO_SPEED_FREQ_HIGH; // 高速
 193              		.loc 1 81 3 is_stmt 1 view .LVU59
 194              		.loc 1 81 25 is_stmt 0 view .LVU60
 195 00c8 4FF00309 		mov	r9, #3
 196 00cc CDF81C90 		str	r9, [sp, #28]
  82:Core/Src/gpio.c ****   HAL_GPIO_Init(GPIOA, &GPIO_InitStruct);
 197              		.loc 1 82 3 is_stmt 1 view .LVU61
 198 00d0 04A9     		add	r1, sp, #16
 199 00d2 3846     		mov	r0, r7
 200 00d4 FFF7FEFF 		bl	HAL_GPIO_Init
 201              	.LVL6:
  83:Core/Src/gpio.c **** 
  84:Core/Src/gpio.c ****   // 3. 配置 PA7 为 TIM3_CH2 输出
  85:Core/Src/gpio.c ****   GPIO_InitStruct.Pin = GPIO_PIN_7;
ARM GAS  /tmp/ccJOv6Hg.s 			page 6


 202              		.loc 1 85 3 view .LVU62
 203              		.loc 1 85 23 is_stmt 0 view .LVU63
 204 00d8 8023     		movs	r3, #128
 205 00da 0493     		str	r3, [sp, #16]
  86:Core/Src/gpio.c ****   GPIO_InitStruct.Mode = GPIO_MODE_AF_PP;
 206              		.loc 1 86 3 is_stmt 1 view .LVU64
 207              		.loc 1 86 24 is_stmt 0 view .LVU65
 208 00dc 0595     		str	r5, [sp, #20]
  87:Core/Src/gpio.c ****   GPIO_InitStruct.Speed = GPIO_SPEED_FREQ_HIGH;
 209              		.loc 1 87 3 is_stmt 1 view .LVU66
 210              		.loc 1 87 25 is_stmt 0 view .LVU67
 211 00de CDF81C90 		str	r9, [sp, #28]
  88:Core/Src/gpio.c ****   HAL_GPIO_Init(GPIOA, &GPIO_InitStruct);
 212              		.loc 1 88 3 is_stmt 1 view .LVU68
 213 00e2 04A9     		add	r1, sp, #16
 214 00e4 3846     		mov	r0, r7
 215 00e6 FFF7FEFF 		bl	HAL_GPIO_Init
 216              	.LVL7:
  89:Core/Src/gpio.c **** 
  90:Core/Src/gpio.c ****   GPIO_InitStruct.Pin = GPIO_PIN_5;
 217              		.loc 1 90 3 view .LVU69
 218              		.loc 1 90 23 is_stmt 0 view .LVU70
 219 00ea 2023     		movs	r3, #32
 220 00ec 0493     		str	r3, [sp, #16]
  91:Core/Src/gpio.c ****   GPIO_InitStruct.Mode = GPIO_MODE_OUTPUT_PP;
 221              		.loc 1 91 3 is_stmt 1 view .LVU71
 222              		.loc 1 91 24 is_stmt 0 view .LVU72
 223 00ee 0596     		str	r6, [sp, #20]
  92:Core/Src/gpio.c ****   GPIO_InitStruct.Pull = GPIO_NOPULL;
 224              		.loc 1 92 3 is_stmt 1 view .LVU73
 225              		.loc 1 92 24 is_stmt 0 view .LVU74
 226 00f0 0694     		str	r4, [sp, #24]
  93:Core/Src/gpio.c ****   GPIO_InitStruct.Speed = GPIO_SPEED_FREQ_LOW;
 227              		.loc 1 93 3 is_stmt 1 view .LVU75
 228              		.loc 1 93 25 is_stmt 0 view .LVU76
 229 00f2 0795     		str	r5, [sp, #28]
  94:Core/Src/gpio.c ****   HAL_GPIO_Init(GPIOB, &GPIO_InitStruct);
 230              		.loc 1 94 3 is_stmt 1 view .LVU77
 231 00f4 04A9     		add	r1, sp, #16
 232 00f6 4046     		mov	r0, r8
 233 00f8 FFF7FEFF 		bl	HAL_GPIO_Init
 234              	.LVL8:
  95:Core/Src/gpio.c **** 
  96:Core/Src/gpio.c **** 
  97:Core/Src/gpio.c **** }
 235              		.loc 1 97 1 is_stmt 0 view .LVU78
 236 00fc 09B0     		add	sp, sp, #36
 237              	.LCFI2:
 238              		.cfi_def_cfa_offset 28
 239              		@ sp needed
 240 00fe BDE8F083 		pop	{r4, r5, r6, r7, r8, r9, pc}
 241              	.L4:
 242 0102 00BF     		.align	2
 243              	.L3:
 244 0104 00100240 		.word	1073876992
 245 0108 00080140 		.word	1073809408
 246 010c 00100140 		.word	1073811456
ARM GAS  /tmp/ccJOv6Hg.s 			page 7


 247 0110 000C0140 		.word	1073810432
 248              		.cfi_endproc
 249              	.LFE65:
 251              		.text
 252              	.Letext0:
 253              		.file 2 "/opt/gcc-arm-none-eabi-9-2020-q2-update/arm-none-eabi/include/machine/_default_types.h"
 254              		.file 3 "/opt/gcc-arm-none-eabi-9-2020-q2-update/arm-none-eabi/include/sys/_stdint.h"
 255              		.file 4 "Drivers/CMSIS/Include/core_cm3.h"
 256              		.file 5 "Drivers/CMSIS/Device/ST/STM32F1xx/Include/system_stm32f1xx.h"
 257              		.file 6 "Drivers/CMSIS/Device/ST/STM32F1xx/Include/stm32f103xe.h"
 258              		.file 7 "Drivers/STM32F1xx_HAL_Driver/Inc/stm32f1xx_hal_gpio.h"
 259              		.file 8 "Drivers/STM32F1xx_HAL_Driver/Inc/stm32f1xx_hal.h"
ARM GAS  /tmp/ccJOv6Hg.s 			page 8


DEFINED SYMBOLS
                            *ABS*:0000000000000000 gpio.c
     /tmp/ccJOv6Hg.s:16     .text.MX_GPIO_Init:0000000000000000 $t
     /tmp/ccJOv6Hg.s:24     .text.MX_GPIO_Init:0000000000000000 MX_GPIO_Init
     /tmp/ccJOv6Hg.s:244    .text.MX_GPIO_Init:0000000000000104 $d

UNDEFINED SYMBOLS
HAL_GPIO_WritePin
HAL_GPIO_Init
