ARM GAS  /tmp/cc2Z3jRz.s 			page 1


   1              		.cpu cortex-m3
   2              		.eabi_attribute 20, 1
   3              		.eabi_attribute 21, 1
   4              		.eabi_attribute 23, 3
   5              		.eabi_attribute 24, 1
   6              		.eabi_attribute 25, 1
   7              		.eabi_attribute 26, 1
   8              		.eabi_attribute 30, 1
   9              		.eabi_attribute 34, 1
  10              		.eabi_attribute 18, 4
  11              		.file	"ring_fifo.c"
  12              		.text
  13              	.Ltext0:
  14              		.cfi_sections	.debug_frame
  15              		.section	.text.RingFifo_Init,"ax",%progbits
  16              		.align	1
  17              		.global	RingFifo_Init
  18              		.arch armv7-m
  19              		.syntax unified
  20              		.thumb
  21              		.thumb_func
  22              		.fpu softvfp
  24              	RingFifo_Init:
  25              	.LVL0:
  26              	.LFB0:
  27              		.file 1 "rs_485_port/ring_fifo.c"
   1:rs_485_port/ring_fifo.c **** #include "ring_fifo.h"
   2:rs_485_port/ring_fifo.c **** 
   3:rs_485_port/ring_fifo.c **** void RingFifo_Init(RingFifo_t *fifo, uint8_t *buffer, uint16_t size)
   4:rs_485_port/ring_fifo.c **** {
  28              		.loc 1 4 1 view -0
  29              		.cfi_startproc
  30              		@ args = 0, pretend = 0, frame = 0
  31              		@ frame_needed = 0, uses_anonymous_args = 0
  32              		@ link register save eliminated.
   5:rs_485_port/ring_fifo.c ****     fifo->head = 0u;
  33              		.loc 1 5 5 view .LVU1
  34              		.loc 1 5 16 is_stmt 0 view .LVU2
  35 0000 0023     		movs	r3, #0
  36 0002 0380     		strh	r3, [r0]	@ movhi
   6:rs_485_port/ring_fifo.c ****     fifo->tail = 0u;
  37              		.loc 1 6 5 is_stmt 1 view .LVU3
  38              		.loc 1 6 16 is_stmt 0 view .LVU4
  39 0004 4380     		strh	r3, [r0, #2]	@ movhi
   7:rs_485_port/ring_fifo.c ****     fifo->size = size;
  40              		.loc 1 7 5 is_stmt 1 view .LVU5
  41              		.loc 1 7 16 is_stmt 0 view .LVU6
  42 0006 8280     		strh	r2, [r0, #4]	@ movhi
   8:rs_485_port/ring_fifo.c ****     fifo->buffer = buffer;
  43              		.loc 1 8 5 is_stmt 1 view .LVU7
  44              		.loc 1 8 18 is_stmt 0 view .LVU8
  45 0008 8160     		str	r1, [r0, #8]
   9:rs_485_port/ring_fifo.c **** }
  46              		.loc 1 9 1 view .LVU9
  47 000a 7047     		bx	lr
  48              		.cfi_endproc
  49              	.LFE0:
ARM GAS  /tmp/cc2Z3jRz.s 			page 2


  51              		.section	.text.RingFifo_PushByte,"ax",%progbits
  52              		.align	1
  53              		.global	RingFifo_PushByte
  54              		.syntax unified
  55              		.thumb
  56              		.thumb_func
  57              		.fpu softvfp
  59              	RingFifo_PushByte:
  60              	.LVL1:
  61              	.LFB1:
  10:rs_485_port/ring_fifo.c **** 
  11:rs_485_port/ring_fifo.c **** bool RingFifo_PushByte(RingFifo_t *fifo, uint8_t data)
  12:rs_485_port/ring_fifo.c **** {
  62              		.loc 1 12 1 is_stmt 1 view -0
  63              		.cfi_startproc
  64              		@ args = 0, pretend = 0, frame = 0
  65              		@ frame_needed = 0, uses_anonymous_args = 0
  66              		@ link register save eliminated.
  67              		.loc 1 12 1 is_stmt 0 view .LVU11
  68 0000 10B4     		push	{r4}
  69              	.LCFI0:
  70              		.cfi_def_cfa_offset 4
  71              		.cfi_offset 4, -4
  13:rs_485_port/ring_fifo.c ****     uint16_t next = (uint16_t)((fifo->head + 1u) % fifo->size);
  72              		.loc 1 13 5 is_stmt 1 view .LVU12
  73              		.loc 1 13 37 is_stmt 0 view .LVU13
  74 0002 0388     		ldrh	r3, [r0]
  75 0004 9BB2     		uxth	r3, r3
  76              		.loc 1 13 44 view .LVU14
  77 0006 0133     		adds	r3, r3, #1
  78              		.loc 1 13 56 view .LVU15
  79 0008 8488     		ldrh	r4, [r0, #4]
  80              		.loc 1 13 50 view .LVU16
  81 000a B3FBF4F2 		udiv	r2, r3, r4
  82 000e 04FB1233 		mls	r3, r4, r2, r3
  83              		.loc 1 13 14 view .LVU17
  84 0012 9BB2     		uxth	r3, r3
  85              	.LVL2:
  14:rs_485_port/ring_fifo.c ****     if (next == fifo->tail)
  86              		.loc 1 14 5 is_stmt 1 view .LVU18
  87              		.loc 1 14 21 is_stmt 0 view .LVU19
  88 0014 4288     		ldrh	r2, [r0, #2]
  89 0016 92B2     		uxth	r2, r2
  90              		.loc 1 14 8 view .LVU20
  91 0018 9A42     		cmp	r2, r3
  92 001a 07D0     		beq	.L4
  15:rs_485_port/ring_fifo.c ****     {
  16:rs_485_port/ring_fifo.c ****         return false;
  17:rs_485_port/ring_fifo.c ****     }
  18:rs_485_port/ring_fifo.c **** 
  19:rs_485_port/ring_fifo.c ****     fifo->buffer[fifo->head] = data;
  93              		.loc 1 19 5 is_stmt 1 view .LVU21
  94              		.loc 1 19 9 is_stmt 0 view .LVU22
  95 001c 8468     		ldr	r4, [r0, #8]
  96              		.loc 1 19 22 view .LVU23
  97 001e 0288     		ldrh	r2, [r0]
  98 0020 92B2     		uxth	r2, r2
ARM GAS  /tmp/cc2Z3jRz.s 			page 3


  99              		.loc 1 19 30 view .LVU24
 100 0022 A154     		strb	r1, [r4, r2]
  20:rs_485_port/ring_fifo.c ****     fifo->head = next;
 101              		.loc 1 20 5 is_stmt 1 view .LVU25
 102              		.loc 1 20 16 is_stmt 0 view .LVU26
 103 0024 0380     		strh	r3, [r0]	@ movhi
  21:rs_485_port/ring_fifo.c ****     return true;
 104              		.loc 1 21 5 is_stmt 1 view .LVU27
 105              		.loc 1 21 12 is_stmt 0 view .LVU28
 106 0026 0120     		movs	r0, #1
 107              	.LVL3:
 108              	.L3:
  22:rs_485_port/ring_fifo.c **** }
 109              		.loc 1 22 1 view .LVU29
 110 0028 10BC     		pop	{r4}
 111              	.LCFI1:
 112              		.cfi_remember_state
 113              		.cfi_restore 4
 114              		.cfi_def_cfa_offset 0
 115 002a 7047     		bx	lr
 116              	.LVL4:
 117              	.L4:
 118              	.LCFI2:
 119              		.cfi_restore_state
  16:rs_485_port/ring_fifo.c ****     }
 120              		.loc 1 16 16 view .LVU30
 121 002c 0020     		movs	r0, #0
 122              	.LVL5:
  16:rs_485_port/ring_fifo.c ****     }
 123              		.loc 1 16 16 view .LVU31
 124 002e FBE7     		b	.L3
 125              		.cfi_endproc
 126              	.LFE1:
 128              		.section	.text.RingFifo_PopByte,"ax",%progbits
 129              		.align	1
 130              		.global	RingFifo_PopByte
 131              		.syntax unified
 132              		.thumb
 133              		.thumb_func
 134              		.fpu softvfp
 136              	RingFifo_PopByte:
 137              	.LVL6:
 138              	.LFB2:
  23:rs_485_port/ring_fifo.c **** 
  24:rs_485_port/ring_fifo.c **** bool RingFifo_PopByte(RingFifo_t *fifo, uint8_t *data)
  25:rs_485_port/ring_fifo.c **** {
 139              		.loc 1 25 1 is_stmt 1 view -0
 140              		.cfi_startproc
 141              		@ args = 0, pretend = 0, frame = 0
 142              		@ frame_needed = 0, uses_anonymous_args = 0
 143              		@ link register save eliminated.
  26:rs_485_port/ring_fifo.c ****     if (fifo->head == fifo->tail)
 144              		.loc 1 26 5 view .LVU33
 145              		.loc 1 26 13 is_stmt 0 view .LVU34
 146 0000 0288     		ldrh	r2, [r0]
 147 0002 92B2     		uxth	r2, r2
 148              		.loc 1 26 27 view .LVU35
ARM GAS  /tmp/cc2Z3jRz.s 			page 4


 149 0004 4388     		ldrh	r3, [r0, #2]
 150 0006 9BB2     		uxth	r3, r3
 151              		.loc 1 26 8 view .LVU36
 152 0008 9A42     		cmp	r2, r3
 153 000a 10D0     		beq	.L8
  27:rs_485_port/ring_fifo.c ****     {
  28:rs_485_port/ring_fifo.c ****         return false;
  29:rs_485_port/ring_fifo.c ****     }
  30:rs_485_port/ring_fifo.c **** 
  31:rs_485_port/ring_fifo.c ****     *data = fifo->buffer[fifo->tail];
 154              		.loc 1 31 5 is_stmt 1 view .LVU37
 155              		.loc 1 31 17 is_stmt 0 view .LVU38
 156 000c 8268     		ldr	r2, [r0, #8]
 157              		.loc 1 31 30 view .LVU39
 158 000e 4388     		ldrh	r3, [r0, #2]
 159 0010 9BB2     		uxth	r3, r3
 160              		.loc 1 31 25 view .LVU40
 161 0012 D35C     		ldrb	r3, [r2, r3]	@ zero_extendqisi2
 162              		.loc 1 31 11 view .LVU41
 163 0014 0B70     		strb	r3, [r1]
  32:rs_485_port/ring_fifo.c ****     fifo->tail = (uint16_t)((fifo->tail + 1u) % fifo->size);
 164              		.loc 1 32 5 is_stmt 1 view .LVU42
 165              		.loc 1 32 34 is_stmt 0 view .LVU43
 166 0016 4388     		ldrh	r3, [r0, #2]
 167 0018 9BB2     		uxth	r3, r3
 168              		.loc 1 32 41 view .LVU44
 169 001a 0133     		adds	r3, r3, #1
 170              		.loc 1 32 53 view .LVU45
 171 001c 8188     		ldrh	r1, [r0, #4]
 172              	.LVL7:
 173              		.loc 1 32 47 view .LVU46
 174 001e B3FBF1F2 		udiv	r2, r3, r1
 175 0022 01FB1233 		mls	r3, r1, r2, r3
 176              		.loc 1 32 18 view .LVU47
 177 0026 9BB2     		uxth	r3, r3
 178              		.loc 1 32 16 view .LVU48
 179 0028 4380     		strh	r3, [r0, #2]	@ movhi
  33:rs_485_port/ring_fifo.c ****     return true;
 180              		.loc 1 33 5 is_stmt 1 view .LVU49
 181              		.loc 1 33 12 is_stmt 0 view .LVU50
 182 002a 0120     		movs	r0, #1
 183              	.LVL8:
 184              		.loc 1 33 12 view .LVU51
 185 002c 7047     		bx	lr
 186              	.LVL9:
 187              	.L8:
  28:rs_485_port/ring_fifo.c ****     }
 188              		.loc 1 28 16 view .LVU52
 189 002e 0020     		movs	r0, #0
 190              	.LVL10:
  34:rs_485_port/ring_fifo.c **** }
 191              		.loc 1 34 1 view .LVU53
 192 0030 7047     		bx	lr
 193              		.cfi_endproc
 194              	.LFE2:
 196              		.section	.text.RingFifo_Count,"ax",%progbits
 197              		.align	1
ARM GAS  /tmp/cc2Z3jRz.s 			page 5


 198              		.global	RingFifo_Count
 199              		.syntax unified
 200              		.thumb
 201              		.thumb_func
 202              		.fpu softvfp
 204              	RingFifo_Count:
 205              	.LVL11:
 206              	.LFB3:
  35:rs_485_port/ring_fifo.c **** 
  36:rs_485_port/ring_fifo.c **** uint16_t RingFifo_Count(const RingFifo_t *fifo)
  37:rs_485_port/ring_fifo.c **** {
 207              		.loc 1 37 1 is_stmt 1 view -0
 208              		.cfi_startproc
 209              		@ args = 0, pretend = 0, frame = 0
 210              		@ frame_needed = 0, uses_anonymous_args = 0
 211              		@ link register save eliminated.
  38:rs_485_port/ring_fifo.c ****     if (fifo->head >= fifo->tail)
 212              		.loc 1 38 5 view .LVU55
 213              		.loc 1 38 13 is_stmt 0 view .LVU56
 214 0000 0288     		ldrh	r2, [r0]
 215 0002 92B2     		uxth	r2, r2
 216              		.loc 1 38 27 view .LVU57
 217 0004 4388     		ldrh	r3, [r0, #2]
 218 0006 9BB2     		uxth	r3, r3
 219              		.loc 1 38 8 view .LVU58
 220 0008 9A42     		cmp	r2, r3
 221 000a 09D2     		bcs	.L12
  39:rs_485_port/ring_fifo.c ****     {
  40:rs_485_port/ring_fifo.c ****         return (uint16_t)(fifo->head - fifo->tail);
  41:rs_485_port/ring_fifo.c ****     }
  42:rs_485_port/ring_fifo.c ****     return (uint16_t)(fifo->size - fifo->tail + fifo->head);
 222              		.loc 1 42 5 is_stmt 1 view .LVU59
 223              		.loc 1 42 27 is_stmt 0 view .LVU60
 224 000c 8388     		ldrh	r3, [r0, #4]
 225              		.loc 1 42 40 view .LVU61
 226 000e 4288     		ldrh	r2, [r0, #2]
 227 0010 92B2     		uxth	r2, r2
 228              		.loc 1 42 34 view .LVU62
 229 0012 9B1A     		subs	r3, r3, r2
 230 0014 9BB2     		uxth	r3, r3
 231              		.loc 1 42 53 view .LVU63
 232 0016 0088     		ldrh	r0, [r0]
 233              	.LVL12:
 234              		.loc 1 42 53 view .LVU64
 235 0018 80B2     		uxth	r0, r0
 236              		.loc 1 42 12 view .LVU65
 237 001a 1844     		add	r0, r0, r3
 238 001c 80B2     		uxth	r0, r0
  43:rs_485_port/ring_fifo.c **** }
 239              		.loc 1 43 1 view .LVU66
 240 001e 7047     		bx	lr
 241              	.LVL13:
 242              	.L12:
  40:rs_485_port/ring_fifo.c ****     }
 243              		.loc 1 40 9 is_stmt 1 view .LVU67
  40:rs_485_port/ring_fifo.c ****     }
 244              		.loc 1 40 31 is_stmt 0 view .LVU68
ARM GAS  /tmp/cc2Z3jRz.s 			page 6


 245 0020 0388     		ldrh	r3, [r0]
 246 0022 9BB2     		uxth	r3, r3
  40:rs_485_port/ring_fifo.c ****     }
 247              		.loc 1 40 44 view .LVU69
 248 0024 4088     		ldrh	r0, [r0, #2]
 249              	.LVL14:
  40:rs_485_port/ring_fifo.c ****     }
 250              		.loc 1 40 44 view .LVU70
 251 0026 80B2     		uxth	r0, r0
  40:rs_485_port/ring_fifo.c ****     }
 252              		.loc 1 40 16 view .LVU71
 253 0028 181A     		subs	r0, r3, r0
 254 002a 80B2     		uxth	r0, r0
 255 002c 7047     		bx	lr
 256              		.cfi_endproc
 257              	.LFE3:
 259              		.section	.text.RingFifo_Clear,"ax",%progbits
 260              		.align	1
 261              		.global	RingFifo_Clear
 262              		.syntax unified
 263              		.thumb
 264              		.thumb_func
 265              		.fpu softvfp
 267              	RingFifo_Clear:
 268              	.LVL15:
 269              	.LFB4:
  44:rs_485_port/ring_fifo.c **** 
  45:rs_485_port/ring_fifo.c **** void RingFifo_Clear(RingFifo_t *fifo)
  46:rs_485_port/ring_fifo.c **** {
 270              		.loc 1 46 1 is_stmt 1 view -0
 271              		.cfi_startproc
 272              		@ args = 0, pretend = 0, frame = 0
 273              		@ frame_needed = 0, uses_anonymous_args = 0
 274              		@ link register save eliminated.
  47:rs_485_port/ring_fifo.c ****     fifo->head = 0u;
 275              		.loc 1 47 5 view .LVU73
 276              		.loc 1 47 16 is_stmt 0 view .LVU74
 277 0000 0023     		movs	r3, #0
 278 0002 0380     		strh	r3, [r0]	@ movhi
  48:rs_485_port/ring_fifo.c ****     fifo->tail = 0u;
 279              		.loc 1 48 5 is_stmt 1 view .LVU75
 280              		.loc 1 48 16 is_stmt 0 view .LVU76
 281 0004 4380     		strh	r3, [r0, #2]	@ movhi
  49:rs_485_port/ring_fifo.c **** }
 282              		.loc 1 49 1 view .LVU77
 283 0006 7047     		bx	lr
 284              		.cfi_endproc
 285              	.LFE4:
 287              		.text
 288              	.Letext0:
 289              		.file 2 "/opt/gcc-arm-none-eabi-9-2020-q2-update/arm-none-eabi/include/machine/_default_types.h"
 290              		.file 3 "/opt/gcc-arm-none-eabi-9-2020-q2-update/arm-none-eabi/include/sys/_stdint.h"
 291              		.file 4 "rs_485_port/ring_fifo.h"
ARM GAS  /tmp/cc2Z3jRz.s 			page 7


DEFINED SYMBOLS
                            *ABS*:0000000000000000 ring_fifo.c
     /tmp/cc2Z3jRz.s:16     .text.RingFifo_Init:0000000000000000 $t
     /tmp/cc2Z3jRz.s:24     .text.RingFifo_Init:0000000000000000 RingFifo_Init
     /tmp/cc2Z3jRz.s:52     .text.RingFifo_PushByte:0000000000000000 $t
     /tmp/cc2Z3jRz.s:59     .text.RingFifo_PushByte:0000000000000000 RingFifo_PushByte
     /tmp/cc2Z3jRz.s:129    .text.RingFifo_PopByte:0000000000000000 $t
     /tmp/cc2Z3jRz.s:136    .text.RingFifo_PopByte:0000000000000000 RingFifo_PopByte
     /tmp/cc2Z3jRz.s:197    .text.RingFifo_Count:0000000000000000 $t
     /tmp/cc2Z3jRz.s:204    .text.RingFifo_Count:0000000000000000 RingFifo_Count
     /tmp/cc2Z3jRz.s:260    .text.RingFifo_Clear:0000000000000000 $t
     /tmp/cc2Z3jRz.s:267    .text.RingFifo_Clear:0000000000000000 RingFifo_Clear

NO UNDEFINED SYMBOLS
