ARM GAS  /tmp/ccS1ZRFY.s 			page 1


   1              		.cpu cortex-m3
   2              		.eabi_attribute 20, 1
   3              		.eabi_attribute 21, 1
   4              		.eabi_attribute 23, 3
   5              		.eabi_attribute 24, 1
   6              		.eabi_attribute 25, 1
   7              		.eabi_attribute 26, 1
   8              		.eabi_attribute 30, 1
   9              		.eabi_attribute 34, 1
  10              		.eabi_attribute 18, 4
  11              		.file	"soft_spi.c"
  12              		.text
  13              	.Ltext0:
  14              		.cfi_sections	.debug_frame
  15              		.section	.text.SoftSPI_Init,"ax",%progbits
  16              		.align	1
  17              		.global	SoftSPI_Init
  18              		.arch armv7-m
  19              		.syntax unified
  20              		.thumb
  21              		.thumb_func
  22              		.fpu softvfp
  24              	SoftSPI_Init:
  25              	.LFB65:
  26              		.file 1 "Core/Src/soft_spi.c"
   1:Core/Src/soft_spi.c **** #include "soft_spi.h"
   2:Core/Src/soft_spi.c **** #include "diff_signal.h"
   3:Core/Src/soft_spi.c **** 
   4:Core/Src/soft_spi.c **** void SoftSPI_Init(void)
   5:Core/Src/soft_spi.c **** {
  27              		.loc 1 5 1 view -0
  28              		.cfi_startproc
  29              		@ args = 0, pretend = 0, frame = 16
  30              		@ frame_needed = 0, uses_anonymous_args = 0
  31 0000 2DE9F041 		push	{r4, r5, r6, r7, r8, lr}
  32              	.LCFI0:
  33              		.cfi_def_cfa_offset 24
  34              		.cfi_offset 4, -24
  35              		.cfi_offset 5, -20
  36              		.cfi_offset 6, -16
  37              		.cfi_offset 7, -12
  38              		.cfi_offset 8, -8
  39              		.cfi_offset 14, -4
  40 0004 84B0     		sub	sp, sp, #16
  41              	.LCFI1:
  42              		.cfi_def_cfa_offset 40
   6:Core/Src/soft_spi.c ****     GPIO_InitTypeDef GPIO_InitStruct = {0};
  43              		.loc 1 6 5 view .LVU1
  44              		.loc 1 6 22 is_stmt 0 view .LVU2
  45 0006 0024     		movs	r4, #0
  46 0008 0294     		str	r4, [sp, #8]
   7:Core/Src/soft_spi.c **** 
   8:Core/Src/soft_spi.c ****     // CLK 和 CS
   9:Core/Src/soft_spi.c ****     GPIO_InitStruct.Pin = SPI_SOFT_SCK_PIN | SPI_SOFT_CS_PIN;
  47              		.loc 1 9 5 is_stmt 1 view .LVU3
  48              		.loc 1 9 25 is_stmt 0 view .LVU4
  49 000a 3023     		movs	r3, #48
ARM GAS  /tmp/ccS1ZRFY.s 			page 2


  50 000c 0093     		str	r3, [sp]
  10:Core/Src/soft_spi.c ****     GPIO_InitStruct.Mode = GPIO_MODE_OUTPUT_PP;
  51              		.loc 1 10 5 is_stmt 1 view .LVU5
  52              		.loc 1 10 26 is_stmt 0 view .LVU6
  53 000e 4FF00108 		mov	r8, #1
  54 0012 CDF80480 		str	r8, [sp, #4]
  11:Core/Src/soft_spi.c ****     GPIO_InitStruct.Speed = GPIO_SPEED_FREQ_HIGH;
  55              		.loc 1 11 5 is_stmt 1 view .LVU7
  56              		.loc 1 11 27 is_stmt 0 view .LVU8
  57 0016 0323     		movs	r3, #3
  58 0018 0393     		str	r3, [sp, #12]
  12:Core/Src/soft_spi.c ****     HAL_GPIO_Init(SPI_SOFT_PORT, &GPIO_InitStruct);
  59              		.loc 1 12 5 is_stmt 1 view .LVU9
  60 001a 134D     		ldr	r5, .L3
  61 001c 6946     		mov	r1, sp
  62 001e 2846     		mov	r0, r5
  63 0020 FFF7FEFF 		bl	HAL_GPIO_Init
  64              	.LVL0:
  13:Core/Src/soft_spi.c **** 
  14:Core/Src/soft_spi.c ****     // MOSI
  15:Core/Src/soft_spi.c ****     GPIO_InitStruct.Pin = SPI_SOFT_MOSI_PIN;
  65              		.loc 1 15 5 view .LVU10
  66              		.loc 1 15 25 is_stmt 0 view .LVU11
  67 0024 2026     		movs	r6, #32
  68 0026 0096     		str	r6, [sp]
  16:Core/Src/soft_spi.c ****     HAL_GPIO_Init(SPI_SOFT_MOSI_PORT, &GPIO_InitStruct);
  69              		.loc 1 16 5 is_stmt 1 view .LVU12
  70 0028 104F     		ldr	r7, .L3+4
  71 002a 6946     		mov	r1, sp
  72 002c 3846     		mov	r0, r7
  73 002e FFF7FEFF 		bl	HAL_GPIO_Init
  74              	.LVL1:
  17:Core/Src/soft_spi.c **** 
  18:Core/Src/soft_spi.c ****     // MISO
  19:Core/Src/soft_spi.c ****     GPIO_InitStruct.Pin = SPI_SOFT_MISO_PIN;
  75              		.loc 1 19 5 view .LVU13
  76              		.loc 1 19 25 is_stmt 0 view .LVU14
  77 0032 4023     		movs	r3, #64
  78 0034 0093     		str	r3, [sp]
  20:Core/Src/soft_spi.c ****     GPIO_InitStruct.Mode = GPIO_MODE_INPUT;
  79              		.loc 1 20 5 is_stmt 1 view .LVU15
  80              		.loc 1 20 26 is_stmt 0 view .LVU16
  81 0036 0194     		str	r4, [sp, #4]
  21:Core/Src/soft_spi.c ****     GPIO_InitStruct.Pull = GPIO_NOPULL;
  82              		.loc 1 21 5 is_stmt 1 view .LVU17
  83              		.loc 1 21 26 is_stmt 0 view .LVU18
  84 0038 0294     		str	r4, [sp, #8]
  22:Core/Src/soft_spi.c ****     HAL_GPIO_Init(SPI_SOFT_PORT, &GPIO_InitStruct);
  85              		.loc 1 22 5 is_stmt 1 view .LVU19
  86 003a 6946     		mov	r1, sp
  87 003c 2846     		mov	r0, r5
  88 003e FFF7FEFF 		bl	HAL_GPIO_Init
  89              	.LVL2:
  23:Core/Src/soft_spi.c **** 
  24:Core/Src/soft_spi.c ****     // 默认状态
  25:Core/Src/soft_spi.c ****     HAL_GPIO_WritePin(SPI_SOFT_PORT, SPI_SOFT_SCK_PIN, GPIO_PIN_RESET);
  90              		.loc 1 25 5 view .LVU20
ARM GAS  /tmp/ccS1ZRFY.s 			page 3


  91 0042 2246     		mov	r2, r4
  92 0044 3146     		mov	r1, r6
  93 0046 2846     		mov	r0, r5
  94 0048 FFF7FEFF 		bl	HAL_GPIO_WritePin
  95              	.LVL3:
  26:Core/Src/soft_spi.c ****     HAL_GPIO_WritePin(SPI_SOFT_PORT, SPI_SOFT_CS_PIN, GPIO_PIN_SET);
  96              		.loc 1 26 5 view .LVU21
  97 004c 4246     		mov	r2, r8
  98 004e 1021     		movs	r1, #16
  99 0050 2846     		mov	r0, r5
 100 0052 FFF7FEFF 		bl	HAL_GPIO_WritePin
 101              	.LVL4:
  27:Core/Src/soft_spi.c ****     HAL_GPIO_WritePin(SPI_SOFT_MOSI_PORT, SPI_SOFT_MOSI_PIN, GPIO_PIN_RESET);
 102              		.loc 1 27 5 view .LVU22
 103 0056 2246     		mov	r2, r4
 104 0058 3146     		mov	r1, r6
 105 005a 3846     		mov	r0, r7
 106 005c FFF7FEFF 		bl	HAL_GPIO_WritePin
 107              	.LVL5:
  28:Core/Src/soft_spi.c **** }
 108              		.loc 1 28 1 is_stmt 0 view .LVU23
 109 0060 04B0     		add	sp, sp, #16
 110              	.LCFI2:
 111              		.cfi_def_cfa_offset 24
 112              		@ sp needed
 113 0062 BDE8F081 		pop	{r4, r5, r6, r7, r8, pc}
 114              	.L4:
 115 0066 00BF     		.align	2
 116              	.L3:
 117 0068 00080140 		.word	1073809408
 118 006c 000C0140 		.word	1073810432
 119              		.cfi_endproc
 120              	.LFE65:
 122              		.section	.text.SoftSPI_TransferBits,"ax",%progbits
 123              		.align	1
 124              		.global	SoftSPI_TransferBits
 125              		.syntax unified
 126              		.thumb
 127              		.thumb_func
 128              		.fpu softvfp
 130              	SoftSPI_TransferBits:
 131              	.LVL6:
 132              	.LFB66:
  29:Core/Src/soft_spi.c **** 
  30:Core/Src/soft_spi.c **** uint32_t SoftSPI_TransferBits(uint32_t data_out, uint8_t bitlen)
  31:Core/Src/soft_spi.c **** {
 133              		.loc 1 31 1 is_stmt 1 view -0
 134              		.cfi_startproc
 135              		@ args = 0, pretend = 0, frame = 0
 136              		@ frame_needed = 0, uses_anonymous_args = 0
 137              		.loc 1 31 1 is_stmt 0 view .LVU25
 138 0000 F8B5     		push	{r3, r4, r5, r6, r7, lr}
 139              	.LCFI3:
 140              		.cfi_def_cfa_offset 24
 141              		.cfi_offset 3, -24
 142              		.cfi_offset 4, -20
 143              		.cfi_offset 5, -16
ARM GAS  /tmp/ccS1ZRFY.s 			page 4


 144              		.cfi_offset 6, -12
 145              		.cfi_offset 7, -8
 146              		.cfi_offset 14, -4
 147 0002 0746     		mov	r7, r0
  32:Core/Src/soft_spi.c ****     uint32_t data_in = 0;
 148              		.loc 1 32 5 is_stmt 1 view .LVU26
 149              	.LVL7:
  33:Core/Src/soft_spi.c **** 
  34:Core/Src/soft_spi.c ****     for (int i = bitlen - 1; i >= 0; i--)
 150              		.loc 1 34 5 view .LVU27
 151              	.LBB2:
 152              		.loc 1 34 10 view .LVU28
 153              		.loc 1 34 14 is_stmt 0 view .LVU29
 154 0004 4C1E     		subs	r4, r1, #1
 155              	.LVL8:
 156              		.loc 1 34 14 view .LVU30
 157              	.LBE2:
  32:Core/Src/soft_spi.c ****     uint32_t data_in = 0;
 158              		.loc 1 32 14 view .LVU31
 159 0006 0025     		movs	r5, #0
 160              	.LBB3:
 161              		.loc 1 34 5 view .LVU32
 162 0008 0DE0     		b	.L6
 163              	.LVL9:
 164              	.L7:
  35:Core/Src/soft_spi.c ****     {
  36:Core/Src/soft_spi.c ****         HAL_GPIO_WritePin(SPI_SOFT_MOSI_PORT, SPI_SOFT_MOSI_PIN,
  37:Core/Src/soft_spi.c ****                           (data_out >> i) & 0x01 ? GPIO_PIN_SET : GPIO_PIN_RESET);
  38:Core/Src/soft_spi.c **** 
  39:Core/Src/soft_spi.c ****         DWT_Delay_us(1);
  40:Core/Src/soft_spi.c ****         HAL_GPIO_WritePin(SPI_SOFT_PORT, SPI_SOFT_SCK_PIN, GPIO_PIN_SET);  // 上升沿
  41:Core/Src/soft_spi.c ****         DWT_Delay_us(1);
  42:Core/Src/soft_spi.c **** 
  43:Core/Src/soft_spi.c ****         data_in <<= 1;
  44:Core/Src/soft_spi.c ****         if (HAL_GPIO_ReadPin(SPI_SOFT_PORT, SPI_SOFT_MISO_PIN))
  45:Core/Src/soft_spi.c ****             data_in |= 1;
  46:Core/Src/soft_spi.c **** 
  47:Core/Src/soft_spi.c ****         HAL_GPIO_WritePin(SPI_SOFT_PORT, SPI_SOFT_SCK_PIN, GPIO_PIN_RESET); // 下降沿
 165              		.loc 1 47 9 is_stmt 1 discriminator 2 view .LVU33
 166 000a 0022     		movs	r2, #0
 167 000c 2021     		movs	r1, #32
 168 000e 1748     		ldr	r0, .L11
 169 0010 FFF7FEFF 		bl	HAL_GPIO_WritePin
 170              	.LVL10:
  48:Core/Src/soft_spi.c ****          HAL_GPIO_WritePin(SPI_SOFT_MOSI_PORT, SPI_SOFT_MOSI_PIN,GPIO_PIN_RESET);
 171              		.loc 1 48 10 discriminator 2 view .LVU34
 172 0014 0022     		movs	r2, #0
 173 0016 2021     		movs	r1, #32
 174 0018 1548     		ldr	r0, .L11+4
 175 001a FFF7FEFF 		bl	HAL_GPIO_WritePin
 176              	.LVL11:
  49:Core/Src/soft_spi.c **** 
  50:Core/Src/soft_spi.c ****         DWT_Delay_us(1);
 177              		.loc 1 50 9 discriminator 2 view .LVU35
 178 001e 0120     		movs	r0, #1
 179 0020 FFF7FEFF 		bl	DWT_Delay_us
 180              	.LVL12:
ARM GAS  /tmp/ccS1ZRFY.s 			page 5


  34:Core/Src/soft_spi.c ****     {
 181              		.loc 1 34 38 discriminator 2 view .LVU36
  34:Core/Src/soft_spi.c ****     {
 182              		.loc 1 34 39 is_stmt 0 discriminator 2 view .LVU37
 183 0024 013C     		subs	r4, r4, #1
 184              	.LVL13:
 185              	.L6:
  34:Core/Src/soft_spi.c ****     {
 186              		.loc 1 34 30 is_stmt 1 discriminator 1 view .LVU38
  34:Core/Src/soft_spi.c ****     {
 187              		.loc 1 34 5 is_stmt 0 discriminator 1 view .LVU39
 188 0026 002C     		cmp	r4, #0
 189 0028 1DDB     		blt	.L10
  36:Core/Src/soft_spi.c ****                           (data_out >> i) & 0x01 ? GPIO_PIN_SET : GPIO_PIN_RESET);
 190              		.loc 1 36 9 is_stmt 1 view .LVU40
  37:Core/Src/soft_spi.c **** 
 191              		.loc 1 37 37 is_stmt 0 view .LVU41
 192 002a 27FA04F2 		lsr	r2, r7, r4
  36:Core/Src/soft_spi.c ****                           (data_out >> i) & 0x01 ? GPIO_PIN_SET : GPIO_PIN_RESET);
 193              		.loc 1 36 9 view .LVU42
 194 002e 02F00102 		and	r2, r2, #1
 195 0032 2021     		movs	r1, #32
 196 0034 0E48     		ldr	r0, .L11+4
 197 0036 FFF7FEFF 		bl	HAL_GPIO_WritePin
 198              	.LVL14:
  39:Core/Src/soft_spi.c ****         HAL_GPIO_WritePin(SPI_SOFT_PORT, SPI_SOFT_SCK_PIN, GPIO_PIN_SET);  // 上升沿
 199              		.loc 1 39 9 is_stmt 1 view .LVU43
 200 003a 0120     		movs	r0, #1
 201 003c FFF7FEFF 		bl	DWT_Delay_us
 202              	.LVL15:
  40:Core/Src/soft_spi.c ****         DWT_Delay_us(1);
 203              		.loc 1 40 9 view .LVU44
 204 0040 0A4E     		ldr	r6, .L11
 205 0042 0122     		movs	r2, #1
 206 0044 2021     		movs	r1, #32
 207 0046 3046     		mov	r0, r6
 208 0048 FFF7FEFF 		bl	HAL_GPIO_WritePin
 209              	.LVL16:
  41:Core/Src/soft_spi.c **** 
 210              		.loc 1 41 9 view .LVU45
 211 004c 0120     		movs	r0, #1
 212 004e FFF7FEFF 		bl	DWT_Delay_us
 213              	.LVL17:
  43:Core/Src/soft_spi.c ****         if (HAL_GPIO_ReadPin(SPI_SOFT_PORT, SPI_SOFT_MISO_PIN))
 214              		.loc 1 43 9 view .LVU46
  43:Core/Src/soft_spi.c ****         if (HAL_GPIO_ReadPin(SPI_SOFT_PORT, SPI_SOFT_MISO_PIN))
 215              		.loc 1 43 17 is_stmt 0 view .LVU47
 216 0052 6D00     		lsls	r5, r5, #1
 217              	.LVL18:
  44:Core/Src/soft_spi.c ****             data_in |= 1;
 218              		.loc 1 44 9 is_stmt 1 view .LVU48
  44:Core/Src/soft_spi.c ****             data_in |= 1;
 219              		.loc 1 44 13 is_stmt 0 view .LVU49
 220 0054 4021     		movs	r1, #64
 221 0056 3046     		mov	r0, r6
 222 0058 FFF7FEFF 		bl	HAL_GPIO_ReadPin
 223              	.LVL19:
ARM GAS  /tmp/ccS1ZRFY.s 			page 6


  44:Core/Src/soft_spi.c ****             data_in |= 1;
 224              		.loc 1 44 12 view .LVU50
 225 005c 0028     		cmp	r0, #0
 226 005e D4D0     		beq	.L7
  45:Core/Src/soft_spi.c **** 
 227              		.loc 1 45 13 is_stmt 1 view .LVU51
  45:Core/Src/soft_spi.c **** 
 228              		.loc 1 45 21 is_stmt 0 view .LVU52
 229 0060 45F00105 		orr	r5, r5, #1
 230              	.LVL20:
  45:Core/Src/soft_spi.c **** 
 231              		.loc 1 45 21 view .LVU53
 232 0064 D1E7     		b	.L7
 233              	.L10:
  45:Core/Src/soft_spi.c **** 
 234              		.loc 1 45 21 view .LVU54
 235              	.LBE3:
  51:Core/Src/soft_spi.c ****     }
  52:Core/Src/soft_spi.c **** 
  53:Core/Src/soft_spi.c ****     return data_in;
 236              		.loc 1 53 5 is_stmt 1 view .LVU55
  54:Core/Src/soft_spi.c **** }
 237              		.loc 1 54 1 is_stmt 0 view .LVU56
 238 0066 2846     		mov	r0, r5
 239 0068 F8BD     		pop	{r3, r4, r5, r6, r7, pc}
 240              	.LVL21:
 241              	.L12:
 242              		.loc 1 54 1 view .LVU57
 243 006a 00BF     		.align	2
 244              	.L11:
 245 006c 00080140 		.word	1073809408
 246 0070 000C0140 		.word	1073810432
 247              		.cfi_endproc
 248              	.LFE66:
 250              		.text
 251              	.Letext0:
 252              		.file 2 "/opt/gcc-arm-none-eabi-9-2020-q2-update/arm-none-eabi/include/machine/_default_types.h"
 253              		.file 3 "/opt/gcc-arm-none-eabi-9-2020-q2-update/arm-none-eabi/include/sys/_stdint.h"
 254              		.file 4 "Drivers/CMSIS/Include/core_cm3.h"
 255              		.file 5 "Drivers/CMSIS/Device/ST/STM32F1xx/Include/system_stm32f1xx.h"
 256              		.file 6 "Drivers/CMSIS/Device/ST/STM32F1xx/Include/stm32f103xe.h"
 257              		.file 7 "Drivers/STM32F1xx_HAL_Driver/Inc/stm32f1xx_hal_gpio.h"
 258              		.file 8 "Drivers/STM32F1xx_HAL_Driver/Inc/stm32f1xx_hal.h"
 259              		.file 9 "diff_signal/diff_signal.h"
ARM GAS  /tmp/ccS1ZRFY.s 			page 7


DEFINED SYMBOLS
                            *ABS*:0000000000000000 soft_spi.c
     /tmp/ccS1ZRFY.s:16     .text.SoftSPI_Init:0000000000000000 $t
     /tmp/ccS1ZRFY.s:24     .text.SoftSPI_Init:0000000000000000 SoftSPI_Init
     /tmp/ccS1ZRFY.s:117    .text.SoftSPI_Init:0000000000000068 $d
     /tmp/ccS1ZRFY.s:123    .text.SoftSPI_TransferBits:0000000000000000 $t
     /tmp/ccS1ZRFY.s:130    .text.SoftSPI_TransferBits:0000000000000000 SoftSPI_TransferBits
     /tmp/ccS1ZRFY.s:245    .text.SoftSPI_TransferBits:000000000000006c $d

UNDEFINED SYMBOLS
HAL_GPIO_Init
HAL_GPIO_WritePin
DWT_Delay_us
HAL_GPIO_ReadPin
