ARM GAS  /tmp/ccDaFLu3.s 			page 1


   1              		.cpu cortex-m3
   2              		.eabi_attribute 20, 1
   3              		.eabi_attribute 21, 1
   4              		.eabi_attribute 23, 3
   5              		.eabi_attribute 24, 1
   6              		.eabi_attribute 25, 1
   7              		.eabi_attribute 26, 1
   8              		.eabi_attribute 30, 1
   9              		.eabi_attribute 34, 1
  10              		.eabi_attribute 18, 4
  11              		.file	"spi.c"
  12              		.text
  13              	.Ltext0:
  14              		.cfi_sections	.debug_frame
  15              		.section	.text.MX_SPI2_Init,"ax",%progbits
  16              		.align	1
  17              		.global	MX_SPI2_Init
  18              		.arch armv7-m
  19              		.syntax unified
  20              		.thumb
  21              		.thumb_func
  22              		.fpu softvfp
  24              	MX_SPI2_Init:
  25              	.LFB65:
  26              		.file 1 "Core/Src/spi.c"
   1:Core/Src/spi.c **** /**
   2:Core/Src/spi.c ****   ******************************************************************************
   3:Core/Src/spi.c ****   * @file    spi.c
   4:Core/Src/spi.c ****   * @brief   This file provides code for the configuration
   5:Core/Src/spi.c ****   *          of the SPI instances.
   6:Core/Src/spi.c ****   ******************************************************************************
   7:Core/Src/spi.c ****   * @attention
   8:Core/Src/spi.c ****   *
   9:Core/Src/spi.c ****   * <h2><center>&copy; Copyright (c) 2025 STMicroelectronics.
  10:Core/Src/spi.c ****   * All rights reserved.</center></h2>
  11:Core/Src/spi.c ****   *
  12:Core/Src/spi.c ****   * This software component is licensed by ST under BSD 3-Clause license,
  13:Core/Src/spi.c ****   * the "License"; You may not use this file except in compliance with the
  14:Core/Src/spi.c ****   * License. You may obtain a copy of the License at:
  15:Core/Src/spi.c ****   *                        opensource.org/licenses/BSD-3-Clause
  16:Core/Src/spi.c ****   *
  17:Core/Src/spi.c ****   ******************************************************************************
  18:Core/Src/spi.c ****   */
  19:Core/Src/spi.c **** 
  20:Core/Src/spi.c **** /* Includes ------------------------------------------------------------------*/
  21:Core/Src/spi.c **** #include "spi.h"
  22:Core/Src/spi.c **** 
  23:Core/Src/spi.c **** /* USER CODE BEGIN 0 */
  24:Core/Src/spi.c **** 
  25:Core/Src/spi.c **** /* USER CODE END 0 */
  26:Core/Src/spi.c **** 
  27:Core/Src/spi.c **** SPI_HandleTypeDef hspi2;
  28:Core/Src/spi.c **** 
  29:Core/Src/spi.c **** /* SPI2 init function */
  30:Core/Src/spi.c **** void MX_SPI2_Init(void)
  31:Core/Src/spi.c **** {
  27              		.loc 1 31 1 view -0
ARM GAS  /tmp/ccDaFLu3.s 			page 2


  28              		.cfi_startproc
  29              		@ args = 0, pretend = 0, frame = 0
  30              		@ frame_needed = 0, uses_anonymous_args = 0
  31 0000 08B5     		push	{r3, lr}
  32              	.LCFI0:
  33              		.cfi_def_cfa_offset 8
  34              		.cfi_offset 3, -8
  35              		.cfi_offset 14, -4
  32:Core/Src/spi.c **** 
  33:Core/Src/spi.c ****   hspi2.Instance = SPI2;
  36              		.loc 1 33 3 view .LVU1
  37              		.loc 1 33 18 is_stmt 0 view .LVU2
  38 0002 0F48     		ldr	r0, .L5
  39 0004 0F4B     		ldr	r3, .L5+4
  40 0006 0360     		str	r3, [r0]
  34:Core/Src/spi.c ****   hspi2.Init.Mode = SPI_MODE_MASTER;
  41              		.loc 1 34 3 is_stmt 1 view .LVU3
  42              		.loc 1 34 19 is_stmt 0 view .LVU4
  43 0008 4FF48273 		mov	r3, #260
  44 000c 4360     		str	r3, [r0, #4]
  35:Core/Src/spi.c ****   hspi2.Init.Direction = SPI_DIRECTION_2LINES;
  45              		.loc 1 35 3 is_stmt 1 view .LVU5
  46              		.loc 1 35 24 is_stmt 0 view .LVU6
  47 000e 0023     		movs	r3, #0
  48 0010 8360     		str	r3, [r0, #8]
  36:Core/Src/spi.c ****   hspi2.Init.DataSize = SPI_DATASIZE_8BIT;
  49              		.loc 1 36 3 is_stmt 1 view .LVU7
  50              		.loc 1 36 23 is_stmt 0 view .LVU8
  51 0012 C360     		str	r3, [r0, #12]
  37:Core/Src/spi.c ****   hspi2.Init.CLKPolarity = SPI_POLARITY_HIGH;
  52              		.loc 1 37 3 is_stmt 1 view .LVU9
  53              		.loc 1 37 26 is_stmt 0 view .LVU10
  54 0014 0222     		movs	r2, #2
  55 0016 0261     		str	r2, [r0, #16]
  38:Core/Src/spi.c ****   hspi2.Init.CLKPhase = SPI_PHASE_2EDGE;
  56              		.loc 1 38 3 is_stmt 1 view .LVU11
  57              		.loc 1 38 23 is_stmt 0 view .LVU12
  58 0018 0122     		movs	r2, #1
  59 001a 4261     		str	r2, [r0, #20]
  39:Core/Src/spi.c ****   hspi2.Init.NSS = SPI_NSS_SOFT;
  60              		.loc 1 39 3 is_stmt 1 view .LVU13
  61              		.loc 1 39 18 is_stmt 0 view .LVU14
  62 001c 4FF40072 		mov	r2, #512
  63 0020 8261     		str	r2, [r0, #24]
  40:Core/Src/spi.c ****   hspi2.Init.BaudRatePrescaler = SPI_BAUDRATEPRESCALER_16;
  64              		.loc 1 40 3 is_stmt 1 view .LVU15
  65              		.loc 1 40 32 is_stmt 0 view .LVU16
  66 0022 1822     		movs	r2, #24
  67 0024 C261     		str	r2, [r0, #28]
  41:Core/Src/spi.c ****   hspi2.Init.FirstBit = SPI_FIRSTBIT_MSB;
  68              		.loc 1 41 3 is_stmt 1 view .LVU17
  69              		.loc 1 41 23 is_stmt 0 view .LVU18
  70 0026 0362     		str	r3, [r0, #32]
  42:Core/Src/spi.c ****   hspi2.Init.TIMode = SPI_TIMODE_DISABLE;
  71              		.loc 1 42 3 is_stmt 1 view .LVU19
  72              		.loc 1 42 21 is_stmt 0 view .LVU20
  73 0028 4362     		str	r3, [r0, #36]
ARM GAS  /tmp/ccDaFLu3.s 			page 3


  43:Core/Src/spi.c ****   hspi2.Init.CRCCalculation = SPI_CRCCALCULATION_DISABLE;
  74              		.loc 1 43 3 is_stmt 1 view .LVU21
  75              		.loc 1 43 29 is_stmt 0 view .LVU22
  76 002a 8362     		str	r3, [r0, #40]
  44:Core/Src/spi.c ****   hspi2.Init.CRCPolynomial = 10;
  77              		.loc 1 44 3 is_stmt 1 view .LVU23
  78              		.loc 1 44 28 is_stmt 0 view .LVU24
  79 002c 0A23     		movs	r3, #10
  80 002e C362     		str	r3, [r0, #44]
  45:Core/Src/spi.c ****   if (HAL_SPI_Init(&hspi2) != HAL_OK)
  81              		.loc 1 45 3 is_stmt 1 view .LVU25
  82              		.loc 1 45 7 is_stmt 0 view .LVU26
  83 0030 FFF7FEFF 		bl	HAL_SPI_Init
  84              	.LVL0:
  85              		.loc 1 45 6 view .LVU27
  86 0034 00B9     		cbnz	r0, .L4
  87              	.L1:
  46:Core/Src/spi.c ****   {
  47:Core/Src/spi.c ****     Error_Handler();
  48:Core/Src/spi.c ****   }
  49:Core/Src/spi.c **** 
  50:Core/Src/spi.c **** }
  88              		.loc 1 50 1 view .LVU28
  89 0036 08BD     		pop	{r3, pc}
  90              	.L4:
  47:Core/Src/spi.c ****   }
  91              		.loc 1 47 5 is_stmt 1 view .LVU29
  92 0038 FFF7FEFF 		bl	Error_Handler
  93              	.LVL1:
  94              		.loc 1 50 1 is_stmt 0 view .LVU30
  95 003c FBE7     		b	.L1
  96              	.L6:
  97 003e 00BF     		.align	2
  98              	.L5:
  99 0040 00000000 		.word	hspi2
 100 0044 00380040 		.word	1073756160
 101              		.cfi_endproc
 102              	.LFE65:
 104              		.section	.text.HAL_SPI_MspInit,"ax",%progbits
 105              		.align	1
 106              		.global	HAL_SPI_MspInit
 107              		.syntax unified
 108              		.thumb
 109              		.thumb_func
 110              		.fpu softvfp
 112              	HAL_SPI_MspInit:
 113              	.LVL2:
 114              	.LFB66:
  51:Core/Src/spi.c **** 
  52:Core/Src/spi.c **** void HAL_SPI_MspInit(SPI_HandleTypeDef* spiHandle)
  53:Core/Src/spi.c **** {
 115              		.loc 1 53 1 is_stmt 1 view -0
 116              		.cfi_startproc
 117              		@ args = 0, pretend = 0, frame = 24
 118              		@ frame_needed = 0, uses_anonymous_args = 0
 119              		.loc 1 53 1 is_stmt 0 view .LVU32
 120 0000 10B5     		push	{r4, lr}
ARM GAS  /tmp/ccDaFLu3.s 			page 4


 121              	.LCFI1:
 122              		.cfi_def_cfa_offset 8
 123              		.cfi_offset 4, -8
 124              		.cfi_offset 14, -4
 125 0002 86B0     		sub	sp, sp, #24
 126              	.LCFI2:
 127              		.cfi_def_cfa_offset 32
  54:Core/Src/spi.c **** 
  55:Core/Src/spi.c ****   GPIO_InitTypeDef GPIO_InitStruct = {0};
 128              		.loc 1 55 3 is_stmt 1 view .LVU33
 129              		.loc 1 55 20 is_stmt 0 view .LVU34
 130 0004 0023     		movs	r3, #0
 131 0006 0293     		str	r3, [sp, #8]
 132 0008 0393     		str	r3, [sp, #12]
 133 000a 0493     		str	r3, [sp, #16]
 134 000c 0593     		str	r3, [sp, #20]
  56:Core/Src/spi.c ****   if(spiHandle->Instance==SPI2)
 135              		.loc 1 56 3 is_stmt 1 view .LVU35
 136              		.loc 1 56 15 is_stmt 0 view .LVU36
 137 000e 0268     		ldr	r2, [r0]
 138              		.loc 1 56 5 view .LVU37
 139 0010 174B     		ldr	r3, .L11
 140 0012 9A42     		cmp	r2, r3
 141 0014 01D0     		beq	.L10
 142              	.LVL3:
 143              	.L7:
  57:Core/Src/spi.c ****   {
  58:Core/Src/spi.c ****   /* USER CODE BEGIN SPI2_MspInit 0 */
  59:Core/Src/spi.c **** 
  60:Core/Src/spi.c ****   /* USER CODE END SPI2_MspInit 0 */
  61:Core/Src/spi.c ****     /* SPI2 clock enable */
  62:Core/Src/spi.c ****     __HAL_RCC_SPI2_CLK_ENABLE();
  63:Core/Src/spi.c **** 
  64:Core/Src/spi.c ****     __HAL_RCC_GPIOB_CLK_ENABLE();
  65:Core/Src/spi.c ****     /**SPI2 GPIO Configuration
  66:Core/Src/spi.c ****     PB13     ------> SPI2_SCK
  67:Core/Src/spi.c ****     PB14     ------> SPI2_MISO
  68:Core/Src/spi.c ****     PB15     ------> SPI2_MOSI
  69:Core/Src/spi.c ****     */
  70:Core/Src/spi.c ****     GPIO_InitStruct.Pin = GPIO_PIN_13|GPIO_PIN_15;
  71:Core/Src/spi.c ****     GPIO_InitStruct.Mode = GPIO_MODE_AF_PP;
  72:Core/Src/spi.c ****     GPIO_InitStruct.Speed = GPIO_SPEED_FREQ_HIGH;
  73:Core/Src/spi.c ****     HAL_GPIO_Init(GPIOB, &GPIO_InitStruct);
  74:Core/Src/spi.c **** 
  75:Core/Src/spi.c ****     GPIO_InitStruct.Pin = GPIO_PIN_14;
  76:Core/Src/spi.c ****     GPIO_InitStruct.Mode = GPIO_MODE_INPUT;
  77:Core/Src/spi.c ****     GPIO_InitStruct.Pull = GPIO_NOPULL;
  78:Core/Src/spi.c ****     HAL_GPIO_Init(GPIOB, &GPIO_InitStruct);
  79:Core/Src/spi.c **** 
  80:Core/Src/spi.c ****   /* USER CODE BEGIN SPI2_MspInit 1 */
  81:Core/Src/spi.c **** 
  82:Core/Src/spi.c ****   /* USER CODE END SPI2_MspInit 1 */
  83:Core/Src/spi.c ****   }
  84:Core/Src/spi.c **** }
 144              		.loc 1 84 1 view .LVU38
 145 0016 06B0     		add	sp, sp, #24
 146              	.LCFI3:
ARM GAS  /tmp/ccDaFLu3.s 			page 5


 147              		.cfi_remember_state
 148              		.cfi_def_cfa_offset 8
 149              		@ sp needed
 150 0018 10BD     		pop	{r4, pc}
 151              	.LVL4:
 152              	.L10:
 153              	.LCFI4:
 154              		.cfi_restore_state
  62:Core/Src/spi.c **** 
 155              		.loc 1 62 5 is_stmt 1 view .LVU39
 156              	.LBB2:
  62:Core/Src/spi.c **** 
 157              		.loc 1 62 5 view .LVU40
  62:Core/Src/spi.c **** 
 158              		.loc 1 62 5 view .LVU41
 159 001a 03F5EC33 		add	r3, r3, #120832
 160 001e DA69     		ldr	r2, [r3, #28]
 161 0020 42F48042 		orr	r2, r2, #16384
 162 0024 DA61     		str	r2, [r3, #28]
  62:Core/Src/spi.c **** 
 163              		.loc 1 62 5 view .LVU42
 164 0026 DA69     		ldr	r2, [r3, #28]
 165 0028 02F48042 		and	r2, r2, #16384
 166 002c 0092     		str	r2, [sp]
  62:Core/Src/spi.c **** 
 167              		.loc 1 62 5 view .LVU43
 168 002e 009A     		ldr	r2, [sp]
 169              	.LBE2:
  62:Core/Src/spi.c **** 
 170              		.loc 1 62 5 view .LVU44
  64:Core/Src/spi.c ****     /**SPI2 GPIO Configuration
 171              		.loc 1 64 5 view .LVU45
 172              	.LBB3:
  64:Core/Src/spi.c ****     /**SPI2 GPIO Configuration
 173              		.loc 1 64 5 view .LVU46
  64:Core/Src/spi.c ****     /**SPI2 GPIO Configuration
 174              		.loc 1 64 5 view .LVU47
 175 0030 9A69     		ldr	r2, [r3, #24]
 176 0032 42F00802 		orr	r2, r2, #8
 177 0036 9A61     		str	r2, [r3, #24]
  64:Core/Src/spi.c ****     /**SPI2 GPIO Configuration
 178              		.loc 1 64 5 view .LVU48
 179 0038 9B69     		ldr	r3, [r3, #24]
 180 003a 03F00803 		and	r3, r3, #8
 181 003e 0193     		str	r3, [sp, #4]
  64:Core/Src/spi.c ****     /**SPI2 GPIO Configuration
 182              		.loc 1 64 5 view .LVU49
 183 0040 019B     		ldr	r3, [sp, #4]
 184              	.LBE3:
  64:Core/Src/spi.c ****     /**SPI2 GPIO Configuration
 185              		.loc 1 64 5 view .LVU50
  70:Core/Src/spi.c ****     GPIO_InitStruct.Mode = GPIO_MODE_AF_PP;
 186              		.loc 1 70 5 view .LVU51
  70:Core/Src/spi.c ****     GPIO_InitStruct.Mode = GPIO_MODE_AF_PP;
 187              		.loc 1 70 25 is_stmt 0 view .LVU52
 188 0042 4FF42043 		mov	r3, #40960
 189 0046 0293     		str	r3, [sp, #8]
ARM GAS  /tmp/ccDaFLu3.s 			page 6


  71:Core/Src/spi.c ****     GPIO_InitStruct.Speed = GPIO_SPEED_FREQ_HIGH;
 190              		.loc 1 71 5 is_stmt 1 view .LVU53
  71:Core/Src/spi.c ****     GPIO_InitStruct.Speed = GPIO_SPEED_FREQ_HIGH;
 191              		.loc 1 71 26 is_stmt 0 view .LVU54
 192 0048 0223     		movs	r3, #2
 193 004a 0393     		str	r3, [sp, #12]
  72:Core/Src/spi.c ****     HAL_GPIO_Init(GPIOB, &GPIO_InitStruct);
 194              		.loc 1 72 5 is_stmt 1 view .LVU55
  72:Core/Src/spi.c ****     HAL_GPIO_Init(GPIOB, &GPIO_InitStruct);
 195              		.loc 1 72 27 is_stmt 0 view .LVU56
 196 004c 0323     		movs	r3, #3
 197 004e 0593     		str	r3, [sp, #20]
  73:Core/Src/spi.c **** 
 198              		.loc 1 73 5 is_stmt 1 view .LVU57
 199 0050 084C     		ldr	r4, .L11+4
 200 0052 02A9     		add	r1, sp, #8
 201 0054 2046     		mov	r0, r4
 202              	.LVL5:
  73:Core/Src/spi.c **** 
 203              		.loc 1 73 5 is_stmt 0 view .LVU58
 204 0056 FFF7FEFF 		bl	HAL_GPIO_Init
 205              	.LVL6:
  75:Core/Src/spi.c ****     GPIO_InitStruct.Mode = GPIO_MODE_INPUT;
 206              		.loc 1 75 5 is_stmt 1 view .LVU59
  75:Core/Src/spi.c ****     GPIO_InitStruct.Mode = GPIO_MODE_INPUT;
 207              		.loc 1 75 25 is_stmt 0 view .LVU60
 208 005a 4FF48043 		mov	r3, #16384
 209 005e 0293     		str	r3, [sp, #8]
  76:Core/Src/spi.c ****     GPIO_InitStruct.Pull = GPIO_NOPULL;
 210              		.loc 1 76 5 is_stmt 1 view .LVU61
  76:Core/Src/spi.c ****     GPIO_InitStruct.Pull = GPIO_NOPULL;
 211              		.loc 1 76 26 is_stmt 0 view .LVU62
 212 0060 0023     		movs	r3, #0
 213 0062 0393     		str	r3, [sp, #12]
  77:Core/Src/spi.c ****     HAL_GPIO_Init(GPIOB, &GPIO_InitStruct);
 214              		.loc 1 77 5 is_stmt 1 view .LVU63
  77:Core/Src/spi.c ****     HAL_GPIO_Init(GPIOB, &GPIO_InitStruct);
 215              		.loc 1 77 26 is_stmt 0 view .LVU64
 216 0064 0493     		str	r3, [sp, #16]
  78:Core/Src/spi.c **** 
 217              		.loc 1 78 5 is_stmt 1 view .LVU65
 218 0066 02A9     		add	r1, sp, #8
 219 0068 2046     		mov	r0, r4
 220 006a FFF7FEFF 		bl	HAL_GPIO_Init
 221              	.LVL7:
 222              		.loc 1 84 1 is_stmt 0 view .LVU66
 223 006e D2E7     		b	.L7
 224              	.L12:
 225              		.align	2
 226              	.L11:
 227 0070 00380040 		.word	1073756160
 228 0074 000C0140 		.word	1073810432
 229              		.cfi_endproc
 230              	.LFE66:
 232              		.section	.text.HAL_SPI_MspDeInit,"ax",%progbits
 233              		.align	1
 234              		.global	HAL_SPI_MspDeInit
ARM GAS  /tmp/ccDaFLu3.s 			page 7


 235              		.syntax unified
 236              		.thumb
 237              		.thumb_func
 238              		.fpu softvfp
 240              	HAL_SPI_MspDeInit:
 241              	.LVL8:
 242              	.LFB67:
  85:Core/Src/spi.c **** 
  86:Core/Src/spi.c **** void HAL_SPI_MspDeInit(SPI_HandleTypeDef* spiHandle)
  87:Core/Src/spi.c **** {
 243              		.loc 1 87 1 is_stmt 1 view -0
 244              		.cfi_startproc
 245              		@ args = 0, pretend = 0, frame = 0
 246              		@ frame_needed = 0, uses_anonymous_args = 0
 247              		.loc 1 87 1 is_stmt 0 view .LVU68
 248 0000 08B5     		push	{r3, lr}
 249              	.LCFI5:
 250              		.cfi_def_cfa_offset 8
 251              		.cfi_offset 3, -8
 252              		.cfi_offset 14, -4
  88:Core/Src/spi.c **** 
  89:Core/Src/spi.c ****   if(spiHandle->Instance==SPI2)
 253              		.loc 1 89 3 is_stmt 1 view .LVU69
 254              		.loc 1 89 15 is_stmt 0 view .LVU70
 255 0002 0268     		ldr	r2, [r0]
 256              		.loc 1 89 5 view .LVU71
 257 0004 074B     		ldr	r3, .L17
 258 0006 9A42     		cmp	r2, r3
 259 0008 00D0     		beq	.L16
 260              	.LVL9:
 261              	.L13:
  90:Core/Src/spi.c ****   {
  91:Core/Src/spi.c ****   /* USER CODE BEGIN SPI2_MspDeInit 0 */
  92:Core/Src/spi.c **** 
  93:Core/Src/spi.c ****   /* USER CODE END SPI2_MspDeInit 0 */
  94:Core/Src/spi.c ****     /* Peripheral clock disable */
  95:Core/Src/spi.c ****     __HAL_RCC_SPI2_CLK_DISABLE();
  96:Core/Src/spi.c **** 
  97:Core/Src/spi.c ****     /**SPI2 GPIO Configuration
  98:Core/Src/spi.c ****     PB13     ------> SPI2_SCK
  99:Core/Src/spi.c ****     PB14     ------> SPI2_MISO
 100:Core/Src/spi.c ****     PB15     ------> SPI2_MOSI
 101:Core/Src/spi.c ****     */
 102:Core/Src/spi.c ****     HAL_GPIO_DeInit(GPIOB, GPIO_PIN_13|GPIO_PIN_14|GPIO_PIN_15);
 103:Core/Src/spi.c **** 
 104:Core/Src/spi.c ****   /* USER CODE BEGIN SPI2_MspDeInit 1 */
 105:Core/Src/spi.c **** 
 106:Core/Src/spi.c ****   /* USER CODE END SPI2_MspDeInit 1 */
 107:Core/Src/spi.c ****   }
 108:Core/Src/spi.c **** }
 262              		.loc 1 108 1 view .LVU72
 263 000a 08BD     		pop	{r3, pc}
 264              	.LVL10:
 265              	.L16:
  95:Core/Src/spi.c **** 
 266              		.loc 1 95 5 is_stmt 1 view .LVU73
 267 000c 064A     		ldr	r2, .L17+4
ARM GAS  /tmp/ccDaFLu3.s 			page 8


 268 000e D369     		ldr	r3, [r2, #28]
 269 0010 23F48043 		bic	r3, r3, #16384
 270 0014 D361     		str	r3, [r2, #28]
 102:Core/Src/spi.c **** 
 271              		.loc 1 102 5 view .LVU74
 272 0016 4FF46041 		mov	r1, #57344
 273 001a 0448     		ldr	r0, .L17+8
 274              	.LVL11:
 102:Core/Src/spi.c **** 
 275              		.loc 1 102 5 is_stmt 0 view .LVU75
 276 001c FFF7FEFF 		bl	HAL_GPIO_DeInit
 277              	.LVL12:
 278              		.loc 1 108 1 view .LVU76
 279 0020 F3E7     		b	.L13
 280              	.L18:
 281 0022 00BF     		.align	2
 282              	.L17:
 283 0024 00380040 		.word	1073756160
 284 0028 00100240 		.word	1073876992
 285 002c 000C0140 		.word	1073810432
 286              		.cfi_endproc
 287              	.LFE67:
 289              		.comm	hspi2,88,4
 290              		.text
 291              	.Letext0:
 292              		.file 2 "/opt/gcc-arm-none-eabi-9-2020-q2-update/arm-none-eabi/include/machine/_default_types.h"
 293              		.file 3 "/opt/gcc-arm-none-eabi-9-2020-q2-update/arm-none-eabi/include/sys/_stdint.h"
 294              		.file 4 "Drivers/CMSIS/Include/core_cm3.h"
 295              		.file 5 "Drivers/CMSIS/Device/ST/STM32F1xx/Include/system_stm32f1xx.h"
 296              		.file 6 "Drivers/CMSIS/Device/ST/STM32F1xx/Include/stm32f103xe.h"
 297              		.file 7 "Drivers/STM32F1xx_HAL_Driver/Inc/stm32f1xx_hal_def.h"
 298              		.file 8 "Drivers/STM32F1xx_HAL_Driver/Inc/stm32f1xx_hal_gpio.h"
 299              		.file 9 "Drivers/STM32F1xx_HAL_Driver/Inc/stm32f1xx_hal_dma.h"
 300              		.file 10 "Drivers/STM32F1xx_HAL_Driver/Inc/stm32f1xx_hal_spi.h"
 301              		.file 11 "Drivers/STM32F1xx_HAL_Driver/Inc/stm32f1xx_hal.h"
 302              		.file 12 "Core/Inc/spi.h"
 303              		.file 13 "Core/Inc/main.h"
ARM GAS  /tmp/ccDaFLu3.s 			page 9


DEFINED SYMBOLS
                            *ABS*:0000000000000000 spi.c
     /tmp/ccDaFLu3.s:16     .text.MX_SPI2_Init:0000000000000000 $t
     /tmp/ccDaFLu3.s:24     .text.MX_SPI2_Init:0000000000000000 MX_SPI2_Init
     /tmp/ccDaFLu3.s:99     .text.MX_SPI2_Init:0000000000000040 $d
                            *COM*:0000000000000058 hspi2
     /tmp/ccDaFLu3.s:105    .text.HAL_SPI_MspInit:0000000000000000 $t
     /tmp/ccDaFLu3.s:112    .text.HAL_SPI_MspInit:0000000000000000 HAL_SPI_MspInit
     /tmp/ccDaFLu3.s:227    .text.HAL_SPI_MspInit:0000000000000070 $d
     /tmp/ccDaFLu3.s:233    .text.HAL_SPI_MspDeInit:0000000000000000 $t
     /tmp/ccDaFLu3.s:240    .text.HAL_SPI_MspDeInit:0000000000000000 HAL_SPI_MspDeInit
     /tmp/ccDaFLu3.s:283    .text.HAL_SPI_MspDeInit:0000000000000024 $d

UNDEFINED SYMBOLS
HAL_SPI_Init
Error_Handler
HAL_GPIO_Init
HAL_GPIO_DeInit
