ARM GAS  /tmp/cc2JKGHd.s 			page 1


   1              		.cpu cortex-m3
   2              		.eabi_attribute 20, 1
   3              		.eabi_attribute 21, 1
   4              		.eabi_attribute 23, 3
   5              		.eabi_attribute 24, 1
   6              		.eabi_attribute 25, 1
   7              		.eabi_attribute 26, 1
   8              		.eabi_attribute 30, 1
   9              		.eabi_attribute 34, 1
  10              		.eabi_attribute 18, 4
  11              		.file	"uart3_drv.c"
  12              		.text
  13              	.Ltext0:
  14              		.cfi_sections	.debug_frame
  15              		.section	.text.UART3_GPIO_Clock_NVIC_Init,"ax",%progbits
  16              		.align	1
  17              		.arch armv7-m
  18              		.syntax unified
  19              		.thumb
  20              		.thumb_func
  21              		.fpu softvfp
  23              	UART3_GPIO_Clock_NVIC_Init:
  24              	.LFB65:
  25              		.file 1 "Core/Src/uart3_drv.c"
   1:Core/Src/uart3_drv.c **** #include "uart3_drv.h"
   2:Core/Src/uart3_drv.c **** #include <string.h>
   3:Core/Src/uart3_drv.c **** #include "stm32f1xx_hal_uart.h"
   4:Core/Src/uart3_drv.c **** #include "SEGGER_RTT.h"
   5:Core/Src/uart3_drv.c **** /* ==== 句柄 ==== */
   6:Core/Src/uart3_drv.c **** UART_HandleTypeDef huart3;
   7:Core/Src/uart3_drv.c **** 
   8:Core/Src/uart3_drv.c **** /* ==== RX 环形缓冲（根据需要可调大） ==== */
   9:Core/Src/uart3_drv.c **** #ifndef UART3_RX_BUF_SIZE
  10:Core/Src/uart3_drv.c **** #define UART3_RX_BUF_SIZE 512
  11:Core/Src/uart3_drv.c **** #endif
  12:Core/Src/uart3_drv.c **** static volatile uint8_t  rx_buf[UART3_RX_BUF_SIZE];
  13:Core/Src/uart3_drv.c **** static volatile uint16_t rx_head = 0;
  14:Core/Src/uart3_drv.c **** static volatile uint16_t rx_tail = 0;
  15:Core/Src/uart3_drv.c **** 
  16:Core/Src/uart3_drv.c **** /* ===== 内部函数 ===== */
  17:Core/Src/uart3_drv.c **** static void UART3_GPIO_Clock_NVIC_Init(void)
  18:Core/Src/uart3_drv.c **** {
  26              		.loc 1 18 1 view -0
  27              		.cfi_startproc
  28              		@ args = 0, pretend = 0, frame = 32
  29              		@ frame_needed = 0, uses_anonymous_args = 0
  30 0000 30B5     		push	{r4, r5, lr}
  31              	.LCFI0:
  32              		.cfi_def_cfa_offset 12
  33              		.cfi_offset 4, -12
  34              		.cfi_offset 5, -8
  35              		.cfi_offset 14, -4
  36 0002 89B0     		sub	sp, sp, #36
  37              	.LCFI1:
  38              		.cfi_def_cfa_offset 48
  19:Core/Src/uart3_drv.c ****     /* 时钟 */
  20:Core/Src/uart3_drv.c ****     __HAL_RCC_AFIO_CLK_ENABLE();
ARM GAS  /tmp/cc2JKGHd.s 			page 2


  39              		.loc 1 20 5 view .LVU1
  40              	.LBB2:
  41              		.loc 1 20 5 view .LVU2
  42              		.loc 1 20 5 view .LVU3
  43 0004 1E4B     		ldr	r3, .L3
  44 0006 9A69     		ldr	r2, [r3, #24]
  45 0008 42F00102 		orr	r2, r2, #1
  46 000c 9A61     		str	r2, [r3, #24]
  47              		.loc 1 20 5 view .LVU4
  48 000e 9A69     		ldr	r2, [r3, #24]
  49 0010 02F00102 		and	r2, r2, #1
  50 0014 0192     		str	r2, [sp, #4]
  51              		.loc 1 20 5 view .LVU5
  52 0016 019A     		ldr	r2, [sp, #4]
  53              	.LBE2:
  54              		.loc 1 20 5 view .LVU6
  21:Core/Src/uart3_drv.c ****     __HAL_RCC_GPIOB_CLK_ENABLE();     // 默认 PB10/PB11
  55              		.loc 1 21 5 view .LVU7
  56              	.LBB3:
  57              		.loc 1 21 5 view .LVU8
  58              		.loc 1 21 5 view .LVU9
  59 0018 9A69     		ldr	r2, [r3, #24]
  60 001a 42F00802 		orr	r2, r2, #8
  61 001e 9A61     		str	r2, [r3, #24]
  62              		.loc 1 21 5 view .LVU10
  63 0020 9A69     		ldr	r2, [r3, #24]
  64 0022 02F00802 		and	r2, r2, #8
  65 0026 0292     		str	r2, [sp, #8]
  66              		.loc 1 21 5 view .LVU11
  67 0028 029A     		ldr	r2, [sp, #8]
  68              	.LBE3:
  69              		.loc 1 21 5 view .LVU12
  22:Core/Src/uart3_drv.c ****     __HAL_RCC_USART3_CLK_ENABLE();
  70              		.loc 1 22 5 view .LVU13
  71              	.LBB4:
  72              		.loc 1 22 5 view .LVU14
  73              		.loc 1 22 5 view .LVU15
  74 002a DA69     		ldr	r2, [r3, #28]
  75 002c 42F48022 		orr	r2, r2, #262144
  76 0030 DA61     		str	r2, [r3, #28]
  77              		.loc 1 22 5 view .LVU16
  78 0032 DB69     		ldr	r3, [r3, #28]
  79 0034 03F48023 		and	r3, r3, #262144
  80 0038 0393     		str	r3, [sp, #12]
  81              		.loc 1 22 5 view .LVU17
  82 003a 039B     		ldr	r3, [sp, #12]
  83              	.LBE4:
  84              		.loc 1 22 5 view .LVU18
  23:Core/Src/uart3_drv.c **** 
  24:Core/Src/uart3_drv.c **** 
  25:Core/Src/uart3_drv.c ****     /* TX: PB10 AF-PP，高速 */
  26:Core/Src/uart3_drv.c ****     GPIO_InitTypeDef GPIO_InitStruct = {0};
  85              		.loc 1 26 5 view .LVU19
  86              		.loc 1 26 22 is_stmt 0 view .LVU20
  87 003c 0024     		movs	r4, #0
  88 003e 0694     		str	r4, [sp, #24]
  27:Core/Src/uart3_drv.c ****     GPIO_InitStruct.Pin   = UART3_TX_PIN;
ARM GAS  /tmp/cc2JKGHd.s 			page 3


  89              		.loc 1 27 5 is_stmt 1 view .LVU21
  90              		.loc 1 27 27 is_stmt 0 view .LVU22
  91 0040 4FF48063 		mov	r3, #1024
  92 0044 0493     		str	r3, [sp, #16]
  28:Core/Src/uart3_drv.c ****     GPIO_InitStruct.Mode  = GPIO_MODE_AF_PP;
  93              		.loc 1 28 5 is_stmt 1 view .LVU23
  94              		.loc 1 28 27 is_stmt 0 view .LVU24
  95 0046 0223     		movs	r3, #2
  96 0048 0593     		str	r3, [sp, #20]
  29:Core/Src/uart3_drv.c ****     GPIO_InitStruct.Speed = GPIO_SPEED_FREQ_HIGH;
  97              		.loc 1 29 5 is_stmt 1 view .LVU25
  98              		.loc 1 29 27 is_stmt 0 view .LVU26
  99 004a 0323     		movs	r3, #3
 100 004c 0793     		str	r3, [sp, #28]
  30:Core/Src/uart3_drv.c ****     HAL_GPIO_Init(UART3_TX_PORT, &GPIO_InitStruct);
 101              		.loc 1 30 5 is_stmt 1 view .LVU27
 102 004e 0D4D     		ldr	r5, .L3+4
 103 0050 04A9     		add	r1, sp, #16
 104 0052 2846     		mov	r0, r5
 105 0054 FFF7FEFF 		bl	HAL_GPIO_Init
 106              	.LVL0:
  31:Core/Src/uart3_drv.c **** 
  32:Core/Src/uart3_drv.c ****     /* RX: PB11 输入浮空（F1 系列用输入+上/下拉由 ODR 决定；HAL 里用 Pull 参数
  33:Core/Src/uart3_drv.c ****     GPIO_InitStruct.Pin  = UART3_RX_PIN;
 107              		.loc 1 33 5 view .LVU28
 108              		.loc 1 33 26 is_stmt 0 view .LVU29
 109 0058 4FF40063 		mov	r3, #2048
 110 005c 0493     		str	r3, [sp, #16]
  34:Core/Src/uart3_drv.c ****     GPIO_InitStruct.Mode = GPIO_MODE_INPUT;
 111              		.loc 1 34 5 is_stmt 1 view .LVU30
 112              		.loc 1 34 26 is_stmt 0 view .LVU31
 113 005e 0594     		str	r4, [sp, #20]
  35:Core/Src/uart3_drv.c ****     GPIO_InitStruct.Pull = GPIO_NOPULL;   // 如线较长、干扰大，可改为 GPIO_PULLUP
 114              		.loc 1 35 5 is_stmt 1 view .LVU32
 115              		.loc 1 35 26 is_stmt 0 view .LVU33
 116 0060 0694     		str	r4, [sp, #24]
  36:Core/Src/uart3_drv.c ****     HAL_GPIO_Init(UART3_RX_PORT, &GPIO_InitStruct);
 117              		.loc 1 36 5 is_stmt 1 view .LVU34
 118 0062 04A9     		add	r1, sp, #16
 119 0064 2846     		mov	r0, r5
 120 0066 FFF7FEFF 		bl	HAL_GPIO_Init
 121              	.LVL1:
  37:Core/Src/uart3_drv.c **** 
  38:Core/Src/uart3_drv.c ****     /* NVIC */
  39:Core/Src/uart3_drv.c ****     HAL_NVIC_SetPriority(USART3_IRQn, 1, 0);
 122              		.loc 1 39 5 view .LVU35
 123 006a 2246     		mov	r2, r4
 124 006c 0121     		movs	r1, #1
 125 006e 2720     		movs	r0, #39
 126 0070 FFF7FEFF 		bl	HAL_NVIC_SetPriority
 127              	.LVL2:
  40:Core/Src/uart3_drv.c ****     HAL_NVIC_EnableIRQ(USART3_IRQn);
 128              		.loc 1 40 5 view .LVU36
 129 0074 2720     		movs	r0, #39
 130 0076 FFF7FEFF 		bl	HAL_NVIC_EnableIRQ
 131              	.LVL3:
  41:Core/Src/uart3_drv.c **** }
ARM GAS  /tmp/cc2JKGHd.s 			page 4


 132              		.loc 1 41 1 is_stmt 0 view .LVU37
 133 007a 09B0     		add	sp, sp, #36
 134              	.LCFI2:
 135              		.cfi_def_cfa_offset 12
 136              		@ sp needed
 137 007c 30BD     		pop	{r4, r5, pc}
 138              	.L4:
 139 007e 00BF     		.align	2
 140              	.L3:
 141 0080 00100240 		.word	1073876992
 142 0084 000C0140 		.word	1073810432
 143              		.cfi_endproc
 144              	.LFE65:
 146              		.section	.rodata.USART3_Driver_Init.str1.4,"aMS",%progbits,1
 147              		.align	2
 148              	.LC0:
 149 0000 75617274 		.ascii	"uart_init_error\012\000"
 149      5F696E69 
 149      745F6572 
 149      726F720A 
 149      00
 150              		.section	.text.USART3_Driver_Init,"ax",%progbits
 151              		.align	1
 152              		.global	USART3_Driver_Init
 153              		.syntax unified
 154              		.thumb
 155              		.thumb_func
 156              		.fpu softvfp
 158              	USART3_Driver_Init:
 159              	.LVL4:
 160              	.LFB66:
  42:Core/Src/uart3_drv.c **** 
  43:Core/Src/uart3_drv.c **** /* ===== 对外函数实现 ===== */
  44:Core/Src/uart3_drv.c **** 
  45:Core/Src/uart3_drv.c **** void USART3_Driver_Init(uint32_t baudrate)
  46:Core/Src/uart3_drv.c **** {
 161              		.loc 1 46 1 is_stmt 1 view -0
 162              		.cfi_startproc
 163              		@ args = 0, pretend = 0, frame = 0
 164              		@ frame_needed = 0, uses_anonymous_args = 0
 165              		.loc 1 46 1 is_stmt 0 view .LVU39
 166 0000 10B5     		push	{r4, lr}
 167              	.LCFI3:
 168              		.cfi_def_cfa_offset 8
 169              		.cfi_offset 4, -8
 170              		.cfi_offset 14, -4
 171 0002 0446     		mov	r4, r0
  47:Core/Src/uart3_drv.c ****     UART3_GPIO_Clock_NVIC_Init();
 172              		.loc 1 47 5 is_stmt 1 view .LVU40
 173 0004 FFF7FEFF 		bl	UART3_GPIO_Clock_NVIC_Init
 174              	.LVL5:
  48:Core/Src/uart3_drv.c **** 
  49:Core/Src/uart3_drv.c ****     huart3.Instance          = USART3;
 175              		.loc 1 49 5 view .LVU41
 176              		.loc 1 49 30 is_stmt 0 view .LVU42
 177 0008 0F48     		ldr	r0, .L9
 178 000a 104B     		ldr	r3, .L9+4
ARM GAS  /tmp/cc2JKGHd.s 			page 5


 179 000c 0360     		str	r3, [r0]
  50:Core/Src/uart3_drv.c ****     huart3.Init.BaudRate     = baudrate;
 180              		.loc 1 50 5 is_stmt 1 view .LVU43
 181              		.loc 1 50 30 is_stmt 0 view .LVU44
 182 000e 4460     		str	r4, [r0, #4]
  51:Core/Src/uart3_drv.c ****     huart3.Init.WordLength   = UART_WORDLENGTH_8B;
 183              		.loc 1 51 5 is_stmt 1 view .LVU45
 184              		.loc 1 51 30 is_stmt 0 view .LVU46
 185 0010 0023     		movs	r3, #0
 186 0012 8360     		str	r3, [r0, #8]
  52:Core/Src/uart3_drv.c ****     huart3.Init.StopBits     = UART_STOPBITS_1;
 187              		.loc 1 52 5 is_stmt 1 view .LVU47
 188              		.loc 1 52 30 is_stmt 0 view .LVU48
 189 0014 C360     		str	r3, [r0, #12]
  53:Core/Src/uart3_drv.c ****     huart3.Init.Parity       = UART_PARITY_NONE;
 190              		.loc 1 53 5 is_stmt 1 view .LVU49
 191              		.loc 1 53 30 is_stmt 0 view .LVU50
 192 0016 0361     		str	r3, [r0, #16]
  54:Core/Src/uart3_drv.c ****     huart3.Init.Mode         = UART_MODE_TX_RX;
 193              		.loc 1 54 5 is_stmt 1 view .LVU51
 194              		.loc 1 54 30 is_stmt 0 view .LVU52
 195 0018 0C22     		movs	r2, #12
 196 001a 4261     		str	r2, [r0, #20]
  55:Core/Src/uart3_drv.c ****     huart3.Init.HwFlowCtl    = UART_HWCONTROL_NONE;
 197              		.loc 1 55 5 is_stmt 1 view .LVU53
 198              		.loc 1 55 30 is_stmt 0 view .LVU54
 199 001c 8361     		str	r3, [r0, #24]
  56:Core/Src/uart3_drv.c ****     huart3.Init.OverSampling = UART_OVERSAMPLING_16;
 200              		.loc 1 56 5 is_stmt 1 view .LVU55
 201              		.loc 1 56 30 is_stmt 0 view .LVU56
 202 001e C361     		str	r3, [r0, #28]
  57:Core/Src/uart3_drv.c **** 
  58:Core/Src/uart3_drv.c ****     if (HAL_UART_Init(&huart3) != HAL_OK)
 203              		.loc 1 58 5 is_stmt 1 view .LVU57
 204              		.loc 1 58 9 is_stmt 0 view .LVU58
 205 0020 FFF7FEFF 		bl	HAL_UART_Init
 206              	.LVL6:
 207              		.loc 1 58 8 view .LVU59
 208 0024 50B9     		cbnz	r0, .L8
 209              	.L6:
  59:Core/Src/uart3_drv.c ****     {
  60:Core/Src/uart3_drv.c ****         /* 这里按需处理错误 */
  61:Core/Src/uart3_drv.c ****         myprintf("uart_init_error\n");
  62:Core/Src/uart3_drv.c ****     }
  63:Core/Src/uart3_drv.c ****     /* 打开接收中断（RXNE + 错误） */
  64:Core/Src/uart3_drv.c ****     __HAL_UART_ENABLE_IT(&huart3, UART_IT_RXNE);
 210              		.loc 1 64 5 is_stmt 1 view .LVU60
 211 0026 084B     		ldr	r3, .L9
 212 0028 1B68     		ldr	r3, [r3]
 213 002a DA68     		ldr	r2, [r3, #12]
 214 002c 42F02002 		orr	r2, r2, #32
 215 0030 DA60     		str	r2, [r3, #12]
  65:Core/Src/uart3_drv.c ****     __HAL_UART_ENABLE_IT(&huart3, UART_IT_ERR);
 216              		.loc 1 65 5 view .LVU61
 217 0032 5A69     		ldr	r2, [r3, #20]
 218 0034 42F00102 		orr	r2, r2, #1
 219 0038 5A61     		str	r2, [r3, #20]
ARM GAS  /tmp/cc2JKGHd.s 			page 6


  66:Core/Src/uart3_drv.c **** }
 220              		.loc 1 66 1 is_stmt 0 view .LVU62
 221 003a 10BD     		pop	{r4, pc}
 222              	.LVL7:
 223              	.L8:
  61:Core/Src/uart3_drv.c ****     }
 224              		.loc 1 61 9 is_stmt 1 view .LVU63
 225 003c 0449     		ldr	r1, .L9+8
 226 003e 0020     		movs	r0, #0
 227 0040 FFF7FEFF 		bl	SEGGER_RTT_printf
 228              	.LVL8:
 229 0044 EFE7     		b	.L6
 230              	.L10:
 231 0046 00BF     		.align	2
 232              	.L9:
 233 0048 00000000 		.word	huart3
 234 004c 00480040 		.word	1073760256
 235 0050 00000000 		.word	.LC0
 236              		.cfi_endproc
 237              	.LFE66:
 239              		.section	.text.USART3_Write,"ax",%progbits
 240              		.align	1
 241              		.global	USART3_Write
 242              		.syntax unified
 243              		.thumb
 244              		.thumb_func
 245              		.fpu softvfp
 247              	USART3_Write:
 248              	.LVL9:
 249              	.LFB67:
  67:Core/Src/uart3_drv.c **** 
  68:Core/Src/uart3_drv.c **** /* 阻塞发送 */
  69:Core/Src/uart3_drv.c **** void USART3_Write(const uint8_t *data, size_t len)
  70:Core/Src/uart3_drv.c **** {
 250              		.loc 1 70 1 view -0
 251              		.cfi_startproc
 252              		@ args = 0, pretend = 0, frame = 0
 253              		@ frame_needed = 0, uses_anonymous_args = 0
  71:Core/Src/uart3_drv.c ****     if (!data || !len) return;
 254              		.loc 1 71 5 view .LVU65
 255              		.loc 1 71 8 is_stmt 0 view .LVU66
 256 0000 10B1     		cbz	r0, .L14
 257 0002 0A46     		mov	r2, r1
 258 0004 0146     		mov	r1, r0
 259              	.LVL10:
 260              		.loc 1 71 15 discriminator 2 view .LVU67
 261 0006 02B9     		cbnz	r2, .L17
 262              	.LVL11:
 263              	.L14:
 264              		.loc 1 71 15 discriminator 2 view .LVU68
 265 0008 7047     		bx	lr
 266              	.LVL12:
 267              	.L17:
  70:Core/Src/uart3_drv.c ****     if (!data || !len) return;
 268              		.loc 1 70 1 view .LVU69
 269 000a 08B5     		push	{r3, lr}
 270              	.LCFI4:
ARM GAS  /tmp/cc2JKGHd.s 			page 7


 271              		.cfi_def_cfa_offset 8
 272              		.cfi_offset 3, -8
 273              		.cfi_offset 14, -4
  72:Core/Src/uart3_drv.c ****     HAL_UART_Transmit(&huart3, (uint8_t*)data, (uint16_t)len, HAL_MAX_DELAY);
 274              		.loc 1 72 5 is_stmt 1 view .LVU70
 275 000c 4FF0FF33 		mov	r3, #-1
 276 0010 92B2     		uxth	r2, r2
 277              	.LVL13:
 278              		.loc 1 72 5 is_stmt 0 view .LVU71
 279 0012 0248     		ldr	r0, .L18
 280              	.LVL14:
 281              		.loc 1 72 5 view .LVU72
 282 0014 FFF7FEFF 		bl	HAL_UART_Transmit
 283              	.LVL15:
  73:Core/Src/uart3_drv.c **** }
 284              		.loc 1 73 1 view .LVU73
 285 0018 08BD     		pop	{r3, pc}
 286              	.L19:
 287 001a 00BF     		.align	2
 288              	.L18:
 289 001c 00000000 		.word	huart3
 290              		.cfi_endproc
 291              	.LFE67:
 293              		.section	.text.USART3_WriteString,"ax",%progbits
 294              		.align	1
 295              		.global	USART3_WriteString
 296              		.syntax unified
 297              		.thumb
 298              		.thumb_func
 299              		.fpu softvfp
 301              	USART3_WriteString:
 302              	.LVL16:
 303              	.LFB68:
  74:Core/Src/uart3_drv.c **** 
  75:Core/Src/uart3_drv.c **** int USART3_WriteString(const char *s , size_t srting_len)
  76:Core/Src/uart3_drv.c **** {
 304              		.loc 1 76 1 is_stmt 1 view -0
 305              		.cfi_startproc
 306              		@ args = 0, pretend = 0, frame = 0
 307              		@ frame_needed = 0, uses_anonymous_args = 0
  77:Core/Src/uart3_drv.c ****     
  78:Core/Src/uart3_drv.c ****     if (!s) return 0;
 308              		.loc 1 78 5 view .LVU75
 309              		.loc 1 78 8 is_stmt 0 view .LVU76
 310 0000 20B1     		cbz	r0, .L22
  76:Core/Src/uart3_drv.c ****     
 311              		.loc 1 76 1 view .LVU77
 312 0002 08B5     		push	{r3, lr}
 313              	.LCFI5:
 314              		.cfi_def_cfa_offset 8
 315              		.cfi_offset 3, -8
 316              		.cfi_offset 14, -4
  79:Core/Src/uart3_drv.c ****     USART3_Write((const uint8_t*)s, srting_len);
 317              		.loc 1 79 5 is_stmt 1 view .LVU78
 318 0004 FFF7FEFF 		bl	USART3_Write
 319              	.LVL17:
  80:Core/Src/uart3_drv.c ****     return 1;
ARM GAS  /tmp/cc2JKGHd.s 			page 8


 320              		.loc 1 80 5 view .LVU79
 321              		.loc 1 80 12 is_stmt 0 view .LVU80
 322 0008 0120     		movs	r0, #1
  81:Core/Src/uart3_drv.c **** }
 323              		.loc 1 81 1 view .LVU81
 324 000a 08BD     		pop	{r3, pc}
 325              	.LVL18:
 326              	.L22:
 327              	.LCFI6:
 328              		.cfi_def_cfa_offset 0
 329              		.cfi_restore 3
 330              		.cfi_restore 14
  78:Core/Src/uart3_drv.c ****     USART3_Write((const uint8_t*)s, srting_len);
 331              		.loc 1 78 20 view .LVU82
 332 000c 0020     		movs	r0, #0
 333              	.LVL19:
 334              		.loc 1 81 1 view .LVU83
 335 000e 7047     		bx	lr
 336              		.cfi_endproc
 337              	.LFE68:
 339              		.section	.text.USART3_WriteByte,"ax",%progbits
 340              		.align	1
 341              		.global	USART3_WriteByte
 342              		.syntax unified
 343              		.thumb
 344              		.thumb_func
 345              		.fpu softvfp
 347              	USART3_WriteByte:
 348              	.LVL20:
 349              	.LFB69:
  82:Core/Src/uart3_drv.c **** 
  83:Core/Src/uart3_drv.c **** void USART3_WriteByte(uint8_t b)
  84:Core/Src/uart3_drv.c **** {
 350              		.loc 1 84 1 is_stmt 1 view -0
 351              		.cfi_startproc
 352              		@ args = 0, pretend = 0, frame = 8
 353              		@ frame_needed = 0, uses_anonymous_args = 0
 354              		.loc 1 84 1 is_stmt 0 view .LVU85
 355 0000 00B5     		push	{lr}
 356              	.LCFI7:
 357              		.cfi_def_cfa_offset 4
 358              		.cfi_offset 14, -4
 359 0002 83B0     		sub	sp, sp, #12
 360              	.LCFI8:
 361              		.cfi_def_cfa_offset 16
 362 0004 8DF80700 		strb	r0, [sp, #7]
  85:Core/Src/uart3_drv.c ****     HAL_UART_Transmit(&huart3, &b, 1, HAL_MAX_DELAY);
 363              		.loc 1 85 5 is_stmt 1 view .LVU86
 364 0008 4FF0FF33 		mov	r3, #-1
 365 000c 0122     		movs	r2, #1
 366 000e 0DF10701 		add	r1, sp, #7
 367 0012 0348     		ldr	r0, .L29
 368              	.LVL21:
 369              		.loc 1 85 5 is_stmt 0 view .LVU87
 370 0014 FFF7FEFF 		bl	HAL_UART_Transmit
 371              	.LVL22:
  86:Core/Src/uart3_drv.c **** }
ARM GAS  /tmp/cc2JKGHd.s 			page 9


 372              		.loc 1 86 1 view .LVU88
 373 0018 03B0     		add	sp, sp, #12
 374              	.LCFI9:
 375              		.cfi_def_cfa_offset 4
 376              		@ sp needed
 377 001a 5DF804FB 		ldr	pc, [sp], #4
 378              	.L30:
 379 001e 00BF     		.align	2
 380              	.L29:
 381 0020 00000000 		.word	huart3
 382              		.cfi_endproc
 383              	.LFE69:
 385              		.section	.text.USART3_Available,"ax",%progbits
 386              		.align	1
 387              		.global	USART3_Available
 388              		.syntax unified
 389              		.thumb
 390              		.thumb_func
 391              		.fpu softvfp
 393              	USART3_Available:
 394              	.LFB70:
  87:Core/Src/uart3_drv.c **** 
  88:Core/Src/uart3_drv.c **** /* 可读字节数 */
  89:Core/Src/uart3_drv.c **** size_t USART3_Available(void)
  90:Core/Src/uart3_drv.c **** {
 395              		.loc 1 90 1 is_stmt 1 view -0
 396              		.cfi_startproc
 397              		@ args = 0, pretend = 0, frame = 0
 398              		@ frame_needed = 0, uses_anonymous_args = 0
 399              		@ link register save eliminated.
  91:Core/Src/uart3_drv.c ****     uint16_t head = rx_head;
 400              		.loc 1 91 5 view .LVU90
 401              		.loc 1 91 14 is_stmt 0 view .LVU91
 402 0000 064B     		ldr	r3, .L34
 403 0002 1888     		ldrh	r0, [r3]
 404 0004 83B2     		uxth	r3, r0
 405              	.LVL23:
  92:Core/Src/uart3_drv.c ****     uint16_t tail = rx_tail;
 406              		.loc 1 92 5 is_stmt 1 view .LVU92
 407              		.loc 1 92 14 is_stmt 0 view .LVU93
 408 0006 064A     		ldr	r2, .L34+4
 409 0008 1088     		ldrh	r0, [r2]
 410 000a 80B2     		uxth	r0, r0
 411              	.LVL24:
  93:Core/Src/uart3_drv.c ****     return (head >= tail) ? (head - tail) : (UART3_RX_BUF_SIZE - (tail - head));
 412              		.loc 1 93 5 is_stmt 1 view .LVU94
 413              		.loc 1 93 43 is_stmt 0 view .LVU95
 414 000c 8342     		cmp	r3, r0
 415 000e 01D3     		bcc	.L32
 416              		.loc 1 93 35 discriminator 1 view .LVU96
 417 0010 181A     		subs	r0, r3, r0
 418              	.LVL25:
 419              		.loc 1 93 35 discriminator 1 view .LVU97
 420 0012 7047     		bx	lr
 421              	.LVL26:
 422              	.L32:
 423              		.loc 1 93 72 discriminator 2 view .LVU98
ARM GAS  /tmp/cc2JKGHd.s 			page 10


 424 0014 C01A     		subs	r0, r0, r3
 425              	.LVL27:
 426              		.loc 1 93 64 discriminator 2 view .LVU99
 427 0016 C0F50070 		rsb	r0, r0, #512
  94:Core/Src/uart3_drv.c **** }
 428              		.loc 1 94 1 discriminator 2 view .LVU100
 429 001a 7047     		bx	lr
 430              	.L35:
 431              		.align	2
 432              	.L34:
 433 001c 00000000 		.word	.LANCHOR0
 434 0020 00000000 		.word	.LANCHOR1
 435              		.cfi_endproc
 436              	.LFE70:
 438              		.section	.text.USART3_GetChar,"ax",%progbits
 439              		.align	1
 440              		.global	USART3_GetChar
 441              		.syntax unified
 442              		.thumb
 443              		.thumb_func
 444              		.fpu softvfp
 446              	USART3_GetChar:
 447              	.LFB71:
  95:Core/Src/uart3_drv.c **** 
  96:Core/Src/uart3_drv.c **** /* 取 1 字节（没数据返回 -1） */
  97:Core/Src/uart3_drv.c **** int USART3_GetChar(void)
  98:Core/Src/uart3_drv.c **** {
 448              		.loc 1 98 1 is_stmt 1 view -0
 449              		.cfi_startproc
 450              		@ args = 0, pretend = 0, frame = 0
 451              		@ frame_needed = 0, uses_anonymous_args = 0
 452              		@ link register save eliminated.
  99:Core/Src/uart3_drv.c ****     if (rx_head == rx_tail) return -1;
 453              		.loc 1 99 5 view .LVU102
 454              		.loc 1 99 17 is_stmt 0 view .LVU103
 455 0000 0E4B     		ldr	r3, .L39
 456 0002 1A88     		ldrh	r2, [r3]
 457 0004 92B2     		uxth	r2, r2
 458 0006 0E4B     		ldr	r3, .L39+4
 459 0008 1B88     		ldrh	r3, [r3]
 460 000a 9BB2     		uxth	r3, r3
 461              		.loc 1 99 8 view .LVU104
 462 000c 9A42     		cmp	r2, r3
 463 000e 11D0     		beq	.L38
 100:Core/Src/uart3_drv.c ****     uint8_t b = rx_buf[rx_tail];
 464              		.loc 1 100 5 is_stmt 1 view .LVU105
 465              		.loc 1 100 23 is_stmt 0 view .LVU106
 466 0010 0B4A     		ldr	r2, .L39+4
 467 0012 1388     		ldrh	r3, [r2]
 468 0014 9BB2     		uxth	r3, r3
 469              		.loc 1 100 13 view .LVU107
 470 0016 0B49     		ldr	r1, .L39+8
 471 0018 C85C     		ldrb	r0, [r1, r3]	@ zero_extendqisi2
 472              	.LVL28:
 101:Core/Src/uart3_drv.c ****     rx_tail = (uint16_t)((rx_tail + 1) % UART3_RX_BUF_SIZE);
 473              		.loc 1 101 5 is_stmt 1 view .LVU108
 474              		.loc 1 101 35 is_stmt 0 view .LVU109
ARM GAS  /tmp/cc2JKGHd.s 			page 11


 475 001a 1388     		ldrh	r3, [r2]
 476 001c 9BB2     		uxth	r3, r3
 477 001e 0133     		adds	r3, r3, #1
 478              		.loc 1 101 40 view .LVU110
 479 0020 5942     		rsbs	r1, r3, #0
 480 0022 C3F30803 		ubfx	r3, r3, #0, #9
 481 0026 C1F30801 		ubfx	r1, r1, #0, #9
 482 002a 58BF     		it	pl
 483 002c 4B42     		rsbpl	r3, r1, #0
 484              		.loc 1 101 15 view .LVU111
 485 002e 9BB2     		uxth	r3, r3
 486              		.loc 1 101 13 view .LVU112
 487 0030 1380     		strh	r3, [r2]	@ movhi
 102:Core/Src/uart3_drv.c ****     return (int)b;
 488              		.loc 1 102 5 is_stmt 1 view .LVU113
 489              		.loc 1 102 12 is_stmt 0 view .LVU114
 490 0032 7047     		bx	lr
 491              	.LVL29:
 492              	.L38:
  99:Core/Src/uart3_drv.c ****     uint8_t b = rx_buf[rx_tail];
 493              		.loc 1 99 36 view .LVU115
 494 0034 4FF0FF30 		mov	r0, #-1
 103:Core/Src/uart3_drv.c **** }
 495              		.loc 1 103 1 view .LVU116
 496 0038 7047     		bx	lr
 497              	.L40:
 498 003a 00BF     		.align	2
 499              	.L39:
 500 003c 00000000 		.word	.LANCHOR0
 501 0040 00000000 		.word	.LANCHOR1
 502 0044 00000000 		.word	.LANCHOR2
 503              		.cfi_endproc
 504              	.LFE71:
 506              		.section	.text.USART3_ReadByte,"ax",%progbits
 507              		.align	1
 508              		.global	USART3_ReadByte
 509              		.syntax unified
 510              		.thumb
 511              		.thumb_func
 512              		.fpu softvfp
 514              	USART3_ReadByte:
 515              	.LVL30:
 516              	.LFB72:
 104:Core/Src/uart3_drv.c **** 
 105:Core/Src/uart3_drv.c **** /* 取 1 字节（成功1/无数据0） */
 106:Core/Src/uart3_drv.c **** int USART3_ReadByte(uint8_t *out)
 107:Core/Src/uart3_drv.c **** {
 517              		.loc 1 107 1 is_stmt 1 view -0
 518              		.cfi_startproc
 519              		@ args = 0, pretend = 0, frame = 0
 520              		@ frame_needed = 0, uses_anonymous_args = 0
 108:Core/Src/uart3_drv.c ****     if (!out) return 0;
 521              		.loc 1 108 5 view .LVU118
 522              		.loc 1 108 8 is_stmt 0 view .LVU119
 523 0000 40B1     		cbz	r0, .L43
 107:Core/Src/uart3_drv.c ****     if (!out) return 0;
 524              		.loc 1 107 1 view .LVU120
ARM GAS  /tmp/cc2JKGHd.s 			page 12


 525 0002 10B5     		push	{r4, lr}
 526              	.LCFI10:
 527              		.cfi_def_cfa_offset 8
 528              		.cfi_offset 4, -8
 529              		.cfi_offset 14, -4
 530 0004 0446     		mov	r4, r0
 109:Core/Src/uart3_drv.c ****     int c = USART3_GetChar();
 531              		.loc 1 109 5 is_stmt 1 view .LVU121
 532              		.loc 1 109 13 is_stmt 0 view .LVU122
 533 0006 FFF7FEFF 		bl	USART3_GetChar
 534              	.LVL31:
 110:Core/Src/uart3_drv.c ****     if (c < 0) return 0;
 535              		.loc 1 110 5 is_stmt 1 view .LVU123
 536              		.loc 1 110 8 is_stmt 0 view .LVU124
 537 000a 0028     		cmp	r0, #0
 538              		.loc 1 110 8 view .LVU125
 539 000c 04DB     		blt	.L44
 111:Core/Src/uart3_drv.c ****     *out = (uint8_t)c;
 540              		.loc 1 111 5 is_stmt 1 view .LVU126
 541              		.loc 1 111 10 is_stmt 0 view .LVU127
 542 000e 2070     		strb	r0, [r4]
 112:Core/Src/uart3_drv.c ****     return 1;
 543              		.loc 1 112 5 is_stmt 1 view .LVU128
 544              		.loc 1 112 12 is_stmt 0 view .LVU129
 545 0010 0120     		movs	r0, #1
 546              	.LVL32:
 547              	.L41:
 113:Core/Src/uart3_drv.c **** }
 548              		.loc 1 113 1 view .LVU130
 549 0012 10BD     		pop	{r4, pc}
 550              	.LVL33:
 551              	.L43:
 552              	.LCFI11:
 553              		.cfi_def_cfa_offset 0
 554              		.cfi_restore 4
 555              		.cfi_restore 14
 108:Core/Src/uart3_drv.c ****     int c = USART3_GetChar();
 556              		.loc 1 108 22 view .LVU131
 557 0014 0020     		movs	r0, #0
 558              	.LVL34:
 559              		.loc 1 113 1 view .LVU132
 560 0016 7047     		bx	lr
 561              	.LVL35:
 562              	.L44:
 563              	.LCFI12:
 564              		.cfi_def_cfa_offset 8
 565              		.cfi_offset 4, -8
 566              		.cfi_offset 14, -4
 110:Core/Src/uart3_drv.c ****     *out = (uint8_t)c;
 567              		.loc 1 110 23 view .LVU133
 568 0018 0020     		movs	r0, #0
 569              	.LVL36:
 110:Core/Src/uart3_drv.c ****     *out = (uint8_t)c;
 570              		.loc 1 110 23 view .LVU134
 571 001a FAE7     		b	.L41
 572              		.cfi_endproc
 573              	.LFE72:
ARM GAS  /tmp/cc2JKGHd.s 			page 13


 575              		.section	.text.USART3_FlushRx,"ax",%progbits
 576              		.align	1
 577              		.global	USART3_FlushRx
 578              		.syntax unified
 579              		.thumb
 580              		.thumb_func
 581              		.fpu softvfp
 583              	USART3_FlushRx:
 584              	.LFB73:
 114:Core/Src/uart3_drv.c **** 
 115:Core/Src/uart3_drv.c **** /* 清空 RX 缓冲 */
 116:Core/Src/uart3_drv.c **** void USART3_FlushRx(void)
 117:Core/Src/uart3_drv.c **** {
 585              		.loc 1 117 1 is_stmt 1 view -0
 586              		.cfi_startproc
 587              		@ args = 0, pretend = 0, frame = 0
 588              		@ frame_needed = 0, uses_anonymous_args = 0
 589              		@ link register save eliminated.
 118:Core/Src/uart3_drv.c ****     rx_head = rx_tail = 0;
 590              		.loc 1 118 5 view .LVU136
 591              		.loc 1 118 23 is_stmt 0 view .LVU137
 592 0000 0023     		movs	r3, #0
 593 0002 024A     		ldr	r2, .L50
 594 0004 1380     		strh	r3, [r2]	@ movhi
 595              		.loc 1 118 13 view .LVU138
 596 0006 024A     		ldr	r2, .L50+4
 597 0008 1380     		strh	r3, [r2]	@ movhi
 119:Core/Src/uart3_drv.c **** }
 598              		.loc 1 119 1 view .LVU139
 599 000a 7047     		bx	lr
 600              	.L51:
 601              		.align	2
 602              	.L50:
 603 000c 00000000 		.word	.LANCHOR1
 604 0010 00000000 		.word	.LANCHOR0
 605              		.cfi_endproc
 606              	.LFE73:
 608              		.section	.text.USART3_IRQHandler,"ax",%progbits
 609              		.align	1
 610              		.global	USART3_IRQHandler
 611              		.syntax unified
 612              		.thumb
 613              		.thumb_func
 614              		.fpu softvfp
 616              	USART3_IRQHandler:
 617              	.LFB74:
 120:Core/Src/uart3_drv.c **** 
 121:Core/Src/uart3_drv.c **** /* ===== 中断服务函数（放这里即可，启动文件里有弱定义，会被此处覆盖）
 122:Core/Src/uart3_drv.c **** void USART3_IRQHandler(void)
 123:Core/Src/uart3_drv.c **** {
 618              		.loc 1 123 1 is_stmt 1 view -0
 619              		.cfi_startproc
 620              		@ args = 0, pretend = 0, frame = 0
 621              		@ frame_needed = 0, uses_anonymous_args = 0
 622              		@ link register save eliminated.
 124:Core/Src/uart3_drv.c ****     uint32_t isr = huart3.Instance->SR;   // SR 先读
 623              		.loc 1 124 5 view .LVU141
ARM GAS  /tmp/cc2JKGHd.s 			page 14


 624              		.loc 1 124 26 is_stmt 0 view .LVU142
 625 0000 114B     		ldr	r3, .L58
 626 0002 1B68     		ldr	r3, [r3]
 627              		.loc 1 124 14 view .LVU143
 628 0004 1A68     		ldr	r2, [r3]
 629              	.LVL37:
 125:Core/Src/uart3_drv.c ****     if (isr & (USART_SR_RXNE | USART_SR_ORE | USART_SR_NE | USART_SR_FE | USART_SR_PE))
 630              		.loc 1 125 5 is_stmt 1 view .LVU144
 631              		.loc 1 125 8 is_stmt 0 view .LVU145
 632 0006 12F02F0F 		tst	r2, #47
 633 000a 1BD0     		beq	.L55
 634              	.LBB5:
 126:Core/Src/uart3_drv.c ****     {
 127:Core/Src/uart3_drv.c ****         uint8_t d = (uint8_t)(huart3.Instance->DR & 0xFF); // 读 DR 清 RXNE/错误
 635              		.loc 1 127 9 is_stmt 1 view .LVU146
 636              		.loc 1 127 46 is_stmt 0 view .LVU147
 637 000c 5968     		ldr	r1, [r3, #4]
 638              		.loc 1 127 17 view .LVU148
 639 000e C9B2     		uxtb	r1, r1
 640              	.LVL38:
 128:Core/Src/uart3_drv.c ****         uint16_t next = (uint16_t)((rx_head + 1) % UART3_RX_BUF_SIZE);
 641              		.loc 1 128 9 is_stmt 1 view .LVU149
 642              		.loc 1 128 45 is_stmt 0 view .LVU150
 643 0010 0E4B     		ldr	r3, .L58+4
 644 0012 1B88     		ldrh	r3, [r3]
 645 0014 9BB2     		uxth	r3, r3
 646 0016 0133     		adds	r3, r3, #1
 647              		.loc 1 128 50 view .LVU151
 648 0018 5A42     		rsbs	r2, r3, #0
 649              	.LVL39:
 650              		.loc 1 128 50 view .LVU152
 651 001a C3F30803 		ubfx	r3, r3, #0, #9
 652 001e C2F30802 		ubfx	r2, r2, #0, #9
 653 0022 58BF     		it	pl
 654 0024 5342     		rsbpl	r3, r2, #0
 655              		.loc 1 128 18 view .LVU153
 656 0026 9BB2     		uxth	r3, r3
 657              	.LVL40:
 129:Core/Src/uart3_drv.c ****         if (next != rx_tail) {            // 缓冲未满
 658              		.loc 1 129 9 is_stmt 1 view .LVU154
 659              		.loc 1 129 18 is_stmt 0 view .LVU155
 660 0028 094A     		ldr	r2, .L58+8
 661 002a 1288     		ldrh	r2, [r2]
 662 002c 92B2     		uxth	r2, r2
 663              		.loc 1 129 12 view .LVU156
 664 002e 9A42     		cmp	r2, r3
 665 0030 08D0     		beq	.L55
 666              	.LBE5:
 123:Core/Src/uart3_drv.c ****     uint32_t isr = huart3.Instance->SR;   // SR 先读
 667              		.loc 1 123 1 view .LVU157
 668 0032 10B4     		push	{r4}
 669              	.LCFI13:
 670              		.cfi_def_cfa_offset 4
 671              		.cfi_offset 4, -4
 672              	.LBB6:
 130:Core/Src/uart3_drv.c ****             rx_buf[rx_head] = d;
 673              		.loc 1 130 13 is_stmt 1 view .LVU158
ARM GAS  /tmp/cc2JKGHd.s 			page 15


 674              		.loc 1 130 19 is_stmt 0 view .LVU159
 675 0034 0548     		ldr	r0, .L58+4
 676 0036 0288     		ldrh	r2, [r0]
 677 0038 92B2     		uxth	r2, r2
 678              		.loc 1 130 29 view .LVU160
 679 003a 064C     		ldr	r4, .L58+12
 680 003c A154     		strb	r1, [r4, r2]
 131:Core/Src/uart3_drv.c ****             rx_head = next;
 681              		.loc 1 131 13 is_stmt 1 view .LVU161
 682              		.loc 1 131 21 is_stmt 0 view .LVU162
 683 003e 0380     		strh	r3, [r0]	@ movhi
 132:Core/Src/uart3_drv.c ****         } else {
 133:Core/Src/uart3_drv.c ****             /* 缓冲溢出：可在此丢弃、计数或覆盖旧数据 */
 134:Core/Src/uart3_drv.c ****         }
 684              		.loc 1 134 9 is_stmt 1 view .LVU163
 685              	.LBE6:
 135:Core/Src/uart3_drv.c ****     }
 136:Core/Src/uart3_drv.c **** 
 137:Core/Src/uart3_drv.c ****     /* TXE/TC 如需做非阻塞发送，可在此扩展 */
 138:Core/Src/uart3_drv.c ****     /* 清其它可能的标志（一般读SR后读DR已清除常见错误位） */
 139:Core/Src/uart3_drv.c **** }
 686              		.loc 1 139 1 is_stmt 0 view .LVU164
 687 0040 10BC     		pop	{r4}
 688              	.LCFI14:
 689              		.cfi_restore 4
 690              		.cfi_def_cfa_offset 0
 691 0042 7047     		bx	lr
 692              	.LVL41:
 693              	.L55:
 694              		.loc 1 139 1 view .LVU165
 695 0044 7047     		bx	lr
 696              	.L59:
 697 0046 00BF     		.align	2
 698              	.L58:
 699 0048 00000000 		.word	huart3
 700 004c 00000000 		.word	.LANCHOR0
 701 0050 00000000 		.word	.LANCHOR1
 702 0054 00000000 		.word	.LANCHOR2
 703              		.cfi_endproc
 704              	.LFE74:
 706              		.comm	huart3,68,4
 707              		.section	.bss.rx_buf,"aw",%nobits
 708              		.align	2
 709              		.set	.LANCHOR2,. + 0
 712              	rx_buf:
 713 0000 00000000 		.space	512
 713      00000000 
 713      00000000 
 713      00000000 
 713      00000000 
 714              		.section	.bss.rx_head,"aw",%nobits
 715              		.align	1
 716              		.set	.LANCHOR0,. + 0
 719              	rx_head:
 720 0000 0000     		.space	2
 721              		.section	.bss.rx_tail,"aw",%nobits
 722              		.align	1
ARM GAS  /tmp/cc2JKGHd.s 			page 16


 723              		.set	.LANCHOR1,. + 0
 726              	rx_tail:
 727 0000 0000     		.space	2
 728              		.text
 729              	.Letext0:
 730              		.file 2 "/opt/gcc-arm-none-eabi-9-2020-q2-update/arm-none-eabi/include/machine/_default_types.h"
 731              		.file 3 "/opt/gcc-arm-none-eabi-9-2020-q2-update/arm-none-eabi/include/sys/_stdint.h"
 732              		.file 4 "Drivers/CMSIS/Include/core_cm3.h"
 733              		.file 5 "Drivers/CMSIS/Device/ST/STM32F1xx/Include/system_stm32f1xx.h"
 734              		.file 6 "Drivers/CMSIS/Device/ST/STM32F1xx/Include/stm32f103xe.h"
 735              		.file 7 "/opt/gcc-arm-none-eabi-9-2020-q2-update/lib/gcc/arm-none-eabi/9.3.1/include/stddef.h"
 736              		.file 8 "Drivers/STM32F1xx_HAL_Driver/Inc/stm32f1xx_hal_def.h"
 737              		.file 9 "Drivers/STM32F1xx_HAL_Driver/Inc/stm32f1xx_hal_gpio.h"
 738              		.file 10 "Drivers/STM32F1xx_HAL_Driver/Inc/stm32f1xx_hal_dma.h"
 739              		.file 11 "Drivers/STM32F1xx_HAL_Driver/Inc/stm32f1xx_hal_uart.h"
 740              		.file 12 "Drivers/STM32F1xx_HAL_Driver/Inc/stm32f1xx_hal.h"
 741              		.file 13 "/opt/gcc-arm-none-eabi-9-2020-q2-update/arm-none-eabi/include/sys/_types.h"
 742              		.file 14 "/opt/gcc-arm-none-eabi-9-2020-q2-update/arm-none-eabi/include/sys/reent.h"
 743              		.file 15 "/opt/gcc-arm-none-eabi-9-2020-q2-update/arm-none-eabi/include/sys/lock.h"
 744              		.file 16 "ARM_SEGGER_RTT/SEGGER_RTT.h"
 745              		.file 17 "Drivers/STM32F1xx_HAL_Driver/Inc/stm32f1xx_hal_cortex.h"
ARM GAS  /tmp/cc2JKGHd.s 			page 17


DEFINED SYMBOLS
                            *ABS*:0000000000000000 uart3_drv.c
     /tmp/cc2JKGHd.s:16     .text.UART3_GPIO_Clock_NVIC_Init:0000000000000000 $t
     /tmp/cc2JKGHd.s:23     .text.UART3_GPIO_Clock_NVIC_Init:0000000000000000 UART3_GPIO_Clock_NVIC_Init
     /tmp/cc2JKGHd.s:141    .text.UART3_GPIO_Clock_NVIC_Init:0000000000000080 $d
     /tmp/cc2JKGHd.s:147    .rodata.USART3_Driver_Init.str1.4:0000000000000000 $d
     /tmp/cc2JKGHd.s:151    .text.USART3_Driver_Init:0000000000000000 $t
     /tmp/cc2JKGHd.s:158    .text.USART3_Driver_Init:0000000000000000 USART3_Driver_Init
     /tmp/cc2JKGHd.s:233    .text.USART3_Driver_Init:0000000000000048 $d
                            *COM*:0000000000000044 huart3
     /tmp/cc2JKGHd.s:240    .text.USART3_Write:0000000000000000 $t
     /tmp/cc2JKGHd.s:247    .text.USART3_Write:0000000000000000 USART3_Write
     /tmp/cc2JKGHd.s:289    .text.USART3_Write:000000000000001c $d
     /tmp/cc2JKGHd.s:294    .text.USART3_WriteString:0000000000000000 $t
     /tmp/cc2JKGHd.s:301    .text.USART3_WriteString:0000000000000000 USART3_WriteString
     /tmp/cc2JKGHd.s:340    .text.USART3_WriteByte:0000000000000000 $t
     /tmp/cc2JKGHd.s:347    .text.USART3_WriteByte:0000000000000000 USART3_WriteByte
     /tmp/cc2JKGHd.s:381    .text.USART3_WriteByte:0000000000000020 $d
     /tmp/cc2JKGHd.s:386    .text.USART3_Available:0000000000000000 $t
     /tmp/cc2JKGHd.s:393    .text.USART3_Available:0000000000000000 USART3_Available
     /tmp/cc2JKGHd.s:433    .text.USART3_Available:000000000000001c $d
     /tmp/cc2JKGHd.s:439    .text.USART3_GetChar:0000000000000000 $t
     /tmp/cc2JKGHd.s:446    .text.USART3_GetChar:0000000000000000 USART3_GetChar
     /tmp/cc2JKGHd.s:500    .text.USART3_GetChar:000000000000003c $d
     /tmp/cc2JKGHd.s:507    .text.USART3_ReadByte:0000000000000000 $t
     /tmp/cc2JKGHd.s:514    .text.USART3_ReadByte:0000000000000000 USART3_ReadByte
     /tmp/cc2JKGHd.s:576    .text.USART3_FlushRx:0000000000000000 $t
     /tmp/cc2JKGHd.s:583    .text.USART3_FlushRx:0000000000000000 USART3_FlushRx
     /tmp/cc2JKGHd.s:603    .text.USART3_FlushRx:000000000000000c $d
     /tmp/cc2JKGHd.s:609    .text.USART3_IRQHandler:0000000000000000 $t
     /tmp/cc2JKGHd.s:616    .text.USART3_IRQHandler:0000000000000000 USART3_IRQHandler
     /tmp/cc2JKGHd.s:699    .text.USART3_IRQHandler:0000000000000048 $d
     /tmp/cc2JKGHd.s:708    .bss.rx_buf:0000000000000000 $d
     /tmp/cc2JKGHd.s:712    .bss.rx_buf:0000000000000000 rx_buf
     /tmp/cc2JKGHd.s:715    .bss.rx_head:0000000000000000 $d
     /tmp/cc2JKGHd.s:719    .bss.rx_head:0000000000000000 rx_head
     /tmp/cc2JKGHd.s:722    .bss.rx_tail:0000000000000000 $d
     /tmp/cc2JKGHd.s:726    .bss.rx_tail:0000000000000000 rx_tail

UNDEFINED SYMBOLS
HAL_GPIO_Init
HAL_NVIC_SetPriority
HAL_NVIC_EnableIRQ
HAL_UART_Init
SEGGER_RTT_printf
HAL_UART_Transmit
